#
# There is insufficient memory for the Java Runtime Environment to continue.
# Native memory allocation (malloc) failed to allocate 1492848 bytes. Error detail: Chunk::new
# Possible reasons:
#   The system is out of physical RAM or swap space
#   This process is running with CompressedOops enabled, and the Java Heap may be blocking the growth of the native heap
# Possible solutions:
#   Reduce memory load on the system
#   Increase physical memory or swap space
#   Check if swap backing store is full
#   Decrease Java heap size (-Xmx/-Xms)
#   Decrease number of Java threads
#   Decrease Java thread stack sizes (-Xss)
#   Set larger code cache with -XX:ReservedCodeCacheSize=
#   JVM is running with Unscaled Compressed Oops mode in which the Java heap is
#     placed in the first 4GB address space. The Java Heap base address is the
#     maximum limit for the native heap growth. Please use -XX:HeapBaseMinAddress
#     to set the Java Heap base and to place the Java Heap above 4GB virtual address.
# This output file may be truncated or incomplete.
#
#  Out of Memory Error (arena.cpp:168), pid=772, tid=15140
#
# JRE version: OpenJDK Runtime Environment Temurin-21.0.10+7 (21.0.10+7) (build 21.0.10+7-LTS)
# Java VM: OpenJDK 64-Bit Server VM Temurin-21.0.10+7 (21.0.10+7-LTS, mixed mode, sharing, tiered, compressed oops, compressed class ptrs, parallel gc, windows-amd64)
# No core dump will be written. Minidumps are not enabled by default on client versions of Windows
#

---------------  S U M M A R Y ------------

Command Line: --add-modules=ALL-SYSTEM --add-opens=java.base/java.util=ALL-UNNAMED --add-opens=java.base/java.lang=ALL-UNNAMED --add-opens=java.base/sun.nio.fs=ALL-UNNAMED -Declipse.application=org.eclipse.jdt.ls.core.id1 -Dosgi.bundles.defaultStartLevel=4 -Declipse.product=org.eclipse.jdt.ls.core.product -Djava.import.generatesMetadataFilesAtProjectRoot=false -DDetectVMInstallationsJob.disabled=true -Dfile.encoding=utf8 -XX:+UseParallelGC -XX:GCTimeRatio=4 -XX:AdaptiveSizePolicyWeight=90 -Dsun.zip.disableMemoryMapping=true -Xmx2G -Xms100m -Xlog:disable -javaagent:c:\Users\malin\.antigravity\extensions\redhat.java-1.54.0-win32-x64\lombok\lombok-1.18.39-4050.jar -XX:+HeapDumpOnOutOfMemoryError -XX:HeapDumpPath=c:\Users\malin\AppData\Roaming\Antigravity\User\workspaceStorage\7da6816d25600c1ce73892a0ef44c29d\redhat.java -Daether.dependencyCollector.impl=bf c:\Users\malin\.antigravity\extensions\redhat.java-1.54.0-win32-x64\server\plugins\org.eclipse.equinox.launcher_1.7.100.v20251111-0406.jar -configuration c:\Users\malin\AppData\Roaming\Antigravity\User\globalStorage\redhat.java\1.54.0\config_win -data c:\Users\malin\AppData\Roaming\Antigravity\User\workspaceStorage\7da6816d25600c1ce73892a0ef44c29d\redhat.java\jdt_ws --pipe=\\.\pipe\lsp-db6c1a2990ae45540b9d17e7d8b5cb11-sock

Host: AMD Ryzen 7 4800H with Radeon Graphics         , 16 cores, 15G,  Windows 11 , 64 bit Build 26100 (10.0.26100.8246)
Time: Wed Apr 22 11:11:26 2026 Sri Lanka Standard Time elapsed time: 93.663318 seconds (0d 0h 1m 33s)

---------------  T H R E A D  ---------------

Current thread (0x00000254e2394910):  JavaThread "C2 CompilerThread4" daemon [_thread_in_native, id=15140, stack(0x000000a02b600000,0x000000a02b700000) (1024K)]


Current CompileTask:
C2:93663 15364       4       org.eclipse.jdt.internal.compiler.lookup.Scope$Substitutor::substitute (850 bytes)

Stack: [0x000000a02b600000,0x000000a02b700000]
Native frames: (J=compiled Java code, j=interpreted, Vv=VM code, C=native code)
V  [jvm.dll+0x6d7a39]
V  [jvm.dll+0x8b4b26]
V  [jvm.dll+0x8b70de]
V  [jvm.dll+0x8b77c3]
V  [jvm.dll+0x284346]
V  [jvm.dll+0xc66ed]
V  [jvm.dll+0xc6c31]
V  [jvm.dll+0x3bec3b]
V  [jvm.dll+0x1e3d62]
V  [jvm.dll+0x24c6b3]
V  [jvm.dll+0x24bb40]
V  [jvm.dll+0x1cb34e]
V  [jvm.dll+0x25b85d]
V  [jvm.dll+0x259dea]
V  [jvm.dll+0x3f857e]
V  [jvm.dll+0x85f59d]
V  [jvm.dll+0x6d626d]
C  [ucrtbase.dll+0x37b0]
C  [KERNEL32.DLL+0x2e8d7]
C  [ntdll.dll+0x8c3fc]


---------------  P R O C E S S  ---------------

Threads class SMR info:
_java_thread_list=0x00000254eec73670, length=78, elements={
0x00000254ffcfc1f0, 0x00000254ffda6390, 0x00000254969edf70, 0x00000254ffda9e60,
0x00000254ffdadb60, 0x00000254ffdae5c0, 0x00000254ffdaf0c0, 0x00000254ffdb3450,
0x00000254ffdb9c30, 0x00000254d91f2d00, 0x00000254d922efb0, 0x00000254df880990,
0x00000254df84e8c0, 0x00000254df7c1ff0, 0x00000254df7ca680, 0x00000254e0240d20,
0x00000254e02867c0, 0x00000254d9066e90, 0x00000254df235560, 0x00000254df235bf0,
0x00000254df236280, 0x00000254df236910, 0x00000254df234ed0, 0x00000254df236fa0,
0x00000254df237630, 0x00000254df2341b0, 0x00000254e25c5610, 0x00000254e25c3bd0,
0x00000254e25c5ca0, 0x00000254e25c6330, 0x00000254e25c76e0, 0x00000254e25c69c0,
0x00000254e25c4260, 0x00000254e25c7050, 0x00000254e25c4f80, 0x00000254e25c7d70,
0x00000254e25c48f0, 0x00000254e25c8a90, 0x00000254e25c9120, 0x00000254e25c8400,
0x00000254e25cab60, 0x00000254e25c97b0, 0x00000254e25ca4d0, 0x00000254e25c9e40,
0x00000254e25cb1f0, 0x00000254e33ac120, 0x00000254e33a99c0, 0x00000254e33a8ca0,
0x00000254e33aad70, 0x00000254e33a9330, 0x00000254e33aba90, 0x00000254e33ab400,
0x00000254e33aa050, 0x00000254e33aa6e0, 0x00000254e4289560, 0x00000254e4289bf0,
0x00000254e428afa0, 0x00000254e42881b0, 0x00000254e428a280, 0x00000254e4288840,
0x00000254e428b630, 0x00000254e428c9e0, 0x00000254e428f140, 0x00000254e428f7d0,
0x00000254e428c350, 0x00000254e428d700, 0x00000254e26dd280, 0x00000254e26dd910,
0x00000254e2392700, 0x00000254e238f080, 0x00000254e238fe20, 0x00000254e26de630,
0x00000254e2394910, 0x00000254e2391960, 0x00000254e2392030, 0x00000254e2392dd0,
0x00000254e238f750, 0x00000254e23934a0
}

Java Threads: ( => current thread )
  0x00000254ffcfc1f0 JavaThread "main"                              [_thread_blocked, id=16372, stack(0x000000a029000000,0x000000a029100000) (1024K)]
  0x00000254ffda6390 JavaThread "Reference Handler"          daemon [_thread_blocked, id=13016, stack(0x000000a029400000,0x000000a029500000) (1024K)]
  0x00000254969edf70 JavaThread "Finalizer"                  daemon [_thread_blocked, id=3624, stack(0x000000a029500000,0x000000a029600000) (1024K)]
  0x00000254ffda9e60 JavaThread "Signal Dispatcher"          daemon [_thread_blocked, id=14968, stack(0x000000a029600000,0x000000a029700000) (1024K)]
  0x00000254ffdadb60 JavaThread "Attach Listener"            daemon [_thread_blocked, id=12992, stack(0x000000a029700000,0x000000a029800000) (1024K)]
  0x00000254ffdae5c0 JavaThread "Service Thread"             daemon [_thread_blocked, id=20832, stack(0x000000a029800000,0x000000a029900000) (1024K)]
  0x00000254ffdaf0c0 JavaThread "Monitor Deflation Thread"   daemon [_thread_blocked, id=12508, stack(0x000000a029900000,0x000000a029a00000) (1024K)]
  0x00000254ffdb3450 JavaThread "C2 CompilerThread0"         daemon [_thread_in_native, id=20336, stack(0x000000a029a00000,0x000000a029b00000) (1024K)]
  0x00000254ffdb9c30 JavaThread "C1 CompilerThread0"         daemon [_thread_blocked, id=21156, stack(0x000000a029b00000,0x000000a029c00000) (1024K)]
  0x00000254d91f2d00 JavaThread "Common-Cleaner"             daemon [_thread_blocked, id=12348, stack(0x000000a029e00000,0x000000a029f00000) (1024K)]
  0x00000254d922efb0 JavaThread "Notification Thread"        daemon [_thread_blocked, id=17016, stack(0x000000a02a100000,0x000000a02a200000) (1024K)]
  0x00000254df880990 JavaThread "Active Thread: Equinox Container: 3785b15d-3a1d-45ff-8d4c-70035d5447ce"        [_thread_blocked, id=13236, stack(0x000000a02aa00000,0x000000a02ab00000) (1024K)]
  0x00000254df84e8c0 JavaThread "Refresh Thread: Equinox Container: 3785b15d-3a1d-45ff-8d4c-70035d5447ce" daemon [_thread_blocked, id=16728, stack(0x000000a02ab00000,0x000000a02ac00000) (1024K)]
  0x00000254df7c1ff0 JavaThread "Framework Event Dispatcher: Equinox Container: 3785b15d-3a1d-45ff-8d4c-70035d5447ce" daemon [_thread_blocked, id=4684, stack(0x000000a02ac00000,0x000000a02ad00000) (1024K)]
  0x00000254df7ca680 JavaThread "Start Level: Equinox Container: 3785b15d-3a1d-45ff-8d4c-70035d5447ce" daemon [_thread_blocked, id=7360, stack(0x000000a02ad00000,0x000000a02ae00000) (1024K)]
  0x00000254e0240d20 JavaThread "Bundle File Closer"         daemon [_thread_blocked, id=20460, stack(0x000000a02b100000,0x000000a02b200000) (1024K)]
  0x00000254e02867c0 JavaThread "SCR Component Actor"        daemon [_thread_blocked, id=12096, stack(0x000000a029d00000,0x000000a029e00000) (1024K)]
  0x00000254d9066e90 JavaThread "Worker-JM"                         [_thread_blocked, id=18568, stack(0x000000a02b200000,0x000000a02b300000) (1024K)]
  0x00000254df235560 JavaThread "JNA Cleaner"                daemon [_thread_blocked, id=16436, stack(0x000000a02a000000,0x000000a02a100000) (1024K)]
  0x00000254df235bf0 JavaThread "Worker-0"                          [_thread_blocked, id=16752, stack(0x000000a02b400000,0x000000a02b500000) (1024K)]
  0x00000254df236280 JavaThread "Java indexing"              daemon [_thread_blocked, id=9696, stack(0x000000a02ba00000,0x000000a02bb00000) (1024K)]
  0x00000254df236910 JavaThread "Worker-2"                          [_thread_blocked, id=10736, stack(0x000000a02bb00000,0x000000a02bc00000) (1024K)]
  0x00000254df234ed0 JavaThread "Worker-3"                          [_thread_blocked, id=16424, stack(0x000000a02bf00000,0x000000a02c000000) (1024K)]
  0x00000254df236fa0 JavaThread "Worker-4"                          [_thread_blocked, id=4120, stack(0x000000a02c000000,0x000000a02c100000) (1024K)]
  0x00000254df237630 JavaThread "Thread-1"                   daemon [_thread_in_native, id=4896, stack(0x000000a02c100000,0x000000a02c200000) (1024K)]
  0x00000254df2341b0 JavaThread "Thread-2"                   daemon [_thread_in_native, id=17928, stack(0x000000a02c200000,0x000000a02c300000) (1024K)]
  0x00000254e25c5610 JavaThread "Thread-3"                   daemon [_thread_in_native, id=444, stack(0x000000a02c300000,0x000000a02c400000) (1024K)]
  0x00000254e25c3bd0 JavaThread "Thread-4"                   daemon [_thread_in_native, id=20516, stack(0x000000a02c400000,0x000000a02c500000) (1024K)]
  0x00000254e25c5ca0 JavaThread "Thread-5"                   daemon [_thread_in_native, id=4004, stack(0x000000a02c500000,0x000000a02c600000) (1024K)]
  0x00000254e25c6330 JavaThread "Thread-6"                   daemon [_thread_in_native, id=15024, stack(0x000000a02c600000,0x000000a02c700000) (1024K)]
  0x00000254e25c76e0 JavaThread "Thread-7"                   daemon [_thread_in_native, id=1476, stack(0x000000a02c700000,0x000000a02c800000) (1024K)]
  0x00000254e25c69c0 JavaThread "Thread-8"                   daemon [_thread_in_native, id=7576, stack(0x000000a02c800000,0x000000a02c900000) (1024K)]
  0x00000254e25c4260 JavaThread "Thread-9"                   daemon [_thread_in_native, id=2856, stack(0x000000a02c900000,0x000000a02ca00000) (1024K)]
  0x00000254e25c7050 JavaThread "Thread-10"                  daemon [_thread_in_native, id=18248, stack(0x000000a02ca00000,0x000000a02cb00000) (1024K)]
  0x00000254e25c4f80 JavaThread "Thread-11"                  daemon [_thread_in_native, id=2344, stack(0x000000a02cb00000,0x000000a02cc00000) (1024K)]
  0x00000254e25c7d70 JavaThread "Thread-12"                  daemon [_thread_in_native, id=6372, stack(0x000000a02cc00000,0x000000a02cd00000) (1024K)]
  0x00000254e25c48f0 JavaThread "Thread-13"                  daemon [_thread_in_native, id=16916, stack(0x000000a02cd00000,0x000000a02ce00000) (1024K)]
  0x00000254e25c8a90 JavaThread "Thread-14"                  daemon [_thread_in_native, id=19336, stack(0x000000a02ce00000,0x000000a02cf00000) (1024K)]
  0x00000254e25c9120 JavaThread "Thread-15"                  daemon [_thread_in_native, id=2820, stack(0x000000a02cf00000,0x000000a02d000000) (1024K)]
  0x00000254e25c8400 JavaThread "Thread-16"                  daemon [_thread_in_native, id=12320, stack(0x000000a02d000000,0x000000a02d100000) (1024K)]
  0x00000254e25cab60 JavaThread "Thread-17"                  daemon [_thread_in_native, id=17464, stack(0x000000a02d100000,0x000000a02d200000) (1024K)]
  0x00000254e25c97b0 JavaThread "pool-2-thread-1"                   [_thread_blocked, id=14172, stack(0x000000a02d200000,0x000000a02d300000) (1024K)]
  0x00000254e25ca4d0 JavaThread "WorkspaceEventsHandler"            [_thread_blocked, id=12920, stack(0x000000a02d600000,0x000000a02d700000) (1024K)]
  0x00000254e25c9e40 JavaThread "pool-1-thread-1"                   [_thread_blocked, id=12624, stack(0x000000a02d700000,0x000000a02d800000) (1024K)]
  0x00000254e25cb1f0 JavaThread "ForkJoinPool.commonPool-worker-1" daemon [_thread_blocked, id=7312, stack(0x000000a02d800000,0x000000a02d900000) (1024K)]
  0x00000254e33ac120 JavaThread "ForkJoinPool.commonPool-worker-2" daemon [_thread_blocked, id=17764, stack(0x000000a02d900000,0x000000a02da00000) (1024K)]
  0x00000254e33a99c0 JavaThread "ForkJoinPool.commonPool-worker-3" daemon [_thread_blocked, id=15972, stack(0x000000a02da00000,0x000000a02db00000) (1024K)]
  0x00000254e33a8ca0 JavaThread "ForkJoinPool.commonPool-worker-4" daemon [_thread_blocked, id=17844, stack(0x000000a02db00000,0x000000a02dc00000) (1024K)]
  0x00000254e33aad70 JavaThread "ForkJoinPool.commonPool-worker-5" daemon [_thread_blocked, id=18052, stack(0x000000a02dc00000,0x000000a02dd00000) (1024K)]
  0x00000254e33a9330 JavaThread "ForkJoinPool.commonPool-worker-6" daemon [_thread_blocked, id=17176, stack(0x000000a02dd00000,0x000000a02de00000) (1024K)]
  0x00000254e33aba90 JavaThread "ForkJoinPool.commonPool-worker-7" daemon [_thread_blocked, id=12412, stack(0x000000a02de00000,0x000000a02df00000) (1024K)]
  0x00000254e33ab400 JavaThread "ForkJoinPool.commonPool-worker-8" daemon [_thread_blocked, id=9412, stack(0x000000a02df00000,0x000000a02e000000) (1024K)]
  0x00000254e33aa050 JavaThread "ForkJoinPool.commonPool-worker-9" daemon [_thread_blocked, id=16884, stack(0x000000a02e000000,0x000000a02e100000) (1024K)]
  0x00000254e33aa6e0 JavaThread "ForkJoinPool.commonPool-worker-10" daemon [_thread_blocked, id=11300, stack(0x000000a02e100000,0x000000a02e200000) (1024K)]
  0x00000254e4289560 JavaThread "ForkJoinPool.commonPool-worker-11" daemon [_thread_blocked, id=12500, stack(0x000000a02e200000,0x000000a02e300000) (1024K)]
  0x00000254e4289bf0 JavaThread "ForkJoinPool.commonPool-worker-12" daemon [_thread_blocked, id=19944, stack(0x000000a02e300000,0x000000a02e400000) (1024K)]
  0x00000254e428afa0 JavaThread "ForkJoinPool.commonPool-worker-13" daemon [_thread_blocked, id=20972, stack(0x000000a02e400000,0x000000a02e500000) (1024K)]
  0x00000254e42881b0 JavaThread "ForkJoinPool.commonPool-worker-14" daemon [_thread_blocked, id=13952, stack(0x000000a02e500000,0x000000a02e600000) (1024K)]
  0x00000254e428a280 JavaThread "ForkJoinPool.commonPool-worker-15" daemon [_thread_blocked, id=11232, stack(0x000000a02e600000,0x000000a02e700000) (1024K)]
  0x00000254e4288840 JavaThread "Worker-5"                          [_thread_blocked, id=19368, stack(0x000000a02d300000,0x000000a02d400000) (1024K)]
  0x00000254e428b630 JavaThread "Compiler Source File Reader" daemon [_thread_blocked, id=12628, stack(0x000000a02e800000,0x000000a02e900000) (1024K)]
  0x00000254e428c9e0 JavaThread "Compiler Processing Task"   daemon [_thread_blocked, id=21172, stack(0x000000a02e900000,0x000000a02ea00000) (1024K)]
  0x00000254e428f140 JavaThread "Compiler Source File Reader" daemon [_thread_blocked, id=10972, stack(0x000000a02ea00000,0x000000a02eb00000) (1024K)]
  0x00000254e428f7d0 JavaThread "Compiler Source File Reader" daemon [_thread_blocked, id=18696, stack(0x000000a02eb00000,0x000000a02ec00000) (1024K)]
  0x00000254e428c350 JavaThread "Compiler Source File Reader" daemon [_thread_blocked, id=11460, stack(0x000000a02ec00000,0x000000a02ed00000) (1024K)]
  0x00000254e428d700 JavaThread "Compiler Source File Reader" daemon [_thread_blocked, id=6404, stack(0x000000a02ed00000,0x000000a02ee00000) (1024K)]
  0x00000254e26dd280 JavaThread "Compiler Source File Reader" daemon [_thread_blocked, id=2220, stack(0x000000a02ee00000,0x000000a02ef00000) (1024K)]
  0x00000254e26dd910 JavaThread "Compiler Source File Reader" daemon [_thread_blocked, id=9792, stack(0x000000a02ef00000,0x000000a02f000000) (1024K)]
  0x00000254e2392700 JavaThread "C2 CompilerThread1"         daemon [_thread_in_native, id=17100, stack(0x000000a028e00000,0x000000a028f00000) (1024K)]
  0x00000254e238f080 JavaThread "C2 CompilerThread2"         daemon [_thread_in_native, id=6152, stack(0x000000a028f00000,0x000000a029000000) (1024K)]
  0x00000254e238fe20 JavaThread "C2 CompilerThread3"         daemon [_thread_blocked, id=19112, stack(0x000000a029c00000,0x000000a029d00000) (1024K)]
  0x00000254e26de630 JavaThread "Compiler Source File Reader" daemon [_thread_blocked, id=17984, stack(0x000000a029f00000,0x000000a02a000000) (1024K)]
=>0x00000254e2394910 JavaThread "C2 CompilerThread4"         daemon [_thread_in_native, id=15140, stack(0x000000a02b600000,0x000000a02b700000) (1024K)]
  0x00000254e2391960 JavaThread "C2 CompilerThread5"         daemon [_thread_in_native, id=13508, stack(0x000000a02b700000,0x000000a02b800000) (1024K)]
  0x00000254e2392030 JavaThread "C2 CompilerThread6"         daemon [_thread_in_native, id=11972, stack(0x000000a02b800000,0x000000a02b900000) (1024K)]
  0x00000254e2392dd0 JavaThread "C2 CompilerThread7"         daemon [_thread_blocked, id=7780, stack(0x000000a02b900000,0x000000a02ba00000) (1024K)]
  0x00000254e238f750 JavaThread "C1 CompilerThread1"         daemon [_thread_blocked, id=18060, stack(0x000000a028d00000,0x000000a028e00000) (1024K)]
  0x00000254e23934a0 JavaThread "C1 CompilerThread2"         daemon [_thread_blocked, id=13576, stack(0x000000a02b500000,0x000000a02b600000) (1024K)]
Total: 78

Other Threads:
  0x00000254969d3160 VMThread "VM Thread"                           [id=13080, stack(0x000000a029300000,0x000000a029400000) (1024K)]
  0x00000254968cca00 WatcherThread "VM Periodic Task Thread"        [id=14064, stack(0x000000a029200000,0x000000a029300000) (1024K)]
  0x00000254ffd1a5b0 WorkerThread "GC Thread#0"                     [id=10324, stack(0x000000a029100000,0x000000a029200000) (1024K)]
  0x00000254df0b0480 WorkerThread "GC Thread#1"                     [id=16388, stack(0x000000a02a300000,0x000000a02a400000) (1024K)]
  0x00000254df365fd0 WorkerThread "GC Thread#2"                     [id=13444, stack(0x000000a02a400000,0x000000a02a500000) (1024K)]
  0x00000254df366380 WorkerThread "GC Thread#3"                     [id=6476, stack(0x000000a02a500000,0x000000a02a600000) (1024K)]
  0x00000254df361e00 WorkerThread "GC Thread#4"                     [id=21244, stack(0x000000a02a600000,0x000000a02a700000) (1024K)]
  0x00000254df3621b0 WorkerThread "GC Thread#5"                     [id=15492, stack(0x000000a02a700000,0x000000a02a800000) (1024K)]
  0x00000254df362d70 WorkerThread "GC Thread#6"                     [id=11448, stack(0x000000a02a800000,0x000000a02a900000) (1024K)]
  0x00000254df791ce0 WorkerThread "GC Thread#7"                     [id=21024, stack(0x000000a02a900000,0x000000a02aa00000) (1024K)]
  0x00000254dfd9bfd0 WorkerThread "GC Thread#8"                     [id=3600, stack(0x000000a02ae00000,0x000000a02af00000) (1024K)]
  0x00000254dfc77780 WorkerThread "GC Thread#9"                     [id=8052, stack(0x000000a02af00000,0x000000a02b000000) (1024K)]
  0x00000254dfc77b30 WorkerThread "GC Thread#10"                    [id=14548, stack(0x000000a02b000000,0x000000a02b100000) (1024K)]
  0x00000254dfb0a710 WorkerThread "GC Thread#11"                    [id=12208, stack(0x000000a02a200000,0x000000a02a300000) (1024K)]
  0x00000254dfb094a0 WorkerThread "GC Thread#12"                    [id=10932, stack(0x000000a02b300000,0x000000a02b400000) (1024K)]
Total: 15

Threads with active compile tasks:
C2 CompilerThread0  95788 15491       4       org.eclipse.jdt.internal.compiler.lookup.LookupEnvironment::createParameterizedType (13 bytes)
C2 CompilerThread1  95788 15354       4       org.eclipse.jdt.internal.compiler.lookup.AnnotatableTypeSystem::getParameterizedType (123 bytes)
C2 CompilerThread2  95788 16191       4       org.eclipse.jdt.internal.compiler.lookup.AnnotatableTypeSystem::getParameterizedType (11 bytes)
C2 CompilerThread4  95789 15364       4       org.eclipse.jdt.internal.compiler.lookup.Scope$Substitutor::substitute (850 bytes)
C2 CompilerThread5  95789 15303       4       org.eclipse.jdt.internal.compiler.lookup.LookupEnvironment::getTypeFromTypeSignature (770 bytes)
C2 CompilerThread6  95789 16193       4       org.eclipse.jdt.internal.compiler.lookup.LookupEnvironment::createParameterizedType (44 bytes)
Total: 6

VM state: not at safepoint (normal execution)

VM Mutex/Monitor currently owned by a thread: None

Heap address: 0x0000000080000000, size: 2048 MB, Compressed Oops mode: 32-bit

CDS archive(s) mapped at: [0x0000025497000000-0x0000025497ba0000-0x0000025497ba0000), size 12189696, SharedBaseAddress: 0x0000025497000000, ArchiveRelocationMode: 1.
Compressed class space mapped at: 0x0000025498000000-0x00000254d8000000, reserved size: 1073741824
Narrow klass base: 0x0000025497000000, Narrow klass shift: 0, Narrow klass range: 0x100000000

GC Precious Log:
 CardTable entry size: 512
 CPUs: 16 total, 16 available
 Memory: 15770M
 Large Page Support: Disabled
 NUMA Support: Disabled
 Compressed Oops: Enabled (32-bit)
 Alignments: Space 512K, Generation 512K, Heap 2M
 Heap Min Capacity: 100M
 Heap Initial Capacity: 100M
 Heap Max Capacity: 2G
 Pre-touch: Disabled
 Parallel Workers: 13

Heap:
 PSYoungGen      total 3584K, used 1288K [0x00000000d5580000, 0x00000000d5a80000, 0x0000000100000000)
  eden space 2560K, 27% used [0x00000000d5580000,0x00000000d56321a8,0x00000000d5800000)
  from space 1024K, 56% used [0x00000000d5900000,0x00000000d5990000,0x00000000d5a00000)
  to   space 1024K, 0% used [0x00000000d5800000,0x00000000d5800000,0x00000000d5900000)
 ParOldGen       total 322048K, used 321733K [0x0000000080000000, 0x0000000093a80000, 0x00000000d5580000)
  object space 322048K, 99% used [0x0000000080000000,0x0000000093a314b8,0x0000000093a80000)
 Metaspace       used 70282K, committed 72000K, reserved 1114112K
  class space    used 7227K, committed 8000K, reserved 1048576K

Card table byte_map: [0x00000254ff6a0000,0x00000254ffab0000] _byte_map_base: 0x00000254ff2a0000

Marking Bits: (ParMarkBitMap*) 0x00007fffb51f3450
 Begin Bits: [0x00000254923f0000, 0x00000254943f0000)
 End Bits:   [0x00000254943f0000, 0x00000254963f0000)

Polling page: 0x00000254fd970000

Metaspace:

Usage:
  Non-class:     61.58 MB used.
      Class:      7.06 MB used.
       Both:     68.63 MB used.

Virtual space:
  Non-class space:       64.00 MB reserved,      62.50 MB ( 98%) committed,  1 nodes.
      Class space:        1.00 GB reserved,       7.81 MB ( <1%) committed,  1 nodes.
             Both:        1.06 GB reserved,      70.31 MB (  6%) committed. 

Chunk freelists:
   Non-Class:  1.09 MB
       Class:  8.05 MB
        Both:  9.14 MB

MaxMetaspaceSize: unlimited
CompressedClassSpaceSize: 1.00 GB
Initial GC threshold: 21.00 MB
Current GC threshold: 97.31 MB
CDS: on
 - commit_granule_bytes: 65536.
 - commit_granule_words: 8192.
 - virtual_space_node_default_size: 8388608.
 - enlarge_chunks_in_place: 1.
 - use_allocation_guard: 0.


Internal statistics:

num_allocs_failed_limit: 9.
num_arena_births: 1434.
num_arena_deaths: 14.
num_vsnodes_births: 2.
num_vsnodes_deaths: 0.
num_space_committed: 1125.
num_space_uncommitted: 0.
num_chunks_returned_to_freelist: 23.
num_chunks_taken_from_freelist: 4976.
num_chunk_merges: 9.
num_chunk_splits: 2983.
num_chunks_enlarged: 1577.
num_inconsistent_stats: 0.

CodeHeap 'non-profiled nmethods': size=119168Kb used=10222Kb max_used=10222Kb free=108945Kb
 bounds [0x000002548ace0000, 0x000002548b6e0000, 0x0000025492140000]
CodeHeap 'profiled nmethods': size=119104Kb used=34836Kb max_used=34836Kb free=84267Kb
 bounds [0x0000025483140000, 0x0000025485350000, 0x000002548a590000]
CodeHeap 'non-nmethods': size=7488Kb used=2580Kb max_used=3295Kb free=4907Kb
 bounds [0x000002548a590000, 0x000002548a990000, 0x000002548ace0000]
CodeCache: size=245760Kb, used=47638Kb, max_used=48353Kb, free=198119Kb
 total_blobs=15559, nmethods=14791, adapters=669, full_count=0
Compilation: enabled, stopped_count=0, restarted_count=0

Compilation events (20 events):
Event: 92.655 Thread 0x00000254e238fe20 nmethod 16051 0x000002548b6d7790 code [0x000002548b6d7920, 0x000002548b6d79d0]
Event: 92.655 Thread 0x00000254e238fe20 15693       4       lombok.eclipse.handlers.SetGeneratedByVisitor::fixPositions (57 bytes)
Event: 92.656 Thread 0x00000254e238fe20 nmethod 15693 0x000002548b6d7a90 code [0x000002548b6d7c20, 0x000002548b6d7ce8]
Event: 92.656 Thread 0x00000254e238fe20 16311       4       org.eclipse.jdt.internal.compiler.lookup.PackageBinding::getVisibleFor (2 bytes)
Event: 92.657 Thread 0x00000254e238fe20 nmethod 16311 0x000002548b6d7d90 code [0x000002548b6d7f20, 0x000002548b6d7fa8]
Event: 92.657 Thread 0x00000254e238fe20 15667       4       org.eclipse.jdt.internal.compiler.impl.IrritantSet::set (23 bytes)
Event: 92.658 Thread 0x00000254e238fe20 nmethod 15667 0x000002548b6d8090 code [0x000002548b6d8220, 0x000002548b6d8308]
Event: 92.658 Thread 0x00000254e238fe20 15622       4       org.eclipse.jdt.internal.compiler.ast.TypeDeclaration::kind (58 bytes)
Event: 92.659 Thread 0x00000254e238fe20 nmethod 15622 0x000002548b6d8410 code [0x000002548b6d8580, 0x000002548b6d8650]
Event: 92.659 Thread 0x00000254e238fe20 16120       4       org.eclipse.jdt.core.dom.DefaultASTVisitor::visit (6 bytes)
Event: 92.659 Thread 0x00000254e238fe20 nmethod 16120 0x000002548b6d8710 code [0x000002548b6d88a0, 0x000002548b6d8950]
Event: 92.659 Thread 0x00000254e238fe20 16121       4       org.eclipse.jdt.core.dom.DefaultASTVisitor::endVisit (6 bytes)
Event: 92.660 Thread 0x00000254e238fe20 nmethod 16121 0x000002548b6d8a10 code [0x000002548b6d8ba0, 0x000002548b6d8c50]
Event: 92.660 Thread 0x00000254e238fe20 16127       4       org.eclipse.jdt.internal.corext.dom.GenericVisitor::visit (6 bytes)
Event: 92.660 Thread 0x00000254e238fe20 nmethod 16127 0x000002548b6d8d10 code [0x000002548b6d8ea0, 0x000002548b6d8f50]
Event: 92.660 Thread 0x00000254e238fe20 16129       4       org.eclipse.jdt.core.dom.ASTVisitor::endVisit (1 bytes)
Event: 92.661 Thread 0x00000254e238fe20 nmethod 16129 0x000002548b6d9010 code [0x000002548b6d91a0, 0x000002548b6d9228]
Event: 92.661 Thread 0x00000254e238fe20 16039       4       org.eclipse.jdt.internal.compiler.lookup.ModuleBinding::nameForCUCheck (5 bytes)
Event: 92.661 Thread 0x00000254e238fe20 nmethod 16039 0x000002548b6d9310 code [0x000002548b6d94a0, 0x000002548b6d9550]
Event: 92.661 Thread 0x00000254e238fe20 15320       4       org.eclipse.jdt.internal.compiler.parser.Scanner::checkTaskTag (937 bytes)

GC Heap History (20 events):
Event: 92.096 GC heap after
{Heap after GC invocations=283 (full 3):
 PSYoungGen      total 3072K, used 512K [0x00000000d5580000, 0x00000000d5a00000, 0x0000000100000000)
  eden space 2560K, 0% used [0x00000000d5580000,0x00000000d5580000,0x00000000d5800000)
  from space 512K, 100% used [0x00000000d5900000,0x00000000d5980000,0x00000000d5980000)
  to   space 1024K, 0% used [0x00000000d5800000,0x00000000d5800000,0x00000000d5900000)
 ParOldGen       total 318464K, used 318050K [0x0000000080000000, 0x0000000093700000, 0x00000000d5580000)
  object space 318464K, 99% used [0x0000000080000000,0x0000000093698890,0x0000000093700000)
 Metaspace       used 70128K, committed 71872K, reserved 1114112K
  class space    used 7227K, committed 8000K, reserved 1048576K
}
Event: 92.136 GC heap before
{Heap before GC invocations=284 (full 3):
 PSYoungGen      total 3072K, used 3071K [0x00000000d5580000, 0x00000000d5a00000, 0x0000000100000000)
  eden space 2560K, 99% used [0x00000000d5580000,0x00000000d57fffb0,0x00000000d5800000)
  from space 512K, 100% used [0x00000000d5900000,0x00000000d5980000,0x00000000d5980000)
  to   space 1024K, 0% used [0x00000000d5800000,0x00000000d5800000,0x00000000d5900000)
 ParOldGen       total 318464K, used 318050K [0x0000000080000000, 0x0000000093700000, 0x00000000d5580000)
  object space 318464K, 99% used [0x0000000080000000,0x0000000093698890,0x0000000093700000)
 Metaspace       used 70145K, committed 71872K, reserved 1114112K
  class space    used 7227K, committed 8000K, reserved 1048576K
}
Event: 92.138 GC heap after
{Heap after GC invocations=284 (full 3):
 PSYoungGen      total 3584K, used 660K [0x00000000d5580000, 0x00000000d5a00000, 0x0000000100000000)
  eden space 2560K, 0% used [0x00000000d5580000,0x00000000d5580000,0x00000000d5800000)
  from space 1024K, 64% used [0x00000000d5800000,0x00000000d58a5200,0x00000000d5900000)
  to   space 1024K, 0% used [0x00000000d5900000,0x00000000d5900000,0x00000000d5a00000)
 ParOldGen       total 318464K, used 318414K [0x0000000080000000, 0x0000000093700000, 0x00000000d5580000)
  object space 318464K, 99% used [0x0000000080000000,0x00000000936f38a0,0x0000000093700000)
 Metaspace       used 70145K, committed 71872K, reserved 1114112K
  class space    used 7227K, committed 8000K, reserved 1048576K
}
Event: 92.152 GC heap before
{Heap before GC invocations=285 (full 3):
 PSYoungGen      total 3584K, used 3220K [0x00000000d5580000, 0x00000000d5a00000, 0x0000000100000000)
  eden space 2560K, 100% used [0x00000000d5580000,0x00000000d5800000,0x00000000d5800000)
  from space 1024K, 64% used [0x00000000d5800000,0x00000000d58a5200,0x00000000d5900000)
  to   space 1024K, 0% used [0x00000000d5900000,0x00000000d5900000,0x00000000d5a00000)
 ParOldGen       total 318464K, used 318414K [0x0000000080000000, 0x0000000093700000, 0x00000000d5580000)
  object space 318464K, 99% used [0x0000000080000000,0x00000000936f38a0,0x0000000093700000)
 Metaspace       used 70146K, committed 71872K, reserved 1114112K
  class space    used 7227K, committed 8000K, reserved 1048576K
}
Event: 92.154 GC heap after
{Heap after GC invocations=285 (full 3):
 PSYoungGen      total 3584K, used 955K [0x00000000d5580000, 0x00000000d5a00000, 0x0000000100000000)
  eden space 2560K, 0% used [0x00000000d5580000,0x00000000d5580000,0x00000000d5800000)
  from space 1024K, 93% used [0x00000000d5900000,0x00000000d59eeec0,0x00000000d5a00000)
  to   space 1024K, 0% used [0x00000000d5800000,0x00000000d5800000,0x00000000d5900000)
 ParOldGen       total 318976K, used 318882K [0x0000000080000000, 0x0000000093780000, 0x00000000d5580000)
  object space 318976K, 99% used [0x0000000080000000,0x0000000093768820,0x0000000093780000)
 Metaspace       used 70146K, committed 71872K, reserved 1114112K
  class space    used 7227K, committed 8000K, reserved 1048576K
}
Event: 92.166 GC heap before
{Heap before GC invocations=286 (full 3):
 PSYoungGen      total 3584K, used 3515K [0x00000000d5580000, 0x00000000d5a00000, 0x0000000100000000)
  eden space 2560K, 100% used [0x00000000d5580000,0x00000000d5800000,0x00000000d5800000)
  from space 1024K, 93% used [0x00000000d5900000,0x00000000d59eeec0,0x00000000d5a00000)
  to   space 1024K, 0% used [0x00000000d5800000,0x00000000d5800000,0x00000000d5900000)
 ParOldGen       total 318976K, used 318882K [0x0000000080000000, 0x0000000093780000, 0x00000000d5580000)
  object space 318976K, 99% used [0x0000000080000000,0x0000000093768820,0x0000000093780000)
 Metaspace       used 70147K, committed 71872K, reserved 1114112K
  class space    used 7227K, committed 8000K, reserved 1048576K
}
Event: 92.168 GC heap after
{Heap after GC invocations=286 (full 3):
 PSYoungGen      total 3584K, used 480K [0x00000000d5580000, 0x00000000d5a00000, 0x0000000100000000)
  eden space 2560K, 0% used [0x00000000d5580000,0x00000000d5580000,0x00000000d5800000)
  from space 1024K, 46% used [0x00000000d5800000,0x00000000d5878000,0x00000000d5900000)
  to   space 1024K, 0% used [0x00000000d5900000,0x00000000d5900000,0x00000000d5a00000)
 ParOldGen       total 320000K, used 319560K [0x0000000080000000, 0x0000000093880000, 0x00000000d5580000)
  object space 320000K, 99% used [0x0000000080000000,0x00000000938123f8,0x0000000093880000)
 Metaspace       used 70147K, committed 71872K, reserved 1114112K
  class space    used 7227K, committed 8000K, reserved 1048576K
}
Event: 92.174 GC heap before
{Heap before GC invocations=287 (full 3):
 PSYoungGen      total 3584K, used 3040K [0x00000000d5580000, 0x00000000d5a00000, 0x0000000100000000)
  eden space 2560K, 100% used [0x00000000d5580000,0x00000000d5800000,0x00000000d5800000)
  from space 1024K, 46% used [0x00000000d5800000,0x00000000d5878000,0x00000000d5900000)
  to   space 1024K, 0% used [0x00000000d5900000,0x00000000d5900000,0x00000000d5a00000)
 ParOldGen       total 320000K, used 319560K [0x0000000080000000, 0x0000000093880000, 0x00000000d5580000)
  object space 320000K, 99% used [0x0000000080000000,0x00000000938123f8,0x0000000093880000)
 Metaspace       used 70148K, committed 71872K, reserved 1114112K
  class space    used 7227K, committed 8000K, reserved 1048576K
}
Event: 92.176 GC heap after
{Heap after GC invocations=287 (full 3):
 PSYoungGen      total 3072K, used 304K [0x00000000d5580000, 0x00000000d5980000, 0x0000000100000000)
  eden space 2560K, 0% used [0x00000000d5580000,0x00000000d5580000,0x00000000d5800000)
  from space 512K, 59% used [0x00000000d5900000,0x00000000d594c010,0x00000000d5980000)
  to   space 512K, 0% used [0x00000000d5880000,0x00000000d5880000,0x00000000d5900000)
 ParOldGen       total 320000K, used 319841K [0x0000000080000000, 0x0000000093880000, 0x00000000d5580000)
  object space 320000K, 99% used [0x0000000080000000,0x0000000093858418,0x0000000093880000)
 Metaspace       used 70148K, committed 71872K, reserved 1114112K
  class space    used 7227K, committed 8000K, reserved 1048576K
}
Event: 92.184 GC heap before
{Heap before GC invocations=288 (full 3):
 PSYoungGen      total 3072K, used 2864K [0x00000000d5580000, 0x00000000d5980000, 0x0000000100000000)
  eden space 2560K, 100% used [0x00000000d5580000,0x00000000d5800000,0x00000000d5800000)
  from space 512K, 59% used [0x00000000d5900000,0x00000000d594c010,0x00000000d5980000)
  to   space 512K, 0% used [0x00000000d5880000,0x00000000d5880000,0x00000000d5900000)
 ParOldGen       total 320000K, used 319841K [0x0000000080000000, 0x0000000093880000, 0x00000000d5580000)
  object space 320000K, 99% used [0x0000000080000000,0x0000000093858418,0x0000000093880000)
 Metaspace       used 70151K, committed 71872K, reserved 1114112K
  class space    used 7227K, committed 8000K, reserved 1048576K
}
Event: 92.187 GC heap after
{Heap after GC invocations=288 (full 3):
 PSYoungGen      total 3072K, used 480K [0x00000000d5580000, 0x00000000d5a00000, 0x0000000100000000)
  eden space 2560K, 0% used [0x00000000d5580000,0x00000000d5580000,0x00000000d5800000)
  from space 512K, 93% used [0x00000000d5880000,0x00000000d58f8010,0x00000000d5900000)
  to   space 1024K, 0% used [0x00000000d5900000,0x00000000d5900000,0x00000000d5a00000)
 ParOldGen       total 320512K, used 320065K [0x0000000080000000, 0x0000000093900000, 0x00000000d5580000)
  object space 320512K, 99% used [0x0000000080000000,0x0000000093890428,0x0000000093900000)
 Metaspace       used 70151K, committed 71872K, reserved 1114112K
  class space    used 7227K, committed 8000K, reserved 1048576K
}
Event: 92.193 GC heap before
{Heap before GC invocations=289 (full 3):
 PSYoungGen      total 3072K, used 3040K [0x00000000d5580000, 0x00000000d5a00000, 0x0000000100000000)
  eden space 2560K, 100% used [0x00000000d5580000,0x00000000d5800000,0x00000000d5800000)
  from space 512K, 93% used [0x00000000d5880000,0x00000000d58f8010,0x00000000d5900000)
  to   space 1024K, 0% used [0x00000000d5900000,0x00000000d5900000,0x00000000d5a00000)
 ParOldGen       total 320512K, used 320065K [0x0000000080000000, 0x0000000093900000, 0x00000000d5580000)
  object space 320512K, 99% used [0x0000000080000000,0x0000000093890428,0x0000000093900000)
 Metaspace       used 70162K, committed 71872K, reserved 1114112K
  class space    used 7227K, committed 8000K, reserved 1048576K
}
Event: 92.195 GC heap after
{Heap after GC invocations=289 (full 3):
 PSYoungGen      total 3584K, used 448K [0x00000000d5580000, 0x00000000d5a00000, 0x0000000100000000)
  eden space 2560K, 0% used [0x00000000d5580000,0x00000000d5580000,0x00000000d5800000)
  from space 1024K, 43% used [0x00000000d5900000,0x00000000d5970000,0x00000000d5a00000)
  to   space 1024K, 0% used [0x00000000d5800000,0x00000000d5800000,0x00000000d5900000)
 ParOldGen       total 320512K, used 320433K [0x0000000080000000, 0x0000000093900000, 0x00000000d5580000)
  object space 320512K, 99% used [0x0000000080000000,0x00000000938ec438,0x0000000093900000)
 Metaspace       used 70162K, committed 71872K, reserved 1114112K
  class space    used 7227K, committed 8000K, reserved 1048576K
}
Event: 92.207 GC heap before
{Heap before GC invocations=290 (full 3):
 PSYoungGen      total 3584K, used 3008K [0x00000000d5580000, 0x00000000d5a00000, 0x0000000100000000)
  eden space 2560K, 100% used [0x00000000d5580000,0x00000000d5800000,0x00000000d5800000)
  from space 1024K, 43% used [0x00000000d5900000,0x00000000d5970000,0x00000000d5a00000)
  to   space 1024K, 0% used [0x00000000d5800000,0x00000000d5800000,0x00000000d5900000)
 ParOldGen       total 320512K, used 320433K [0x0000000080000000, 0x0000000093900000, 0x00000000d5580000)
  object space 320512K, 99% used [0x0000000080000000,0x00000000938ec438,0x0000000093900000)
 Metaspace       used 70165K, committed 71872K, reserved 1114112K
  class space    used 7227K, committed 8000K, reserved 1048576K
}
Event: 92.208 GC heap after
{Heap after GC invocations=290 (full 3):
 PSYoungGen      total 3584K, used 576K [0x00000000d5580000, 0x00000000d5a00000, 0x0000000100000000)
  eden space 2560K, 0% used [0x00000000d5580000,0x00000000d5580000,0x00000000d5800000)
  from space 1024K, 56% used [0x00000000d5800000,0x00000000d5890000,0x00000000d5900000)
  to   space 1024K, 0% used [0x00000000d5900000,0x00000000d5900000,0x00000000d5a00000)
 ParOldGen       total 321024K, used 320681K [0x0000000080000000, 0x0000000093980000, 0x00000000d5580000)
  object space 321024K, 99% used [0x0000000080000000,0x000000009392a458,0x0000000093980000)
 Metaspace       used 70165K, committed 71872K, reserved 1114112K
  class space    used 7227K, committed 8000K, reserved 1048576K
}
Event: 92.220 GC heap before
{Heap before GC invocations=291 (full 3):
 PSYoungGen      total 3584K, used 3136K [0x00000000d5580000, 0x00000000d5a00000, 0x0000000100000000)
  eden space 2560K, 100% used [0x00000000d5580000,0x00000000d5800000,0x00000000d5800000)
  from space 1024K, 56% used [0x00000000d5800000,0x00000000d5890000,0x00000000d5900000)
  to   space 1024K, 0% used [0x00000000d5900000,0x00000000d5900000,0x00000000d5a00000)
 ParOldGen       total 321024K, used 320681K [0x0000000080000000, 0x0000000093980000, 0x00000000d5580000)
  object space 321024K, 99% used [0x0000000080000000,0x000000009392a458,0x0000000093980000)
 Metaspace       used 70176K, committed 71872K, reserved 1114112K
  class space    used 7227K, committed 8000K, reserved 1048576K
}
Event: 92.222 GC heap after
{Heap after GC invocations=291 (full 3):
 PSYoungGen      total 3072K, used 448K [0x00000000d5580000, 0x00000000d5980000, 0x0000000100000000)
  eden space 2560K, 0% used [0x00000000d5580000,0x00000000d5580000,0x00000000d5800000)
  from space 512K, 87% used [0x00000000d5900000,0x00000000d5970000,0x00000000d5980000)
  to   space 512K, 0% used [0x00000000d5880000,0x00000000d5880000,0x00000000d5900000)
 ParOldGen       total 321024K, used 321009K [0x0000000080000000, 0x0000000093980000, 0x00000000d5580000)
  object space 321024K, 99% used [0x0000000080000000,0x000000009397c478,0x0000000093980000)
 Metaspace       used 70176K, committed 71872K, reserved 1114112K
  class space    used 7227K, committed 8000K, reserved 1048576K
}
Event: 92.251 GC heap before
{Heap before GC invocations=292 (full 3):
 PSYoungGen      total 3072K, used 3008K [0x00000000d5580000, 0x00000000d5980000, 0x0000000100000000)
  eden space 2560K, 100% used [0x00000000d5580000,0x00000000d5800000,0x00000000d5800000)
  from space 512K, 87% used [0x00000000d5900000,0x00000000d5970000,0x00000000d5980000)
  to   space 512K, 0% used [0x00000000d5880000,0x00000000d5880000,0x00000000d5900000)
 ParOldGen       total 321024K, used 321009K [0x0000000080000000, 0x0000000093980000, 0x00000000d5580000)
  object space 321024K, 99% used [0x0000000080000000,0x000000009397c478,0x0000000093980000)
 Metaspace       used 70198K, committed 71936K, reserved 1114112K
  class space    used 7227K, committed 8000K, reserved 1048576K
}
Event: 92.253 GC heap after
{Heap after GC invocations=292 (full 3):
 PSYoungGen      total 3072K, used 512K [0x00000000d5580000, 0x00000000d5a00000, 0x0000000100000000)
  eden space 2560K, 0% used [0x00000000d5580000,0x00000000d5580000,0x00000000d5800000)
  from space 512K, 100% used [0x00000000d5880000,0x00000000d5900000,0x00000000d5900000)
  to   space 1024K, 0% used [0x00000000d5900000,0x00000000d5900000,0x00000000d5a00000)
 ParOldGen       total 321536K, used 321345K [0x0000000080000000, 0x0000000093a00000, 0x00000000d5580000)
  object space 321536K, 99% used [0x0000000080000000,0x00000000939d04a8,0x0000000093a00000)
 Metaspace       used 70198K, committed 71936K, reserved 1114112K
  class space    used 7227K, committed 8000K, reserved 1048576K
}
Event: 93.032 GC heap before
{Heap before GC invocations=293 (full 3):
 PSYoungGen      total 3072K, used 3071K [0x00000000d5580000, 0x00000000d5a00000, 0x0000000100000000)
  eden space 2560K, 99% used [0x00000000d5580000,0x00000000d57ffd60,0x00000000d5800000)
  from space 512K, 100% used [0x00000000d5880000,0x00000000d5900000,0x00000000d5900000)
  to   space 1024K, 0% used [0x00000000d5900000,0x00000000d5900000,0x00000000d5a00000)
 ParOldGen       total 321536K, used 321345K [0x0000000080000000, 0x0000000093a00000, 0x00000000d5580000)
  object space 321536K, 99% used [0x0000000080000000,0x00000000939d04a8,0x0000000093a00000)
 Metaspace       used 70262K, committed 72000K, reserved 1114112K
  class space    used 7227K, committed 8000K, reserved 1048576K
}

Dll operation events (10 events):
Event: 0.021 Loaded shared library c:\Users\malin\.antigravity\extensions\redhat.java-1.54.0-win32-x64\jre\21.0.10-win32-x86_64\bin\java.dll
Event: 0.176 Loaded shared library c:\Users\malin\.antigravity\extensions\redhat.java-1.54.0-win32-x64\jre\21.0.10-win32-x86_64\bin\zip.dll
Event: 0.219 Loaded shared library C:\Users\malin\.antigravity\extensions\redhat.java-1.54.0-win32-x64\jre\21.0.10-win32-x86_64\bin\instrument.dll
Event: 0.230 Loaded shared library C:\Users\malin\.antigravity\extensions\redhat.java-1.54.0-win32-x64\jre\21.0.10-win32-x86_64\bin\net.dll
Event: 0.235 Loaded shared library C:\Users\malin\.antigravity\extensions\redhat.java-1.54.0-win32-x64\jre\21.0.10-win32-x86_64\bin\nio.dll
Event: 0.243 Loaded shared library C:\Users\malin\.antigravity\extensions\redhat.java-1.54.0-win32-x64\jre\21.0.10-win32-x86_64\bin\zip.dll
Event: 0.282 Loaded shared library C:\Users\malin\.antigravity\extensions\redhat.java-1.54.0-win32-x64\jre\21.0.10-win32-x86_64\bin\jimage.dll
Event: 0.439 Loaded shared library c:\Users\malin\.antigravity\extensions\redhat.java-1.54.0-win32-x64\jre\21.0.10-win32-x86_64\bin\verify.dll
Event: 2.624 Loaded shared library C:\Users\malin\AppData\Roaming\Antigravity\User\globalStorage\redhat.java\1.54.0\config_win\org.eclipse.equinox.launcher\org.eclipse.equinox.launcher.win32.win32.x86_64_1.3.0.v20260203-2149\eclipse_11919.dll
Event: 7.094 Loaded shared library C:\Users\malin\AppData\Local\Temp\jna-103660669\jna7326274598465651376.dll

Deoptimization events (20 events):
Event: 91.031 Thread 0x00000254e428a280 DEOPT PACKING pc=0x000002548b664b34 sp=0x000000a02e6fc880
Event: 91.031 Thread 0x00000254e428a280 DEOPT UNPACKING pc=0x000002548a5e3aa2 sp=0x000000a02e6fc7f8 mode 2
Event: 91.032 Thread 0x00000254e428a280 Uncommon trap: trap_request=0xffffffd6 fr.pc=0x000002548b664b34 relative=0x0000000000000214
Event: 91.032 Thread 0x00000254e428a280 Uncommon trap: reason=array_check action=maybe_recompile pc=0x000002548b664b34 method=java.util.HashMap.keysToArray([Ljava/lang/Object;)[Ljava/lang/Object; @ 62 c2
Event: 91.032 Thread 0x00000254e428a280 DEOPT PACKING pc=0x000002548b664b34 sp=0x000000a02e6fc880
Event: 91.032 Thread 0x00000254e428a280 DEOPT UNPACKING pc=0x000002548a5e3aa2 sp=0x000000a02e6fc7f8 mode 2
Event: 91.043 Thread 0x00000254e428a280 DEOPT PACKING pc=0x000002548466c487 sp=0x000000a02e6fb6a0
Event: 91.043 Thread 0x00000254e428a280 DEOPT UNPACKING pc=0x000002548a5e4242 sp=0x000000a02e6fab50 mode 0
Event: 91.067 Thread 0x00000254df236280 DEOPT PACKING pc=0x00000254842541d2 sp=0x000000a02bafe100
Event: 91.067 Thread 0x00000254df236280 DEOPT UNPACKING pc=0x000002548a5e4242 sp=0x000000a02bafd678 mode 0
Event: 92.058 Thread 0x00000254df235bf0 Uncommon trap: trap_request=0xffffff6e fr.pc=0x000002548b67bef4 relative=0x0000000000000b74
Event: 92.058 Thread 0x00000254df235bf0 Uncommon trap: reason=loop_limit_check action=maybe_recompile pc=0x000002548b67bef4 method=org.eclipse.jdt.internal.compiler.lookup.BlockScope.findVariable([C)Lorg/eclipse/jdt/internal/compiler/lookup/LocalVariableBinding; @ 65 c2
Event: 92.059 Thread 0x00000254df235bf0 DEOPT PACKING pc=0x000002548b67bef4 sp=0x000000a02b4fe400
Event: 92.059 Thread 0x00000254df235bf0 DEOPT UNPACKING pc=0x000002548a5e3aa2 sp=0x000000a02b4fe2a8 mode 2
Event: 92.199 Thread 0x00000254df235bf0 DEOPT PACKING pc=0x0000025484842368 sp=0x000000a02b4fc610
Event: 92.199 Thread 0x00000254df235bf0 DEOPT UNPACKING pc=0x000002548a5e4242 sp=0x000000a02b4fbac0 mode 0
Event: 92.255 Thread 0x00000254df235bf0 Uncommon trap: trap_request=0xffffff76 fr.pc=0x000002548b6ae0e8 relative=0x0000000000000148
Event: 92.256 Thread 0x00000254df235bf0 Uncommon trap: reason=predicate action=maybe_recompile pc=0x000002548b6ae0e8 method=java.util.LinkedHashMap.keysToArray([Ljava/lang/Object;Z)[Ljava/lang/Object; @ 53 c2
Event: 92.257 Thread 0x00000254df235bf0 DEOPT PACKING pc=0x000002548b6ae0e8 sp=0x000000a02b4fd5f0
Event: 92.257 Thread 0x00000254df235bf0 DEOPT UNPACKING pc=0x000002548a5e3aa2 sp=0x000000a02b4fd580 mode 2

Classes loaded (20 events):
Event: 32.432 Loading class sun/util/locale/provider/TimeZoneNameProviderImpl done
Event: 32.432 Loading class sun/util/cldr/CLDRTimeZoneNameProviderImpl done
Event: 32.440 Loading class sun/util/resources/cldr/TimeZoneNames
Event: 32.441 Loading class sun/util/resources/TimeZoneNamesBundle
Event: 32.441 Loading class sun/util/resources/OpenListResourceBundle
Event: 32.441 Loading class sun/util/resources/OpenListResourceBundle done
Event: 32.442 Loading class sun/util/resources/TimeZoneNamesBundle done
Event: 32.442 Loading class sun/util/resources/cldr/TimeZoneNames done
Event: 32.446 Loading class sun/util/resources/cldr/TimeZoneNames_en
Event: 32.450 Loading class sun/util/resources/cldr/TimeZoneNames_en done
Event: 32.454 Loading class sun/util/resources/cldr/TimeZoneNames_en_US
Event: 32.454 Loading class sun/util/resources/cldr/TimeZoneNames_en_US done
Event: 32.457 Loading class sun/util/cldr/CLDRBaseLocaleDataMetaInfo$TZCanonicalIDMapHolder
Event: 32.459 Loading class sun/util/cldr/CLDRBaseLocaleDataMetaInfo$TZCanonicalIDMapHolder done
Event: 32.466 Loading class sun/util/resources/TimeZoneNames
Event: 32.469 Loading class sun/util/resources/TimeZoneNames done
Event: 32.474 Loading class sun/util/resources/TimeZoneNames_en
Event: 32.475 Loading class sun/util/resources/TimeZoneNames_en done
Event: 90.314 Loading class jdk/internal/module/IllegalAccessLogger
Event: 90.314 Loading class jdk/internal/module/IllegalAccessLogger done

Classes unloaded (7 events):
Event: 8.209 Thread 0x00000254969d3160 Unloading class 0x00000254981aac00 'java/lang/invoke/LambdaForm$MH+0x00000254981aac00'
Event: 8.209 Thread 0x00000254969d3160 Unloading class 0x00000254981aa800 'java/lang/invoke/LambdaForm$MH+0x00000254981aa800'
Event: 8.209 Thread 0x00000254969d3160 Unloading class 0x00000254981aa400 'java/lang/invoke/LambdaForm$MH+0x00000254981aa400'
Event: 8.209 Thread 0x00000254969d3160 Unloading class 0x00000254981aa000 'java/lang/invoke/LambdaForm$MH+0x00000254981aa000'
Event: 8.209 Thread 0x00000254969d3160 Unloading class 0x00000254981a9c00 'java/lang/invoke/LambdaForm$BMH+0x00000254981a9c00'
Event: 8.209 Thread 0x00000254969d3160 Unloading class 0x00000254981a9800 'java/lang/invoke/LambdaForm$DMH+0x00000254981a9800'
Event: 8.209 Thread 0x00000254969d3160 Unloading class 0x00000254981a8400 'java/lang/invoke/LambdaForm$DMH+0x00000254981a8400'

Classes redefined (0 events):
No events

Internal exceptions (20 events):
Event: 26.507 Thread 0x00000254e4289bf0 Implicit null exception at 0x000002548b2307da to 0x000002548b230833
Event: 27.511 Thread 0x00000254df234840 Exception <a 'java/lang/NoSuchMethodError'{0x00000000d58f30d8}: 'java.lang.Object java.lang.invoke.DirectMethodHandle$Holder.newInvokeSpecial(java.lang.Object, java.lang.Object, int, java.lang.Object, java.lang.Object)'> (0x00000000d58f30d8) 
thrown [s\src\hotspot\share\interpreter\linkResolver.cpp, line 773]
Event: 27.517 Thread 0x00000254df234840 Exception <a 'java/lang/NoSuchMethodError'{0x00000000d590e3f0}: 'java.lang.Object java.lang.invoke.DirectMethodHandle$Holder.invokeSpecial(java.lang.Object, java.lang.Object, java.lang.Object, int, java.lang.Object, java.lang.Object, java.lang.Object)'> (0x00000000d590e3f0) 
thrown [s\src\hotspot\share\interpreter\linkResolver.cpp, line 773]
Event: 27.531 Thread 0x00000254df234840 Exception <a 'java/lang/NoSuchMethodError'{0x00000000d591a6f0}: 'java.lang.Object java.lang.invoke.DirectMethodHandle$Holder.newInvokeSpecial(java.lang.Object, java.lang.Object, int)'> (0x00000000d591a6f0) 
thrown [s\src\hotspot\share\interpreter\linkResolver.cpp, line 773]
Event: 27.589 Thread 0x00000254df234840 Exception <a 'java/lang/NoSuchMethodError'{0x00000000d599eea0}: 'void java.lang.invoke.DirectMethodHandle$Holder.invokeStatic(java.lang.Object, int)'> (0x00000000d599eea0) 
thrown [s\src\hotspot\share\interpreter\linkResolver.cpp, line 773]
Event: 27.870 Thread 0x00000254df234840 Exception <a 'java/io/FileNotFoundException'{0x00000000d55f11d0}> (0x00000000d55f11d0) 
thrown [s\src\hotspot\share\prims\jni.cpp, line 520]
Event: 27.870 Thread 0x00000254df234840 Exception <a 'java/io/FileNotFoundException'{0x00000000d55f24a0}> (0x00000000d55f24a0) 
thrown [s\src\hotspot\share\prims\jni.cpp, line 520]
Event: 27.871 Thread 0x00000254df234840 Exception <a 'java/io/FileNotFoundException'{0x00000000d55f34a8}> (0x00000000d55f34a8) 
thrown [s\src\hotspot\share\prims\jni.cpp, line 520]
Event: 28.085 Thread 0x00000254df234840 Implicit null exception at 0x000002548b01ea9f to 0x000002548b01f74c
Event: 29.024 Thread 0x00000254df236280 Exception <a 'sun/nio/fs/WindowsException'{0x00000000d5ae92e8}> (0x00000000d5ae92e8) 
thrown [s\src\hotspot\share\prims\jni.cpp, line 520]
Event: 29.034 Thread 0x00000254df236910 Exception <a 'java/lang/NoSuchMethodError'{0x00000000d5afe000}: 'java.lang.Object java.lang.invoke.DirectMethodHandle$Holder.invokeStatic(java.lang.Object, java.lang.Object, int, java.lang.Object)'> (0x00000000d5afe000) 
thrown [s\src\hotspot\share\interpreter\linkResolver.cpp, line 773]
Event: 29.495 Thread 0x00000254df236280 Exception <a 'sun/nio/fs/WindowsException'{0x00000000d565f430}> (0x00000000d565f430) 
thrown [s\src\hotspot\share\prims\jni.cpp, line 520]
Event: 29.500 Thread 0x00000254df236280 Implicit null exception at 0x000002548b34d462 to 0x000002548b34d898
Event: 30.265 Thread 0x00000254df236280 Implicit null exception at 0x000002548b4782a1 to 0x000002548b47955c
Event: 30.388 Thread 0x00000254e4289bf0 Exception <a 'java/lang/ArrayIndexOutOfBoundsException'{0x00000000d5a0e938}: Index 15780 out of bounds for length 15779> (0x00000000d5a0e938) 
thrown [s\src\hotspot\share\interpreter\interpreterRuntime.cpp, line 439]
Event: 30.441 Thread 0x00000254e25c9e40 Exception <a 'java/lang/IncompatibleClassChangeError'{0x00000000d57b3ca8}: Found class java.lang.Object, but interface was expected> (0x00000000d57b3ca8) 
thrown [s\src\hotspot\share\interpreter\linkResolver.cpp, line 840]
Event: 30.475 Thread 0x00000254e4289bf0 Exception <a 'java/lang/NoSuchMethodError'{0x00000000d5581378}: 'java.lang.Object java.lang.invoke.DirectMethodHandle$Holder.invokeSpecial(java.lang.Object, java.lang.Object, java.lang.Object, java.lang.Object, int, java.lang.Object, java.lang.Object)'> (0x00000000d5581378) 
thrown [s\src\hotspot\share\interpreter\linkResolver.cpp, line 773]
Event: 30.895 Thread 0x00000254e428c9e0 Implicit null exception at 0x000002548b3bc0c6 to 0x000002548b3bc134
Event: 90.094 Thread 0x00000254df236280 Exception <a 'sun/nio/fs/WindowsException'{0x00000000d595e0f8}> (0x00000000d595e0f8) 
thrown [s\src\hotspot\share\prims\jni.cpp, line 520]
Event: 90.685 Thread 0x00000254df236280 Exception <a 'sun/nio/fs/WindowsException'{0x00000000d55807d0}> (0x00000000d55807d0) 
thrown [s\src\hotspot\share\prims\jni.cpp, line 520]

ZGC Phase Switch (0 events):
No events

VM Operations (20 events):
Event: 92.096 Executing safepoint VM operation: ParallelGCFailedAllocation (Allocation Failure) done
Event: 92.136 Executing safepoint VM operation: ParallelGCFailedAllocation (Allocation Failure)
Event: 92.138 Executing safepoint VM operation: ParallelGCFailedAllocation (Allocation Failure) done
Event: 92.152 Executing safepoint VM operation: ParallelGCFailedAllocation (Allocation Failure)
Event: 92.154 Executing safepoint VM operation: ParallelGCFailedAllocation (Allocation Failure) done
Event: 92.166 Executing safepoint VM operation: ParallelGCFailedAllocation (Allocation Failure)
Event: 92.168 Executing safepoint VM operation: ParallelGCFailedAllocation (Allocation Failure) done
Event: 92.174 Executing safepoint VM operation: ParallelGCFailedAllocation (Allocation Failure)
Event: 92.176 Executing safepoint VM operation: ParallelGCFailedAllocation (Allocation Failure) done
Event: 92.184 Executing safepoint VM operation: ParallelGCFailedAllocation (Allocation Failure)
Event: 92.187 Executing safepoint VM operation: ParallelGCFailedAllocation (Allocation Failure) done
Event: 92.193 Executing safepoint VM operation: ParallelGCFailedAllocation (Allocation Failure)
Event: 92.195 Executing safepoint VM operation: ParallelGCFailedAllocation (Allocation Failure) done
Event: 92.207 Executing safepoint VM operation: ParallelGCFailedAllocation (Allocation Failure)
Event: 92.209 Executing safepoint VM operation: ParallelGCFailedAllocation (Allocation Failure) done
Event: 92.220 Executing safepoint VM operation: ParallelGCFailedAllocation (Allocation Failure)
Event: 92.222 Executing safepoint VM operation: ParallelGCFailedAllocation (Allocation Failure) done
Event: 92.251 Executing safepoint VM operation: ParallelGCFailedAllocation (Allocation Failure)
Event: 92.253 Executing safepoint VM operation: ParallelGCFailedAllocation (Allocation Failure) done
Event: 93.032 Executing safepoint VM operation: ParallelGCFailedAllocation (Allocation Failure)

Memory protections (0 events):
No events

Nmethod flushes (20 events):
Event: 22.147 Thread 0x00000254969d3160 flushing osr nmethod 0x0000025483a8c010
Event: 22.147 Thread 0x00000254969d3160 flushing osr nmethod 0x0000025483a8e190
Event: 22.147 Thread 0x00000254969d3160 flushing osr nmethod 0x0000025483acd810
Event: 22.147 Thread 0x00000254969d3160 flushing  nmethod 0x0000025483ae6810
Event: 22.147 Thread 0x00000254969d3160 flushing  nmethod 0x0000025483ae9f90
Event: 22.147 Thread 0x00000254969d3160 flushing  nmethod 0x0000025483aff210
Event: 22.147 Thread 0x00000254969d3160 flushing  nmethod 0x0000025483b06c10
Event: 22.147 Thread 0x00000254969d3160 flushing  nmethod 0x0000025483b07590
Event: 22.147 Thread 0x00000254969d3160 flushing  nmethod 0x0000025483b08510
Event: 22.147 Thread 0x00000254969d3160 flushing  nmethod 0x0000025483b0d810
Event: 22.147 Thread 0x00000254969d3160 flushing  nmethod 0x0000025483b2ad90
Event: 22.147 Thread 0x00000254969d3160 flushing  nmethod 0x0000025483b2b390
Event: 22.147 Thread 0x00000254969d3160 flushing  nmethod 0x0000025483b2ba90
Event: 22.147 Thread 0x00000254969d3160 flushing  nmethod 0x0000025483b2c310
Event: 22.147 Thread 0x00000254969d3160 flushing  nmethod 0x0000025483b2c690
Event: 22.147 Thread 0x00000254969d3160 flushing  nmethod 0x0000025483b2e110
Event: 22.147 Thread 0x00000254969d3160 flushing  nmethod 0x0000025483b3ce90
Event: 22.147 Thread 0x00000254969d3160 flushing  nmethod 0x0000025483b43610
Event: 22.147 Thread 0x00000254969d3160 flushing  nmethod 0x0000025483b71c90
Event: 22.147 Thread 0x00000254969d3160 flushing  nmethod 0x0000025483b7ce90

Events (20 events):
Event: 63.340 Thread 0x00000254e238fe20 Thread exited: 0x00000254e238fe20
Event: 63.340 Thread 0x00000254e2390bc0 Thread exited: 0x00000254e2390bc0
Event: 89.947 Thread 0x00000254ffdb9c30 Thread added: 0x00000254e238f750
Event: 90.084 Thread 0x00000254df234840 Thread exited: 0x00000254df234840
Event: 90.131 Thread 0x00000254ffdb3450 Thread added: 0x00000254e2392700
Event: 90.131 Thread 0x00000254ffdb3450 Thread added: 0x00000254e238f080
Event: 90.132 Thread 0x00000254ffdb3450 Thread added: 0x00000254e238fe20
Event: 90.226 Thread 0x00000254e4288840 Thread added: 0x00000254e26de630
Event: 90.281 Thread 0x00000254ffdb9c30 Thread added: 0x00000254e2390bc0
Event: 90.293 Thread 0x00000254ffdb9c30 Thread added: 0x00000254e2394910
Event: 90.299 Thread 0x00000254ffdb9c30 Thread added: 0x00000254e2391960
Event: 90.299 Thread 0x00000254e238f750 Thread added: 0x00000254e2392030
Event: 90.303 Thread 0x00000254ffdb9c30 Thread added: 0x00000254e2392dd0
Event: 90.334 Thread 0x00000254e238f750 Thread added: 0x00000254e23934a0
Event: 91.956 Thread 0x00000254e23934a0 Thread exited: 0x00000254e23934a0
Event: 91.956 Thread 0x00000254e2390bc0 Thread exited: 0x00000254e2390bc0
Event: 91.958 Thread 0x00000254e238f750 Thread exited: 0x00000254e238f750
Event: 91.994 Thread 0x00000254e2392030 Thread added: 0x00000254e238f750
Event: 91.997 Thread 0x00000254e2392030 Thread added: 0x00000254e23934a0
Event: 91.997 Thread 0x00000254e2392030 Thread added: 0x00000254e2390bc0


Dynamic libraries:
0x00007ff68c5e0000 - 0x00007ff68c5ee000 	c:\Users\malin\.antigravity\extensions\redhat.java-1.54.0-win32-x64\jre\21.0.10-win32-x86_64\bin\java.exe
0x00007ff831a80000 - 0x00007ff831ce7000 	C:\WINDOWS\SYSTEM32\ntdll.dll
0x00007ff82fdd0000 - 0x00007ff82fe99000 	C:\WINDOWS\System32\KERNEL32.DLL
0x00007ff82e350000 - 0x00007ff82e744000 	C:\WINDOWS\System32\KERNELBASE.dll
0x00007ff82f550000 - 0x00007ff82f69b000 	C:\WINDOWS\System32\ucrtbase.dll
0x00007ffff94c0000 - 0x00007ffff94de000 	c:\Users\malin\.antigravity\extensions\redhat.java-1.54.0-win32-x64\jre\21.0.10-win32-x86_64\bin\VCRUNTIME140.dll
0x00007ffff9610000 - 0x00007ffff9628000 	c:\Users\malin\.antigravity\extensions\redhat.java-1.54.0-win32-x64\jre\21.0.10-win32-x86_64\bin\jli.dll
0x00007ff8314e0000 - 0x00007ff8316a5000 	C:\WINDOWS\System32\USER32.dll
0x00007ff82f6a0000 - 0x00007ff82f6c7000 	C:\WINDOWS\System32\win32u.dll
0x00007ff830340000 - 0x00007ff83036b000 	C:\WINDOWS\System32\GDI32.dll
0x00007ff81de70000 - 0x00007ff81e103000 	C:\WINDOWS\WinSxS\amd64_microsoft.windows.common-controls_6595b64144ccf1df_6.0.26100.8115_none_3e075c82e3354f9c\COMCTL32.dll
0x00007ff830c20000 - 0x00007ff830cc9000 	C:\WINDOWS\System32\msvcrt.dll
0x00007ff82eaf0000 - 0x00007ff82ec1b000 	C:\WINDOWS\System32\gdi32full.dll
0x00007ff82ea40000 - 0x00007ff82eae3000 	C:\WINDOWS\System32\msvcp_win.dll
0x00007ff82fc30000 - 0x00007ff82fc62000 	C:\WINDOWS\System32\IMM32.DLL
0x00007ff807fb0000 - 0x00007ff807fbc000 	c:\Users\malin\.antigravity\extensions\redhat.java-1.54.0-win32-x64\jre\21.0.10-win32-x86_64\bin\vcruntime140_1.dll
0x00007fffc6060000 - 0x00007fffc60ed000 	c:\Users\malin\.antigravity\extensions\redhat.java-1.54.0-win32-x64\jre\21.0.10-win32-x86_64\bin\msvcp140.dll
0x00007fffb4530000 - 0x00007fffb52d1000 	c:\Users\malin\.antigravity\extensions\redhat.java-1.54.0-win32-x64\jre\21.0.10-win32-x86_64\bin\server\jvm.dll
0x00007ff8300d0000 - 0x00007ff830186000 	C:\WINDOWS\System32\ADVAPI32.dll
0x00007ff82ff90000 - 0x00007ff830037000 	C:\WINDOWS\System32\sechost.dll
0x00007ff82f970000 - 0x00007ff82fa88000 	C:\WINDOWS\System32\RPCRT4.dll
0x00007ff830560000 - 0x00007ff8305e0000 	C:\WINDOWS\System32\WS2_32.dll
0x00007ff82e1b0000 - 0x00007ff82e20e000 	C:\WINDOWS\SYSTEM32\POWRPROF.dll
0x00007ff827c10000 - 0x00007ff827c46000 	C:\WINDOWS\SYSTEM32\WINMM.dll
0x00007ff827c50000 - 0x00007ff827c5b000 	C:\WINDOWS\SYSTEM32\VERSION.dll
0x00007ff82e190000 - 0x00007ff82e1a4000 	C:\WINDOWS\SYSTEM32\UMPDC.dll
0x00007ff82d010000 - 0x00007ff82d02b000 	C:\WINDOWS\SYSTEM32\kernel.appcore.dll
0x00007ff805930000 - 0x00007ff80593a000 	c:\Users\malin\.antigravity\extensions\redhat.java-1.54.0-win32-x64\jre\21.0.10-win32-x86_64\bin\jimage.dll
0x00007ff824a70000 - 0x00007ff824cb2000 	C:\WINDOWS\SYSTEM32\DBGHELP.DLL
0x00007ff8316b0000 - 0x00007ff831a32000 	C:\WINDOWS\System32\combase.dll
0x00007ff82feb0000 - 0x00007ff82ff88000 	C:\WINDOWS\System32\OLEAUT32.dll
0x00007ff81c1a0000 - 0x00007ff81c1db000 	C:\WINDOWS\SYSTEM32\dbgcore.DLL
0x00007ff82f760000 - 0x00007ff82f805000 	C:\WINDOWS\System32\bcryptPrimitives.dll
0x00007ff805290000 - 0x00007ff80529f000 	c:\Users\malin\.antigravity\extensions\redhat.java-1.54.0-win32-x64\jre\21.0.10-win32-x86_64\bin\instrument.dll
0x00007ffff6050000 - 0x00007ffff6070000 	c:\Users\malin\.antigravity\extensions\redhat.java-1.54.0-win32-x64\jre\21.0.10-win32-x86_64\bin\java.dll
0x00007ff830cd0000 - 0x00007ff831437000 	C:\WINDOWS\System32\SHELL32.dll
0x00007ff82e750000 - 0x00007ff82e8ba000 	C:\WINDOWS\System32\wintypes.dll
0x00007ff82ece0000 - 0x00007ff82f548000 	C:\WINDOWS\System32\windows.storage.dll
0x00007ff82f870000 - 0x00007ff82f968000 	C:\WINDOWS\System32\SHCORE.dll
0x00007ff82fa90000 - 0x00007ff82faf6000 	C:\WINDOWS\System32\shlwapi.dll
0x00007ff82e270000 - 0x00007ff82e299000 	C:\WINDOWS\SYSTEM32\profapi.dll
0x00007fffed1b0000 - 0x00007fffed1c8000 	c:\Users\malin\.antigravity\extensions\redhat.java-1.54.0-win32-x64\jre\21.0.10-win32-x86_64\bin\zip.dll
0x00007ff802640000 - 0x00007ff802650000 	C:\Users\malin\.antigravity\extensions\redhat.java-1.54.0-win32-x64\jre\21.0.10-win32-x86_64\bin\net.dll
0x00007ff8288c0000 - 0x00007ff8289ed000 	C:\WINDOWS\SYSTEM32\WINHTTP.dll
0x00007ff82d650000 - 0x00007ff82d6bc000 	C:\WINDOWS\system32\mswsock.dll
0x00007fffd02b0000 - 0x00007fffd02c6000 	C:\Users\malin\.antigravity\extensions\redhat.java-1.54.0-win32-x64\jre\21.0.10-win32-x86_64\bin\nio.dll
0x00007ff8021b0000 - 0x00007ff8021c0000 	c:\Users\malin\.antigravity\extensions\redhat.java-1.54.0-win32-x64\jre\21.0.10-win32-x86_64\bin\verify.dll
0x00007fffc3de0000 - 0x00007fffc3e25000 	C:\Users\malin\AppData\Roaming\Antigravity\User\globalStorage\redhat.java\1.54.0\config_win\org.eclipse.equinox.launcher\org.eclipse.equinox.launcher.win32.win32.x86_64_1.3.0.v20260203-2149\eclipse_11919.dll
0x00007ff830a80000 - 0x00007ff830c17000 	C:\WINDOWS\System32\ole32.dll
0x00007ff82d930000 - 0x00007ff82d94b000 	C:\WINDOWS\SYSTEM32\CRYPTSP.dll
0x00007ff82d030000 - 0x00007ff82d069000 	C:\WINDOWS\system32\rsaenh.dll
0x00007ff82d700000 - 0x00007ff82d733000 	C:\WINDOWS\SYSTEM32\USERENV.dll
0x00007ff82e240000 - 0x00007ff82e26a000 	C:\WINDOWS\SYSTEM32\bcrypt.dll
0x00007ff82d950000 - 0x00007ff82d95c000 	C:\WINDOWS\SYSTEM32\CRYPTBASE.dll
0x00007ff82ca80000 - 0x00007ff82cab2000 	C:\WINDOWS\SYSTEM32\IPHLPAPI.DLL
0x00007ff830040000 - 0x00007ff83004a000 	C:\WINDOWS\System32\NSI.dll
0x00007fffc1c90000 - 0x00007fffc1cd9000 	C:\Users\malin\AppData\Local\Temp\jna-103660669\jna7326274598465651376.dll
0x00007ff830550000 - 0x00007ff830558000 	C:\WINDOWS\System32\PSAPI.DLL
0x00007ff8288a0000 - 0x00007ff8288bd000 	C:\WINDOWS\SYSTEM32\dhcpcsvc6.DLL
0x00007ff828860000 - 0x00007ff828885000 	C:\WINDOWS\SYSTEM32\dhcpcsvc.DLL

JVMTI agents:
c:\Users\malin\.antigravity\extensions\redhat.java-1.54.0-win32-x64\lombok\lombok-1.18.39-4050.jar path:c:\Users\malin\.antigravity\extensions\redhat.java-1.54.0-win32-x64\jre\21.0.10-win32-x86_64\bin\instrument.dll, loaded, initialized, instrumentlib options:none

dbghelp: loaded successfully - version: 4.0.5 - missing functions: none
symbol engine: initialized successfully - sym options: 0x614 - pdb path: .;c:\Users\malin\.antigravity\extensions\redhat.java-1.54.0-win32-x64\jre\21.0.10-win32-x86_64\bin;C:\WINDOWS\SYSTEM32;C:\WINDOWS\WinSxS\amd64_microsoft.windows.common-controls_6595b64144ccf1df_6.0.26100.8115_none_3e075c82e3354f9c;c:\Users\malin\.antigravity\extensions\redhat.java-1.54.0-win32-x64\jre\21.0.10-win32-x86_64\bin\server;C:\Users\malin\AppData\Roaming\Antigravity\User\globalStorage\redhat.java\1.54.0\config_win\org.eclipse.equinox.launcher\org.eclipse.equinox.launcher.win32.win32.x86_64_1.3.0.v20260203-2149;C:\Users\malin\AppData\Local\Temp\jna-103660669

VM Arguments:
jvm_args: --add-modules=ALL-SYSTEM --add-opens=java.base/java.util=ALL-UNNAMED --add-opens=java.base/java.lang=ALL-UNNAMED --add-opens=java.base/sun.nio.fs=ALL-UNNAMED -Declipse.application=org.eclipse.jdt.ls.core.id1 -Dosgi.bundles.defaultStartLevel=4 -Declipse.product=org.eclipse.jdt.ls.core.product -Djava.import.generatesMetadataFilesAtProjectRoot=false -DDetectVMInstallationsJob.disabled=true -Dfile.encoding=utf8 -XX:+UseParallelGC -XX:GCTimeRatio=4 -XX:AdaptiveSizePolicyWeight=90 -Dsun.zip.disableMemoryMapping=true -Xmx2G -Xms100m -Xlog:disable -javaagent:c:\Users\malin\.antigravity\extensions\redhat.java-1.54.0-win32-x64\lombok\lombok-1.18.39-4050.jar -XX:+HeapDumpOnOutOfMemoryError -XX:HeapDumpPath=c:\Users\malin\AppData\Roaming\Antigravity\User\workspaceStorage\7da6816d25600c1ce73892a0ef44c29d\redhat.java -Daether.dependencyCollector.impl=bf 
java_command: c:\Users\malin\.antigravity\extensions\redhat.java-1.54.0-win32-x64\server\plugins\org.eclipse.equinox.launcher_1.7.100.v20251111-0406.jar -configuration c:\Users\malin\AppData\Roaming\Antigravity\User\globalStorage\redhat.java\1.54.0\config_win -data c:\Users\malin\AppData\Roaming\Antigravity\User\workspaceStorage\7da6816d25600c1ce73892a0ef44c29d\redhat.java\jdt_ws --pipe=\\.\pipe\lsp-db6c1a2990ae45540b9d17e7d8b5cb11-sock
java_class_path (initial): c:\Users\malin\.antigravity\extensions\redhat.java-1.54.0-win32-x64\server\plugins\org.eclipse.equinox.launcher_1.7.100.v20251111-0406.jar
Launcher Type: SUN_STANDARD

[Global flags]
    uintx AdaptiveSizePolicyWeight                 = 90                                        {product} {command line}
     intx CICompilerCount                          = 12                                        {product} {ergonomic}
    uintx GCTimeRatio                              = 4                                         {product} {command line}
     bool HeapDumpOnOutOfMemoryError               = true                                   {manageable} {command line}
    ccstr HeapDumpPath                             = c:\Users\malin\AppData\Roaming\Antigravity\User\workspaceStorage\7da6816d25600c1ce73892a0ef44c29d\redhat.java         {manageable} {command line}
   size_t InitialHeapSize                          = 104857600                                 {product} {command line}
   size_t MaxHeapSize                              = 2147483648                                {product} {command line}
   size_t MaxNewSize                               = 715653120                                 {product} {ergonomic}
   size_t MinHeapDeltaBytes                        = 524288                                    {product} {ergonomic}
   size_t MinHeapSize                              = 104857600                                 {product} {command line}
   size_t NewSize                                  = 34603008                                  {product} {ergonomic}
    uintx NonNMethodCodeHeapSize                   = 7602480                                {pd product} {ergonomic}
    uintx NonProfiledCodeHeapSize                  = 122027880                              {pd product} {ergonomic}
   size_t OldSize                                  = 70254592                                  {product} {ergonomic}
    uintx ProfiledCodeHeapSize                     = 122027880                              {pd product} {ergonomic}
    uintx ReservedCodeCacheSize                    = 251658240                              {pd product} {ergonomic}
     bool SegmentedCodeCache                       = true                                      {product} {ergonomic}
   size_t SoftMaxHeapSize                          = 2147483648                             {manageable} {ergonomic}
     bool UseCompressedOops                        = true                           {product lp64_product} {ergonomic}
     bool UseLargePagesIndividualAllocation        = false                                  {pd product} {ergonomic}
     bool UseParallelGC                            = true                                      {product} {command line}

Logging:
Log output configuration:
 #0: stdout all=off uptime,level,tags foldmultilines=false
 #1: stderr all=off uptime,level,tags foldmultilines=false

Release file:
JAVA_VERSION="21.0.10" 
MODULES="java.base java.compiler java.datatransfer java.xml java.prefs java.desktop java.instrument java.logging java.management java.security.sasl java.naming java.rmi java.management.rmi java.net.http java.scripting java.security.jgss java.transaction.xa java.sql java.sql.rowset java.xml.crypto java.se java.smartcardio jdk.accessibility jdk.internal.jvmstat jdk.attach jdk.charsets jdk.internal.opt jdk.zipfs jdk.compiler jdk.crypto.ec jdk.crypto.cryptoki jdk.crypto.mscapi jdk.dynalink jdk.internal.ed jdk.editpad jdk.hotspot.agent jdk.httpserver jdk.internal.le jdk.internal.vm.ci jdk.internal.vm.compiler jdk.internal.vm.compiler.management jdk.jartool jdk.javadoc jdk.jcmd jdk.management jdk.management.agent jdk.jconsole jdk.jdeps jdk.jdwp.agent jdk.jdi jdk.jfr jdk.jshell jdk.jsobject jdk.jstatd jdk.localedata jdk.management.jfr jdk.naming.dns jdk.naming.rmi jdk.net jdk.nio.mapmode jdk.random jdk.sctp jdk.security.auth jdk.security.jgss jdk.unsupported jdk.unsupported.desktop jdk.xml.dom" 

Environment Variables:
PATH=C:\app\malin\product\21c\dbhomeXE\bin;C:\Users\malin\AppData\Local\Android\Sdk\bin;C:\Program Files\Eclipse Adoptium\jdk-25.0.0.36-hotspot\bin;C:\WINDOWS\system32;C:\WINDOWS;C:\WINDOWS\System32\Wbem;C:\WINDOWS\System32\WindowsPowerShell\v1.0\;C:\WINDOWS\System32\OpenSSH\;C:\Program Files (x86)\Microsoft SQL Server\160\DTS\Binn\;C:\Program Files (x86)\Microsoft SQL Server\160\Tools\Binn\;C:\Program Files\Microsoft SQL Server\160\Tools\Binn\;C:\Program Files\Microsoft SQL Server\Client SDK\ODBC\170\Tools\Binn\;C:\Program Files\Microsoft SQL Server\160\DTS\Binn\;C:\Program Files\MySQL\MySQL Server 8.0\bin;C:\Program Files (x86)\Windows Kits\10\Windows Performance Toolkit\;C:\Program Files\nodejs\;C:\Program Files\Git\cmd;C:\Program Files\cursor\resources\app\bin;C:\Program Files\Git LFS;C:\Users\malin\AppData\Local\Programs\Python\Python313\Scripts\;C:\Users\malin\AppData\Local\Programs\Python\Python313\;C:\Program Files\MySQL\MySQL Shell 8.0\bin\;C:\Users\malin\AppData\Local\Microsoft\WindowsApps;C:\Program Files\R\R-4.5.1\bin;C:\Users\malin\AppData\Roaming\npm;C:\Users\malin\AppData\Local\Programs\Microsoft VS Code\bin;C:\Users\malin\AppData\Local\Programs\mongosh\;C:\Users\malin\AppData\Local\GitHubDesktop\bin;C:\Users\malin\AppData\Local\Programs\Antigravity\bin;C:\Users\malin\AppData\Local\Programs\cursor\resources\app\bin
USERNAME=malin
OS=Windows_NT
PROCESSOR_IDENTIFIER=AMD64 Family 23 Model 96 Stepping 1, AuthenticAMD
TMP=C:\Users\malin\AppData\Local\Temp
TEMP=C:\Users\malin\AppData\Local\Temp




Periodic native trim disabled

---------------  S Y S T E M  ---------------

OS:
 Windows 11 , 64 bit Build 26100 (10.0.26100.8246)
OS uptime: 0 days 16:22 hours
Hyper-V role detected

CPU: total 16 (initial active 16) (16 cores per cpu, 2 threads per core) family 23 model 96 stepping 1 microcode 0x8600104, cx8, cmov, fxsr, ht, mmx, 3dnowpref, sse, sse2, sse3, ssse3, sse4a, sse4.1, sse4.2, popcnt, lzcnt, tsc, tscinvbit, avx, avx2, aes, clmul, bmi1, bmi2, adx, sha, fma, vzeroupper, clflush, clflushopt, hv, rdtscp, rdpid, f16c
Processor Information for the first 16 processors :
  Max Mhz: 2900, Current Mhz: 1700, Mhz Limit: 2900

Memory: 4k page, system-wide physical 15770M (3459M free)
TotalPageFile size 19866M (AvailPageFile size 23M)
current process WorkingSet (physical memory assigned to process): 640M, peak: 644M
current process commit charge ("private bytes"): 727M, peak: 731M

vm_info: OpenJDK 64-Bit Server VM (21.0.10+7-LTS) for windows-amd64 JRE (21.0.10+7-LTS), built on 2026-01-20T00:00:00Z by "admin" with MS VC++ 17.12 (VS2022)

END.
