#
# There is insufficient memory for the Java Runtime Environment to continue.
# Native memory allocation (malloc) failed to allocate 1190416 bytes. Error detail: Chunk::new
# Possible reasons:
#   The system is out of physical RAM or swap space
#   This process is running with CompressedOops enabled, and the Java Heap may be blocking the growth of the native heap
# Possible solutions:
#   Reduce memory load on the system
#   Increase physical memory or swap space
#   Check if swap backing store is full
#   Decrease Java heap size (-Xmx/-Xms)
#   Decrease number of Java threads
#   Decrease Java thread stack sizes (-Xss)
#   Set larger code cache with -XX:ReservedCodeCacheSize=
#   JVM is running with Unscaled Compressed Oops mode in which the Java heap is
#     placed in the first 4GB address space. The Java Heap base address is the
#     maximum limit for the native heap growth. Please use -XX:HeapBaseMinAddress
#     to set the Java Heap base and to place the Java Heap above 4GB virtual address.
# This output file may be truncated or incomplete.
#
#  Out of Memory Error (arena.cpp:168), pid=12436, tid=19884
#
# JRE version: OpenJDK Runtime Environment Temurin-21.0.10+7 (21.0.10+7) (build 21.0.10+7-LTS)
# Java VM: OpenJDK 64-Bit Server VM Temurin-21.0.10+7 (21.0.10+7-LTS, mixed mode, sharing, tiered, compressed oops, compressed class ptrs, parallel gc, windows-amd64)
# No core dump will be written. Minidumps are not enabled by default on client versions of Windows
#

---------------  S U M M A R Y ------------

Command Line: --add-modules=ALL-SYSTEM --add-opens=java.base/java.util=ALL-UNNAMED --add-opens=java.base/java.lang=ALL-UNNAMED --add-opens=java.base/sun.nio.fs=ALL-UNNAMED -Declipse.application=org.eclipse.jdt.ls.core.id1 -Dosgi.bundles.defaultStartLevel=4 -Declipse.product=org.eclipse.jdt.ls.core.product -Djava.import.generatesMetadataFilesAtProjectRoot=false -DDetectVMInstallationsJob.disabled=true -Dfile.encoding=utf8 -XX:+UseParallelGC -XX:GCTimeRatio=4 -XX:AdaptiveSizePolicyWeight=90 -Dsun.zip.disableMemoryMapping=true -Xmx2G -Xms100m -Xlog:disable -javaagent:c:\Users\malin\.antigravity\extensions\redhat.java-1.54.0-win32-x64\lombok\lombok-1.18.39-4050.jar c:\Users\malin\.antigravity\extensions\redhat.java-1.54.0-win32-x64\server\plugins\org.eclipse.equinox.launcher_1.7.100.v20251111-0406.jar -configuration c:\Users\malin\AppData\Roaming\Antigravity\User\globalStorage\redhat.java\1.54.0\config_ss_win -data c:\Users\malin\AppData\Roaming\Antigravity\User\workspaceStorage\7da6816d25600c1ce73892a0ef44c29d\redhat.java\ss_ws --pipe=\\.\pipe\lsp-2a3fed24468dc23710c3a07c98f18b41-sock

Host: AMD Ryzen 7 4800H with Radeon Graphics         , 16 cores, 15G,  Windows 11 , 64 bit Build 26100 (10.0.26100.8246)
Time: Tue Apr 21 15:21:01 2026 Sri Lanka Standard Time elapsed time: 13.748142 seconds (0d 0h 0m 13s)

---------------  T H R E A D  ---------------

Current thread (0x000001a28d161a20):  JavaThread "C2 CompilerThread1" daemon [_thread_in_native, id=19884, stack(0x0000000685900000,0x0000000685a00000) (1024K)]


Current CompileTask:
C2:13748 8042       4       org.eclipse.jdt.internal.compiler.lookup.LookupEnvironment::getResolvedType (80 bytes)

Stack: [0x0000000685900000,0x0000000685a00000]
Native frames: (J=compiled Java code, j=interpreted, Vv=VM code, C=native code)
V  [jvm.dll+0x6d7a39]
V  [jvm.dll+0x8b4b26]
V  [jvm.dll+0x8b70de]
V  [jvm.dll+0x8b77c3]
V  [jvm.dll+0x284346]
V  [jvm.dll+0xc66ed]
V  [jvm.dll+0xc6c31]
V  [jvm.dll+0x3bec01]
V  [jvm.dll+0x1e3d62]
V  [jvm.dll+0x24c6b3]
V  [jvm.dll+0x24bb40]
V  [jvm.dll+0x1cb34e]
V  [jvm.dll+0x25b85d]
V  [jvm.dll+0x259dea]
V  [jvm.dll+0x3f857e]
V  [jvm.dll+0x85f59d]
V  [jvm.dll+0x6d626d]
C  [ucrtbase.dll+0x37b0]
C  [KERNEL32.DLL+0x2e8d7]
C  [ntdll.dll+0x8c3fc]


---------------  P R O C E S S  ---------------

Threads class SMR info:
_java_thread_list=0x000001a28d2f6ad0, length=51, elements={
0x000001a22c0e7b10, 0x000001a22c4aff90, 0x000001a22c4b1c60, 0x000001a22c4b97d0,
0x000001a22c4ba710, 0x000001a22c4bc6d0, 0x000001a22c4bf730, 0x000001a22c4c8190,
0x000001a22c4cd240, 0x000001a2873af270, 0x000001a2874ed660, 0x000001a28d0d2150,
0x000001a28da3e690, 0x000001a28db823a0, 0x000001a28db83370, 0x000001a28d853ef0,
0x000001a28dd7dcc0, 0x000001a28df15f70, 0x000001a28df16a80, 0x000001a28df67260,
0x000001a28df68610, 0x000001a28df65190, 0x000001a28df678f0, 0x000001a28df65eb0,
0x000001a28df65820, 0x000001a28df66540, 0x000001a28df66bd0, 0x000001a28df67f80,
0x000001a28ebb2bb0, 0x000001a28ebb1800, 0x000001a28ebb45f0, 0x000001a28ebb1e90,
0x000001a28ebb3240, 0x000001a28ebb4c80, 0x000001a28ebb5310, 0x000001a28ebb59a0,
0x000001a28ebb38d0, 0x000001a28ebb2520, 0x000001a28ebb6030, 0x000001a28ebb66c0,
0x000001a28ebb6d50, 0x000001a28d161a20, 0x000001a2873a4320, 0x000001a29afae8b0,
0x000001a29f8d1030, 0x000001a29a604780, 0x000001a29e3a8820, 0x000001a28f67ccd0,
0x000001a29a7af8c0, 0x000001a28ebb3f60, 0x000001a28ebb7a70
}

Java Threads: ( => current thread )
  0x000001a22c0e7b10 JavaThread "main"                              [_thread_blocked, id=13464, stack(0x0000000684c00000,0x0000000684d00000) (1024K)]
  0x000001a22c4aff90 JavaThread "Reference Handler"          daemon [_thread_blocked, id=2016, stack(0x0000000685000000,0x0000000685100000) (1024K)]
  0x000001a22c4b1c60 JavaThread "Finalizer"                  daemon [_thread_blocked, id=19080, stack(0x0000000685100000,0x0000000685200000) (1024K)]
  0x000001a22c4b97d0 JavaThread "Signal Dispatcher"          daemon [_thread_blocked, id=2568, stack(0x0000000685200000,0x0000000685300000) (1024K)]
  0x000001a22c4ba710 JavaThread "Attach Listener"            daemon [_thread_blocked, id=4072, stack(0x0000000685300000,0x0000000685400000) (1024K)]
  0x000001a22c4bc6d0 JavaThread "Service Thread"             daemon [_thread_blocked, id=21140, stack(0x0000000685400000,0x0000000685500000) (1024K)]
  0x000001a22c4bf730 JavaThread "Monitor Deflation Thread"   daemon [_thread_blocked, id=11484, stack(0x0000000685500000,0x0000000685600000) (1024K)]
  0x000001a22c4c8190 JavaThread "C2 CompilerThread0"         daemon [_thread_blocked, id=11580, stack(0x0000000685600000,0x0000000685700000) (1024K)]
  0x000001a22c4cd240 JavaThread "C1 CompilerThread0"         daemon [_thread_blocked, id=13152, stack(0x0000000685700000,0x0000000685800000) (1024K)]
  0x000001a2873af270 JavaThread "C1 CompilerThread1"         daemon [_thread_blocked, id=11364, stack(0x0000000685800000,0x0000000685900000) (1024K)]
  0x000001a2874ed660 JavaThread "Common-Cleaner"             daemon [_thread_blocked, id=16992, stack(0x0000000685b00000,0x0000000685c00000) (1024K)]
  0x000001a28d0d2150 JavaThread "Notification Thread"        daemon [_thread_blocked, id=9000, stack(0x0000000685d00000,0x0000000685e00000) (1024K)]
  0x000001a28da3e690 JavaThread "Active Thread: Equinox Container: 32984fe2-d390-4296-9a4f-7516352a09b5"        [_thread_blocked, id=17744, stack(0x0000000686600000,0x0000000686700000) (1024K)]
  0x000001a28db823a0 JavaThread "Framework Event Dispatcher: Equinox Container: 32984fe2-d390-4296-9a4f-7516352a09b5" daemon [_thread_blocked, id=16108, stack(0x0000000686800000,0x0000000686900000) (1024K)]
  0x000001a28db83370 JavaThread "Start Level: Equinox Container: 32984fe2-d390-4296-9a4f-7516352a09b5" daemon [_thread_blocked, id=6508, stack(0x0000000686900000,0x0000000686a00000) (1024K)]
  0x000001a28d853ef0 JavaThread "SCR Component Actor"        daemon [_thread_blocked, id=22516, stack(0x0000000686a00000,0x0000000686b00000) (1024K)]
  0x000001a28dd7dcc0 JavaThread "Worker-JM"                         [_thread_blocked, id=21480, stack(0x0000000686b00000,0x0000000686c00000) (1024K)]
  0x000001a28df15f70 JavaThread "JNA Cleaner"                daemon [_thread_blocked, id=16540, stack(0x0000000686e00000,0x0000000686f00000) (1024K)]
  0x000001a28df16a80 JavaThread "Worker-0: Shutdown..."             [_thread_blocked, id=9328, stack(0x0000000686f00000,0x0000000687000000) (1024K)]
  0x000001a28df67260 JavaThread "Worker-1"                          [_thread_blocked, id=20576, stack(0x0000000687000000,0x0000000687100000) (1024K)]
  0x000001a28df68610 JavaThread "Thread-1"                   daemon [_thread_in_native, id=8428, stack(0x0000000687600000,0x0000000687700000) (1024K)]
  0x000001a28df65190 JavaThread "Thread-2"                   daemon [_thread_in_native, id=20276, stack(0x0000000687700000,0x0000000687800000) (1024K)]
  0x000001a28df678f0 JavaThread "Thread-3"                   daemon [_thread_in_native, id=20000, stack(0x0000000687800000,0x0000000687900000) (1024K)]
  0x000001a28df65eb0 JavaThread "Thread-4"                   daemon [_thread_in_native, id=15416, stack(0x0000000687900000,0x0000000687a00000) (1024K)]
  0x000001a28df65820 JavaThread "Thread-5"                   daemon [_thread_in_native, id=12316, stack(0x0000000687a00000,0x0000000687b00000) (1024K)]
  0x000001a28df66540 JavaThread "Thread-6"                   daemon [_thread_in_native, id=16676, stack(0x0000000687b00000,0x0000000687c00000) (1024K)]
  0x000001a28df66bd0 JavaThread "Thread-7"                   daemon [_thread_in_native, id=3932, stack(0x0000000687c00000,0x0000000687d00000) (1024K)]
  0x000001a28df67f80 JavaThread "Thread-8"                   daemon [_thread_in_native, id=18548, stack(0x0000000687d00000,0x0000000687e00000) (1024K)]
  0x000001a28ebb2bb0 JavaThread "Thread-9"                   daemon [_thread_in_native, id=5496, stack(0x0000000687e00000,0x0000000687f00000) (1024K)]
  0x000001a28ebb1800 JavaThread "Thread-10"                  daemon [_thread_in_native, id=1320, stack(0x0000000687f00000,0x0000000688000000) (1024K)]
  0x000001a28ebb45f0 JavaThread "Thread-11"                  daemon [_thread_in_native, id=21876, stack(0x0000000688000000,0x0000000688100000) (1024K)]
  0x000001a28ebb1e90 JavaThread "Thread-12"                  daemon [_thread_in_native, id=20904, stack(0x0000000688100000,0x0000000688200000) (1024K)]
  0x000001a28ebb3240 JavaThread "Thread-13"                  daemon [_thread_in_native, id=16180, stack(0x0000000688200000,0x0000000688300000) (1024K)]
  0x000001a28ebb4c80 JavaThread "Thread-14"                  daemon [_thread_in_native, id=19760, stack(0x0000000688300000,0x0000000688400000) (1024K)]
  0x000001a28ebb5310 JavaThread "Thread-15"                  daemon [_thread_in_native, id=6196, stack(0x0000000688400000,0x0000000688500000) (1024K)]
  0x000001a28ebb59a0 JavaThread "Thread-16"                  daemon [_thread_in_native, id=10408, stack(0x0000000688500000,0x0000000688600000) (1024K)]
  0x000001a28ebb38d0 JavaThread "Thread-17"                  daemon [_thread_in_native, id=11124, stack(0x0000000688600000,0x0000000688700000) (1024K)]
  0x000001a28ebb2520 JavaThread "pool-2-thread-1"                   [_thread_blocked, id=5664, stack(0x0000000688700000,0x0000000688800000) (1024K)]
  0x000001a28ebb6030 JavaThread "Worker-2"                          [_thread_blocked, id=17304, stack(0x0000000688800000,0x0000000688900000) (1024K)]
  0x000001a28ebb66c0 JavaThread "WorkspaceEventsHandler"            [_thread_blocked, id=13168, stack(0x0000000688900000,0x0000000688a00000) (1024K)]
  0x000001a28ebb6d50 JavaThread "pool-1-thread-1"                   [_thread_blocked, id=6576, stack(0x0000000688a00000,0x0000000688b00000) (1024K)]
=>0x000001a28d161a20 JavaThread "C2 CompilerThread1"         daemon [_thread_in_native, id=19884, stack(0x0000000685900000,0x0000000685a00000) (1024K)]
  0x000001a2873a4320 JavaThread "C1 CompilerThread2"         daemon [_thread_blocked, id=11460, stack(0x0000000685a00000,0x0000000685b00000) (1024K)]
  0x000001a29afae8b0 JavaThread "C2 CompilerThread2"         daemon [_thread_blocked, id=13016, stack(0x0000000685c00000,0x0000000685d00000) (1024K)]
  0x000001a29f8d1030 JavaThread "C2 CompilerThread3"         daemon [_thread_blocked, id=21816, stack(0x0000000685e00000,0x0000000685f00000) (1024K)]
  0x000001a29a604780 JavaThread "C2 CompilerThread4"         daemon [_thread_in_native, id=22380, stack(0x0000000686500000,0x0000000686600000) (1024K)]
  0x000001a29e3a8820 JavaThread "C2 CompilerThread5"         daemon [_thread_blocked, id=17024, stack(0x0000000688b00000,0x0000000688c00000) (1024K)]
  0x000001a28f67ccd0 JavaThread "C2 CompilerThread6"         daemon [_thread_blocked, id=7944, stack(0x0000000688c00000,0x0000000688d00000) (1024K)]
  0x000001a29a7af8c0 JavaThread "C1 CompilerThread3"         daemon [_thread_blocked, id=2948, stack(0x0000000688d00000,0x0000000688e00000) (1024K)]
  0x000001a28ebb3f60 JavaThread "ForkJoinPool.commonPool-worker-1" daemon [_thread_blocked, id=15856, stack(0x0000000688e00000,0x0000000688f00000) (1024K)]
  0x000001a28ebb7a70 JavaThread "pool-3-thread-1"                   [_thread_blocked, id=20736, stack(0x0000000688f00000,0x0000000689000000) (1024K)]
Total: 51

Other Threads:
  0x000001a244db14a0 VMThread "VM Thread"                           [id=4364, stack(0x0000000684f00000,0x0000000685000000) (1024K)]
  0x000001a244caca00 WatcherThread "VM Periodic Task Thread"        [id=7760, stack(0x0000000684e00000,0x0000000684f00000) (1024K)]
  0x000001a22c42a460 WorkerThread "GC Thread#0"                     [id=8640, stack(0x0000000684d00000,0x0000000684e00000) (1024K)]
  0x000001a28d05c970 WorkerThread "GC Thread#1"                     [id=22088, stack(0x0000000685f00000,0x0000000686000000) (1024K)]
  0x000001a28d5eade0 WorkerThread "GC Thread#2"                     [id=10476, stack(0x0000000686000000,0x0000000686100000) (1024K)]
  0x000001a28d9238a0 WorkerThread "GC Thread#3"                     [id=22068, stack(0x0000000686100000,0x0000000686200000) (1024K)]
  0x000001a28d923c50 WorkerThread "GC Thread#4"                     [id=6452, stack(0x0000000686200000,0x0000000686300000) (1024K)]
  0x000001a28d9aa170 WorkerThread "GC Thread#5"                     [id=16220, stack(0x0000000686300000,0x0000000686400000) (1024K)]
  0x000001a28d9ab140 WorkerThread "GC Thread#6"                     [id=7660, stack(0x0000000686400000,0x0000000686500000) (1024K)]
  0x000001a28da2ac30 WorkerThread "GC Thread#7"                     [id=13304, stack(0x0000000686700000,0x0000000686800000) (1024K)]
  0x000001a28d8b4d00 WorkerThread "GC Thread#8"                     [id=19664, stack(0x0000000686c00000,0x0000000686d00000) (1024K)]
  0x000001a28d8b4950 WorkerThread "GC Thread#9"                     [id=21372, stack(0x0000000686d00000,0x0000000686e00000) (1024K)]
  0x000001a28d8b36e0 WorkerThread "GC Thread#10"                    [id=7580, stack(0x0000000687100000,0x0000000687200000) (1024K)]
  0x000001a28d8b50b0 WorkerThread "GC Thread#11"                    [id=22076, stack(0x0000000687200000,0x0000000687300000) (1024K)]
  0x000001a28d8b3a90 WorkerThread "GC Thread#12"                    [id=10824, stack(0x0000000687300000,0x0000000687400000) (1024K)]
Total: 15

Threads with active compile tasks:
C2 CompilerThread1  13786 8042       4       org.eclipse.jdt.internal.compiler.lookup.LookupEnvironment::getResolvedType (80 bytes)
C2 CompilerThread4  13786 7582       4       org.eclipse.jdt.internal.compiler.lookup.LookupEnvironment::getTypeFromTypeSignature (770 bytes)
Total: 2

VM state: not at safepoint (normal execution)

VM Mutex/Monitor currently owned by a thread: None

Heap address: 0x0000000080000000, size: 2048 MB, Compressed Oops mode: 32-bit

CDS archive(s) mapped at: [0x000001a245000000-0x000001a245ba0000-0x000001a245ba0000), size 12189696, SharedBaseAddress: 0x000001a245000000, ArchiveRelocationMode: 1.
Compressed class space mapped at: 0x000001a246000000-0x000001a286000000, reserved size: 1073741824
Narrow klass base: 0x000001a245000000, Narrow klass shift: 0, Narrow klass range: 0x100000000

GC Precious Log:
 CardTable entry size: 512
 CPUs: 16 total, 16 available
 Memory: 15770M
 Large Page Support: Disabled
 NUMA Support: Disabled
 Compressed Oops: Enabled (32-bit)
 Alignments: Space 512K, Generation 512K, Heap 2M
 Heap Min Capacity: 100M
 Heap Initial Capacity: 100M
 Heap Max Capacity: 2G
 Pre-touch: Disabled
 Parallel Workers: 13

Heap:
 PSYoungGen      total 21504K, used 8160K [0x00000000d5580000, 0x00000000d6c00000, 0x0000000100000000)
  eden space 19968K, 33% used [0x00000000d5580000,0x00000000d5c10230,0x00000000d6900000)
  from space 1536K, 93% used [0x00000000d6980000,0x00000000d6ae8040,0x00000000d6b00000)
  to   space 1024K, 0% used [0x00000000d6b00000,0x00000000d6b00000,0x00000000d6c00000)
 ParOldGen       total 68608K, used 42608K [0x0000000080000000, 0x0000000084300000, 0x00000000d5580000)
  object space 68608K, 62% used [0x0000000080000000,0x000000008299c098,0x0000000084300000)
 Metaspace       used 43697K, committed 44672K, reserved 1114112K
  class space    used 4220K, committed 4672K, reserved 1048576K

Card table byte_map: [0x000001a2400e0000,0x000001a2404f0000] _byte_map_base: 0x000001a23fce0000

Marking Bits: (ParMarkBitMap*) 0x00007fffc5373450
 Begin Bits: [0x000001a2407a0000, 0x000001a2427a0000)
 End Bits:   [0x000001a2427a0000, 0x000001a2447a0000)

Polling page: 0x000001a230ed0000

Metaspace:

Usage:
  Non-class:     38.55 MB used.
      Class:      4.12 MB used.
       Both:     42.67 MB used.

Virtual space:
  Non-class space:       64.00 MB reserved,      39.06 MB ( 61%) committed,  1 nodes.
      Class space:        1.00 GB reserved,       4.56 MB ( <1%) committed,  1 nodes.
             Both:        1.06 GB reserved,      43.62 MB (  4%) committed. 

Chunk freelists:
   Non-Class:  8.10 MB
       Class:  11.45 MB
        Both:  19.55 MB

MaxMetaspaceSize: unlimited
CompressedClassSpaceSize: 1.00 GB
Initial GC threshold: 21.00 MB
Current GC threshold: 58.38 MB
CDS: on
 - commit_granule_bytes: 65536.
 - commit_granule_words: 8192.
 - virtual_space_node_default_size: 8388608.
 - enlarge_chunks_in_place: 1.
 - use_allocation_guard: 0.


Internal statistics:

num_allocs_failed_limit: 6.
num_arena_births: 888.
num_arena_deaths: 14.
num_vsnodes_births: 2.
num_vsnodes_deaths: 0.
num_space_committed: 698.
num_space_uncommitted: 0.
num_chunks_returned_to_freelist: 20.
num_chunks_taken_from_freelist: 2760.
num_chunk_merges: 12.
num_chunk_splits: 1757.
num_chunks_enlarged: 1094.
num_inconsistent_stats: 0.

CodeHeap 'non-profiled nmethods': size=119168Kb used=6182Kb max_used=6182Kb free=112985Kb
 bounds [0x000001a238a90000, 0x000001a2390a0000, 0x000001a23fef0000]
CodeHeap 'profiled nmethods': size=119104Kb used=18780Kb max_used=18780Kb free=100323Kb
 bounds [0x000001a230ef0000, 0x000001a232150000, 0x000001a238340000]
CodeHeap 'non-nmethods': size=7488Kb used=3091Kb max_used=3193Kb free=4397Kb
 bounds [0x000001a238340000, 0x000001a238670000, 0x000001a238a90000]
CodeCache: size=245760Kb, used=28053Kb, max_used=28155Kb, free=217705Kb
 total_blobs=8427, nmethods=7720, adapters=609, full_count=0
Compilation: enabled, stopped_count=0, restarted_count=0

Compilation events (20 events):
Event: 12.572 Thread 0x000001a2873a4320 nmethod 8115 0x000001a232136490 code [0x000001a232136680, 0x000001a232136ce8]
Event: 12.572 Thread 0x000001a22c4cd240 nmethod 8116 0x000001a232136f90 code [0x000001a232137160, 0x000001a232137398]
Event: 12.572 Thread 0x000001a2873a4320 8104       3       org.eclipse.jdt.internal.compiler.codegen.ConstantPool::literalIndexForMethod (239 bytes)
Event: 12.572 Thread 0x000001a22c4cd240 8105       3       org.eclipse.jdt.internal.compiler.codegen.ConstantPool::putInCacheIfAbsent (213 bytes)
Event: 12.573 Thread 0x000001a2873af270 nmethod 8118 0x000001a232137510 code [0x000001a232137720, 0x000001a232137cc0]
Event: 12.573 Thread 0x000001a29a7af8c0 nmethod 8103 0x000001a232137f10 code [0x000001a232138160, 0x000001a232138878]
Event: 12.575 Thread 0x000001a22c4cd240 nmethod 8105 0x000001a232138c10 code [0x000001a232138ee0, 0x000001a232139d68]
Event: 12.575 Thread 0x000001a2873a4320 nmethod 8104 0x000001a23213a310 code [0x000001a23213a5c0, 0x000001a23213b2b8]
Event: 12.576 Thread 0x000001a22c4cd240 8120       3       java.util.Calendar::setFieldsComputed (118 bytes)
Event: 12.577 Thread 0x000001a22c4cd240 nmethod 8120 0x000001a23213b910 code [0x000001a23213bb00, 0x000001a23213bf48]
Event: 12.580 Thread 0x000001a29f8d1030 nmethod 8119% 0x000001a239060390 code [0x000001a239060560, 0x000001a239060b98]
Event: 12.583 Thread 0x000001a22c4c8190 nmethod 8023 0x000001a239060f90 code [0x000001a239065180, 0x000001a23906b388]
Event: 12.626 Thread 0x000001a2873a4320 8121       3       java.lang.invoke.MethodHandles::argumentsWithCombiner (130 bytes)
Event: 12.627 Thread 0x000001a2873a4320 nmethod 8121 0x000001a23213c210 code [0x000001a23213c4c0, 0x000001a23213d2e8]
Event: 12.627 Thread 0x000001a22c4cd240 8122       3       java.lang.invoke.MethodHandles::insertArguments (98 bytes)
Event: 12.628 Thread 0x000001a22c4cd240 nmethod 8122 0x000001a23213d990 code [0x000001a23213dc20, 0x000001a23213e708]
Event: 12.636 Thread 0x000001a29f8d1030 8123       4       java.util.HashMap::remove (26 bytes)
Event: 12.645 Thread 0x000001a29f8d1030 nmethod 8123 0x000001a239072d10 code [0x000001a239072f00, 0x000001a239073530]
Event: 12.797 Thread 0x000001a22c4cd240 8124       3       java.util.IdentityHashMap::<init> (11 bytes)
Event: 12.797 Thread 0x000001a29a7af8c0 8125       1       org.eclipse.core.runtime.Status::getMessage (5 bytes)

GC Heap History (20 events):
Event: 8.808 GC heap before
{Heap before GC invocations=24 (full 2):
 PSYoungGen      total 22016K, used 22006K [0x00000000d5580000, 0x00000000d6d00000, 0x0000000100000000)
  eden space 20992K, 100% used [0x00000000d5580000,0x00000000d6a00000,0x00000000d6a00000)
  from space 1024K, 99% used [0x00000000d6a00000,0x00000000d6afda28,0x00000000d6b00000)
  to   space 1536K, 0% used [0x00000000d6b80000,0x00000000d6b80000,0x00000000d6d00000)
 ParOldGen       total 68608K, used 30731K [0x0000000080000000, 0x0000000084300000, 0x00000000d5580000)
  object space 68608K, 44% used [0x0000000080000000,0x0000000081e02df8,0x0000000084300000)
 Metaspace       used 39111K, committed 40128K, reserved 1114112K
  class space    used 3915K, committed 4352K, reserved 1048576K
}
Event: 8.810 GC heap after
{Heap after GC invocations=24 (full 2):
 PSYoungGen      total 22016K, used 891K [0x00000000d5580000, 0x00000000d6c80000, 0x0000000100000000)
  eden space 20992K, 0% used [0x00000000d5580000,0x00000000d5580000,0x00000000d6a00000)
  from space 1024K, 87% used [0x00000000d6b80000,0x00000000d6c5ee80,0x00000000d6c80000)
  to   space 1024K, 0% used [0x00000000d6a00000,0x00000000d6a00000,0x00000000d6b00000)
 ParOldGen       total 68608K, used 30859K [0x0000000080000000, 0x0000000084300000, 0x00000000d5580000)
  object space 68608K, 44% used [0x0000000080000000,0x0000000081e22df8,0x0000000084300000)
 Metaspace       used 39111K, committed 40128K, reserved 1114112K
  class space    used 3915K, committed 4352K, reserved 1048576K
}
Event: 9.152 GC heap before
{Heap before GC invocations=25 (full 2):
 PSYoungGen      total 22016K, used 21883K [0x00000000d5580000, 0x00000000d6c80000, 0x0000000100000000)
  eden space 20992K, 100% used [0x00000000d5580000,0x00000000d6a00000,0x00000000d6a00000)
  from space 1024K, 87% used [0x00000000d6b80000,0x00000000d6c5ee80,0x00000000d6c80000)
  to   space 1024K, 0% used [0x00000000d6a00000,0x00000000d6a00000,0x00000000d6b00000)
 ParOldGen       total 68608K, used 30859K [0x0000000080000000, 0x0000000084300000, 0x00000000d5580000)
  object space 68608K, 44% used [0x0000000080000000,0x0000000081e22df8,0x0000000084300000)
 Metaspace       used 39479K, committed 40512K, reserved 1114112K
  class space    used 3933K, committed 4416K, reserved 1048576K
}
Event: 9.154 GC heap after
{Heap after GC invocations=25 (full 2):
 PSYoungGen      total 22016K, used 720K [0x00000000d5580000, 0x00000000d6c00000, 0x0000000100000000)
  eden space 20992K, 0% used [0x00000000d5580000,0x00000000d5580000,0x00000000d6a00000)
  from space 1024K, 70% used [0x00000000d6a00000,0x00000000d6ab4010,0x00000000d6b00000)
  to   space 1024K, 0% used [0x00000000d6b00000,0x00000000d6b00000,0x00000000d6c00000)
 ParOldGen       total 68608K, used 31269K [0x0000000080000000, 0x0000000084300000, 0x00000000d5580000)
  object space 68608K, 45% used [0x0000000080000000,0x0000000081e894a8,0x0000000084300000)
 Metaspace       used 39479K, committed 40512K, reserved 1114112K
  class space    used 3933K, committed 4416K, reserved 1048576K
}
Event: 10.561 GC heap before
{Heap before GC invocations=26 (full 2):
 PSYoungGen      total 22016K, used 21712K [0x00000000d5580000, 0x00000000d6c00000, 0x0000000100000000)
  eden space 20992K, 100% used [0x00000000d5580000,0x00000000d6a00000,0x00000000d6a00000)
  from space 1024K, 70% used [0x00000000d6a00000,0x00000000d6ab4010,0x00000000d6b00000)
  to   space 1024K, 0% used [0x00000000d6b00000,0x00000000d6b00000,0x00000000d6c00000)
 ParOldGen       total 68608K, used 31269K [0x0000000080000000, 0x0000000084300000, 0x00000000d5580000)
  object space 68608K, 45% used [0x0000000080000000,0x0000000081e894a8,0x0000000084300000)
 Metaspace       used 40838K, committed 41856K, reserved 1114112K
  class space    used 4068K, committed 4544K, reserved 1048576K
}
Event: 10.563 GC heap after
{Heap after GC invocations=26 (full 2):
 PSYoungGen      total 20992K, used 1008K [0x00000000d5580000, 0x00000000d6e00000, 0x0000000100000000)
  eden space 19968K, 0% used [0x00000000d5580000,0x00000000d5580000,0x00000000d6900000)
  from space 1024K, 98% used [0x00000000d6b00000,0x00000000d6bfc3f8,0x00000000d6c00000)
  to   space 2048K, 0% used [0x00000000d6900000,0x00000000d6900000,0x00000000d6b00000)
 ParOldGen       total 68608K, used 31740K [0x0000000080000000, 0x0000000084300000, 0x00000000d5580000)
  object space 68608K, 46% used [0x0000000080000000,0x0000000081eff0a0,0x0000000084300000)
 Metaspace       used 40838K, committed 41856K, reserved 1114112K
  class space    used 4068K, committed 4544K, reserved 1048576K
}
Event: 10.827 GC heap before
{Heap before GC invocations=27 (full 2):
 PSYoungGen      total 20992K, used 20976K [0x00000000d5580000, 0x00000000d6e00000, 0x0000000100000000)
  eden space 19968K, 100% used [0x00000000d5580000,0x00000000d6900000,0x00000000d6900000)
  from space 1024K, 98% used [0x00000000d6b00000,0x00000000d6bfc3f8,0x00000000d6c00000)
  to   space 2048K, 0% used [0x00000000d6900000,0x00000000d6900000,0x00000000d6b00000)
 ParOldGen       total 68608K, used 31740K [0x0000000080000000, 0x0000000084300000, 0x00000000d5580000)
  object space 68608K, 46% used [0x0000000080000000,0x0000000081eff0a0,0x0000000084300000)
 Metaspace       used 41918K, committed 42944K, reserved 1114112K
  class space    used 4147K, committed 4608K, reserved 1048576K
}
Event: 10.829 GC heap after
{Heap after GC invocations=27 (full 2):
 PSYoungGen      total 22016K, used 1560K [0x00000000d5580000, 0x00000000d6d00000, 0x0000000100000000)
  eden space 19968K, 0% used [0x00000000d5580000,0x00000000d5580000,0x00000000d6900000)
  from space 2048K, 76% used [0x00000000d6900000,0x00000000d6a86048,0x00000000d6b00000)
  to   space 2048K, 0% used [0x00000000d6b00000,0x00000000d6b00000,0x00000000d6d00000)
 ParOldGen       total 68608K, used 32725K [0x0000000080000000, 0x0000000084300000, 0x00000000d5580000)
  object space 68608K, 47% used [0x0000000080000000,0x0000000081ff5408,0x0000000084300000)
 Metaspace       used 41918K, committed 42944K, reserved 1114112K
  class space    used 4147K, committed 4608K, reserved 1048576K
}
Event: 11.033 GC heap before
{Heap before GC invocations=28 (full 2):
 PSYoungGen      total 22016K, used 21528K [0x00000000d5580000, 0x00000000d6d00000, 0x0000000100000000)
  eden space 19968K, 100% used [0x00000000d5580000,0x00000000d6900000,0x00000000d6900000)
  from space 2048K, 76% used [0x00000000d6900000,0x00000000d6a86048,0x00000000d6b00000)
  to   space 2048K, 0% used [0x00000000d6b00000,0x00000000d6b00000,0x00000000d6d00000)
 ParOldGen       total 68608K, used 32725K [0x0000000080000000, 0x0000000084300000, 0x00000000d5580000)
  object space 68608K, 47% used [0x0000000080000000,0x0000000081ff5408,0x0000000084300000)
 Metaspace       used 42228K, committed 43264K, reserved 1114112K
  class space    used 4153K, committed 4608K, reserved 1048576K
}
Event: 11.036 GC heap after
{Heap after GC invocations=28 (full 2):
 PSYoungGen      total 21504K, used 1296K [0x00000000d5580000, 0x00000000d6c80000, 0x0000000100000000)
  eden space 19968K, 0% used [0x00000000d5580000,0x00000000d5580000,0x00000000d6900000)
  from space 1536K, 84% used [0x00000000d6b00000,0x00000000d6c44030,0x00000000d6c80000)
  to   space 1536K, 0% used [0x00000000d6980000,0x00000000d6980000,0x00000000d6b00000)
 ParOldGen       total 68608K, used 34129K [0x0000000080000000, 0x0000000084300000, 0x00000000d5580000)
  object space 68608K, 49% used [0x0000000080000000,0x00000000821544f8,0x0000000084300000)
 Metaspace       used 42228K, committed 43264K, reserved 1114112K
  class space    used 4153K, committed 4608K, reserved 1048576K
}
Event: 11.242 GC heap before
{Heap before GC invocations=29 (full 2):
 PSYoungGen      total 21504K, used 21264K [0x00000000d5580000, 0x00000000d6c80000, 0x0000000100000000)
  eden space 19968K, 100% used [0x00000000d5580000,0x00000000d6900000,0x00000000d6900000)
  from space 1536K, 84% used [0x00000000d6b00000,0x00000000d6c44030,0x00000000d6c80000)
  to   space 1536K, 0% used [0x00000000d6980000,0x00000000d6980000,0x00000000d6b00000)
 ParOldGen       total 68608K, used 34129K [0x0000000080000000, 0x0000000084300000, 0x00000000d5580000)
  object space 68608K, 49% used [0x0000000080000000,0x00000000821544f8,0x0000000084300000)
 Metaspace       used 42409K, committed 43456K, reserved 1114112K
  class space    used 4153K, committed 4608K, reserved 1048576K
}
Event: 11.246 GC heap after
{Heap after GC invocations=29 (full 2):
 PSYoungGen      total 21504K, used 1504K [0x00000000d5580000, 0x00000000d7100000, 0x0000000100000000)
  eden space 19968K, 0% used [0x00000000d5580000,0x00000000d5580000,0x00000000d6900000)
  from space 1536K, 97% used [0x00000000d6980000,0x00000000d6af8020,0x00000000d6b00000)
  to   space 4096K, 0% used [0x00000000d6d00000,0x00000000d6d00000,0x00000000d7100000)
 ParOldGen       total 68608K, used 35933K [0x0000000080000000, 0x0000000084300000, 0x00000000d5580000)
  object space 68608K, 52% used [0x0000000080000000,0x0000000082317708,0x0000000084300000)
 Metaspace       used 42409K, committed 43456K, reserved 1114112K
  class space    used 4153K, committed 4608K, reserved 1048576K
}
Event: 11.564 GC heap before
{Heap before GC invocations=30 (full 2):
 PSYoungGen      total 21504K, used 21472K [0x00000000d5580000, 0x00000000d7100000, 0x0000000100000000)
  eden space 19968K, 100% used [0x00000000d5580000,0x00000000d6900000,0x00000000d6900000)
  from space 1536K, 97% used [0x00000000d6980000,0x00000000d6af8020,0x00000000d6b00000)
  to   space 4096K, 0% used [0x00000000d6d00000,0x00000000d6d00000,0x00000000d7100000)
 ParOldGen       total 68608K, used 35933K [0x0000000080000000, 0x0000000084300000, 0x00000000d5580000)
  object space 68608K, 52% used [0x0000000080000000,0x0000000082317708,0x0000000084300000)
 Metaspace       used 42982K, committed 44032K, reserved 1114112K
  class space    used 4188K, committed 4672K, reserved 1048576K
}
Event: 11.568 GC heap after
{Heap after GC invocations=30 (full 2):
 PSYoungGen      total 23552K, used 3204K [0x00000000d5580000, 0x00000000d7080000, 0x0000000100000000)
  eden space 19968K, 0% used [0x00000000d5580000,0x00000000d5580000,0x00000000d6900000)
  from space 3584K, 89% used [0x00000000d6d00000,0x00000000d7021368,0x00000000d7080000)
  to   space 3584K, 0% used [0x00000000d6980000,0x00000000d6980000,0x00000000d6d00000)
 ParOldGen       total 68608K, used 37444K [0x0000000080000000, 0x0000000084300000, 0x00000000d5580000)
  object space 68608K, 54% used [0x0000000080000000,0x0000000082491100,0x0000000084300000)
 Metaspace       used 42982K, committed 44032K, reserved 1114112K
  class space    used 4188K, committed 4672K, reserved 1048576K
}
Event: 11.912 GC heap before
{Heap before GC invocations=31 (full 2):
 PSYoungGen      total 23552K, used 23172K [0x00000000d5580000, 0x00000000d7080000, 0x0000000100000000)
  eden space 19968K, 100% used [0x00000000d5580000,0x00000000d6900000,0x00000000d6900000)
  from space 3584K, 89% used [0x00000000d6d00000,0x00000000d7021368,0x00000000d7080000)
  to   space 3584K, 0% used [0x00000000d6980000,0x00000000d6980000,0x00000000d6d00000)
 ParOldGen       total 68608K, used 37444K [0x0000000080000000, 0x0000000084300000, 0x00000000d5580000)
  object space 68608K, 54% used [0x0000000080000000,0x0000000082491100,0x0000000084300000)
 Metaspace       used 43312K, committed 44352K, reserved 1114112K
  class space    used 4196K, committed 4672K, reserved 1048576K
}
Event: 11.915 GC heap after
{Heap after GC invocations=31 (full 2):
 PSYoungGen      total 22016K, used 2025K [0x00000000d5580000, 0x00000000d6e00000, 0x0000000100000000)
  eden space 19968K, 0% used [0x00000000d5580000,0x00000000d5580000,0x00000000d6900000)
  from space 2048K, 98% used [0x00000000d6980000,0x00000000d6b7a550,0x00000000d6b80000)
  to   space 2560K, 0% used [0x00000000d6b80000,0x00000000d6b80000,0x00000000d6e00000)
 ParOldGen       total 68608K, used 40482K [0x0000000080000000, 0x0000000084300000, 0x00000000d5580000)
  object space 68608K, 59% used [0x0000000080000000,0x0000000082788838,0x0000000084300000)
 Metaspace       used 43312K, committed 44352K, reserved 1114112K
  class space    used 4196K, committed 4672K, reserved 1048576K
}
Event: 12.194 GC heap before
{Heap before GC invocations=32 (full 2):
 PSYoungGen      total 22016K, used 21993K [0x00000000d5580000, 0x00000000d6e00000, 0x0000000100000000)
  eden space 19968K, 100% used [0x00000000d5580000,0x00000000d6900000,0x00000000d6900000)
  from space 2048K, 98% used [0x00000000d6980000,0x00000000d6b7a550,0x00000000d6b80000)
  to   space 2560K, 0% used [0x00000000d6b80000,0x00000000d6b80000,0x00000000d6e00000)
 ParOldGen       total 68608K, used 40482K [0x0000000080000000, 0x0000000084300000, 0x00000000d5580000)
  object space 68608K, 59% used [0x0000000080000000,0x0000000082788838,0x0000000084300000)
 Metaspace       used 43473K, committed 44416K, reserved 1114112K
  class space    used 4197K, committed 4672K, reserved 1048576K
}
Event: 12.197 GC heap after
{Heap after GC invocations=32 (full 2):
 PSYoungGen      total 20992K, used 976K [0x00000000d5580000, 0x00000000d6c80000, 0x0000000100000000)
  eden space 19968K, 0% used [0x00000000d5580000,0x00000000d5580000,0x00000000d6900000)
  from space 1024K, 95% used [0x00000000d6b80000,0x00000000d6c74010,0x00000000d6c80000)
  to   space 1536K, 0% used [0x00000000d6980000,0x00000000d6980000,0x00000000d6b00000)
 ParOldGen       total 68608K, used 41897K [0x0000000080000000, 0x0000000084300000, 0x00000000d5580000)
  object space 68608K, 61% used [0x0000000080000000,0x00000000828ea598,0x0000000084300000)
 Metaspace       used 43473K, committed 44416K, reserved 1114112K
  class space    used 4197K, committed 4672K, reserved 1048576K
}
Event: 12.464 GC heap before
{Heap before GC invocations=33 (full 2):
 PSYoungGen      total 20992K, used 20944K [0x00000000d5580000, 0x00000000d6c80000, 0x0000000100000000)
  eden space 19968K, 100% used [0x00000000d5580000,0x00000000d6900000,0x00000000d6900000)
  from space 1024K, 95% used [0x00000000d6b80000,0x00000000d6c74010,0x00000000d6c80000)
  to   space 1536K, 0% used [0x00000000d6980000,0x00000000d6980000,0x00000000d6b00000)
 ParOldGen       total 68608K, used 41897K [0x0000000080000000, 0x0000000084300000, 0x00000000d5580000)
  object space 68608K, 61% used [0x0000000080000000,0x00000000828ea598,0x0000000084300000)
 Metaspace       used 43562K, committed 44608K, reserved 1114112K
  class space    used 4200K, committed 4672K, reserved 1048576K
}
Event: 12.466 GC heap after
{Heap after GC invocations=33 (full 2):
 PSYoungGen      total 21504K, used 1440K [0x00000000d5580000, 0x00000000d6c00000, 0x0000000100000000)
  eden space 19968K, 0% used [0x00000000d5580000,0x00000000d5580000,0x00000000d6900000)
  from space 1536K, 93% used [0x00000000d6980000,0x00000000d6ae8040,0x00000000d6b00000)
  to   space 1024K, 0% used [0x00000000d6b00000,0x00000000d6b00000,0x00000000d6c00000)
 ParOldGen       total 68608K, used 42608K [0x0000000080000000, 0x0000000084300000, 0x00000000d5580000)
  object space 68608K, 62% used [0x0000000080000000,0x000000008299c098,0x0000000084300000)
 Metaspace       used 43562K, committed 44608K, reserved 1114112K
  class space    used 4200K, committed 4672K, reserved 1048576K
}

Dll operation events (10 events):
Event: 0.010 Loaded shared library c:\Users\malin\.antigravity\extensions\redhat.java-1.54.0-win32-x64\jre\21.0.10-win32-x86_64\bin\java.dll
Event: 0.058 Loaded shared library c:\Users\malin\.antigravity\extensions\redhat.java-1.54.0-win32-x64\jre\21.0.10-win32-x86_64\bin\zip.dll
Event: 0.081 Loaded shared library C:\Users\malin\.antigravity\extensions\redhat.java-1.54.0-win32-x64\jre\21.0.10-win32-x86_64\bin\instrument.dll
Event: 0.088 Loaded shared library C:\Users\malin\.antigravity\extensions\redhat.java-1.54.0-win32-x64\jre\21.0.10-win32-x86_64\bin\net.dll
Event: 0.091 Loaded shared library C:\Users\malin\.antigravity\extensions\redhat.java-1.54.0-win32-x64\jre\21.0.10-win32-x86_64\bin\nio.dll
Event: 0.094 Loaded shared library C:\Users\malin\.antigravity\extensions\redhat.java-1.54.0-win32-x64\jre\21.0.10-win32-x86_64\bin\zip.dll
Event: 0.108 Loaded shared library C:\Users\malin\.antigravity\extensions\redhat.java-1.54.0-win32-x64\jre\21.0.10-win32-x86_64\bin\jimage.dll
Event: 0.185 Loaded shared library c:\Users\malin\.antigravity\extensions\redhat.java-1.54.0-win32-x64\jre\21.0.10-win32-x86_64\bin\verify.dll
Event: 1.207 Loaded shared library C:\Users\malin\AppData\Roaming\Antigravity\User\globalStorage\redhat.java\1.54.0\config_ss_win\org.eclipse.equinox.launcher\org.eclipse.equinox.launcher.win32.win32.x86_64_1.3.0.v20260203-2149\eclipse_11919.dll
Event: 1.897 Loaded shared library C:\Users\malin\AppData\Local\Temp\jna-103660669\jna11650476012958914571.dll

Deoptimization events (20 events):
Event: 11.839 Thread 0x000001a28df67260 Uncommon trap: trap_request=0xffffff45 fr.pc=0x000001a238debeac relative=0x00000000000015ac
Event: 11.839 Thread 0x000001a28df67260 Uncommon trap: reason=unstable_if action=reinterpret pc=0x000001a238debeac method=org.eclipse.jdt.internal.compiler.parser.Scanner.internalScanIdentifierOrKeyword(II[C)Lorg/eclipse/jdt/internal/compiler/parser/TerminalToken; @ 2960 c2
Event: 11.839 Thread 0x000001a28df67260 DEOPT PACKING pc=0x000001a238debeac sp=0x00000006870fd8e0
Event: 11.839 Thread 0x000001a28df67260 DEOPT UNPACKING pc=0x000001a238393aa2 sp=0x00000006870fd880 mode 2
Event: 11.851 Thread 0x000001a28df67260 Uncommon trap: trap_request=0xffffffd6 fr.pc=0x000001a238fcc8f8 relative=0x0000000000000518
Event: 11.851 Thread 0x000001a28df67260 Uncommon trap: reason=array_check action=maybe_recompile pc=0x000001a238fcc8f8 method=java.util.TimSort.binarySort([Ljava/lang/Object;IIILjava/util/Comparator;)V @ 193 c2
Event: 11.851 Thread 0x000001a28df67260 DEOPT PACKING pc=0x000001a238fcc8f8 sp=0x00000006870fe7c0
Event: 11.851 Thread 0x000001a28df67260 DEOPT UNPACKING pc=0x000001a238393aa2 sp=0x00000006870fe758 mode 2
Event: 12.321 Thread 0x000001a28df67260 DEOPT PACKING pc=0x000001a23187ff9e sp=0x00000006870fe260
Event: 12.321 Thread 0x000001a28df67260 DEOPT UNPACKING pc=0x000001a238394242 sp=0x00000006870fd7d8 mode 0
Event: 12.358 Thread 0x000001a28df67260 Uncommon trap: trap_request=0xffffffde fr.pc=0x000001a238ff7030 relative=0x0000000000000bb0
Event: 12.359 Thread 0x000001a28df67260 Uncommon trap: reason=class_check action=maybe_recompile pc=0x000001a238ff7030 method=org.eclipse.jdt.internal.compiler.parser.Parser.consumeRule(I)V @ 5947 c2
Event: 12.360 Thread 0x000001a28df67260 DEOPT PACKING pc=0x000001a238ff7030 sp=0x00000006870fe860
Event: 12.360 Thread 0x000001a28df67260 DEOPT UNPACKING pc=0x000001a238393aa2 sp=0x00000006870fe7d8 mode 2
Event: 12.360 Thread 0x000001a28df67260 Uncommon trap: trap_request=0xffffffde fr.pc=0x000001a238ff7030 relative=0x0000000000000bb0
Event: 12.360 Thread 0x000001a28df67260 Uncommon trap: reason=class_check action=maybe_recompile pc=0x000001a238ff7030 method=org.eclipse.jdt.internal.compiler.parser.Parser.consumeRule(I)V @ 5947 c2
Event: 12.360 Thread 0x000001a28df67260 DEOPT PACKING pc=0x000001a238ff7030 sp=0x00000006870fe860
Event: 12.360 Thread 0x000001a28df67260 DEOPT UNPACKING pc=0x000001a238393aa2 sp=0x00000006870fe7d8 mode 2
Event: 12.394 Thread 0x000001a28df67260 DEOPT PACKING pc=0x000001a231d04688 sp=0x00000006870fd300
Event: 12.395 Thread 0x000001a28df67260 DEOPT UNPACKING pc=0x000001a238394242 sp=0x00000006870fc768 mode 0

Classes loaded (20 events):
Event: 8.108 Loading class java/util/regex/Pattern$Pos
Event: 8.108 Loading class java/util/regex/Pattern$Pos done
Event: 8.478 Loading class java/util/Hashtable$ValueCollection
Event: 8.478 Loading class java/util/Hashtable$ValueCollection done
Event: 8.597 Loading class java/util/WeakHashMap$KeyIterator
Event: 8.597 Loading class java/util/WeakHashMap$KeyIterator done
Event: 8.621 Loading class java/util/stream/ReferencePipeline$4
Event: 8.621 Loading class java/util/stream/ReferencePipeline$4 done
Event: 8.622 Loading class java/util/stream/Nodes$IntFixedNodeBuilder
Event: 8.622 Loading class java/util/stream/Node$Builder$OfInt
Event: 8.622 Loading class java/util/stream/Node$Builder$OfInt done
Event: 8.622 Loading class java/util/stream/Nodes$IntArrayNode
Event: 8.622 Loading class java/util/stream/Nodes$IntArrayNode done
Event: 8.622 Loading class java/util/stream/Nodes$IntFixedNodeBuilder done
Event: 8.622 Loading class java/util/stream/ReferencePipeline$4$1
Event: 8.622 Loading class java/util/stream/ReferencePipeline$4$1 done
Event: 10.451 Loading class java/util/stream/ReduceOps$4
Event: 10.451 Loading class java/util/stream/ReduceOps$4 done
Event: 10.451 Loading class java/util/stream/ReduceOps$4ReducingSink
Event: 10.451 Loading class java/util/stream/ReduceOps$4ReducingSink done

Classes unloaded (7 events):
Event: 2.176 Thread 0x000001a244db14a0 Unloading class 0x000001a24618d400 'java/lang/invoke/LambdaForm$MH+0x000001a24618d400'
Event: 2.176 Thread 0x000001a244db14a0 Unloading class 0x000001a24618d000 'java/lang/invoke/LambdaForm$MH+0x000001a24618d000'
Event: 2.176 Thread 0x000001a244db14a0 Unloading class 0x000001a24618cc00 'java/lang/invoke/LambdaForm$MH+0x000001a24618cc00'
Event: 2.176 Thread 0x000001a244db14a0 Unloading class 0x000001a24618c800 'java/lang/invoke/LambdaForm$MH+0x000001a24618c800'
Event: 2.176 Thread 0x000001a244db14a0 Unloading class 0x000001a24618c400 'java/lang/invoke/LambdaForm$BMH+0x000001a24618c400'
Event: 2.176 Thread 0x000001a244db14a0 Unloading class 0x000001a24618c000 'java/lang/invoke/LambdaForm$DMH+0x000001a24618c000'
Event: 2.176 Thread 0x000001a244db14a0 Unloading class 0x000001a24618ac00 'java/lang/invoke/LambdaForm$DMH+0x000001a24618ac00'

Classes redefined (0 events):
No events

Internal exceptions (20 events):
Event: 6.232 Thread 0x000001a28ebb6d50 Exception <a 'java/lang/NoSuchMethodError'{0x00000000d6ac76c8}: 'java.lang.Object java.lang.invoke.Invokers$Holder.invoke_MT(java.lang.Object, java.lang.Object, java.lang.Object, java.lang.Object, java.lang.Object, java.lang.Object, java.lang.Object, java.lang.Object, java.lang.Object, java.lang.Object)'> (0x00000000d6ac76c8) 
thrown [s\src\hotspot\share\interpreter\linkResolver.cpp, line 773]
Event: 6.238 Thread 0x000001a28ebb6d50 Exception <a 'java/lang/NoSuchMethodError'{0x00000000d6b07c60}: 'int java.lang.invoke.DirectMethodHandle$Holder.invokeVirtual(java.lang.Object, java.lang.Object, java.lang.Object)'> (0x00000000d6b07c60) 
thrown [s\src\hotspot\share\interpreter\linkResolver.cpp, line 773]
Event: 6.239 Thread 0x000001a28ebb6d50 Exception <a 'java/lang/NoSuchMethodError'{0x00000000d6b0c008}: 'int java.lang.invoke.DirectMethodHandle$Holder.invokeStaticInit(java.lang.Object, int, int)'> (0x00000000d6b0c008) 
thrown [s\src\hotspot\share\interpreter\linkResolver.cpp, line 773]
Event: 6.240 Thread 0x000001a28ebb6d50 Exception <a 'java/lang/NoSuchMethodError'{0x00000000d6b137b0}: 'int java.lang.invoke.DirectMethodHandle$Holder.invokeStaticInit(java.lang.Object, long, long)'> (0x00000000d6b137b0) 
thrown [s\src\hotspot\share\interpreter\linkResolver.cpp, line 773]
Event: 6.242 Thread 0x000001a28ebb6d50 Exception <a 'java/lang/NoSuchMethodError'{0x00000000d6b1a970}: 'int java.lang.invoke.DirectMethodHandle$Holder.invokeStaticInit(java.lang.Object, float, float)'> (0x00000000d6b1a970) 
thrown [s\src\hotspot\share\interpreter\linkResolver.cpp, line 773]
Event: 6.243 Thread 0x000001a28ebb6d50 Exception <a 'java/lang/NoSuchMethodError'{0x00000000d6b216b0}: 'int java.lang.invoke.DirectMethodHandle$Holder.invokeStaticInit(java.lang.Object, double, double)'> (0x00000000d6b216b0) 
thrown [s\src\hotspot\share\interpreter\linkResolver.cpp, line 773]
Event: 6.244 Thread 0x000001a28ebb6d50 Exception <a 'java/lang/NoSuchMethodError'{0x00000000d6b26198}: 'int java.lang.invoke.DirectMethodHandle$Holder.invokeStatic(java.lang.Object, long)'> (0x00000000d6b26198) 
thrown [s\src\hotspot\share\interpreter\linkResolver.cpp, line 773]
Event: 6.250 Thread 0x000001a28ebb6d50 Exception <a 'java/lang/NoSuchMethodError'{0x00000000d6b452d0}: 'int java.lang.invoke.Invokers$Holder.linkToTargetMethod(java.lang.Object, java.lang.Object)'> (0x00000000d6b452d0) 
thrown [s\src\hotspot\share\interpreter\linkResolver.cpp, line 773]
Event: 7.284 Thread 0x000001a28ebb6d50 Exception <a 'java/lang/NoSuchMethodError'{0x00000000d6891ff8}: 'java.lang.Object java.lang.invoke.DirectMethodHandle$Holder.invokeVirtual(java.lang.Object, java.lang.Object, int)'> (0x00000000d6891ff8) 
thrown [s\src\hotspot\share\interpreter\linkResolver.cpp, line 773]
Event: 8.801 Thread 0x000001a28ebb6d50 Exception <a 'java/lang/NoSuchMethodError'{0x00000000d6989110}: 'java.lang.Object java.lang.invoke.DirectMethodHandle$Holder.invokeStatic(java.lang.Object, java.lang.Object, int, int)'> (0x00000000d6989110) 
thrown [s\src\hotspot\share\interpreter\linkResolver.cpp, line 773]
Event: 8.802 Thread 0x000001a28ebb6d50 Exception <a 'java/lang/NoSuchMethodError'{0x00000000d698d510}: 'java.lang.Object java.lang.invoke.DirectMethodHandle$Holder.invokeSpecial(java.lang.Object, java.lang.Object, java.lang.Object, int, int)'> (0x00000000d698d510) 
thrown [s\src\hotspot\share\interpreter\linkResolver.cpp, line 773]
Event: 9.739 Thread 0x000001a28ebb6030 Exception <a 'java/lang/NoSuchMethodError'{0x00000000d5de0878}: 'java.lang.Object java.lang.invoke.DirectMethodHandle$Holder.invokeSpecial(java.lang.Object, java.lang.Object, int, long)'> (0x00000000d5de0878) 
thrown [s\src\hotspot\share\interpreter\linkResolver.cpp, line 773]
Event: 10.455 Thread 0x000001a28df67260 Exception <a 'java/lang/NoSuchMethodError'{0x00000000d64c4a70}: 'int java.lang.invoke.DirectMethodHandle$Holder.invokeSpecialIFC(java.lang.Object, java.lang.Object, java.lang.Object)'> (0x00000000d64c4a70) 
thrown [s\src\hotspot\share\interpreter\linkResolver.cpp, line 773]
Event: 10.477 Thread 0x000001a28df67260 Implicit null exception at 0x000001a238e9fd4b to 0x000001a238e9fea8
Event: 10.625 Thread 0x000001a28df67260 Exception <a 'java/lang/NoSuchMethodError'{0x00000000d57e32e8}: 'int java.lang.invoke.DirectMethodHandle$Holder.invokeSpecial(java.lang.Object, java.lang.Object, java.lang.Object, java.lang.Object)'> (0x00000000d57e32e8) 
thrown [s\src\hotspot\share\interpreter\linkResolver.cpp, line 773]
Event: 10.679 Thread 0x000001a28df67260 Exception <a 'java/io/FileNotFoundException'{0x00000000d5a2d7d8}> (0x00000000d5a2d7d8) 
thrown [s\src\hotspot\share\prims\jni.cpp, line 520]
Event: 10.679 Thread 0x000001a28df67260 Exception <a 'java/io/FileNotFoundException'{0x00000000d5a2e810}> (0x00000000d5a2e810) 
thrown [s\src\hotspot\share\prims\jni.cpp, line 520]
Event: 10.679 Thread 0x000001a28df67260 Exception <a 'java/io/FileNotFoundException'{0x00000000d5a2f598}> (0x00000000d5a2f598) 
thrown [s\src\hotspot\share\prims\jni.cpp, line 520]
Event: 11.334 Thread 0x000001a28df67260 Exception <a 'java/lang/NoSuchMethodError'{0x00000000d5a7cf80}: 'void java.lang.invoke.DirectMethodHandle$Holder.invokeVirtual(java.lang.Object, java.lang.Object, java.lang.Object, java.lang.Object, java.lang.Object)'> (0x00000000d5a7cf80) 
thrown [s\src\hotspot\share\interpreter\linkResolver.cpp, line 773]
Event: 11.400 Thread 0x000001a28df67260 Exception <a 'java/lang/NoSuchMethodError'{0x00000000d5c01878}: 'java.lang.Object java.lang.invoke.DirectMethodHandle$Holder.invokeStatic(java.lang.Object, java.lang.Object, int, java.lang.Object, java.lang.Object)'> (0x00000000d5c01878) 
thrown [s\src\hotspot\share\interpreter\linkResolver.cpp, line 773]

ZGC Phase Switch (0 events):
No events

VM Operations (20 events):
Event: 11.036 Executing safepoint VM operation: ParallelGCFailedAllocation (Allocation Failure) done
Event: 11.242 Executing safepoint VM operation: ParallelGCFailedAllocation (Allocation Failure)
Event: 11.246 Executing safepoint VM operation: ParallelGCFailedAllocation (Allocation Failure) done
Event: 11.366 Executing non-safepoint VM operation: HandshakeAllThreads (Deoptimize)
Event: 11.366 Executing non-safepoint VM operation: HandshakeAllThreads (Deoptimize) done
Event: 11.422 Executing non-safepoint VM operation: HandshakeAllThreads (Deoptimize)
Event: 11.422 Executing non-safepoint VM operation: HandshakeAllThreads (Deoptimize) done
Event: 11.435 Executing safepoint VM operation: ICBufferFull
Event: 11.435 Executing safepoint VM operation: ICBufferFull done
Event: 11.564 Executing safepoint VM operation: ParallelGCFailedAllocation (Allocation Failure)
Event: 11.568 Executing safepoint VM operation: ParallelGCFailedAllocation (Allocation Failure) done
Event: 11.898 Executing safepoint VM operation: ICBufferFull
Event: 11.898 Executing safepoint VM operation: ICBufferFull done
Event: 11.912 Executing safepoint VM operation: ParallelGCFailedAllocation (Allocation Failure)
Event: 11.915 Executing safepoint VM operation: ParallelGCFailedAllocation (Allocation Failure) done
Event: 12.194 Executing safepoint VM operation: ParallelGCFailedAllocation (Allocation Failure)
Event: 12.197 Executing safepoint VM operation: ParallelGCFailedAllocation (Allocation Failure) done
Event: 12.463 Executing safepoint VM operation: ParallelGCFailedAllocation (Allocation Failure)
Event: 12.466 Executing safepoint VM operation: ParallelGCFailedAllocation (Allocation Failure) done
Event: 13.479 Executing safepoint VM operation: Cleanup

Memory protections (0 events):
No events

Nmethod flushes (20 events):
Event: 7.435 Thread 0x000001a244db14a0 flushing  nmethod 0x000001a2313c0310
Event: 7.435 Thread 0x000001a244db14a0 flushing  nmethod 0x000001a2313c1910
Event: 7.435 Thread 0x000001a244db14a0 flushing  nmethod 0x000001a2313c3190
Event: 7.435 Thread 0x000001a244db14a0 flushing  nmethod 0x000001a2313c3510
Event: 7.435 Thread 0x000001a244db14a0 flushing  nmethod 0x000001a2313c6310
Event: 7.435 Thread 0x000001a244db14a0 flushing  nmethod 0x000001a2313c8810
Event: 7.435 Thread 0x000001a244db14a0 flushing  nmethod 0x000001a2313e7610
Event: 7.435 Thread 0x000001a244db14a0 flushing  nmethod 0x000001a2313f4d90
Event: 7.435 Thread 0x000001a244db14a0 flushing  nmethod 0x000001a2313f8810
Event: 7.435 Thread 0x000001a244db14a0 flushing  nmethod 0x000001a2313f8b90
Event: 7.435 Thread 0x000001a244db14a0 flushing  nmethod 0x000001a23143b890
Event: 7.435 Thread 0x000001a244db14a0 flushing  nmethod 0x000001a23143c310
Event: 7.435 Thread 0x000001a244db14a0 flushing  nmethod 0x000001a23143d110
Event: 7.435 Thread 0x000001a244db14a0 flushing  nmethod 0x000001a23143e410
Event: 7.435 Thread 0x000001a244db14a0 flushing  nmethod 0x000001a23143ee90
Event: 7.435 Thread 0x000001a244db14a0 flushing  nmethod 0x000001a23143f790
Event: 7.435 Thread 0x000001a244db14a0 flushing  nmethod 0x000001a231440390
Event: 7.435 Thread 0x000001a244db14a0 flushing  nmethod 0x000001a23144d990
Event: 7.435 Thread 0x000001a244db14a0 flushing  nmethod 0x000001a231453410
Event: 7.435 Thread 0x000001a244db14a0 flushing  nmethod 0x000001a231457a10

Events (20 events):
Event: 8.964 Thread 0x000001a2873af270 Thread added: 0x000001a28d2f84c0
Event: 9.100 Thread 0x000001a22c4cd240 Thread added: 0x000001a29a7af8c0
Event: 9.151 Thread 0x000001a2873af270 Thread added: 0x000001a29b1126b0
Event: 9.681 Thread 0x000001a29b1126b0 Thread exited: 0x000001a29b1126b0
Event: 9.681 Thread 0x000001a29a7af8c0 Thread exited: 0x000001a29a7af8c0
Event: 10.347 Thread 0x000001a28d2f84c0 Thread exited: 0x000001a28d2f84c0
Event: 10.347 Thread 0x000001a2874ff9f0 Thread exited: 0x000001a2874ff9f0
Event: 10.347 Thread 0x000001a2873a4320 Thread exited: 0x000001a2873a4320
Event: 10.347 Thread 0x000001a28d18b0c0 Thread exited: 0x000001a28d18b0c0
Event: 10.348 Thread 0x000001a28db4eaa0 Thread exited: 0x000001a28db4eaa0
Event: 10.348 Thread 0x000001a28dbf1760 Thread exited: 0x000001a28dbf1760
Event: 10.352 Thread 0x000001a28d161a20 Thread exited: 0x000001a28d161a20
Event: 10.367 Thread 0x000001a2873af270 Thread added: 0x000001a28d161a20
Event: 10.591 Thread 0x000001a22c4cd240 Thread added: 0x000001a2873a4320
Event: 10.597 Thread 0x000001a2873a4320 Thread added: 0x000001a29afae8b0
Event: 10.719 Thread 0x000001a2873af270 Thread added: 0x000001a29f8d1030
Event: 10.878 Thread 0x000001a2873a4320 Thread added: 0x000001a29a604780
Event: 10.905 Thread 0x000001a2873a4320 Thread added: 0x000001a29e3a8820
Event: 10.935 Thread 0x000001a22c4cd240 Thread added: 0x000001a28f67ccd0
Event: 11.092 Thread 0x000001a2873af270 Thread added: 0x000001a29a7af8c0


Dynamic libraries:
0x00007ff63db40000 - 0x00007ff63db4e000 	c:\Users\malin\.antigravity\extensions\redhat.java-1.54.0-win32-x64\jre\21.0.10-win32-x86_64\bin\java.exe
0x00007ff854300000 - 0x00007ff854567000 	C:\WINDOWS\SYSTEM32\ntdll.dll
0x00007ff8537d0000 - 0x00007ff853899000 	C:\WINDOWS\System32\KERNEL32.DLL
0x00007ff8516d0000 - 0x00007ff851ac4000 	C:\WINDOWS\System32\KERNELBASE.dll
0x00007ff851ad0000 - 0x00007ff851c1b000 	C:\WINDOWS\System32\ucrtbase.dll
0x00007ff825b90000 - 0x00007ff825bae000 	c:\Users\malin\.antigravity\extensions\redhat.java-1.54.0-win32-x64\jre\21.0.10-win32-x86_64\bin\VCRUNTIME140.dll
0x00007ff826800000 - 0x00007ff826818000 	c:\Users\malin\.antigravity\extensions\redhat.java-1.54.0-win32-x64\jre\21.0.10-win32-x86_64\bin\jli.dll
0x00007ff8533b0000 - 0x00007ff853575000 	C:\WINDOWS\System32\USER32.dll
0x00007ff851c20000 - 0x00007ff851c47000 	C:\WINDOWS\System32\win32u.dll
0x00007ff852c80000 - 0x00007ff852cab000 	C:\WINDOWS\System32\GDI32.dll
0x00007ff8417d0000 - 0x00007ff841a63000 	C:\WINDOWS\WinSxS\amd64_microsoft.windows.common-controls_6595b64144ccf1df_6.0.26100.8115_none_3e075c82e3354f9c\COMCTL32.dll
0x00007ff8515a0000 - 0x00007ff8516cb000 	C:\WINDOWS\System32\gdi32full.dll
0x00007ff854210000 - 0x00007ff8542b9000 	C:\WINDOWS\System32\msvcrt.dll
0x00007ff850bd0000 - 0x00007ff850c73000 	C:\WINDOWS\System32\msvcp_win.dll
0x00007ff8535f0000 - 0x00007ff853622000 	C:\WINDOWS\System32\IMM32.DLL
0x00007ff83ad80000 - 0x00007ff83ad8c000 	c:\Users\malin\.antigravity\extensions\redhat.java-1.54.0-win32-x64\jre\21.0.10-win32-x86_64\bin\vcruntime140_1.dll
0x00007ff804080000 - 0x00007ff80410d000 	c:\Users\malin\.antigravity\extensions\redhat.java-1.54.0-win32-x64\jre\21.0.10-win32-x86_64\bin\msvcp140.dll
0x00007fffc46b0000 - 0x00007fffc5451000 	c:\Users\malin\.antigravity\extensions\redhat.java-1.54.0-win32-x64\jre\21.0.10-win32-x86_64\bin\server\jvm.dll
0x00007ff854150000 - 0x00007ff854206000 	C:\WINDOWS\System32\ADVAPI32.dll
0x00007ff852d00000 - 0x00007ff852da7000 	C:\WINDOWS\System32\sechost.dll
0x00007ff852aa0000 - 0x00007ff852bb8000 	C:\WINDOWS\System32\RPCRT4.dll
0x00007ff853ee0000 - 0x00007ff853f60000 	C:\WINDOWS\System32\WS2_32.dll
0x00007ff850a30000 - 0x00007ff850a8e000 	C:\WINDOWS\SYSTEM32\POWRPROF.dll
0x00007ff84b3c0000 - 0x00007ff84b3cb000 	C:\WINDOWS\SYSTEM32\VERSION.dll
0x00007ff84aac0000 - 0x00007ff84aaf6000 	C:\WINDOWS\SYSTEM32\WINMM.dll
0x00007ff850a10000 - 0x00007ff850a24000 	C:\WINDOWS\SYSTEM32\UMPDC.dll
0x00007ff84f8a0000 - 0x00007ff84f8bb000 	C:\WINDOWS\SYSTEM32\kernel.appcore.dll
0x00007ff82a1e0000 - 0x00007ff82a1ea000 	c:\Users\malin\.antigravity\extensions\redhat.java-1.54.0-win32-x64\jre\21.0.10-win32-x86_64\bin\jimage.dll
0x00007ff846a00000 - 0x00007ff846c42000 	C:\WINDOWS\SYSTEM32\DBGHELP.DLL
0x00007ff853020000 - 0x00007ff8533a2000 	C:\WINDOWS\System32\combase.dll
0x00007ff852890000 - 0x00007ff852968000 	C:\WINDOWS\System32\OLEAUT32.dll
0x00007ff83aa00000 - 0x00007ff83aa3b000 	C:\WINDOWS\SYSTEM32\dbgcore.DLL
0x00007ff850c80000 - 0x00007ff850d25000 	C:\WINDOWS\System32\bcryptPrimitives.dll
0x00007ff826900000 - 0x00007ff82690f000 	c:\Users\malin\.antigravity\extensions\redhat.java-1.54.0-win32-x64\jre\21.0.10-win32-x86_64\bin\instrument.dll
0x00007ff822ae0000 - 0x00007ff822b00000 	c:\Users\malin\.antigravity\extensions\redhat.java-1.54.0-win32-x64\jre\21.0.10-win32-x86_64\bin\java.dll
0x00007ff852090000 - 0x00007ff8527f7000 	C:\WINDOWS\System32\SHELL32.dll
0x00007ff851c50000 - 0x00007ff851dba000 	C:\WINDOWS\System32\wintypes.dll
0x00007ff850d30000 - 0x00007ff851598000 	C:\WINDOWS\System32\windows.storage.dll
0x00007ff852db0000 - 0x00007ff852ea8000 	C:\WINDOWS\System32\SHCORE.dll
0x00007ff853580000 - 0x00007ff8535e6000 	C:\WINDOWS\System32\shlwapi.dll
0x00007ff850af0000 - 0x00007ff850b19000 	C:\WINDOWS\SYSTEM32\profapi.dll
0x00007ff81d570000 - 0x00007ff81d588000 	c:\Users\malin\.antigravity\extensions\redhat.java-1.54.0-win32-x64\jre\21.0.10-win32-x86_64\bin\zip.dll
0x00007ff826260000 - 0x00007ff826270000 	C:\Users\malin\.antigravity\extensions\redhat.java-1.54.0-win32-x64\jre\21.0.10-win32-x86_64\bin\net.dll
0x00007ff84a780000 - 0x00007ff84a8ad000 	C:\WINDOWS\SYSTEM32\WINHTTP.dll
0x00007ff84fed0000 - 0x00007ff84ff3c000 	C:\WINDOWS\system32\mswsock.dll
0x00007ff81a480000 - 0x00007ff81a496000 	C:\Users\malin\.antigravity\extensions\redhat.java-1.54.0-win32-x64\jre\21.0.10-win32-x86_64\bin\nio.dll
0x00007ff825e20000 - 0x00007ff825e30000 	c:\Users\malin\.antigravity\extensions\redhat.java-1.54.0-win32-x64\jre\21.0.10-win32-x86_64\bin\verify.dll
0x00007ff804300000 - 0x00007ff804345000 	C:\Users\malin\AppData\Roaming\Antigravity\User\globalStorage\redhat.java\1.54.0\config_ss_win\org.eclipse.equinox.launcher\org.eclipse.equinox.launcher.win32.win32.x86_64_1.3.0.v20260203-2149\eclipse_11919.dll
0x00007ff853630000 - 0x00007ff8537c7000 	C:\WINDOWS\System32\ole32.dll
0x00007ff8501b0000 - 0x00007ff8501cb000 	C:\WINDOWS\SYSTEM32\CRYPTSP.dll
0x00007ff84f8c0000 - 0x00007ff84f8f9000 	C:\WINDOWS\system32\rsaenh.dll
0x00007ff84ff80000 - 0x00007ff84ffb3000 	C:\WINDOWS\SYSTEM32\USERENV.dll
0x00007ff850ac0000 - 0x00007ff850aea000 	C:\WINDOWS\SYSTEM32\bcrypt.dll
0x00007ff8501d0000 - 0x00007ff8501dc000 	C:\WINDOWS\SYSTEM32\CRYPTBASE.dll
0x00007ff84f300000 - 0x00007ff84f332000 	C:\WINDOWS\SYSTEM32\IPHLPAPI.DLL
0x00007ff853ed0000 - 0x00007ff853eda000 	C:\WINDOWS\System32\NSI.dll
0x00007fffeb0f0000 - 0x00007fffeb139000 	C:\Users\malin\AppData\Local\Temp\jna-103660669\jna11650476012958914571.dll
0x00007ff852970000 - 0x00007ff852978000 	C:\WINDOWS\System32\PSAPI.DLL
0x00007ff84aaa0000 - 0x00007ff84aabd000 	C:\WINDOWS\SYSTEM32\dhcpcsvc6.DLL
0x00007ff84a750000 - 0x00007ff84a775000 	C:\WINDOWS\SYSTEM32\dhcpcsvc.DLL

JVMTI agents:
c:\Users\malin\.antigravity\extensions\redhat.java-1.54.0-win32-x64\lombok\lombok-1.18.39-4050.jar path:c:\Users\malin\.antigravity\extensions\redhat.java-1.54.0-win32-x64\jre\21.0.10-win32-x86_64\bin\instrument.dll, loaded, initialized, instrumentlib options:none

dbghelp: loaded successfully - version: 4.0.5 - missing functions: none
symbol engine: initialized successfully - sym options: 0x614 - pdb path: .;c:\Users\malin\.antigravity\extensions\redhat.java-1.54.0-win32-x64\jre\21.0.10-win32-x86_64\bin;C:\WINDOWS\SYSTEM32;C:\WINDOWS\WinSxS\amd64_microsoft.windows.common-controls_6595b64144ccf1df_6.0.26100.8115_none_3e075c82e3354f9c;c:\Users\malin\.antigravity\extensions\redhat.java-1.54.0-win32-x64\jre\21.0.10-win32-x86_64\bin\server;C:\Users\malin\AppData\Roaming\Antigravity\User\globalStorage\redhat.java\1.54.0\config_ss_win\org.eclipse.equinox.launcher\org.eclipse.equinox.launcher.win32.win32.x86_64_1.3.0.v20260203-2149;C:\Users\malin\AppData\Local\Temp\jna-103660669

VM Arguments:
jvm_args: --add-modules=ALL-SYSTEM --add-opens=java.base/java.util=ALL-UNNAMED --add-opens=java.base/java.lang=ALL-UNNAMED --add-opens=java.base/sun.nio.fs=ALL-UNNAMED -Declipse.application=org.eclipse.jdt.ls.core.id1 -Dosgi.bundles.defaultStartLevel=4 -Declipse.product=org.eclipse.jdt.ls.core.product -Djava.import.generatesMetadataFilesAtProjectRoot=false -DDetectVMInstallationsJob.disabled=true -Dfile.encoding=utf8 -XX:+UseParallelGC -XX:GCTimeRatio=4 -XX:AdaptiveSizePolicyWeight=90 -Dsun.zip.disableMemoryMapping=true -Xmx2G -Xms100m -Xlog:disable -javaagent:c:\Users\malin\.antigravity\extensions\redhat.java-1.54.0-win32-x64\lombok\lombok-1.18.39-4050.jar 
java_command: c:\Users\malin\.antigravity\extensions\redhat.java-1.54.0-win32-x64\server\plugins\org.eclipse.equinox.launcher_1.7.100.v20251111-0406.jar -configuration c:\Users\malin\AppData\Roaming\Antigravity\User\globalStorage\redhat.java\1.54.0\config_ss_win -data c:\Users\malin\AppData\Roaming\Antigravity\User\workspaceStorage\7da6816d25600c1ce73892a0ef44c29d\redhat.java\ss_ws --pipe=\\.\pipe\lsp-2a3fed24468dc23710c3a07c98f18b41-sock
java_class_path (initial): c:\Users\malin\.antigravity\extensions\redhat.java-1.54.0-win32-x64\server\plugins\org.eclipse.equinox.launcher_1.7.100.v20251111-0406.jar
Launcher Type: SUN_STANDARD

[Global flags]
    uintx AdaptiveSizePolicyWeight                 = 90                                        {product} {command line}
     intx CICompilerCount                          = 12                                        {product} {ergonomic}
    uintx GCTimeRatio                              = 4                                         {product} {command line}
   size_t InitialHeapSize                          = 104857600                                 {product} {command line}
   size_t MaxHeapSize                              = 2147483648                                {product} {command line}
   size_t MaxNewSize                               = 715653120                                 {product} {ergonomic}
   size_t MinHeapDeltaBytes                        = 524288                                    {product} {ergonomic}
   size_t MinHeapSize                              = 104857600                                 {product} {command line}
   size_t NewSize                                  = 34603008                                  {product} {ergonomic}
    uintx NonNMethodCodeHeapSize                   = 7602480                                {pd product} {ergonomic}
    uintx NonProfiledCodeHeapSize                  = 122027880                              {pd product} {ergonomic}
   size_t OldSize                                  = 70254592                                  {product} {ergonomic}
    uintx ProfiledCodeHeapSize                     = 122027880                              {pd product} {ergonomic}
    uintx ReservedCodeCacheSize                    = 251658240                              {pd product} {ergonomic}
     bool SegmentedCodeCache                       = true                                      {product} {ergonomic}
   size_t SoftMaxHeapSize                          = 2147483648                             {manageable} {ergonomic}
     bool UseCompressedOops                        = true                           {product lp64_product} {ergonomic}
     bool UseLargePagesIndividualAllocation        = false                                  {pd product} {ergonomic}
     bool UseParallelGC                            = true                                      {product} {command line}

Logging:
Log output configuration:
 #0: stdout all=off uptime,level,tags foldmultilines=false
 #1: stderr all=off uptime,level,tags foldmultilines=false

Release file:
JAVA_VERSION="21.0.10" 
MODULES="java.base java.compiler java.datatransfer java.xml java.prefs java.desktop java.instrument java.logging java.management java.security.sasl java.naming java.rmi java.management.rmi java.net.http java.scripting java.security.jgss java.transaction.xa java.sql java.sql.rowset java.xml.crypto java.se java.smartcardio jdk.accessibility jdk.internal.jvmstat jdk.attach jdk.charsets jdk.internal.opt jdk.zipfs jdk.compiler jdk.crypto.ec jdk.crypto.cryptoki jdk.crypto.mscapi jdk.dynalink jdk.internal.ed jdk.editpad jdk.hotspot.agent jdk.httpserver jdk.internal.le jdk.internal.vm.ci jdk.internal.vm.compiler jdk.internal.vm.compiler.management jdk.jartool jdk.javadoc jdk.jcmd jdk.management jdk.management.agent jdk.jconsole jdk.jdeps jdk.jdwp.agent jdk.jdi jdk.jfr jdk.jshell jdk.jsobject jdk.jstatd jdk.localedata jdk.management.jfr jdk.naming.dns jdk.naming.rmi jdk.net jdk.nio.mapmode jdk.random jdk.sctp jdk.security.auth jdk.security.jgss jdk.unsupported jdk.unsupported.desktop jdk.xml.dom" 

Environment Variables:
PATH=C:\app\malin\product\21c\dbhomeXE\bin;C:\Users\malin\AppData\Local\Android\Sdk\bin;C:\Program Files\Eclipse Adoptium\jdk-25.0.0.36-hotspot\bin;C:\WINDOWS\system32;C:\WINDOWS;C:\WINDOWS\System32\Wbem;C:\WINDOWS\System32\WindowsPowerShell\v1.0\;C:\WINDOWS\System32\OpenSSH\;C:\Program Files (x86)\Microsoft SQL Server\160\DTS\Binn\;C:\Program Files (x86)\Microsoft SQL Server\160\Tools\Binn\;C:\Program Files\Microsoft SQL Server\160\Tools\Binn\;C:\Program Files\Microsoft SQL Server\Client SDK\ODBC\170\Tools\Binn\;C:\Program Files\Microsoft SQL Server\160\DTS\Binn\;C:\Program Files\MySQL\MySQL Server 8.0\bin;C:\Program Files (x86)\Windows Kits\10\Windows Performance Toolkit\;C:\Program Files\nodejs\;C:\Program Files\Git\cmd;C:\Program Files\cursor\resources\app\bin;C:\Program Files\Git LFS;C:\Users\malin\AppData\Local\Programs\Python\Python313\Scripts\;C:\Users\malin\AppData\Local\Programs\Python\Python313\;C:\Program Files\MySQL\MySQL Shell 8.0\bin\;C:\Users\malin\AppData\Local\Microsoft\WindowsApps;C:\Program Files\R\R-4.5.1\bin;C:\Users\malin\AppData\Roaming\npm;C:\Users\malin\AppData\Local\Programs\Microsoft VS Code\bin;C:\Users\malin\AppData\Local\Programs\mongosh\;C:\Users\malin\AppData\Local\GitHubDesktop\bin;C:\Users\malin\AppData\Local\Programs\Antigravity\bin;C:\Users\malin\AppData\Local\Programs\cursor\resources\app\bin
USERNAME=malin
OS=Windows_NT
PROCESSOR_IDENTIFIER=AMD64 Family 23 Model 96 Stepping 1, AuthenticAMD
TMP=C:\Users\malin\AppData\Local\Temp
TEMP=C:\Users\malin\AppData\Local\Temp




Periodic native trim disabled

---------------  S Y S T E M  ---------------

OS:
 Windows 11 , 64 bit Build 26100 (10.0.26100.8246)
OS uptime: 0 days 3:51 hours
Hyper-V role detected

CPU: total 16 (initial active 16) (16 cores per cpu, 2 threads per core) family 23 model 96 stepping 1 microcode 0x8600104, cx8, cmov, fxsr, ht, mmx, 3dnowpref, sse, sse2, sse3, ssse3, sse4a, sse4.1, sse4.2, popcnt, lzcnt, tsc, tscinvbit, avx, avx2, aes, clmul, bmi1, bmi2, adx, sha, fma, vzeroupper, clflush, clflushopt, hv, rdtscp, rdpid, f16c
Processor Information for the first 16 processors :
  Max Mhz: 2900, Current Mhz: 2900, Mhz Limit: 2900

Memory: 4k page, system-wide physical 15770M (3883M free)
TotalPageFile size 19866M (AvailPageFile size 88M)
current process WorkingSet (physical memory assigned to process): 301M, peak: 332M
current process commit charge ("private bytes"): 416M, peak: 458M

vm_info: OpenJDK 64-Bit Server VM (21.0.10+7-LTS) for windows-amd64 JRE (21.0.10+7-LTS), built on 2026-01-20T00:00:00Z by "admin" with MS VC++ 17.12 (VS2022)

END.
