#
# There is insufficient memory for the Java Runtime Environment to continue.
# Native memory allocation (malloc) failed to allocate 3621616 bytes. Error detail: Chunk::new
# Possible reasons:
#   The system is out of physical RAM or swap space
#   This process is running with CompressedOops enabled, and the Java Heap may be blocking the growth of the native heap
# Possible solutions:
#   Reduce memory load on the system
#   Increase physical memory or swap space
#   Check if swap backing store is full
#   Decrease Java heap size (-Xmx/-Xms)
#   Decrease number of Java threads
#   Decrease Java thread stack sizes (-Xss)
#   Set larger code cache with -XX:ReservedCodeCacheSize=
#   JVM is running with Unscaled Compressed Oops mode in which the Java heap is
#     placed in the first 4GB address space. The Java Heap base address is the
#     maximum limit for the native heap growth. Please use -XX:HeapBaseMinAddress
#     to set the Java Heap base and to place the Java Heap above 4GB virtual address.
# This output file may be truncated or incomplete.
#
#  Out of Memory Error (arena.cpp:168), pid=18488, tid=16328
#
# JRE version: OpenJDK Runtime Environment Temurin-21.0.10+7 (21.0.10+7) (build 21.0.10+7-LTS)
# Java VM: OpenJDK 64-Bit Server VM Temurin-21.0.10+7 (21.0.10+7-LTS, mixed mode, sharing, tiered, compressed oops, compressed class ptrs, parallel gc, windows-amd64)
# No core dump will be written. Minidumps are not enabled by default on client versions of Windows
#

---------------  S U M M A R Y ------------

Command Line: --add-modules=ALL-SYSTEM --add-opens=java.base/java.util=ALL-UNNAMED --add-opens=java.base/java.lang=ALL-UNNAMED --add-opens=java.base/sun.nio.fs=ALL-UNNAMED -Declipse.application=org.eclipse.jdt.ls.core.id1 -Dosgi.bundles.defaultStartLevel=4 -Declipse.product=org.eclipse.jdt.ls.core.product -Djava.import.generatesMetadataFilesAtProjectRoot=false -DDetectVMInstallationsJob.disabled=true -Dfile.encoding=utf8 -XX:+UseParallelGC -XX:GCTimeRatio=4 -XX:AdaptiveSizePolicyWeight=90 -Dsun.zip.disableMemoryMapping=true -Xmx2G -Xms100m -Xlog:disable -javaagent:c:\Users\malin\.antigravity\extensions\redhat.java-1.54.0-win32-x64\lombok\lombok-1.18.39-4050.jar -XX:+HeapDumpOnOutOfMemoryError -XX:HeapDumpPath=c:\Users\malin\AppData\Roaming\Antigravity\User\workspaceStorage\7da6816d25600c1ce73892a0ef44c29d\redhat.java -Daether.dependencyCollector.impl=bf c:\Users\malin\.antigravity\extensions\redhat.java-1.54.0-win32-x64\server\plugins\org.eclipse.equinox.launcher_1.7.100.v20251111-0406.jar -configuration c:\Users\malin\AppData\Roaming\Antigravity\User\globalStorage\redhat.java\1.54.0\config_win -data c:\Users\malin\AppData\Roaming\Antigravity\User\workspaceStorage\7da6816d25600c1ce73892a0ef44c29d\redhat.java\jdt_ws --pipe=\\.\pipe\lsp-1439428594dc9ffa8ebc886e8598297e-sock

Host: AMD Ryzen 7 4800H with Radeon Graphics         , 16 cores, 15G,  Windows 11 , 64 bit Build 26100 (10.0.26100.8246)
Time: Tue Apr 21 15:21:01 2026 Sri Lanka Standard Time elapsed time: 13.500533 seconds (0d 0h 0m 13s)

---------------  T H R E A D  ---------------

Current thread (0x00000162cc516780):  JavaThread "C2 CompilerThread4" daemon [_thread_in_native, id=16328, stack(0x0000002e66600000,0x0000002e66700000) (1024K)]


Current CompileTask:
C2:13500 8731   !   4       lombok.core.FieldAugment$ReflectionFieldAugment::getAndSet (80 bytes)

Stack: [0x0000002e66600000,0x0000002e66700000]
Native frames: (J=compiled Java code, j=interpreted, Vv=VM code, C=native code)
V  [jvm.dll+0x6d7a39]
V  [jvm.dll+0x8b4b26]
V  [jvm.dll+0x8b70de]
V  [jvm.dll+0x8b77c3]
V  [jvm.dll+0x284346]
V  [jvm.dll+0xc66ed]
V  [jvm.dll+0xc6c31]
V  [jvm.dll+0x3bec01]
V  [jvm.dll+0x38b162]
V  [jvm.dll+0x38a5aa]
V  [jvm.dll+0x24c560]
V  [jvm.dll+0x24bb40]
V  [jvm.dll+0x1cb34e]
V  [jvm.dll+0x25b85d]
V  [jvm.dll+0x259dea]
V  [jvm.dll+0x3f857e]
V  [jvm.dll+0x85f59d]
V  [jvm.dll+0x6d626d]
C  [ucrtbase.dll+0x37b0]
C  [KERNEL32.DLL+0x2e8d7]
C  [ntdll.dll+0x8c3fc]


---------------  P R O C E S S  ---------------

Threads class SMR info:
_java_thread_list=0x00000162ce408160, length=69, elements={
0x00000162e972cfd0, 0x00000162c11fc560, 0x00000162e97d4b40, 0x00000162e97d5de0,
0x00000162e97d6840, 0x00000162e97dc260, 0x00000162e97e13f0, 0x00000162c25bd020,
0x00000162e97eaa20, 0x00000162c26bef60, 0x00000162c281f420, 0x00000162c2841d80,
0x00000162c812d0f0, 0x00000162c8bf1b70, 0x00000162c8b9c6a0, 0x00000162c8b9d4e0,
0x00000162c8efa9e0, 0x00000162c93f5ce0, 0x00000162c8f7ac70, 0x00000162c9508030,
0x00000162c9508d50, 0x00000162c9507310, 0x00000162c9d2bee0, 0x00000162c8e44e00,
0x00000162c95079a0, 0x00000162c95065f0, 0x00000162c95086c0, 0x00000162c9506c80,
0x00000162c95093e0, 0x00000162c9509a70, 0x00000162ca1d2d10, 0x00000162ca1d33a0,
0x00000162ca1d0c40, 0x00000162ca1d3a30, 0x00000162ca1d05b0, 0x00000162ca1d1960,
0x00000162ca1d1ff0, 0x00000162ca1d2680, 0x00000162ca1d40c0, 0x00000162ca1d4750,
0x00000162ca1d12d0, 0x00000162ca1d5470, 0x00000162ca1d7540, 0x00000162ca1d5b00,
0x00000162ca1d7bd0, 0x00000162ca1d4de0, 0x00000162ca1d6190, 0x00000162ca1d6820,
0x00000162ca1d6eb0, 0x00000162cc523e50, 0x00000162cc525200, 0x00000162cc5272d0,
0x00000162cc5244e0, 0x00000162cc527960, 0x00000162cc525f20, 0x00000162cc525890,
0x00000162cc5265b0, 0x00000162cc526c40, 0x00000162cc527ff0, 0x00000162cc524b70,
0x00000162cc528680, 0x00000162cc528d10, 0x00000162cc5293a0, 0x00000162cc515310,
0x00000162cc5159e0, 0x00000162cc514c40, 0x00000162cc516780, 0x00000162cf2ca550,
0x00000162cf2cb2f0
}

Java Threads: ( => current thread )
  0x00000162e972cfd0 JavaThread "main"                              [_thread_blocked, id=10964, stack(0x0000002e62500000,0x0000002e62600000) (1024K)]
  0x00000162c11fc560 JavaThread "Reference Handler"          daemon [_thread_blocked, id=18340, stack(0x0000002e62900000,0x0000002e62a00000) (1024K)]
  0x00000162e97d4b40 JavaThread "Finalizer"                  daemon [_thread_blocked, id=12356, stack(0x0000002e62a00000,0x0000002e62b00000) (1024K)]
  0x00000162e97d5de0 JavaThread "Signal Dispatcher"          daemon [_thread_blocked, id=15440, stack(0x0000002e62b00000,0x0000002e62c00000) (1024K)]
  0x00000162e97d6840 JavaThread "Attach Listener"            daemon [_thread_blocked, id=19528, stack(0x0000002e62c00000,0x0000002e62d00000) (1024K)]
  0x00000162e97dc260 JavaThread "Service Thread"             daemon [_thread_blocked, id=21492, stack(0x0000002e62d00000,0x0000002e62e00000) (1024K)]
  0x00000162e97e13f0 JavaThread "Monitor Deflation Thread"   daemon [_thread_blocked, id=12492, stack(0x0000002e62e00000,0x0000002e62f00000) (1024K)]
  0x00000162c25bd020 JavaThread "C2 CompilerThread0"         daemon [_thread_in_native, id=1848, stack(0x0000002e62f00000,0x0000002e63000000) (1024K)]
  0x00000162e97eaa20 JavaThread "C1 CompilerThread0"         daemon [_thread_blocked, id=4160, stack(0x0000002e63000000,0x0000002e63100000) (1024K)]
  0x00000162c26bef60 JavaThread "C1 CompilerThread1"         daemon [_thread_blocked, id=8736, stack(0x0000002e63100000,0x0000002e63200000) (1024K)]
  0x00000162c281f420 JavaThread "Common-Cleaner"             daemon [_thread_blocked, id=20052, stack(0x0000002e63400000,0x0000002e63500000) (1024K)]
  0x00000162c2841d80 JavaThread "Notification Thread"        daemon [_thread_blocked, id=6744, stack(0x0000002e63600000,0x0000002e63700000) (1024K)]
  0x00000162c812d0f0 JavaThread "Active Thread: Equinox Container: 71da928a-05b8-46d4-92d1-167eb3e33efb"        [_thread_blocked, id=13148, stack(0x0000002e63f00000,0x0000002e64000000) (1024K)]
  0x00000162c8bf1b70 JavaThread "Refresh Thread: Equinox Container: 71da928a-05b8-46d4-92d1-167eb3e33efb" daemon [_thread_blocked, id=8644, stack(0x0000002e64100000,0x0000002e64200000) (1024K)]
  0x00000162c8b9c6a0 JavaThread "Framework Event Dispatcher: Equinox Container: 71da928a-05b8-46d4-92d1-167eb3e33efb" daemon [_thread_blocked, id=19172, stack(0x0000002e64200000,0x0000002e64300000) (1024K)]
  0x00000162c8b9d4e0 JavaThread "Start Level: Equinox Container: 71da928a-05b8-46d4-92d1-167eb3e33efb" daemon [_thread_blocked, id=2748, stack(0x0000002e64300000,0x0000002e64400000) (1024K)]
  0x00000162c8efa9e0 JavaThread "Bundle File Closer"         daemon [_thread_blocked, id=516, stack(0x0000002e64700000,0x0000002e64800000) (1024K)]
  0x00000162c93f5ce0 JavaThread "SCR Component Actor"        daemon [_thread_blocked, id=6232, stack(0x0000002e63200000,0x0000002e63300000) (1024K)]
  0x00000162c8f7ac70 JavaThread "Worker-JM"                         [_thread_blocked, id=12796, stack(0x0000002e64800000,0x0000002e64900000) (1024K)]
  0x00000162c9508030 JavaThread "JNA Cleaner"                daemon [_thread_blocked, id=21884, stack(0x0000002e64b00000,0x0000002e64c00000) (1024K)]
  0x00000162c9508d50 JavaThread "Worker-0"                          [_thread_blocked, id=18224, stack(0x0000002e64c00000,0x0000002e64d00000) (1024K)]
  0x00000162c9507310 JavaThread "Worker-1"                          [_thread_blocked, id=20364, stack(0x0000002e63800000,0x0000002e63900000) (1024K)]
  0x00000162c9d2bee0 JavaThread "C1 CompilerThread2"         daemon [_thread_blocked, id=9932, stack(0x0000002e64d00000,0x0000002e64e00000) (1024K)]
  0x00000162c8e44e00 JavaThread "C1 CompilerThread3"         daemon [_thread_blocked, id=7420, stack(0x0000002e64e00000,0x0000002e64f00000) (1024K)]
  0x00000162c95079a0 JavaThread "Java indexing"              daemon [_thread_blocked, id=20632, stack(0x0000002e64f00000,0x0000002e65000000) (1024K)]
  0x00000162c95065f0 JavaThread "Worker-2: Validate documents"        [_thread_blocked, id=7180, stack(0x0000002e65200000,0x0000002e65300000) (1024K)]
  0x00000162c95086c0 JavaThread "Worker-3"                          [_thread_blocked, id=18728, stack(0x0000002e65300000,0x0000002e65400000) (1024K)]
  0x00000162c9506c80 JavaThread "Thread-1"                   daemon [_thread_in_native, id=4324, stack(0x0000002e65400000,0x0000002e65500000) (1024K)]
  0x00000162c95093e0 JavaThread "Thread-2"                   daemon [_thread_in_native, id=10116, stack(0x0000002e65500000,0x0000002e65600000) (1024K)]
  0x00000162c9509a70 JavaThread "Thread-3"                   daemon [_thread_in_native, id=9376, stack(0x0000002e65600000,0x0000002e65700000) (1024K)]
  0x00000162ca1d2d10 JavaThread "Thread-4"                   daemon [_thread_in_native, id=15456, stack(0x0000002e65700000,0x0000002e65800000) (1024K)]
  0x00000162ca1d33a0 JavaThread "Thread-5"                   daemon [_thread_in_native, id=1048, stack(0x0000002e65800000,0x0000002e65900000) (1024K)]
  0x00000162ca1d0c40 JavaThread "Thread-6"                   daemon [_thread_in_native, id=20140, stack(0x0000002e65900000,0x0000002e65a00000) (1024K)]
  0x00000162ca1d3a30 JavaThread "Thread-7"                   daemon [_thread_in_native, id=11388, stack(0x0000002e65a00000,0x0000002e65b00000) (1024K)]
  0x00000162ca1d05b0 JavaThread "Thread-8"                   daemon [_thread_in_native, id=21732, stack(0x0000002e65b00000,0x0000002e65c00000) (1024K)]
  0x00000162ca1d1960 JavaThread "Thread-9"                   daemon [_thread_in_native, id=18344, stack(0x0000002e65c00000,0x0000002e65d00000) (1024K)]
  0x00000162ca1d1ff0 JavaThread "Thread-10"                  daemon [_thread_in_native, id=5544, stack(0x0000002e65d00000,0x0000002e65e00000) (1024K)]
  0x00000162ca1d2680 JavaThread "Thread-11"                  daemon [_thread_in_native, id=20544, stack(0x0000002e65e00000,0x0000002e65f00000) (1024K)]
  0x00000162ca1d40c0 JavaThread "Thread-12"                  daemon [_thread_in_native, id=4720, stack(0x0000002e65f00000,0x0000002e66000000) (1024K)]
  0x00000162ca1d4750 JavaThread "Thread-13"                  daemon [_thread_in_native, id=16368, stack(0x0000002e66000000,0x0000002e66100000) (1024K)]
  0x00000162ca1d12d0 JavaThread "Thread-14"                  daemon [_thread_in_native, id=21360, stack(0x0000002e66100000,0x0000002e66200000) (1024K)]
  0x00000162ca1d5470 JavaThread "Thread-15"                  daemon [_thread_in_native, id=20688, stack(0x0000002e66200000,0x0000002e66300000) (1024K)]
  0x00000162ca1d7540 JavaThread "Thread-16"                  daemon [_thread_in_native, id=13712, stack(0x0000002e66300000,0x0000002e66400000) (1024K)]
  0x00000162ca1d5b00 JavaThread "Thread-17"                  daemon [_thread_in_native, id=9728, stack(0x0000002e66400000,0x0000002e66500000) (1024K)]
  0x00000162ca1d7bd0 JavaThread "pool-2-thread-1"                   [_thread_blocked, id=10636, stack(0x0000002e66500000,0x0000002e66600000) (1024K)]
  0x00000162ca1d4de0 JavaThread "WorkspaceEventsHandler"            [_thread_blocked, id=19960, stack(0x0000002e66900000,0x0000002e66a00000) (1024K)]
  0x00000162ca1d6190 JavaThread "pool-1-thread-1"                   [_thread_blocked, id=9580, stack(0x0000002e66a00000,0x0000002e66b00000) (1024K)]
  0x00000162ca1d6820 JavaThread "ForkJoinPool.commonPool-worker-1" daemon [_thread_in_vm, id=15916, stack(0x0000002e66b00000,0x0000002e66c00000) (1024K)]
  0x00000162ca1d6eb0 JavaThread "ForkJoinPool.commonPool-worker-2" daemon [_thread_blocked, id=1468, stack(0x0000002e66c00000,0x0000002e66d00000) (1024K)]
  0x00000162cc523e50 JavaThread "ForkJoinPool.commonPool-worker-3" daemon [_thread_blocked, id=15992, stack(0x0000002e66d00000,0x0000002e66e00000) (1024K)]
  0x00000162cc525200 JavaThread "ForkJoinPool.commonPool-worker-4" daemon [_thread_blocked, id=13068, stack(0x0000002e66e00000,0x0000002e66f00000) (1024K)]
  0x00000162cc5272d0 JavaThread "ForkJoinPool.commonPool-worker-5" daemon [_thread_blocked, id=1588, stack(0x0000002e66f00000,0x0000002e67000000) (1024K)]
  0x00000162cc5244e0 JavaThread "ForkJoinPool.commonPool-worker-6" daemon [_thread_blocked, id=14716, stack(0x0000002e67000000,0x0000002e67100000) (1024K)]
  0x00000162cc527960 JavaThread "ForkJoinPool.commonPool-worker-7" daemon [_thread_blocked, id=22332, stack(0x0000002e67100000,0x0000002e67200000) (1024K)]
  0x00000162cc525f20 JavaThread "ForkJoinPool.commonPool-worker-8" daemon [_thread_blocked, id=17956, stack(0x0000002e67200000,0x0000002e67300000) (1024K)]
  0x00000162cc525890 JavaThread "ForkJoinPool.commonPool-worker-9" daemon [_thread_blocked, id=10952, stack(0x0000002e67300000,0x0000002e67400000) (1024K)]
  0x00000162cc5265b0 JavaThread "ForkJoinPool.commonPool-worker-10" daemon [_thread_blocked, id=2668, stack(0x0000002e67400000,0x0000002e67500000) (1024K)]
  0x00000162cc526c40 JavaThread "ForkJoinPool.commonPool-worker-11" daemon [_thread_blocked, id=21168, stack(0x0000002e67500000,0x0000002e67600000) (1024K)]
  0x00000162cc527ff0 JavaThread "ForkJoinPool.commonPool-worker-12" daemon [_thread_blocked, id=10776, stack(0x0000002e67600000,0x0000002e67700000) (1024K)]
  0x00000162cc524b70 JavaThread "ForkJoinPool.commonPool-worker-13" daemon [_thread_blocked, id=18440, stack(0x0000002e67700000,0x0000002e67800000) (1024K)]
  0x00000162cc528680 JavaThread "ForkJoinPool.commonPool-worker-14" daemon [_thread_blocked, id=22056, stack(0x0000002e67800000,0x0000002e67900000) (1024K)]
  0x00000162cc528d10 JavaThread "ForkJoinPool.commonPool-worker-15" daemon [_thread_blocked, id=11472, stack(0x0000002e67900000,0x0000002e67a00000) (1024K)]
  0x00000162cc5293a0 JavaThread "Worker-4: Initialize workspace"        [_thread_blocked, id=16340, stack(0x0000002e67a00000,0x0000002e67b00000) (1024K)]
  0x00000162cc515310 JavaThread "C2 CompilerThread1"         daemon [_thread_blocked, id=22208, stack(0x0000002e63300000,0x0000002e63400000) (1024K)]
  0x00000162cc5159e0 JavaThread "C2 CompilerThread2"         daemon [_thread_blocked, id=6140, stack(0x0000002e63500000,0x0000002e63600000) (1024K)]
  0x00000162cc514c40 JavaThread "C2 CompilerThread3"         daemon [_thread_in_native, id=7204, stack(0x0000002e63700000,0x0000002e63800000) (1024K)]
=>0x00000162cc516780 JavaThread "C2 CompilerThread4"         daemon [_thread_in_native, id=16328, stack(0x0000002e66600000,0x0000002e66700000) (1024K)]
  0x00000162cf2ca550 JavaThread "C2 CompilerThread5"         daemon [_thread_blocked, id=17080, stack(0x0000002e66700000,0x0000002e66800000) (1024K)]
  0x00000162cf2cb2f0 JavaThread "C2 CompilerThread6"         daemon [_thread_blocked, id=5596, stack(0x0000002e66800000,0x0000002e66900000) (1024K)]
Total: 69

Other Threads:
  0x00000162c11e0b90 VMThread "VM Thread"                           [id=8516, stack(0x0000002e62800000,0x0000002e62900000) (1024K)] _threads_hazard_ptr=0x00000162ce408160
  0x00000162c10dca00 WatcherThread "VM Periodic Task Thread"        [id=18388, stack(0x0000002e62700000,0x0000002e62800000) (1024K)]
  0x00000162e974a410 WorkerThread "GC Thread#0"                     [id=20164, stack(0x0000002e62600000,0x0000002e62700000) (1024K)]
  0x00000162c8d95920 WorkerThread "GC Thread#1"                     [id=20396, stack(0x0000002e63900000,0x0000002e63a00000) (1024K)]
  0x00000162c89ae580 WorkerThread "GC Thread#2"                     [id=22168, stack(0x0000002e63a00000,0x0000002e63b00000) (1024K)]
  0x00000162c85010e0 WorkerThread "GC Thread#3"                     [id=10744, stack(0x0000002e63b00000,0x0000002e63c00000) (1024K)]
  0x00000162c8d939f0 WorkerThread "GC Thread#4"                     [id=14120, stack(0x0000002e63c00000,0x0000002e63d00000) (1024K)]
  0x00000162c8d93da0 WorkerThread "GC Thread#5"                     [id=8236, stack(0x0000002e63d00000,0x0000002e63e00000) (1024K)]
  0x00000162c8d94150 WorkerThread "GC Thread#6"                     [id=20948, stack(0x0000002e63e00000,0x0000002e63f00000) (1024K)]
  0x00000162c8a54cb0 WorkerThread "GC Thread#7"                     [id=11624, stack(0x0000002e64000000,0x0000002e64100000) (1024K)]
  0x00000162c8a557c0 WorkerThread "GC Thread#8"                     [id=13320, stack(0x0000002e64400000,0x0000002e64500000) (1024K)]
  0x00000162c8a54550 WorkerThread "GC Thread#9"                     [id=10736, stack(0x0000002e64500000,0x0000002e64600000) (1024K)]
  0x00000162c8a53df0 WorkerThread "GC Thread#10"                    [id=6612, stack(0x0000002e64600000,0x0000002e64700000) (1024K)]
  0x00000162c8a541a0 WorkerThread "GC Thread#11"                    [id=22488, stack(0x0000002e64900000,0x0000002e64a00000) (1024K)]
  0x00000162c8a54900 WorkerThread "GC Thread#12"                    [id=22524, stack(0x0000002e64a00000,0x0000002e64b00000) (1024K)]
Total: 15

Threads with active compile tasks:
C2 CompilerThread0  13516 8720       4       lombok.eclipse.EclipseAST::drill (80 bytes)
C1 CompilerThread0  13516 9121   !   3       java.lang.Object::wait (50 bytes)
C1 CompilerThread1  13516 9119   !   3       org.eclipse.osgi.internal.framework.BundleContextImpl::dispatchEvent (577 bytes)
C1 CompilerThread2  13516 9120       3       java.util.concurrent.ForkJoinPool$WorkQueue::getAndSetAccess (12 bytes)
C1 CompilerThread3  13517 9122       3       com.google.gson.stream.JsonWriter::beforeName (49 bytes)
C2 CompilerThread1  13517 9057       4       lombok.eclipse.EclipseAST::buildTree (10 bytes)
C2 CompilerThread2  13517 9115       4       com.google.gson.stream.JsonReader::nextQuotedValue (296 bytes)
C2 CompilerThread3  13517 8685       4       lombok.eclipse.EclipseAST::buildStatement (57 bytes)
C2 CompilerThread4  13517 8731   !   4       lombok.core.FieldAugment$ReflectionFieldAugment::getAndSet (80 bytes)
C2 CompilerThread5  13517 8883       4       lombok.eclipse.handlers.EclipseHandlerUtil::setGeneratedBy (10 bytes)
C2 CompilerThread6  13517 8903       4       lombok.eclipse.EclipseAST::buildTree (182 bytes)
Total: 11

VM state: synchronizing (normal execution)

VM Mutex/Monitor currently owned by a thread:  ([mutex/lock_event])
[0x00007fffc536e560] Threads_lock - owner thread: 0x00000162c11e0b90

Heap address: 0x0000000080000000, size: 2048 MB, Compressed Oops mode: 32-bit

CDS archive(s) mapped at: [0x0000016280000000-0x0000016280ba0000-0x0000016280ba0000), size 12189696, SharedBaseAddress: 0x0000016280000000, ArchiveRelocationMode: 1.
Compressed class space mapped at: 0x0000016281000000-0x00000162c1000000, reserved size: 1073741824
Narrow klass base: 0x0000016280000000, Narrow klass shift: 0, Narrow klass range: 0x100000000

GC Precious Log:
 CardTable entry size: 512
 CPUs: 16 total, 16 available
 Memory: 15770M
 Large Page Support: Disabled
 NUMA Support: Disabled
 Compressed Oops: Enabled (32-bit)
 Alignments: Space 512K, Generation 512K, Heap 2M
 Heap Min Capacity: 100M
 Heap Initial Capacity: 100M
 Heap Max Capacity: 2G
 Pre-touch: Disabled
 Parallel Workers: 13

Heap:
 PSYoungGen      total 17408K, used 5851K [0x00000000d5580000, 0x00000000d6780000, 0x0000000100000000)
  eden space 16384K, 32% used [0x00000000d5580000,0x00000000d5aa6d38,0x00000000d6580000)
  from space 1024K, 56% used [0x00000000d6680000,0x00000000d6710000,0x00000000d6780000)
  to   space 1024K, 0% used [0x00000000d6580000,0x00000000d6580000,0x00000000d6680000)
 ParOldGen       total 68608K, used 53456K [0x0000000080000000, 0x0000000084300000, 0x00000000d5580000)
  object space 68608K, 77% used [0x0000000080000000,0x0000000083434060,0x0000000084300000)
 Metaspace       used 56565K, committed 58048K, reserved 1114112K
  class space    used 6076K, committed 6720K, reserved 1048576K

Card table byte_map: [0x00000162e90d0000,0x00000162e94e0000] _byte_map_base: 0x00000162e8cd0000

Marking Bits: (ParMarkBitMap*) 0x00007fffc5373450
 Begin Bits: [0x00000162fbbe0000, 0x00000162fdbe0000)
 End Bits:   [0x00000162fdbe0000, 0x00000162ffbe0000)

Polling page: 0x00000162e76c0000

Metaspace:

Usage:
  Non-class:     49.31 MB used.
      Class:      5.93 MB used.
       Both:     55.24 MB used.

Virtual space:
  Non-class space:       64.00 MB reserved,      50.12 MB ( 78%) committed,  1 nodes.
      Class space:        1.00 GB reserved,       6.56 MB ( <1%) committed,  1 nodes.
             Both:        1.06 GB reserved,      56.69 MB (  5%) committed. 

Chunk freelists:
   Non-Class:  13.88 MB
       Class:  9.28 MB
        Both:  23.16 MB

MaxMetaspaceSize: unlimited
CompressedClassSpaceSize: 1.00 GB
Initial GC threshold: 21.00 MB
Current GC threshold: 58.38 MB
CDS: on
 - commit_granule_bytes: 65536.
 - commit_granule_words: 8192.
 - virtual_space_node_default_size: 8388608.
 - enlarge_chunks_in_place: 1.
 - use_allocation_guard: 0.


Internal statistics:

num_allocs_failed_limit: 8.
num_arena_births: 1122.
num_arena_deaths: 14.
num_vsnodes_births: 2.
num_vsnodes_deaths: 0.
num_space_committed: 907.
num_space_uncommitted: 0.
num_chunks_returned_to_freelist: 22.
num_chunks_taken_from_freelist: 3712.
num_chunk_merges: 11.
num_chunk_splits: 2330.
num_chunks_enlarged: 1374.
num_inconsistent_stats: 0.

CodeHeap 'non-profiled nmethods': size=119168Kb used=5870Kb max_used=5870Kb free=113297Kb
 bounds [0x00000162f44d0000, 0x00000162f4a90000, 0x00000162fb930000]
CodeHeap 'profiled nmethods': size=119104Kb used=19425Kb max_used=19425Kb free=99678Kb
 bounds [0x00000162ec930000, 0x00000162edc30000, 0x00000162f3d80000]
CodeHeap 'non-nmethods': size=7488Kb used=3113Kb max_used=3173Kb free=4375Kb
 bounds [0x00000162f3d80000, 0x00000162f4100000, 0x00000162f44d0000]
CodeCache: size=245760Kb, used=28408Kb, max_used=28468Kb, free=217350Kb
 total_blobs=9229, nmethods=8517, adapters=613, full_count=0
Compilation: enabled, stopped_count=0, restarted_count=0

Compilation events (20 events):
Event: 12.488 Thread 0x00000162c8e44e00 9111       3       com.google.gson.internal.bind.ReflectiveTypeAdapterFactory$FieldReflectionAdapter::readField (7 bytes)
Event: 12.488 Thread 0x00000162e97eaa20 9112       3       com.google.gson.internal.bind.ReflectiveTypeAdapterFactory$2::readIntoField (93 bytes)
Event: 12.488 Thread 0x00000162c8e44e00 nmethod 9111 0x00000162edc22710 code [0x00000162edc228c0, 0x00000162edc22aa8]
Event: 12.488 Thread 0x00000162e97eaa20 nmethod 9112 0x00000162edc22b90 code [0x00000162edc22ea0, 0x00000162edc23c00]
Event: 12.493 Thread 0x00000162cc5159e0 nmethod 8775 0x00000162f4a87210 code [0x00000162f4a87d40, 0x00000162f4a89980]
Event: 12.494 Thread 0x00000162e97eaa20 9113       3       java.lang.invoke.VarHandleGuards::guard_LL_V (123 bytes)
Event: 12.494 Thread 0x00000162c26bef60 9114       3       org.eclipse.osgi.internal.container.KeyBasedLockStore$LockWeakRef::<init> (20 bytes)
Event: 12.495 Thread 0x00000162c26bef60 nmethod 9114 0x00000162edc24110 code [0x00000162edc242c0, 0x00000162edc245a0]
Event: 12.497 Thread 0x00000162cc5159e0 9115       4       com.google.gson.stream.JsonReader::nextQuotedValue (296 bytes)
Event: 12.497 Thread 0x00000162c9d2bee0 9116       1       com.google.gson.stream.JsonReader::getStrictness (5 bytes)
Event: 12.497 Thread 0x00000162c9d2bee0 nmethod 9116 0x00000162f4a8b310 code [0x00000162f4a8b4a0, 0x00000162f4a8b568]
Event: 12.498 Thread 0x00000162e97eaa20 nmethod 9113 0x00000162edc24710 code [0x00000162edc24b40, 0x00000162edc26f50]
Event: 12.498 Thread 0x00000162c9d2bee0 9117   !   3       java.io.InputStream::read (81 bytes)
Event: 12.498 Thread 0x00000162c8e44e00 9118       1       java.lang.Thread::threadId (5 bytes)
Event: 12.498 Thread 0x00000162c8e44e00 nmethod 9118 0x00000162f4a8b610 code [0x00000162f4a8b7a0, 0x00000162f4a8b868]
Event: 12.498 Thread 0x00000162c9d2bee0 nmethod 9117 0x00000162edc27b10 code [0x00000162edc27d20, 0x00000162edc283c0]
Event: 12.500 Thread 0x00000162c26bef60 9119   !   3       org.eclipse.osgi.internal.framework.BundleContextImpl::dispatchEvent (577 bytes)
Event: 12.524 Thread 0x00000162c9d2bee0 9120       3       java.util.concurrent.ForkJoinPool$WorkQueue::getAndSetAccess (12 bytes)
Event: 12.908 Thread 0x00000162e97eaa20 9121   !   3       java.lang.Object::wait (50 bytes)
Event: 12.908 Thread 0x00000162c8e44e00 9122       3       com.google.gson.stream.JsonWriter::beforeName (49 bytes)

GC Heap History (20 events):
Event: 9.877 GC heap before
{Heap before GC invocations=31 (full 2):
 PSYoungGen      total 18432K, used 18240K [0x00000000d5580000, 0x00000000d6980000, 0x0000000100000000)
  eden space 16384K, 100% used [0x00000000d5580000,0x00000000d6580000,0x00000000d6580000)
  from space 2048K, 90% used [0x00000000d6780000,0x00000000d6950000,0x00000000d6980000)
  to   space 2048K, 0% used [0x00000000d6580000,0x00000000d6580000,0x00000000d6780000)
 ParOldGen       total 68608K, used 45117K [0x0000000080000000, 0x0000000084300000, 0x00000000d5580000)
  object space 68608K, 65% used [0x0000000080000000,0x0000000082c0f6b8,0x0000000084300000)
 Metaspace       used 49210K, committed 50624K, reserved 1114112K
  class space    used 5326K, committed 5952K, reserved 1048576K
}
Event: 9.881 GC heap after
{Heap after GC invocations=31 (full 2):
 PSYoungGen      total 18432K, used 1984K [0x00000000d5580000, 0x00000000d6980000, 0x0000000100000000)
  eden space 16384K, 0% used [0x00000000d5580000,0x00000000d5580000,0x00000000d6580000)
  from space 2048K, 96% used [0x00000000d6580000,0x00000000d6770010,0x00000000d6780000)
  to   space 2048K, 0% used [0x00000000d6780000,0x00000000d6780000,0x00000000d6980000)
 ParOldGen       total 68608K, used 46821K [0x0000000080000000, 0x0000000084300000, 0x00000000d5580000)
  object space 68608K, 68% used [0x0000000080000000,0x0000000082db96b8,0x0000000084300000)
 Metaspace       used 49210K, committed 50624K, reserved 1114112K
  class space    used 5326K, committed 5952K, reserved 1048576K
}
Event: 9.982 GC heap before
{Heap before GC invocations=32 (full 2):
 PSYoungGen      total 18432K, used 18368K [0x00000000d5580000, 0x00000000d6980000, 0x0000000100000000)
  eden space 16384K, 100% used [0x00000000d5580000,0x00000000d6580000,0x00000000d6580000)
  from space 2048K, 96% used [0x00000000d6580000,0x00000000d6770010,0x00000000d6780000)
  to   space 2048K, 0% used [0x00000000d6780000,0x00000000d6780000,0x00000000d6980000)
 ParOldGen       total 68608K, used 46821K [0x0000000080000000, 0x0000000084300000, 0x00000000d5580000)
  object space 68608K, 68% used [0x0000000080000000,0x0000000082db96b8,0x0000000084300000)
 Metaspace       used 49293K, committed 50688K, reserved 1114112K
  class space    used 5337K, committed 5952K, reserved 1048576K
}
Event: 9.985 GC heap after
{Heap after GC invocations=32 (full 2):
 PSYoungGen      total 18432K, used 1897K [0x00000000d5580000, 0x00000000d6980000, 0x0000000100000000)
  eden space 16384K, 0% used [0x00000000d5580000,0x00000000d5580000,0x00000000d6580000)
  from space 2048K, 92% used [0x00000000d6780000,0x00000000d695a428,0x00000000d6980000)
  to   space 2048K, 0% used [0x00000000d6580000,0x00000000d6580000,0x00000000d6780000)
 ParOldGen       total 68608K, used 48621K [0x0000000080000000, 0x0000000084300000, 0x00000000d5580000)
  object space 68608K, 70% used [0x0000000080000000,0x0000000082f7b6c8,0x0000000084300000)
 Metaspace       used 49293K, committed 50688K, reserved 1114112K
  class space    used 5337K, committed 5952K, reserved 1048576K
}
Event: 10.262 GC heap before
{Heap before GC invocations=33 (full 2):
 PSYoungGen      total 18432K, used 18217K [0x00000000d5580000, 0x00000000d6980000, 0x0000000100000000)
  eden space 16384K, 99% used [0x00000000d5580000,0x00000000d65701f8,0x00000000d6580000)
  from space 2048K, 92% used [0x00000000d6780000,0x00000000d695a428,0x00000000d6980000)
  to   space 2048K, 0% used [0x00000000d6580000,0x00000000d6580000,0x00000000d6780000)
 ParOldGen       total 68608K, used 48621K [0x0000000080000000, 0x0000000084300000, 0x00000000d5580000)
  object space 68608K, 70% used [0x0000000080000000,0x0000000082f7b6c8,0x0000000084300000)
 Metaspace       used 51494K, committed 52928K, reserved 1114112K
  class space    used 5581K, committed 6208K, reserved 1048576K
}
Event: 10.264 GC heap after
{Heap after GC invocations=33 (full 2):
 PSYoungGen      total 17408K, used 824K [0x00000000d5580000, 0x00000000d6880000, 0x0000000100000000)
  eden space 16384K, 0% used [0x00000000d5580000,0x00000000d5580000,0x00000000d6580000)
  from space 1024K, 80% used [0x00000000d6580000,0x00000000d664e2e8,0x00000000d6680000)
  to   space 1536K, 0% used [0x00000000d6700000,0x00000000d6700000,0x00000000d6880000)
 ParOldGen       total 68608K, used 49981K [0x0000000080000000, 0x0000000084300000, 0x00000000d5580000)
  object space 68608K, 72% used [0x0000000080000000,0x00000000830cf700,0x0000000084300000)
 Metaspace       used 51494K, committed 52928K, reserved 1114112K
  class space    used 5581K, committed 6208K, reserved 1048576K
}
Event: 10.550 GC heap before
{Heap before GC invocations=34 (full 2):
 PSYoungGen      total 17408K, used 17208K [0x00000000d5580000, 0x00000000d6880000, 0x0000000100000000)
  eden space 16384K, 100% used [0x00000000d5580000,0x00000000d6580000,0x00000000d6580000)
  from space 1024K, 80% used [0x00000000d6580000,0x00000000d664e2e8,0x00000000d6680000)
  to   space 1536K, 0% used [0x00000000d6700000,0x00000000d6700000,0x00000000d6880000)
 ParOldGen       total 68608K, used 49981K [0x0000000080000000, 0x0000000084300000, 0x00000000d5580000)
  object space 68608K, 72% used [0x0000000080000000,0x00000000830cf700,0x0000000084300000)
 Metaspace       used 52192K, committed 53568K, reserved 1114112K
  class space    used 5670K, committed 6272K, reserved 1048576K
}
Event: 10.551 GC heap after
{Heap after GC invocations=34 (full 2):
 PSYoungGen      total 16896K, used 416K [0x00000000d5580000, 0x00000000d6780000, 0x0000000100000000)
  eden space 16384K, 0% used [0x00000000d5580000,0x00000000d5580000,0x00000000d6580000)
  from space 512K, 81% used [0x00000000d6700000,0x00000000d6768000,0x00000000d6780000)
  to   space 1024K, 0% used [0x00000000d6580000,0x00000000d6580000,0x00000000d6680000)
 ParOldGen       total 68608K, used 50635K [0x0000000080000000, 0x0000000084300000, 0x00000000d5580000)
  object space 68608K, 73% used [0x0000000080000000,0x0000000083172f90,0x0000000084300000)
 Metaspace       used 52192K, committed 53568K, reserved 1114112K
  class space    used 5670K, committed 6272K, reserved 1048576K
}
Event: 10.856 GC heap before
{Heap before GC invocations=35 (full 2):
 PSYoungGen      total 16896K, used 16649K [0x00000000d5580000, 0x00000000d6780000, 0x0000000100000000)
  eden space 16384K, 99% used [0x00000000d5580000,0x00000000d655a7b0,0x00000000d6580000)
  from space 512K, 81% used [0x00000000d6700000,0x00000000d6768000,0x00000000d6780000)
  to   space 1024K, 0% used [0x00000000d6580000,0x00000000d6580000,0x00000000d6680000)
 ParOldGen       total 68608K, used 50635K [0x0000000080000000, 0x0000000084300000, 0x00000000d5580000)
  object space 68608K, 73% used [0x0000000080000000,0x0000000083172f90,0x0000000084300000)
 Metaspace       used 53586K, committed 54976K, reserved 1114112K
  class space    used 5797K, committed 6400K, reserved 1048576K
}
Event: 10.858 GC heap after
{Heap after GC invocations=35 (full 2):
 PSYoungGen      total 17408K, used 1018K [0x00000000d5580000, 0x00000000d6a80000, 0x0000000100000000)
  eden space 16384K, 0% used [0x00000000d5580000,0x00000000d5580000,0x00000000d6580000)
  from space 1024K, 99% used [0x00000000d6580000,0x00000000d667ebb0,0x00000000d6680000)
  to   space 2560K, 0% used [0x00000000d6800000,0x00000000d6800000,0x00000000d6a80000)
 ParOldGen       total 68608K, used 51593K [0x0000000080000000, 0x0000000084300000, 0x00000000d5580000)
  object space 68608K, 75% used [0x0000000080000000,0x00000000832625e0,0x0000000084300000)
 Metaspace       used 53586K, committed 54976K, reserved 1114112K
  class space    used 5797K, committed 6400K, reserved 1048576K
}
Event: 10.925 GC heap before
{Heap before GC invocations=36 (full 2):
 PSYoungGen      total 17408K, used 17402K [0x00000000d5580000, 0x00000000d6a80000, 0x0000000100000000)
  eden space 16384K, 100% used [0x00000000d5580000,0x00000000d6580000,0x00000000d6580000)
  from space 1024K, 99% used [0x00000000d6580000,0x00000000d667ebb0,0x00000000d6680000)
  to   space 2560K, 0% used [0x00000000d6800000,0x00000000d6800000,0x00000000d6a80000)
 ParOldGen       total 68608K, used 51593K [0x0000000080000000, 0x0000000084300000, 0x00000000d5580000)
  object space 68608K, 75% used [0x0000000080000000,0x00000000832625e0,0x0000000084300000)
 Metaspace       used 53610K, committed 55040K, reserved 1114112K
  class space    used 5797K, committed 6400K, reserved 1048576K
}
Event: 10.927 GC heap after
{Heap after GC invocations=36 (full 2):
 PSYoungGen      total 17920K, used 1332K [0x00000000d5580000, 0x00000000d6980000, 0x0000000100000000)
  eden space 16384K, 0% used [0x00000000d5580000,0x00000000d5580000,0x00000000d6580000)
  from space 1536K, 86% used [0x00000000d6800000,0x00000000d694d048,0x00000000d6980000)
  to   space 2048K, 0% used [0x00000000d6580000,0x00000000d6580000,0x00000000d6780000)
 ParOldGen       total 68608K, used 52546K [0x0000000080000000, 0x0000000084300000, 0x00000000d5580000)
  object space 68608K, 76% used [0x0000000080000000,0x0000000083350bb8,0x0000000084300000)
 Metaspace       used 53610K, committed 55040K, reserved 1114112K
  class space    used 5797K, committed 6400K, reserved 1048576K
}
Event: 11.001 GC heap before
{Heap before GC invocations=37 (full 2):
 PSYoungGen      total 17920K, used 17716K [0x00000000d5580000, 0x00000000d6980000, 0x0000000100000000)
  eden space 16384K, 100% used [0x00000000d5580000,0x00000000d6580000,0x00000000d6580000)
  from space 1536K, 86% used [0x00000000d6800000,0x00000000d694d048,0x00000000d6980000)
  to   space 2048K, 0% used [0x00000000d6580000,0x00000000d6580000,0x00000000d6780000)
 ParOldGen       total 68608K, used 52546K [0x0000000080000000, 0x0000000084300000, 0x00000000d5580000)
  object space 68608K, 76% used [0x0000000080000000,0x0000000083350bb8,0x0000000084300000)
 Metaspace       used 53618K, committed 55040K, reserved 1114112K
  class space    used 5797K, committed 6400K, reserved 1048576K
}
Event: 11.003 GC heap after
{Heap after GC invocations=37 (full 2):
 PSYoungGen      total 17920K, used 1375K [0x00000000d5580000, 0x00000000d6880000, 0x0000000100000000)
  eden space 16384K, 0% used [0x00000000d5580000,0x00000000d5580000,0x00000000d6580000)
  from space 1536K, 89% used [0x00000000d6580000,0x00000000d66d7f58,0x00000000d6700000)
  to   space 1536K, 0% used [0x00000000d6700000,0x00000000d6700000,0x00000000d6880000)
 ParOldGen       total 68608K, used 52795K [0x0000000080000000, 0x0000000084300000, 0x00000000d5580000)
  object space 68608K, 76% used [0x0000000080000000,0x000000008338ef28,0x0000000084300000)
 Metaspace       used 53618K, committed 55040K, reserved 1114112K
  class space    used 5797K, committed 6400K, reserved 1048576K
}
Event: 11.406 GC heap before
{Heap before GC invocations=38 (full 2):
 PSYoungGen      total 17920K, used 17759K [0x00000000d5580000, 0x00000000d6880000, 0x0000000100000000)
  eden space 16384K, 100% used [0x00000000d5580000,0x00000000d6580000,0x00000000d6580000)
  from space 1536K, 89% used [0x00000000d6580000,0x00000000d66d7f58,0x00000000d6700000)
  to   space 1536K, 0% used [0x00000000d6700000,0x00000000d6700000,0x00000000d6880000)
 ParOldGen       total 68608K, used 52795K [0x0000000080000000, 0x0000000084300000, 0x00000000d5580000)
  object space 68608K, 76% used [0x0000000080000000,0x000000008338ef28,0x0000000084300000)
 Metaspace       used 55884K, committed 57344K, reserved 1114112K
  class space    used 6022K, committed 6656K, reserved 1048576K
}
Event: 11.408 GC heap after
{Heap after GC invocations=38 (full 2):
 PSYoungGen      total 17408K, used 704K [0x00000000d5580000, 0x00000000d6800000, 0x0000000100000000)
  eden space 16384K, 0% used [0x00000000d5580000,0x00000000d5580000,0x00000000d6580000)
  from space 1024K, 68% used [0x00000000d6700000,0x00000000d67b0000,0x00000000d6800000)
  to   space 1024K, 0% used [0x00000000d6600000,0x00000000d6600000,0x00000000d6700000)
 ParOldGen       total 68608K, used 52811K [0x0000000080000000, 0x0000000084300000, 0x00000000d5580000)
  object space 68608K, 76% used [0x0000000080000000,0x0000000083392f28,0x0000000084300000)
 Metaspace       used 55884K, committed 57344K, reserved 1114112K
  class space    used 6022K, committed 6656K, reserved 1048576K
}
Event: 11.854 GC heap before
{Heap before GC invocations=39 (full 2):
 PSYoungGen      total 17408K, used 17088K [0x00000000d5580000, 0x00000000d6800000, 0x0000000100000000)
  eden space 16384K, 100% used [0x00000000d5580000,0x00000000d6580000,0x00000000d6580000)
  from space 1024K, 68% used [0x00000000d6700000,0x00000000d67b0000,0x00000000d6800000)
  to   space 1024K, 0% used [0x00000000d6600000,0x00000000d6600000,0x00000000d6700000)
 ParOldGen       total 68608K, used 52811K [0x0000000080000000, 0x0000000084300000, 0x00000000d5580000)
  object space 68608K, 76% used [0x0000000080000000,0x0000000083392f28,0x0000000084300000)
 Metaspace       used 56199K, committed 57728K, reserved 1114112K
  class space    used 6053K, committed 6720K, reserved 1048576K
}
Event: 11.856 GC heap after
{Heap after GC invocations=39 (full 2):
 PSYoungGen      total 16896K, used 512K [0x00000000d5580000, 0x00000000d6780000, 0x0000000100000000)
  eden space 16384K, 0% used [0x00000000d5580000,0x00000000d5580000,0x00000000d6580000)
  from space 512K, 100% used [0x00000000d6600000,0x00000000d6680000,0x00000000d6680000)
  to   space 1024K, 0% used [0x00000000d6680000,0x00000000d6680000,0x00000000d6780000)
 ParOldGen       total 68608K, used 53248K [0x0000000080000000, 0x0000000084300000, 0x00000000d5580000)
  object space 68608K, 77% used [0x0000000080000000,0x0000000083400060,0x0000000084300000)
 Metaspace       used 56199K, committed 57728K, reserved 1114112K
  class space    used 6053K, committed 6720K, reserved 1048576K
}
Event: 12.358 GC heap before
{Heap before GC invocations=40 (full 2):
 PSYoungGen      total 16896K, used 16896K [0x00000000d5580000, 0x00000000d6780000, 0x0000000100000000)
  eden space 16384K, 100% used [0x00000000d5580000,0x00000000d6580000,0x00000000d6580000)
  from space 512K, 100% used [0x00000000d6600000,0x00000000d6680000,0x00000000d6680000)
  to   space 1024K, 0% used [0x00000000d6680000,0x00000000d6680000,0x00000000d6780000)
 ParOldGen       total 68608K, used 53248K [0x0000000080000000, 0x0000000084300000, 0x00000000d5580000)
  object space 68608K, 77% used [0x0000000080000000,0x0000000083400060,0x0000000084300000)
 Metaspace       used 56470K, committed 57920K, reserved 1114112K
  class space    used 6062K, committed 6720K, reserved 1048576K
}
Event: 12.368 GC heap after
{Heap after GC invocations=40 (full 2):
 PSYoungGen      total 17408K, used 576K [0x00000000d5580000, 0x00000000d6780000, 0x0000000100000000)
  eden space 16384K, 0% used [0x00000000d5580000,0x00000000d5580000,0x00000000d6580000)
  from space 1024K, 56% used [0x00000000d6680000,0x00000000d6710000,0x00000000d6780000)
  to   space 1024K, 0% used [0x00000000d6580000,0x00000000d6580000,0x00000000d6680000)
 ParOldGen       total 68608K, used 53456K [0x0000000080000000, 0x0000000084300000, 0x00000000d5580000)
  object space 68608K, 77% used [0x0000000080000000,0x0000000083434060,0x0000000084300000)
 Metaspace       used 56470K, committed 57920K, reserved 1114112K
  class space    used 6062K, committed 6720K, reserved 1048576K
}

Dll operation events (10 events):
Event: 0.013 Loaded shared library c:\Users\malin\.antigravity\extensions\redhat.java-1.54.0-win32-x64\jre\21.0.10-win32-x86_64\bin\java.dll
Event: 0.081 Loaded shared library c:\Users\malin\.antigravity\extensions\redhat.java-1.54.0-win32-x64\jre\21.0.10-win32-x86_64\bin\zip.dll
Event: 0.101 Loaded shared library C:\Users\malin\.antigravity\extensions\redhat.java-1.54.0-win32-x64\jre\21.0.10-win32-x86_64\bin\instrument.dll
Event: 0.108 Loaded shared library C:\Users\malin\.antigravity\extensions\redhat.java-1.54.0-win32-x64\jre\21.0.10-win32-x86_64\bin\net.dll
Event: 0.110 Loaded shared library C:\Users\malin\.antigravity\extensions\redhat.java-1.54.0-win32-x64\jre\21.0.10-win32-x86_64\bin\nio.dll
Event: 0.113 Loaded shared library C:\Users\malin\.antigravity\extensions\redhat.java-1.54.0-win32-x64\jre\21.0.10-win32-x86_64\bin\zip.dll
Event: 0.132 Loaded shared library C:\Users\malin\.antigravity\extensions\redhat.java-1.54.0-win32-x64\jre\21.0.10-win32-x86_64\bin\jimage.dll
Event: 0.205 Loaded shared library c:\Users\malin\.antigravity\extensions\redhat.java-1.54.0-win32-x64\jre\21.0.10-win32-x86_64\bin\verify.dll
Event: 1.224 Loaded shared library C:\Users\malin\AppData\Roaming\Antigravity\User\globalStorage\redhat.java\1.54.0\config_win\org.eclipse.equinox.launcher\org.eclipse.equinox.launcher.win32.win32.x86_64_1.3.0.v20260203-2149\eclipse_11919.dll
Event: 4.054 Loaded shared library C:\Users\malin\AppData\Local\Temp\jna-103660669\jna15466651033990116567.dll

Deoptimization events (20 events):
Event: 12.476 Thread 0x00000162ca1d6190 Uncommon trap: trap_request=0xffffff45 fr.pc=0x00000162f4591fe4 relative=0x0000000000000764
Event: 12.476 Thread 0x00000162ca1d6190 Uncommon trap: reason=unstable_if action=reinterpret pc=0x00000162f4591fe4 method=com.google.gson.internal.LinkedTreeMap.put(Ljava/lang/Object;Ljava/lang/Object;)Ljava/lang/Object; @ 15 c2
Event: 12.476 Thread 0x00000162ca1d6190 DEOPT PACKING pc=0x00000162f4591fe4 sp=0x0000002e66afe7b0
Event: 12.476 Thread 0x00000162ca1d6190 DEOPT UNPACKING pc=0x00000162f3dd3aa2 sp=0x0000002e66afe770 mode 2
Event: 12.480 Thread 0x00000162ca1d6190 Uncommon trap: trap_request=0xffffff45 fr.pc=0x00000162f491c1cc relative=0x00000000000007ec
Event: 12.480 Thread 0x00000162ca1d6190 Uncommon trap: reason=unstable_if action=reinterpret pc=0x00000162f491c1cc method=java.util.ArrayList.equals(Ljava/lang/Object;)Z @ 27 c2
Event: 12.480 Thread 0x00000162ca1d6190 DEOPT PACKING pc=0x00000162f491c1cc sp=0x0000002e66afec10
Event: 12.480 Thread 0x00000162ca1d6190 DEOPT UNPACKING pc=0x00000162f3dd3aa2 sp=0x0000002e66afebc8 mode 2
Event: 12.496 Thread 0x00000162cc525f20 Uncommon trap: trap_request=0xffffff45 fr.pc=0x00000162f46f447c relative=0x000000000000071c
Event: 12.497 Thread 0x00000162cc525f20 Uncommon trap: reason=unstable_if action=reinterpret pc=0x00000162f46f447c method=org.eclipse.osgi.internal.framework.BundleContextImpl.setContextFinder()Ljava/lang/Object; @ 36 c2
Event: 12.497 Thread 0x00000162cc525f20 DEOPT PACKING pc=0x00000162f46f447c sp=0x0000002e672fdd10
Event: 12.497 Thread 0x00000162cc525f20 DEOPT UNPACKING pc=0x00000162f3dd3aa2 sp=0x0000002e672fdc38 mode 2
Event: 12.497 Thread 0x00000162cc525f20 Uncommon trap: trap_request=0xffffff45 fr.pc=0x00000162f46f25c4 relative=0x0000000000000284
Event: 12.497 Thread 0x00000162cc525f20 Uncommon trap: reason=unstable_if action=reinterpret pc=0x00000162f46f25c4 method=org.eclipse.osgi.internal.framework.BundleContextImpl.setContextFinder()Ljava/lang/Object; @ 36 c2
Event: 12.497 Thread 0x00000162cc525f20 DEOPT PACKING pc=0x00000162f46f25c4 sp=0x0000002e672fdc70
Event: 12.497 Thread 0x00000162cc525f20 DEOPT UNPACKING pc=0x00000162f3dd3aa2 sp=0x0000002e672fdc28 mode 2
Event: 12.499 Thread 0x00000162cc528680 Uncommon trap: trap_request=0xffffff45 fr.pc=0x00000162f4798680 relative=0x0000000000006260
Event: 12.499 Thread 0x00000162cc528680 Uncommon trap: reason=unstable_if action=reinterpret pc=0x00000162f4798680 method=java.util.concurrent.locks.ReentrantLock$Sync.lock()V @ 4 c2
Event: 12.499 Thread 0x00000162cc528680 DEOPT PACKING pc=0x00000162f4798680 sp=0x0000002e678fda90
Event: 12.499 Thread 0x00000162cc528680 DEOPT UNPACKING pc=0x00000162f3dd3aa2 sp=0x0000002e678fd818 mode 2

Classes loaded (20 events):
Event: 11.304 Loading class java/util/WeakHashMap$KeyIterator
Event: 11.304 Loading class java/util/WeakHashMap$KeyIterator done
Event: 11.326 Loading class java/util/stream/ReferencePipeline$4
Event: 11.326 Loading class java/util/stream/ReferencePipeline$4 done
Event: 11.327 Loading class java/util/stream/Nodes$IntFixedNodeBuilder
Event: 11.327 Loading class java/util/stream/Node$Builder$OfInt
Event: 11.327 Loading class java/util/stream/Node$Builder$OfInt done
Event: 11.327 Loading class java/util/stream/Nodes$IntArrayNode
Event: 11.327 Loading class java/util/stream/Nodes$IntArrayNode done
Event: 11.327 Loading class java/util/stream/Nodes$IntFixedNodeBuilder done
Event: 11.327 Loading class java/util/stream/ReferencePipeline$4$1
Event: 11.327 Loading class java/util/stream/ReferencePipeline$4$1 done
Event: 12.490 Loading class java/util/concurrent/CompletableFuture$UniApply
Event: 12.490 Loading class java/util/concurrent/CompletableFuture$UniCompletion
Event: 12.490 Loading class java/util/concurrent/CompletableFuture$UniCompletion done
Event: 12.490 Loading class java/util/concurrent/CompletableFuture$UniApply done
Event: 12.492 Loading class java/util/concurrent/CompletableFuture$UniAccept
Event: 12.492 Loading class java/util/concurrent/CompletableFuture$UniAccept done
Event: 12.493 Loading class java/util/concurrent/CompletableFuture$UniExceptionally
Event: 12.493 Loading class java/util/concurrent/CompletableFuture$UniExceptionally done

Classes unloaded (7 events):
Event: 4.411 Thread 0x00000162c11e0b90 Unloading class 0x00000162811acc00 'java/lang/invoke/LambdaForm$MH+0x00000162811acc00'
Event: 4.411 Thread 0x00000162c11e0b90 Unloading class 0x00000162811ac800 'java/lang/invoke/LambdaForm$MH+0x00000162811ac800'
Event: 4.411 Thread 0x00000162c11e0b90 Unloading class 0x00000162811ac400 'java/lang/invoke/LambdaForm$MH+0x00000162811ac400'
Event: 4.411 Thread 0x00000162c11e0b90 Unloading class 0x00000162811ac000 'java/lang/invoke/LambdaForm$MH+0x00000162811ac000'
Event: 4.411 Thread 0x00000162c11e0b90 Unloading class 0x00000162811abc00 'java/lang/invoke/LambdaForm$BMH+0x00000162811abc00'
Event: 4.411 Thread 0x00000162c11e0b90 Unloading class 0x00000162811ab800 'java/lang/invoke/LambdaForm$DMH+0x00000162811ab800'
Event: 4.411 Thread 0x00000162c11e0b90 Unloading class 0x00000162811aa400 'java/lang/invoke/LambdaForm$DMH+0x00000162811aa400'

Classes redefined (0 events):
No events

Internal exceptions (20 events):
Event: 8.562 Thread 0x00000162c9508d50 Exception <a 'sun/nio/fs/WindowsException'{0x00000000d64e5ff8}> (0x00000000d64e5ff8) 
thrown [s\src\hotspot\share\prims\jni.cpp, line 520]
Event: 8.562 Thread 0x00000162c9508d50 Exception <a 'sun/nio/fs/WindowsException'{0x00000000d64e9f38}> (0x00000000d64e9f38) 
thrown [s\src\hotspot\share\prims\jni.cpp, line 520]
Event: 8.562 Thread 0x00000162c9508d50 Exception <a 'sun/nio/fs/WindowsException'{0x00000000d64ea690}> (0x00000000d64ea690) 
thrown [s\src\hotspot\share\prims\jni.cpp, line 520]
Event: 8.562 Thread 0x00000162c9508d50 Exception <a 'sun/nio/fs/WindowsException'{0x00000000d64eb0a8}> (0x00000000d64eb0a8) 
thrown [s\src\hotspot\share\prims\jni.cpp, line 520]
Event: 8.562 Thread 0x00000162c9508d50 Exception <a 'sun/nio/fs/WindowsException'{0x00000000d64eb820}> (0x00000000d64eb820) 
thrown [s\src\hotspot\share\prims\jni.cpp, line 520]
Event: 9.099 Thread 0x00000162ca1d6190 Exception <a 'java/lang/NoSuchMethodError'{0x00000000d5d73c40}: 'java.lang.Object java.lang.invoke.DelegatingMethodHandle$Holder.reinvoke_L(java.lang.Object, int, long, java.lang.Object, java.lang.Object, int, java.lang.Object)'> (0x00000000d5d73c40) 
thrown [s\src\hotspot\share\interpreter\linkResolver.cpp, line 773]
Event: 10.136 Thread 0x00000162ca1d6190 Exception <a 'java/lang/NoSuchMethodError'{0x00000000d5e65ee8}: 'java.lang.Object java.lang.invoke.DirectMethodHandle$Holder.invokeVirtual(java.lang.Object, java.lang.Object, int)'> (0x00000000d5e65ee8) 
thrown [s\src\hotspot\share\interpreter\linkResolver.cpp, line 773]
Event: 11.275 Thread 0x00000162ca1d6190 Exception <a 'java/io/FileNotFoundException'{0x00000000d62879e8}> (0x00000000d62879e8) 
thrown [s\src\hotspot\share\prims\jni.cpp, line 520]
Event: 11.275 Thread 0x00000162ca1d6190 Exception <a 'java/io/FileNotFoundException'{0x00000000d6288a18}> (0x00000000d6288a18) 
thrown [s\src\hotspot\share\prims\jni.cpp, line 520]
Event: 11.566 Thread 0x00000162ca1d6190 Exception <a 'java/lang/NoSuchMethodError'{0x00000000d5ae5408}: 'java.lang.Object java.lang.invoke.DirectMethodHandle$Holder.invokeStatic(java.lang.Object, java.lang.Object, int, int)'> (0x00000000d5ae5408) 
thrown [s\src\hotspot\share\interpreter\linkResolver.cpp, line 773]
Event: 11.567 Thread 0x00000162ca1d6190 Exception <a 'java/lang/NoSuchMethodError'{0x00000000d5ae9718}: 'java.lang.Object java.lang.invoke.DirectMethodHandle$Holder.invokeSpecial(java.lang.Object, java.lang.Object, java.lang.Object, int, int)'> (0x00000000d5ae9718) 
thrown [s\src\hotspot\share\interpreter\linkResolver.cpp, line 773]
Event: 12.483 Thread 0x00000162ca1d6190 Exception <a 'sun/nio/fs/WindowsException'{0x00000000d5932df8}> (0x00000000d5932df8) 
thrown [s\src\hotspot\share\prims\jni.cpp, line 520]
Event: 12.483 Thread 0x00000162ca1d6190 Exception <a 'sun/nio/fs/WindowsException'{0x00000000d5933510}> (0x00000000d5933510) 
thrown [s\src\hotspot\share\prims\jni.cpp, line 520]
Event: 12.484 Thread 0x00000162ca1d6190 Exception <a 'sun/nio/fs/WindowsException'{0x00000000d5936850}> (0x00000000d5936850) 
thrown [s\src\hotspot\share\prims\jni.cpp, line 520]
Event: 12.484 Thread 0x00000162ca1d6190 Exception <a 'sun/nio/fs/WindowsException'{0x00000000d5936f68}> (0x00000000d5936f68) 
thrown [s\src\hotspot\share\prims\jni.cpp, line 520]
Event: 12.485 Thread 0x00000162ca1d6190 Exception <a 'sun/nio/fs/WindowsException'{0x00000000d59381a0}> (0x00000000d59381a0) 
thrown [s\src\hotspot\share\prims\jni.cpp, line 520]
Event: 12.485 Thread 0x00000162ca1d6190 Exception <a 'sun/nio/fs/WindowsException'{0x00000000d5938828}> (0x00000000d5938828) 
thrown [s\src\hotspot\share\prims\jni.cpp, line 520]
Event: 12.485 Thread 0x00000162ca1d6190 Exception <a 'sun/nio/fs/WindowsException'{0x00000000d5939540}> (0x00000000d5939540) 
thrown [s\src\hotspot\share\prims\jni.cpp, line 520]
Event: 12.485 Thread 0x00000162ca1d6190 Exception <a 'sun/nio/fs/WindowsException'{0x00000000d5939bc8}> (0x00000000d5939bc8) 
thrown [s\src\hotspot\share\prims\jni.cpp, line 520]
Event: 12.488 Thread 0x00000162ca1d6190 Exception <a 'java/lang/IncompatibleClassChangeError'{0x00000000d59580d0}: Found class java.lang.Object, but interface was expected> (0x00000000d59580d0) 
thrown [s\src\hotspot\share\interpreter\linkResolver.cpp, line 840]

ZGC Phase Switch (0 events):
No events

VM Operations (20 events):
Event: 10.264 Executing safepoint VM operation: ParallelGCFailedAllocation (Allocation Failure) done
Event: 10.550 Executing safepoint VM operation: ParallelGCFailedAllocation (Allocation Failure)
Event: 10.551 Executing safepoint VM operation: ParallelGCFailedAllocation (Allocation Failure) done
Event: 10.856 Executing safepoint VM operation: ParallelGCFailedAllocation (Allocation Failure)
Event: 10.858 Executing safepoint VM operation: ParallelGCFailedAllocation (Allocation Failure) done
Event: 10.924 Executing safepoint VM operation: ParallelGCFailedAllocation (Allocation Failure)
Event: 10.927 Executing safepoint VM operation: ParallelGCFailedAllocation (Allocation Failure) done
Event: 11.001 Executing safepoint VM operation: ParallelGCFailedAllocation (Allocation Failure)
Event: 11.003 Executing safepoint VM operation: ParallelGCFailedAllocation (Allocation Failure) done
Event: 11.098 Executing non-safepoint VM operation: HandshakeAllThreads (Deoptimize)
Event: 11.098 Executing non-safepoint VM operation: HandshakeAllThreads (Deoptimize) done
Event: 11.406 Executing safepoint VM operation: ParallelGCFailedAllocation (Allocation Failure)
Event: 11.408 Executing safepoint VM operation: ParallelGCFailedAllocation (Allocation Failure) done
Event: 11.747 Executing safepoint VM operation: ICBufferFull
Event: 11.747 Executing safepoint VM operation: ICBufferFull done
Event: 11.854 Executing safepoint VM operation: ParallelGCFailedAllocation (Allocation Failure)
Event: 11.856 Executing safepoint VM operation: ParallelGCFailedAllocation (Allocation Failure) done
Event: 12.358 Executing safepoint VM operation: ParallelGCFailedAllocation (Allocation Failure)
Event: 12.368 Executing safepoint VM operation: ParallelGCFailedAllocation (Allocation Failure) done
Event: 13.368 Executing safepoint VM operation: Cleanup

Memory protections (0 events):
No events

Nmethod flushes (20 events):
Event: 5.462 Thread 0x00000162c11e0b90 flushing  nmethod 0x00000162ed029b10
Event: 5.462 Thread 0x00000162c11e0b90 flushing  nmethod 0x00000162ed029f10
Event: 5.462 Thread 0x00000162c11e0b90 flushing  nmethod 0x00000162ed02a810
Event: 5.462 Thread 0x00000162c11e0b90 flushing  nmethod 0x00000162ed02ba10
Event: 5.462 Thread 0x00000162c11e0b90 flushing  nmethod 0x00000162ed02c690
Event: 5.462 Thread 0x00000162c11e0b90 flushing  nmethod 0x00000162ed02e390
Event: 5.462 Thread 0x00000162c11e0b90 flushing  nmethod 0x00000162ed02f410
Event: 5.462 Thread 0x00000162c11e0b90 flushing  nmethod 0x00000162ed02f810
Event: 5.462 Thread 0x00000162c11e0b90 flushing  nmethod 0x00000162ed02fc90
Event: 5.462 Thread 0x00000162c11e0b90 flushing  nmethod 0x00000162ed030990
Event: 5.462 Thread 0x00000162c11e0b90 flushing  nmethod 0x00000162ed032f10
Event: 5.462 Thread 0x00000162c11e0b90 flushing  nmethod 0x00000162ed033610
Event: 5.462 Thread 0x00000162c11e0b90 flushing  nmethod 0x00000162ed07af10
Event: 5.462 Thread 0x00000162c11e0b90 flushing  nmethod 0x00000162ed07e090
Event: 5.462 Thread 0x00000162c11e0b90 flushing  nmethod 0x00000162ed09e390
Event: 5.462 Thread 0x00000162c11e0b90 flushing  nmethod 0x00000162ed10a410
Event: 5.462 Thread 0x00000162c11e0b90 flushing  nmethod 0x00000162ed11d810
Event: 5.462 Thread 0x00000162c11e0b90 flushing  nmethod 0x00000162ed11ed10
Event: 5.462 Thread 0x00000162c11e0b90 flushing  nmethod 0x00000162ed149c10
Event: 5.462 Thread 0x00000162c11e0b90 flushing  nmethod 0x00000162ed178590

Events (20 events):
Event: 9.372 Thread 0x00000162cc514c40 Thread added: 0x00000162cc515310
Event: 9.378 Thread 0x00000162c91aa580 Thread added: 0x00000162cc5159e0
Event: 9.410 Thread 0x00000162cc5159e0 Thread added: 0x00000162cc5137d0
Event: 10.337 Thread 0x00000162cc5137d0 Thread exited: 0x00000162cc5137d0
Event: 10.338 Thread 0x00000162cc5159e0 Thread exited: 0x00000162cc5159e0
Event: 10.435 Thread 0x00000162cc515310 Thread exited: 0x00000162cc515310
Event: 10.521 Thread 0x00000162cc514c40 Thread exited: 0x00000162cc514c40
Event: 10.528 Thread 0x00000162c91aac30 Thread exited: 0x00000162c91aac30
Event: 10.528 Thread 0x00000162c91aa580 Thread exited: 0x00000162c91aa580
Event: 10.528 Thread 0x00000162c91a9ed0 Thread exited: 0x00000162c91a9ed0
Event: 10.865 Thread 0x00000162c9d2bee0 Thread added: 0x00000162cc515310
Event: 10.886 Thread 0x00000162c25bd020 Thread added: 0x00000162cc5159e0
Event: 10.910 Thread 0x00000162c8e44e00 Thread added: 0x00000162cc514c40
Event: 10.932 Thread 0x00000162c9d2bee0 Thread added: 0x00000162cc516780
Event: 10.949 Thread 0x00000162c26bef60 Thread added: 0x00000162cc516e50
Event: 10.961 Thread 0x00000162c25bd020 Thread added: 0x00000162cc5137d0
Event: 11.145 Thread 0x00000162cc5137d0 Thread exited: 0x00000162cc5137d0
Event: 11.145 Thread 0x00000162cc516e50 Thread exited: 0x00000162cc516e50
Event: 12.000 Thread 0x00000162c26bef60 Thread added: 0x00000162cf2ca550
Event: 12.271 Thread 0x00000162e97eaa20 Thread added: 0x00000162cf2cb2f0


Dynamic libraries:
0x00007ff63db40000 - 0x00007ff63db4e000 	c:\Users\malin\.antigravity\extensions\redhat.java-1.54.0-win32-x64\jre\21.0.10-win32-x86_64\bin\java.exe
0x00007ff854300000 - 0x00007ff854567000 	C:\WINDOWS\SYSTEM32\ntdll.dll
0x00007ff8537d0000 - 0x00007ff853899000 	C:\WINDOWS\System32\KERNEL32.DLL
0x00007ff8516d0000 - 0x00007ff851ac4000 	C:\WINDOWS\System32\KERNELBASE.dll
0x00007ff851ad0000 - 0x00007ff851c1b000 	C:\WINDOWS\System32\ucrtbase.dll
0x00007ff826800000 - 0x00007ff826818000 	c:\Users\malin\.antigravity\extensions\redhat.java-1.54.0-win32-x64\jre\21.0.10-win32-x86_64\bin\jli.dll
0x00007ff825b90000 - 0x00007ff825bae000 	c:\Users\malin\.antigravity\extensions\redhat.java-1.54.0-win32-x64\jre\21.0.10-win32-x86_64\bin\VCRUNTIME140.dll
0x00007ff8533b0000 - 0x00007ff853575000 	C:\WINDOWS\System32\USER32.dll
0x00007ff8417d0000 - 0x00007ff841a63000 	C:\WINDOWS\WinSxS\amd64_microsoft.windows.common-controls_6595b64144ccf1df_6.0.26100.8115_none_3e075c82e3354f9c\COMCTL32.dll
0x00007ff854210000 - 0x00007ff8542b9000 	C:\WINDOWS\System32\msvcrt.dll
0x00007ff851c20000 - 0x00007ff851c47000 	C:\WINDOWS\System32\win32u.dll
0x00007ff852c80000 - 0x00007ff852cab000 	C:\WINDOWS\System32\GDI32.dll
0x00007ff8515a0000 - 0x00007ff8516cb000 	C:\WINDOWS\System32\gdi32full.dll
0x00007ff850bd0000 - 0x00007ff850c73000 	C:\WINDOWS\System32\msvcp_win.dll
0x00007ff8535f0000 - 0x00007ff853622000 	C:\WINDOWS\System32\IMM32.DLL
0x00007ff83ad80000 - 0x00007ff83ad8c000 	c:\Users\malin\.antigravity\extensions\redhat.java-1.54.0-win32-x64\jre\21.0.10-win32-x86_64\bin\vcruntime140_1.dll
0x00007ff804080000 - 0x00007ff80410d000 	c:\Users\malin\.antigravity\extensions\redhat.java-1.54.0-win32-x64\jre\21.0.10-win32-x86_64\bin\msvcp140.dll
0x00007fffc46b0000 - 0x00007fffc5451000 	c:\Users\malin\.antigravity\extensions\redhat.java-1.54.0-win32-x64\jre\21.0.10-win32-x86_64\bin\server\jvm.dll
0x00007ff854150000 - 0x00007ff854206000 	C:\WINDOWS\System32\ADVAPI32.dll
0x00007ff852d00000 - 0x00007ff852da7000 	C:\WINDOWS\System32\sechost.dll
0x00007ff852aa0000 - 0x00007ff852bb8000 	C:\WINDOWS\System32\RPCRT4.dll
0x00007ff853ee0000 - 0x00007ff853f60000 	C:\WINDOWS\System32\WS2_32.dll
0x00007ff850a30000 - 0x00007ff850a8e000 	C:\WINDOWS\SYSTEM32\POWRPROF.dll
0x00007ff84b3c0000 - 0x00007ff84b3cb000 	C:\WINDOWS\SYSTEM32\VERSION.dll
0x00007ff84aac0000 - 0x00007ff84aaf6000 	C:\WINDOWS\SYSTEM32\WINMM.dll
0x00007ff850a10000 - 0x00007ff850a24000 	C:\WINDOWS\SYSTEM32\UMPDC.dll
0x00007ff84f8a0000 - 0x00007ff84f8bb000 	C:\WINDOWS\SYSTEM32\kernel.appcore.dll
0x00007ff82a1e0000 - 0x00007ff82a1ea000 	c:\Users\malin\.antigravity\extensions\redhat.java-1.54.0-win32-x64\jre\21.0.10-win32-x86_64\bin\jimage.dll
0x00007ff846a00000 - 0x00007ff846c42000 	C:\WINDOWS\SYSTEM32\DBGHELP.DLL
0x00007ff853020000 - 0x00007ff8533a2000 	C:\WINDOWS\System32\combase.dll
0x00007ff852890000 - 0x00007ff852968000 	C:\WINDOWS\System32\OLEAUT32.dll
0x00007ff83aa00000 - 0x00007ff83aa3b000 	C:\WINDOWS\SYSTEM32\dbgcore.DLL
0x00007ff850c80000 - 0x00007ff850d25000 	C:\WINDOWS\System32\bcryptPrimitives.dll
0x00007ff826900000 - 0x00007ff82690f000 	c:\Users\malin\.antigravity\extensions\redhat.java-1.54.0-win32-x64\jre\21.0.10-win32-x86_64\bin\instrument.dll
0x00007ff822ae0000 - 0x00007ff822b00000 	c:\Users\malin\.antigravity\extensions\redhat.java-1.54.0-win32-x64\jre\21.0.10-win32-x86_64\bin\java.dll
0x00007ff852090000 - 0x00007ff8527f7000 	C:\WINDOWS\System32\SHELL32.dll
0x00007ff851c50000 - 0x00007ff851dba000 	C:\WINDOWS\System32\wintypes.dll
0x00007ff850d30000 - 0x00007ff851598000 	C:\WINDOWS\System32\windows.storage.dll
0x00007ff852db0000 - 0x00007ff852ea8000 	C:\WINDOWS\System32\SHCORE.dll
0x00007ff853580000 - 0x00007ff8535e6000 	C:\WINDOWS\System32\shlwapi.dll
0x00007ff850af0000 - 0x00007ff850b19000 	C:\WINDOWS\SYSTEM32\profapi.dll
0x00007ff81d570000 - 0x00007ff81d588000 	c:\Users\malin\.antigravity\extensions\redhat.java-1.54.0-win32-x64\jre\21.0.10-win32-x86_64\bin\zip.dll
0x00007ff826260000 - 0x00007ff826270000 	C:\Users\malin\.antigravity\extensions\redhat.java-1.54.0-win32-x64\jre\21.0.10-win32-x86_64\bin\net.dll
0x00007ff84a780000 - 0x00007ff84a8ad000 	C:\WINDOWS\SYSTEM32\WINHTTP.dll
0x00007ff84fed0000 - 0x00007ff84ff3c000 	C:\WINDOWS\system32\mswsock.dll
0x00007ff81a480000 - 0x00007ff81a496000 	C:\Users\malin\.antigravity\extensions\redhat.java-1.54.0-win32-x64\jre\21.0.10-win32-x86_64\bin\nio.dll
0x00007ff825e20000 - 0x00007ff825e30000 	c:\Users\malin\.antigravity\extensions\redhat.java-1.54.0-win32-x64\jre\21.0.10-win32-x86_64\bin\verify.dll
0x00007fffeb140000 - 0x00007fffeb185000 	C:\Users\malin\AppData\Roaming\Antigravity\User\globalStorage\redhat.java\1.54.0\config_win\org.eclipse.equinox.launcher\org.eclipse.equinox.launcher.win32.win32.x86_64_1.3.0.v20260203-2149\eclipse_11919.dll
0x00007ff853630000 - 0x00007ff8537c7000 	C:\WINDOWS\System32\ole32.dll
0x00007ff8501b0000 - 0x00007ff8501cb000 	C:\WINDOWS\SYSTEM32\CRYPTSP.dll
0x00007ff84f8c0000 - 0x00007ff84f8f9000 	C:\WINDOWS\system32\rsaenh.dll
0x00007ff84ff80000 - 0x00007ff84ffb3000 	C:\WINDOWS\SYSTEM32\USERENV.dll
0x00007ff850ac0000 - 0x00007ff850aea000 	C:\WINDOWS\SYSTEM32\bcrypt.dll
0x00007ff8501d0000 - 0x00007ff8501dc000 	C:\WINDOWS\SYSTEM32\CRYPTBASE.dll
0x00007ff84f300000 - 0x00007ff84f332000 	C:\WINDOWS\SYSTEM32\IPHLPAPI.DLL
0x00007ff853ed0000 - 0x00007ff853eda000 	C:\WINDOWS\System32\NSI.dll
0x00007fffeafa0000 - 0x00007fffeafe9000 	C:\Users\malin\AppData\Local\Temp\jna-103660669\jna15466651033990116567.dll
0x00007ff852970000 - 0x00007ff852978000 	C:\WINDOWS\System32\PSAPI.DLL
0x00007ff84aaa0000 - 0x00007ff84aabd000 	C:\WINDOWS\SYSTEM32\dhcpcsvc6.DLL
0x00007ff84a750000 - 0x00007ff84a775000 	C:\WINDOWS\SYSTEM32\dhcpcsvc.DLL

JVMTI agents:
c:\Users\malin\.antigravity\extensions\redhat.java-1.54.0-win32-x64\lombok\lombok-1.18.39-4050.jar path:c:\Users\malin\.antigravity\extensions\redhat.java-1.54.0-win32-x64\jre\21.0.10-win32-x86_64\bin\instrument.dll, loaded, initialized, instrumentlib options:none

dbghelp: loaded successfully - version: 4.0.5 - missing functions: none
symbol engine: initialized successfully - sym options: 0x614 - pdb path: .;c:\Users\malin\.antigravity\extensions\redhat.java-1.54.0-win32-x64\jre\21.0.10-win32-x86_64\bin;C:\WINDOWS\SYSTEM32;C:\WINDOWS\WinSxS\amd64_microsoft.windows.common-controls_6595b64144ccf1df_6.0.26100.8115_none_3e075c82e3354f9c;c:\Users\malin\.antigravity\extensions\redhat.java-1.54.0-win32-x64\jre\21.0.10-win32-x86_64\bin\server;C:\Users\malin\AppData\Roaming\Antigravity\User\globalStorage\redhat.java\1.54.0\config_win\org.eclipse.equinox.launcher\org.eclipse.equinox.launcher.win32.win32.x86_64_1.3.0.v20260203-2149;C:\Users\malin\AppData\Local\Temp\jna-103660669

VM Arguments:
jvm_args: --add-modules=ALL-SYSTEM --add-opens=java.base/java.util=ALL-UNNAMED --add-opens=java.base/java.lang=ALL-UNNAMED --add-opens=java.base/sun.nio.fs=ALL-UNNAMED -Declipse.application=org.eclipse.jdt.ls.core.id1 -Dosgi.bundles.defaultStartLevel=4 -Declipse.product=org.eclipse.jdt.ls.core.product -Djava.import.generatesMetadataFilesAtProjectRoot=false -DDetectVMInstallationsJob.disabled=true -Dfile.encoding=utf8 -XX:+UseParallelGC -XX:GCTimeRatio=4 -XX:AdaptiveSizePolicyWeight=90 -Dsun.zip.disableMemoryMapping=true -Xmx2G -Xms100m -Xlog:disable -javaagent:c:\Users\malin\.antigravity\extensions\redhat.java-1.54.0-win32-x64\lombok\lombok-1.18.39-4050.jar -XX:+HeapDumpOnOutOfMemoryError -XX:HeapDumpPath=c:\Users\malin\AppData\Roaming\Antigravity\User\workspaceStorage\7da6816d25600c1ce73892a0ef44c29d\redhat.java -Daether.dependencyCollector.impl=bf 
java_command: c:\Users\malin\.antigravity\extensions\redhat.java-1.54.0-win32-x64\server\plugins\org.eclipse.equinox.launcher_1.7.100.v20251111-0406.jar -configuration c:\Users\malin\AppData\Roaming\Antigravity\User\globalStorage\redhat.java\1.54.0\config_win -data c:\Users\malin\AppData\Roaming\Antigravity\User\workspaceStorage\7da6816d25600c1ce73892a0ef44c29d\redhat.java\jdt_ws --pipe=\\.\pipe\lsp-1439428594dc9ffa8ebc886e8598297e-sock
java_class_path (initial): c:\Users\malin\.antigravity\extensions\redhat.java-1.54.0-win32-x64\server\plugins\org.eclipse.equinox.launcher_1.7.100.v20251111-0406.jar
Launcher Type: SUN_STANDARD

[Global flags]
    uintx AdaptiveSizePolicyWeight                 = 90                                        {product} {command line}
     intx CICompilerCount                          = 12                                        {product} {ergonomic}
    uintx GCTimeRatio                              = 4                                         {product} {command line}
     bool HeapDumpOnOutOfMemoryError               = true                                   {manageable} {command line}
    ccstr HeapDumpPath                             = c:\Users\malin\AppData\Roaming\Antigravity\User\workspaceStorage\7da6816d25600c1ce73892a0ef44c29d\redhat.java         {manageable} {command line}
   size_t InitialHeapSize                          = 104857600                                 {product} {command line}
   size_t MaxHeapSize                              = 2147483648                                {product} {command line}
   size_t MaxNewSize                               = 715653120                                 {product} {ergonomic}
   size_t MinHeapDeltaBytes                        = 524288                                    {product} {ergonomic}
   size_t MinHeapSize                              = 104857600                                 {product} {command line}
   size_t NewSize                                  = 34603008                                  {product} {ergonomic}
    uintx NonNMethodCodeHeapSize                   = 7602480                                {pd product} {ergonomic}
    uintx NonProfiledCodeHeapSize                  = 122027880                              {pd product} {ergonomic}
   size_t OldSize                                  = 70254592                                  {product} {ergonomic}
    uintx ProfiledCodeHeapSize                     = 122027880                              {pd product} {ergonomic}
    uintx ReservedCodeCacheSize                    = 251658240                              {pd product} {ergonomic}
     bool SegmentedCodeCache                       = true                                      {product} {ergonomic}
   size_t SoftMaxHeapSize                          = 2147483648                             {manageable} {ergonomic}
     bool UseCompressedOops                        = true                           {product lp64_product} {ergonomic}
     bool UseLargePagesIndividualAllocation        = false                                  {pd product} {ergonomic}
     bool UseParallelGC                            = true                                      {product} {command line}

Logging:
Log output configuration:
 #0: stdout all=off uptime,level,tags foldmultilines=false
 #1: stderr all=off uptime,level,tags foldmultilines=false

Release file:
JAVA_VERSION="21.0.10" 
MODULES="java.base java.compiler java.datatransfer java.xml java.prefs java.desktop java.instrument java.logging java.management java.security.sasl java.naming java.rmi java.management.rmi java.net.http java.scripting java.security.jgss java.transaction.xa java.sql java.sql.rowset java.xml.crypto java.se java.smartcardio jdk.accessibility jdk.internal.jvmstat jdk.attach jdk.charsets jdk.internal.opt jdk.zipfs jdk.compiler jdk.crypto.ec jdk.crypto.cryptoki jdk.crypto.mscapi jdk.dynalink jdk.internal.ed jdk.editpad jdk.hotspot.agent jdk.httpserver jdk.internal.le jdk.internal.vm.ci jdk.internal.vm.compiler jdk.internal.vm.compiler.management jdk.jartool jdk.javadoc jdk.jcmd jdk.management jdk.management.agent jdk.jconsole jdk.jdeps jdk.jdwp.agent jdk.jdi jdk.jfr jdk.jshell jdk.jsobject jdk.jstatd jdk.localedata jdk.management.jfr jdk.naming.dns jdk.naming.rmi jdk.net jdk.nio.mapmode jdk.random jdk.sctp jdk.security.auth jdk.security.jgss jdk.unsupported jdk.unsupported.desktop jdk.xml.dom" 

Environment Variables:
PATH=C:\app\malin\product\21c\dbhomeXE\bin;C:\Users\malin\AppData\Local\Android\Sdk\bin;C:\Program Files\Eclipse Adoptium\jdk-25.0.0.36-hotspot\bin;C:\WINDOWS\system32;C:\WINDOWS;C:\WINDOWS\System32\Wbem;C:\WINDOWS\System32\WindowsPowerShell\v1.0\;C:\WINDOWS\System32\OpenSSH\;C:\Program Files (x86)\Microsoft SQL Server\160\DTS\Binn\;C:\Program Files (x86)\Microsoft SQL Server\160\Tools\Binn\;C:\Program Files\Microsoft SQL Server\160\Tools\Binn\;C:\Program Files\Microsoft SQL Server\Client SDK\ODBC\170\Tools\Binn\;C:\Program Files\Microsoft SQL Server\160\DTS\Binn\;C:\Program Files\MySQL\MySQL Server 8.0\bin;C:\Program Files (x86)\Windows Kits\10\Windows Performance Toolkit\;C:\Program Files\nodejs\;C:\Program Files\Git\cmd;C:\Program Files\cursor\resources\app\bin;C:\Program Files\Git LFS;C:\Users\malin\AppData\Local\Programs\Python\Python313\Scripts\;C:\Users\malin\AppData\Local\Programs\Python\Python313\;C:\Program Files\MySQL\MySQL Shell 8.0\bin\;C:\Users\malin\AppData\Local\Microsoft\WindowsApps;C:\Program Files\R\R-4.5.1\bin;C:\Users\malin\AppData\Roaming\npm;C:\Users\malin\AppData\Local\Programs\Microsoft VS Code\bin;C:\Users\malin\AppData\Local\Programs\mongosh\;C:\Users\malin\AppData\Local\GitHubDesktop\bin;C:\Users\malin\AppData\Local\Programs\Antigravity\bin;C:\Users\malin\AppData\Local\Programs\cursor\resources\app\bin
USERNAME=malin
OS=Windows_NT
PROCESSOR_IDENTIFIER=AMD64 Family 23 Model 96 Stepping 1, AuthenticAMD
TMP=C:\Users\malin\AppData\Local\Temp
TEMP=C:\Users\malin\AppData\Local\Temp




Periodic native trim disabled

---------------  S Y S T E M  ---------------

OS:
 Windows 11 , 64 bit Build 26100 (10.0.26100.8246)
OS uptime: 0 days 3:51 hours
Hyper-V role detected

CPU: total 16 (initial active 16) (16 cores per cpu, 2 threads per core) family 23 model 96 stepping 1 microcode 0x8600104, cx8, cmov, fxsr, ht, mmx, 3dnowpref, sse, sse2, sse3, ssse3, sse4a, sse4.1, sse4.2, popcnt, lzcnt, tsc, tscinvbit, avx, avx2, aes, clmul, bmi1, bmi2, adx, sha, fma, vzeroupper, clflush, clflushopt, hv, rdtscp, rdpid, f16c
Processor Information for the first 16 processors :
  Max Mhz: 2900, Current Mhz: 2900, Mhz Limit: 2900

Memory: 4k page, system-wide physical 15770M (3882M free)
TotalPageFile size 19866M (AvailPageFile size 87M)
current process WorkingSet (physical memory assigned to process): 403M, peak: 405M
current process commit charge ("private bytes"): 509M, peak: 512M

vm_info: OpenJDK 64-Bit Server VM (21.0.10+7-LTS) for windows-amd64 JRE (21.0.10+7-LTS), built on 2026-01-20T00:00:00Z by "admin" with MS VC++ 17.12 (VS2022)

END.
