#
# There is insufficient memory for the Java Runtime Environment to continue.
# Native memory allocation (malloc) failed to allocate 1959600 bytes. Error detail: Chunk::new
# Possible reasons:
#   The system is out of physical RAM or swap space
#   This process is running with CompressedOops enabled, and the Java Heap may be blocking the growth of the native heap
# Possible solutions:
#   Reduce memory load on the system
#   Increase physical memory or swap space
#   Check if swap backing store is full
#   Decrease Java heap size (-Xmx/-Xms)
#   Decrease number of Java threads
#   Decrease Java thread stack sizes (-Xss)
#   Set larger code cache with -XX:ReservedCodeCacheSize=
#   JVM is running with Unscaled Compressed Oops mode in which the Java heap is
#     placed in the first 4GB address space. The Java Heap base address is the
#     maximum limit for the native heap growth. Please use -XX:HeapBaseMinAddress
#     to set the Java Heap base and to place the Java Heap above 4GB virtual address.
# This output file may be truncated or incomplete.
#
#  Out of Memory Error (arena.cpp:168), pid=8316, tid=6252
#
# JRE version: OpenJDK Runtime Environment Temurin-21.0.10+7 (21.0.10+7) (build 21.0.10+7-LTS)
# Java VM: OpenJDK 64-Bit Server VM Temurin-21.0.10+7 (21.0.10+7-LTS, mixed mode, sharing, tiered, compressed oops, compressed class ptrs, parallel gc, windows-amd64)
# No core dump will be written. Minidumps are not enabled by default on client versions of Windows
#

---------------  S U M M A R Y ------------

Command Line: --add-modules=ALL-SYSTEM --add-opens=java.base/java.util=ALL-UNNAMED --add-opens=java.base/java.lang=ALL-UNNAMED --add-opens=java.base/sun.nio.fs=ALL-UNNAMED -Declipse.application=org.eclipse.jdt.ls.core.id1 -Dosgi.bundles.defaultStartLevel=4 -Declipse.product=org.eclipse.jdt.ls.core.product -Djava.import.generatesMetadataFilesAtProjectRoot=false -DDetectVMInstallationsJob.disabled=true -Dfile.encoding=utf8 -XX:+UseParallelGC -XX:GCTimeRatio=4 -XX:AdaptiveSizePolicyWeight=90 -Dsun.zip.disableMemoryMapping=true -Xmx2G -Xms100m -Xlog:disable -javaagent:c:\Users\malin\.antigravity\extensions\redhat.java-1.54.0-win32-x64\lombok\lombok-1.18.39-4050.jar -XX:+HeapDumpOnOutOfMemoryError -XX:HeapDumpPath=c:\Users\malin\AppData\Roaming\Antigravity\User\workspaceStorage\7da6816d25600c1ce73892a0ef44c29d\redhat.java -Daether.dependencyCollector.impl=bf c:\Users\malin\.antigravity\extensions\redhat.java-1.54.0-win32-x64\server\plugins\org.eclipse.equinox.launcher_1.7.100.v20251111-0406.jar -configuration c:\Users\malin\AppData\Roaming\Antigravity\User\globalStorage\redhat.java\1.54.0\config_win -data c:\Users\malin\AppData\Roaming\Antigravity\User\workspaceStorage\7da6816d25600c1ce73892a0ef44c29d\redhat.java\jdt_ws --pipe=\\.\pipe\lsp-29058a8e39827e4c451aa7e6f4940544-sock

Host: AMD Ryzen 7 4800H with Radeon Graphics         , 16 cores, 15G,  Windows 11 , 64 bit Build 26100 (10.0.26100.8246)
Time: Wed Apr 22 11:11:57 2026 Sri Lanka Standard Time elapsed time: 27.325516 seconds (0d 0h 0m 27s)

---------------  T H R E A D  ---------------

Current thread (0x000002da09e71c30):  JavaThread "C2 CompilerThread7" daemon [_thread_in_native, id=6252, stack(0x000000f2ef800000,0x000000f2ef900000) (1024K)]


Current CompileTask:
C2:27325 10790       4       lombok.core.AST::buildWithField (21 bytes)

Stack: [0x000000f2ef800000,0x000000f2ef900000]
Native frames: (J=compiled Java code, j=interpreted, Vv=VM code, C=native code)
V  [jvm.dll+0x6d7a39]
V  [jvm.dll+0x8b4b26]
V  [jvm.dll+0x8b70de]
V  [jvm.dll+0x8b77c3]
V  [jvm.dll+0x284346]
V  [jvm.dll+0xc66ed]
V  [jvm.dll+0xc6c31]
V  [jvm.dll+0x3bec3b]
V  [jvm.dll+0x1e3d62]
V  [jvm.dll+0x24c6b3]
V  [jvm.dll+0x24bb40]
V  [jvm.dll+0x1cb34e]
V  [jvm.dll+0x25b85d]
V  [jvm.dll+0x259dea]
V  [jvm.dll+0x3f857e]
V  [jvm.dll+0x85f59d]
V  [jvm.dll+0x6d626d]
C  [ucrtbase.dll+0x37b0]
C  [KERNEL32.DLL+0x2e8d7]
C  [ntdll.dll+0x8c3fc]


---------------  P R O C E S S  ---------------

Threads class SMR info:
_java_thread_list=0x000002da06bd7cc0, length=70, elements={
0x000002da2602cdb0, 0x000002da260d0fb0, 0x000002da260d1dd0, 0x000002da260de690,
0x000002da260e0100, 0x000002da260e2280, 0x000002da260e3610, 0x000002da260e5f20,
0x000002da7ef85d70, 0x000002da7f076eb0, 0x000002da7f079570, 0x000002da7f1b3590,
0x000002da7f245710, 0x000002da05059e10, 0x000002da05922150, 0x000002da0596da30,
0x000002da0596aa70, 0x000002da060e5890, 0x000002da06269fa0, 0x000002da05045b80,
0x000002da05606d80, 0x000002da05606060, 0x000002da056066f0, 0x000002da05605340,
0x000002da05607aa0, 0x000002da056059d0, 0x000002da05608130, 0x000002da05607410,
0x000002da06000250, 0x000002da06001600, 0x000002da06000f70, 0x000002da060008e0,
0x000002da05ffe810, 0x000002da06001c90, 0x000002da05fff530, 0x000002da05fffbc0,
0x000002da06002320, 0x000002da05ffeea0, 0x000002da06004a80, 0x000002da060043f0,
0x000002da06005e30, 0x000002da06005110, 0x000002da060057a0, 0x000002da060029b0,
0x000002da06003040, 0x000002da06003d60, 0x000002da0b0d8660, 0x000002da0b0d72b0,
0x000002da0b0d5870, 0x000002da0b0d6c20, 0x000002da0b0d7940, 0x000002da0b0d5f00,
0x000002da0b0d6590, 0x000002da0b0d8cf0, 0x000002da0b0d9a10, 0x000002da0b0db450,
0x000002da0b0da730, 0x000002da0b0d9380, 0x000002da0b0dadc0, 0x000002da0b0d7fd0,
0x000002da0b0da0a0, 0x000002da0b0dc800, 0x000002da0b367c70, 0x000002da0b36a550,
0x000002da0b3690e0, 0x000002da064b16f0, 0x000002da0b36ac20, 0x000002da0b3697b0,
0x000002da0b369e80, 0x000002da09e71c30
}

Java Threads: ( => current thread )
  0x000002da2602cdb0 JavaThread "main"                              [_thread_blocked, id=13020, stack(0x000000f2ea100000,0x000000f2ea200000) (1024K)]
  0x000002da260d0fb0 JavaThread "Reference Handler"          daemon [_thread_blocked, id=15632, stack(0x000000f2ea500000,0x000000f2ea600000) (1024K)]
  0x000002da260d1dd0 JavaThread "Finalizer"                  daemon [_thread_blocked, id=20544, stack(0x000000f2ea600000,0x000000f2ea700000) (1024K)]
  0x000002da260de690 JavaThread "Signal Dispatcher"          daemon [_thread_blocked, id=20932, stack(0x000000f2ea700000,0x000000f2ea800000) (1024K)]
  0x000002da260e0100 JavaThread "Attach Listener"            daemon [_thread_blocked, id=11924, stack(0x000000f2ea800000,0x000000f2ea900000) (1024K)]
  0x000002da260e2280 JavaThread "Service Thread"             daemon [_thread_blocked, id=15328, stack(0x000000f2ea900000,0x000000f2eaa00000) (1024K)]
  0x000002da260e3610 JavaThread "Monitor Deflation Thread"   daemon [_thread_blocked, id=12344, stack(0x000000f2eaa00000,0x000000f2eab00000) (1024K)]
  0x000002da260e5f20 JavaThread "C2 CompilerThread0"         daemon [_thread_in_native, id=15164, stack(0x000000f2eab00000,0x000000f2eac00000) (1024K)]
  0x000002da7ef85d70 JavaThread "C1 CompilerThread0"         daemon [_thread_in_native, id=16716, stack(0x000000f2eac00000,0x000000f2ead00000) (1024K)]
  0x000002da7f076eb0 JavaThread "C1 CompilerThread1"         daemon [_thread_in_native, id=18716, stack(0x000000f2ead00000,0x000000f2eae00000) (1024K)]
  0x000002da7f079570 JavaThread "C1 CompilerThread2"         daemon [_thread_in_native, id=15000, stack(0x000000f2eae00000,0x000000f2eaf00000) (1024K)]
  0x000002da7f1b3590 JavaThread "Common-Cleaner"             daemon [_thread_blocked, id=14488, stack(0x000000f2eb000000,0x000000f2eb100000) (1024K)]
  0x000002da7f245710 JavaThread "Notification Thread"        daemon [_thread_blocked, id=11748, stack(0x000000f2eb200000,0x000000f2eb300000) (1024K)]
  0x000002da05059e10 JavaThread "Active Thread: Equinox Container: f610212e-7ca4-4bd3-bd7e-064cae575011"        [_thread_blocked, id=7556, stack(0x000000f2ebb00000,0x000000f2ebc00000) (1024K)]
  0x000002da05922150 JavaThread "Refresh Thread: Equinox Container: f610212e-7ca4-4bd3-bd7e-064cae575011" daemon [_thread_blocked, id=12436, stack(0x000000f2ebd00000,0x000000f2ebe00000) (1024K)]
  0x000002da0596da30 JavaThread "Framework Event Dispatcher: Equinox Container: f610212e-7ca4-4bd3-bd7e-064cae575011" daemon [_thread_blocked, id=21084, stack(0x000000f2ebe00000,0x000000f2ebf00000) (1024K)]
  0x000002da0596aa70 JavaThread "Start Level: Equinox Container: f610212e-7ca4-4bd3-bd7e-064cae575011" daemon [_thread_blocked, id=10816, stack(0x000000f2ebf00000,0x000000f2ec000000) (1024K)]
  0x000002da060e5890 JavaThread "Bundle File Closer"         daemon [_thread_blocked, id=15592, stack(0x000000f2ec200000,0x000000f2ec300000) (1024K)]
  0x000002da06269fa0 JavaThread "SCR Component Actor"        daemon [_thread_blocked, id=18044, stack(0x000000f2eaf00000,0x000000f2eb000000) (1024K)]
  0x000002da05045b80 JavaThread "Worker-JM"                         [_thread_blocked, id=15388, stack(0x000000f2ec300000,0x000000f2ec400000) (1024K)]
  0x000002da05606d80 JavaThread "JNA Cleaner"                daemon [_thread_blocked, id=7840, stack(0x000000f2ec600000,0x000000f2ec700000) (1024K)]
  0x000002da05606060 JavaThread "Worker-0"                          [_thread_blocked, id=1052, stack(0x000000f2ec700000,0x000000f2ec800000) (1024K)]
  0x000002da056066f0 JavaThread "Worker-1: Publish Diagnostics"        [_thread_blocked, id=13328, stack(0x000000f2ec800000,0x000000f2ec900000) (1024K)]
  0x000002da05605340 JavaThread "Java indexing"              daemon [_thread_blocked, id=5004, stack(0x000000f2ecb00000,0x000000f2ecc00000) (1024K)]
  0x000002da05607aa0 JavaThread "Worker-2: Updating workspace"        [_thread_blocked, id=20724, stack(0x000000f2ecc00000,0x000000f2ecd00000) (1024K)]
  0x000002da056059d0 JavaThread "Worker-3: Initialize workspace"        [_thread_blocked, id=12512, stack(0x000000f2ed000000,0x000000f2ed100000) (1024K)]
  0x000002da05608130 JavaThread "Worker-4: Building"                [_thread_in_vm, id=14124, stack(0x000000f2ed100000,0x000000f2ed200000) (1024K)]
  0x000002da05607410 JavaThread "Thread-1"                   daemon [_thread_in_native, id=10920, stack(0x000000f2ed500000,0x000000f2ed600000) (1024K)]
  0x000002da06000250 JavaThread "Thread-2"                   daemon [_thread_in_native, id=21464, stack(0x000000f2ed600000,0x000000f2ed700000) (1024K)]
  0x000002da06001600 JavaThread "Thread-3"                   daemon [_thread_in_native, id=21352, stack(0x000000f2ed700000,0x000000f2ed800000) (1024K)]
  0x000002da06000f70 JavaThread "Thread-4"                   daemon [_thread_in_native, id=12488, stack(0x000000f2ed800000,0x000000f2ed900000) (1024K)]
  0x000002da060008e0 JavaThread "Thread-5"                   daemon [_thread_in_native, id=14980, stack(0x000000f2ed900000,0x000000f2eda00000) (1024K)]
  0x000002da05ffe810 JavaThread "Thread-6"                   daemon [_thread_in_native, id=11960, stack(0x000000f2eda00000,0x000000f2edb00000) (1024K)]
  0x000002da06001c90 JavaThread "Thread-7"                   daemon [_thread_in_native, id=6808, stack(0x000000f2edb00000,0x000000f2edc00000) (1024K)]
  0x000002da05fff530 JavaThread "Thread-8"                   daemon [_thread_in_native, id=11696, stack(0x000000f2edc00000,0x000000f2edd00000) (1024K)]
  0x000002da05fffbc0 JavaThread "Thread-9"                   daemon [_thread_in_native, id=16992, stack(0x000000f2edd00000,0x000000f2ede00000) (1024K)]
  0x000002da06002320 JavaThread "Thread-10"                  daemon [_thread_in_native, id=2920, stack(0x000000f2ede00000,0x000000f2edf00000) (1024K)]
  0x000002da05ffeea0 JavaThread "Thread-11"                  daemon [_thread_in_native, id=11464, stack(0x000000f2edf00000,0x000000f2ee000000) (1024K)]
  0x000002da06004a80 JavaThread "Thread-12"                  daemon [_thread_in_native, id=16320, stack(0x000000f2ee000000,0x000000f2ee100000) (1024K)]
  0x000002da060043f0 JavaThread "Thread-13"                  daemon [_thread_in_native, id=15368, stack(0x000000f2ee100000,0x000000f2ee200000) (1024K)]
  0x000002da06005e30 JavaThread "Thread-14"                  daemon [_thread_in_native, id=9152, stack(0x000000f2ee200000,0x000000f2ee300000) (1024K)]
  0x000002da06005110 JavaThread "Thread-15"                  daemon [_thread_in_native, id=2800, stack(0x000000f2ee300000,0x000000f2ee400000) (1024K)]
  0x000002da060057a0 JavaThread "Thread-16"                  daemon [_thread_in_native, id=4008, stack(0x000000f2ee400000,0x000000f2ee500000) (1024K)]
  0x000002da060029b0 JavaThread "Thread-17"                  daemon [_thread_in_native, id=14372, stack(0x000000f2ee500000,0x000000f2ee600000) (1024K)]
  0x000002da06003040 JavaThread "pool-2-thread-1"                   [_thread_blocked, id=8224, stack(0x000000f2ee600000,0x000000f2ee700000) (1024K)]
  0x000002da06003d60 JavaThread "ForkJoinPool.commonPool-worker-1" daemon [_thread_blocked, id=14024, stack(0x000000f2ee700000,0x000000f2ee800000) (1024K)]
  0x000002da0b0d8660 JavaThread "ForkJoinPool.commonPool-worker-2" daemon [_thread_blocked, id=3944, stack(0x000000f2ee800000,0x000000f2ee900000) (1024K)]
  0x000002da0b0d72b0 JavaThread "ForkJoinPool.commonPool-worker-3" daemon [_thread_blocked, id=12424, stack(0x000000f2ee900000,0x000000f2eea00000) (1024K)]
  0x000002da0b0d5870 JavaThread "ForkJoinPool.commonPool-worker-4" daemon [_thread_blocked, id=21328, stack(0x000000f2eea00000,0x000000f2eeb00000) (1024K)]
  0x000002da0b0d6c20 JavaThread "ForkJoinPool.commonPool-worker-5" daemon [_thread_blocked, id=11304, stack(0x000000f2eeb00000,0x000000f2eec00000) (1024K)]
  0x000002da0b0d7940 JavaThread "ForkJoinPool.commonPool-worker-6" daemon [_thread_blocked, id=11396, stack(0x000000f2eec00000,0x000000f2eed00000) (1024K)]
  0x000002da0b0d5f00 JavaThread "ForkJoinPool.commonPool-worker-7" daemon [_thread_in_Java, id=1408, stack(0x000000f2eed00000,0x000000f2eee00000) (1024K)]
  0x000002da0b0d6590 JavaThread "ForkJoinPool.commonPool-worker-8" daemon [_thread_blocked, id=19168, stack(0x000000f2eee00000,0x000000f2eef00000) (1024K)]
  0x000002da0b0d8cf0 JavaThread "ForkJoinPool.commonPool-worker-9" daemon [_thread_blocked, id=5040, stack(0x000000f2eef00000,0x000000f2ef000000) (1024K)]
  0x000002da0b0d9a10 JavaThread "ForkJoinPool.commonPool-worker-10" daemon [_thread_blocked, id=8368, stack(0x000000f2ef000000,0x000000f2ef100000) (1024K)]
  0x000002da0b0db450 JavaThread "ForkJoinPool.commonPool-worker-11" daemon [_thread_blocked, id=14512, stack(0x000000f2ef100000,0x000000f2ef200000) (1024K)]
  0x000002da0b0da730 JavaThread "ForkJoinPool.commonPool-worker-12" daemon [_thread_blocked, id=21256, stack(0x000000f2ef200000,0x000000f2ef300000) (1024K)]
  0x000002da0b0d9380 JavaThread "ForkJoinPool.commonPool-worker-13" daemon [_thread_blocked, id=13160, stack(0x000000f2ef300000,0x000000f2ef400000) (1024K)]
  0x000002da0b0dadc0 JavaThread "ForkJoinPool.commonPool-worker-14" daemon [_thread_blocked, id=6352, stack(0x000000f2ef400000,0x000000f2ef500000) (1024K)]
  0x000002da0b0d7fd0 JavaThread "ForkJoinPool.commonPool-worker-15" daemon [_thread_blocked, id=16828, stack(0x000000f2ef500000,0x000000f2ef600000) (1024K)]
  0x000002da0b0da0a0 JavaThread "WorkspaceEventsHandler"            [_thread_blocked, id=1292, stack(0x000000f2ef600000,0x000000f2ef700000) (1024K)]
  0x000002da0b0dc800 JavaThread "pool-1-thread-1"                   [_thread_blocked, id=20068, stack(0x000000f2ef700000,0x000000f2ef800000) (1024K)]
  0x000002da0b367c70 JavaThread "C2 CompilerThread1"         daemon [_thread_in_native, id=15844, stack(0x000000f2eb300000,0x000000f2eb400000) (1024K)]
  0x000002da0b36a550 JavaThread "C2 CompilerThread2"         daemon [_thread_in_native, id=7320, stack(0x000000f2ec900000,0x000000f2eca00000) (1024K)]
  0x000002da0b3690e0 JavaThread "C2 CompilerThread3"         daemon [_thread_in_native, id=20508, stack(0x000000f2eca00000,0x000000f2ecb00000) (1024K)]
  0x000002da064b16f0 JavaThread "Worker-5"                          [_thread_blocked, id=1960, stack(0x000000f2ecf00000,0x000000f2ed000000) (1024K)]
  0x000002da0b36ac20 JavaThread "C2 CompilerThread4"         daemon [_thread_in_native, id=11096, stack(0x000000f2ed200000,0x000000f2ed300000) (1024K)]
  0x000002da0b3697b0 JavaThread "C2 CompilerThread5"         daemon [_thread_in_vm, id=2028, stack(0x000000f2ed300000,0x000000f2ed400000) (1024K)]
  0x000002da0b369e80 JavaThread "C2 CompilerThread6"         daemon [_thread_in_native, id=12700, stack(0x000000f2ed400000,0x000000f2ed500000) (1024K)]
=>0x000002da09e71c30 JavaThread "C2 CompilerThread7"         daemon [_thread_in_native, id=6252, stack(0x000000f2ef800000,0x000000f2ef900000) (1024K)]
Total: 70

Other Threads:
  0x000002da260d0a00 VMThread "VM Thread"                           [id=17740, stack(0x000000f2ea400000,0x000000f2ea500000) (1024K)]
  0x000002da3c9bca00 WatcherThread "VM Periodic Task Thread"        [id=2652, stack(0x000000f2ea300000,0x000000f2ea400000) (1024K)]
  0x000002da2604b170 WorkerThread "GC Thread#0"                     [id=10828, stack(0x000000f2ea200000,0x000000f2ea300000) (1024K)]
  0x000002da05578760 WorkerThread "GC Thread#1"                     [id=15248, stack(0x000000f2eb400000,0x000000f2eb500000) (1024K)]
  0x000002da05066830 WorkerThread "GC Thread#2"                     [id=17776, stack(0x000000f2eb500000,0x000000f2eb600000) (1024K)]
  0x000002da05c0a010 WorkerThread "GC Thread#3"                     [id=13336, stack(0x000000f2eb600000,0x000000f2eb700000) (1024K)]
  0x000002da05c0a3c0 WorkerThread "GC Thread#4"                     [id=19436, stack(0x000000f2eb700000,0x000000f2eb800000) (1024K)]
  0x000002da05c0a770 WorkerThread "GC Thread#5"                     [id=21460, stack(0x000000f2eb800000,0x000000f2eb900000) (1024K)]
  0x000002da05710a90 WorkerThread "GC Thread#6"                     [id=2004, stack(0x000000f2eb900000,0x000000f2eba00000) (1024K)]
  0x000002da05994a40 WorkerThread "GC Thread#7"                     [id=5056, stack(0x000000f2ebc00000,0x000000f2ebd00000) (1024K)]
  0x000002da05fb3d90 WorkerThread "GC Thread#8"                     [id=21032, stack(0x000000f2eba00000,0x000000f2ebb00000) (1024K)]
  0x000002da05fb4140 WorkerThread "GC Thread#9"                     [id=15100, stack(0x000000f2ec000000,0x000000f2ec100000) (1024K)]
  0x000002da05fb44f0 WorkerThread "GC Thread#10"                    [id=1708, stack(0x000000f2ec100000,0x000000f2ec200000) (1024K)]
  0x000002da05e58f30 WorkerThread "GC Thread#11"                    [id=2440, stack(0x000000f2ec400000,0x000000f2ec500000) (1024K)]
  0x000002da05e59690 WorkerThread "GC Thread#12"                    [id=16984, stack(0x000000f2ec500000,0x000000f2ec600000) (1024K)]
Total: 15

Threads with active compile tasks:
C2 CompilerThread0  28400 12190       4       org.eclipse.jdt.internal.compiler.lookup.BinaryTypeBinding::createMethod (1666 bytes)
C1 CompilerThread0  28400 12749       2       org.eclipse.core.internal.events.ResourceDelta::isPhantom (36 bytes)
C1 CompilerThread2  28400 12724 % !   3       org.eclipse.jdt.internal.compiler.parser.Scanner::getNextToken0 @ 2006 (3068 bytes)
C2 CompilerThread1  28400 11078       4       lombok.eclipse.EclipseAST::drill (80 bytes)
C2 CompilerThread2  28401 12723       4       java.util.regex.Pattern$CharPropertyGreedy::match (160 bytes)
C2 CompilerThread3  28401 10808       4       java.lang.reflect.Field::set (43 bytes)
C2 CompilerThread4  28401 12420 %     4       org.eclipse.jdt.internal.compiler.parser.Scanner::checkTaskTag @ 51 (937 bytes)
C2 CompilerThread5  28402 12651       4       org.eclipse.jdt.internal.compiler.parser.Parser::consumeRule (7843 bytes)
C2 CompilerThread6  28402 10854   !   4       lombok.core.FieldAugment$ReflectionFieldAugment::getAndSet (80 bytes)
C2 CompilerThread7  28402 10790       4       lombok.core.AST::buildWithField (21 bytes)
Total: 10

VM state: not at safepoint (normal execution)

VM Mutex/Monitor currently owned by a thread: None

Heap address: 0x0000000080000000, size: 2048 MB, Compressed Oops mode: 32-bit

CDS archive(s) mapped at: [0x000002da3d000000-0x000002da3dba0000-0x000002da3dba0000), size 12189696, SharedBaseAddress: 0x000002da3d000000, ArchiveRelocationMode: 1.
Compressed class space mapped at: 0x000002da3e000000-0x000002da7e000000, reserved size: 1073741824
Narrow klass base: 0x000002da3d000000, Narrow klass shift: 0, Narrow klass range: 0x100000000

GC Precious Log:
 CardTable entry size: 512
 CPUs: 16 total, 16 available
 Memory: 15770M
 Large Page Support: Disabled
 NUMA Support: Disabled
 Compressed Oops: Enabled (32-bit)
 Alignments: Space 512K, Generation 512K, Heap 2M
 Heap Min Capacity: 100M
 Heap Initial Capacity: 100M
 Heap Max Capacity: 2G
 Pre-touch: Disabled
 Parallel Workers: 13

Heap:
 PSYoungGen      total 7680K, used 7386K [0x00000000d5580000, 0x00000000d5e00000, 0x0000000100000000)
  eden space 6656K, 98% used [0x00000000d5580000,0x00000000d5be1808,0x00000000d5c00000)
  from space 1024K, 83% used [0x00000000d5c00000,0x00000000d5cd5108,0x00000000d5d00000)
  to   space 1024K, 0% used [0x00000000d5d00000,0x00000000d5d00000,0x00000000d5e00000)
 ParOldGen       total 102912K, used 102832K [0x0000000080000000, 0x0000000086480000, 0x00000000d5580000)
  object space 102912K, 99% used [0x0000000080000000,0x000000008646c238,0x0000000086480000)
 Metaspace       used 66752K, committed 68288K, reserved 1114112K
  class space    used 6957K, committed 7616K, reserved 1048576K

Card table byte_map: [0x000002da259e0000,0x000002da25df0000] _byte_map_base: 0x000002da255e0000

Marking Bits: (ParMarkBitMap*) 0x00007fffb51f3450
 Begin Bits: [0x000002da384e0000, 0x000002da3a4e0000)
 End Bits:   [0x000002da3a4e0000, 0x000002da3c4e0000)

Polling page: 0x000002da24110000

Metaspace:

Usage:
  Non-class:     58.39 MB used.
      Class:      6.79 MB used.
       Both:     65.19 MB used.

Virtual space:
  Non-class space:       64.00 MB reserved,      59.25 MB ( 93%) committed,  1 nodes.
      Class space:        1.00 GB reserved,       7.44 MB ( <1%) committed,  1 nodes.
             Both:        1.06 GB reserved,      66.69 MB (  6%) committed. 

Chunk freelists:
   Non-Class:  4.04 MB
       Class:  8.40 MB
        Both:  12.45 MB

MaxMetaspaceSize: unlimited
CompressedClassSpaceSize: 1.00 GB
Initial GC threshold: 21.00 MB
Current GC threshold: 97.31 MB
CDS: on
 - commit_granule_bytes: 65536.
 - commit_granule_words: 8192.
 - virtual_space_node_default_size: 8388608.
 - enlarge_chunks_in_place: 1.
 - use_allocation_guard: 0.


Internal statistics:

num_allocs_failed_limit: 9.
num_arena_births: 1276.
num_arena_deaths: 14.
num_vsnodes_births: 2.
num_vsnodes_deaths: 0.
num_space_committed: 1067.
num_space_uncommitted: 0.
num_chunks_returned_to_freelist: 23.
num_chunks_taken_from_freelist: 4543.
num_chunk_merges: 11.
num_chunk_splits: 2723.
num_chunks_enlarged: 1462.
num_inconsistent_stats: 0.

CodeHeap 'non-profiled nmethods': size=119168Kb used=6761Kb max_used=6761Kb free=112406Kb
 bounds [0x000002da30dd0000, 0x000002da31470000, 0x000002da38230000]
CodeHeap 'profiled nmethods': size=119104Kb used=26209Kb max_used=26209Kb free=92895Kb
 bounds [0x000002da29230000, 0x000002da2abd0000, 0x000002da30680000]
CodeHeap 'non-nmethods': size=7488Kb used=2566Kb max_used=3203Kb free=4921Kb
 bounds [0x000002da30680000, 0x000002da309b0000, 0x000002da30dd0000]
CodeCache: size=245760Kb, used=35536Kb, max_used=36173Kb, free=210222Kb
 total_blobs=12339, nmethods=11582, adapters=658, full_count=0
Compilation: enabled, stopped_count=0, restarted_count=0

Compilation events (20 events):
Event: 26.300 Thread 0x000002da7ef85d70 12713       2       org.eclipse.jdt.internal.compiler.ast.Javadoc::<init> (38 bytes)
Event: 26.301 Thread 0x000002da7ef85d70 nmethod 12713 0x000002da2aba8f90 code [0x000002da2aba9120, 0x000002da2aba9260]
Event: 26.302 Thread 0x000002da7ef85d70 12714       2       org.eclipse.jdt.internal.compiler.classfmt.ClassFileReader::getEnclosingMethod (117 bytes)
Event: 26.304 Thread 0x000002da7f076eb0 12715       2       org.eclipse.jdt.internal.compiler.lookup.BinaryTypeBinding::signature2qualifiedTypeName (12 bytes)
Event: 26.304 Thread 0x000002da7f076eb0 nmethod 12715 0x000002da2aba9310 code [0x000002da2aba94c0, 0x000002da2aba95e0]
Event: 26.305 Thread 0x000002da7f079570 nmethod 12702 0x000002da2aba9690 code [0x000002da2abaa200, 0x000002da2abb3130]
Event: 26.306 Thread 0x000002da7f076eb0 12716       2       org.eclipse.jdt.internal.compiler.lookup.LookupEnvironment::getAnalysisAnnotationBit (323 bytes)
Event: 26.307 Thread 0x000002da0b36a550 nmethod 9524% 0x000002da31456490 code [0x000002da31456f60, 0x000002da314626f0]
Event: 26.307 Thread 0x000002da7ef85d70 nmethod 12714 0x000002da2abb5b10 code [0x000002da2abb5d80, 0x000002da2abb63f8]
Event: 26.308 Thread 0x000002da7f129ec0 nmethod 12712 0x000002da2abb6910 code [0x000002da2abb6c80, 0x000002da2abb8060]
Event: 26.309 Thread 0x000002da7ef85d70 12717       2       org.eclipse.jdt.internal.compiler.parser.Scanner::maybeAtReferenceExpression (303 bytes)
Event: 26.312 Thread 0x000002da7ef85d70 nmethod 12717 0x000002da2abb9690 code [0x000002da2abb9880, 0x000002da2abb9cb8]
Event: 26.312 Thread 0x000002da7f129ec0 12718       2       org.eclipse.osgi.framework.util.ArrayMap::getValue (11 bytes)
Event: 26.313 Thread 0x000002da7f076eb0 nmethod 12716 0x000002da2abb9f90 code [0x000002da2abba2a0, 0x000002da2abbaf38]
Event: 26.314 Thread 0x000002da7f129ec0 nmethod 12718 0x000002da2abbb690 code [0x000002da2abbb840, 0x000002da2abbb978]
Event: 26.314 Thread 0x000002da7ef85d70 12719       2       org.eclipse.jdt.internal.compiler.SourceElementParser::consumeSingleVariableDeclarator (18 bytes)
Event: 26.316 Thread 0x000002da7ef85d70 nmethod 12719 0x000002da2abbba10 code [0x000002da2abbbbc0, 0x000002da2abbbd20]
Event: 26.321 Thread 0x000002da7f079570 12720       2       org.eclipse.jdt.internal.compiler.parser.Parser::consumeReferenceType1 (25 bytes)
Event: 26.895 Thread 0x000002da7ef85d70 12721       2       java.lang.String::matches (6 bytes)
Event: 26.895 Thread 0x000002da7f076eb0 12722       2       java.util.regex.Pattern::matches (16 bytes)

GC Heap History (20 events):
Event: 25.167 GC heap before
{Heap before GC invocations=147 (full 3):
 PSYoungGen      total 8192K, used 7664K [0x00000000d5580000, 0x00000000d5f00000, 0x0000000100000000)
  eden space 7168K, 100% used [0x00000000d5580000,0x00000000d5c80000,0x00000000d5c80000)
  from space 1024K, 48% used [0x00000000d5c80000,0x00000000d5cfc010,0x00000000d5d80000)
  to   space 1024K, 0% used [0x00000000d5e00000,0x00000000d5e00000,0x00000000d5f00000)
 ParOldGen       total 96768K, used 96480K [0x0000000080000000, 0x0000000085e80000, 0x00000000d5580000)
  object space 96768K, 99% used [0x0000000080000000,0x0000000085e38340,0x0000000085e80000)
 Metaspace       used 63914K, committed 65472K, reserved 1114112K
  class space    used 6756K, committed 7424K, reserved 1048576K
}
Event: 25.170 GC heap after
{Heap after GC invocations=147 (full 3):
 PSYoungGen      total 7680K, used 1014K [0x00000000d5580000, 0x00000000d6080000, 0x0000000100000000)
  eden space 6656K, 0% used [0x00000000d5580000,0x00000000d5580000,0x00000000d5c00000)
  from space 1024K, 99% used [0x00000000d5e00000,0x00000000d5efdba0,0x00000000d5f00000)
  to   space 2048K, 0% used [0x00000000d5c00000,0x00000000d5c00000,0x00000000d5e00000)
 ParOldGen       total 97280K, used 96908K [0x0000000080000000, 0x0000000085f00000, 0x00000000d5580000)
  object space 97280K, 99% used [0x0000000080000000,0x0000000085ea3350,0x0000000085f00000)
 Metaspace       used 63914K, committed 65472K, reserved 1114112K
  class space    used 6756K, committed 7424K, reserved 1048576K
}
Event: 25.383 GC heap before
{Heap before GC invocations=148 (full 3):
 PSYoungGen      total 7680K, used 7661K [0x00000000d5580000, 0x00000000d6080000, 0x0000000100000000)
  eden space 6656K, 99% used [0x00000000d5580000,0x00000000d5bfd958,0x00000000d5c00000)
  from space 1024K, 99% used [0x00000000d5e00000,0x00000000d5efdba0,0x00000000d5f00000)
  to   space 2048K, 0% used [0x00000000d5c00000,0x00000000d5c00000,0x00000000d5e00000)
 ParOldGen       total 97280K, used 96908K [0x0000000080000000, 0x0000000085f00000, 0x00000000d5580000)
  object space 97280K, 99% used [0x0000000080000000,0x0000000085ea3350,0x0000000085f00000)
 Metaspace       used 64695K, committed 66240K, reserved 1114112K
  class space    used 6816K, committed 7488K, reserved 1048576K
}
Event: 25.386 GC heap after
{Heap after GC invocations=148 (full 3):
 PSYoungGen      total 7680K, used 864K [0x00000000d5580000, 0x00000000d5f00000, 0x0000000100000000)
  eden space 6656K, 0% used [0x00000000d5580000,0x00000000d5580000,0x00000000d5c00000)
  from space 1024K, 84% used [0x00000000d5c00000,0x00000000d5cd8000,0x00000000d5d00000)
  to   space 1536K, 0% used [0x00000000d5d80000,0x00000000d5d80000,0x00000000d5f00000)
 ParOldGen       total 97792K, used 97789K [0x0000000080000000, 0x0000000085f80000, 0x00000000d5580000)
  object space 97792K, 99% used [0x0000000080000000,0x0000000085f7f660,0x0000000085f80000)
 Metaspace       used 64695K, committed 66240K, reserved 1114112K
  class space    used 6816K, committed 7488K, reserved 1048576K
}
Event: 25.488 GC heap before
{Heap before GC invocations=149 (full 3):
 PSYoungGen      total 7680K, used 7520K [0x00000000d5580000, 0x00000000d5f00000, 0x0000000100000000)
  eden space 6656K, 100% used [0x00000000d5580000,0x00000000d5c00000,0x00000000d5c00000)
  from space 1024K, 84% used [0x00000000d5c00000,0x00000000d5cd8000,0x00000000d5d00000)
  to   space 1536K, 0% used [0x00000000d5d80000,0x00000000d5d80000,0x00000000d5f00000)
 ParOldGen       total 97792K, used 97789K [0x0000000080000000, 0x0000000085f80000, 0x00000000d5580000)
  object space 97792K, 99% used [0x0000000080000000,0x0000000085f7f660,0x0000000085f80000)
 Metaspace       used 65168K, committed 66752K, reserved 1114112K
  class space    used 6844K, committed 7552K, reserved 1048576K
}
Event: 25.491 GC heap after
{Heap after GC invocations=149 (full 3):
 PSYoungGen      total 8192K, used 1115K [0x00000000d5580000, 0x00000000d5f00000, 0x0000000100000000)
  eden space 6656K, 0% used [0x00000000d5580000,0x00000000d5580000,0x00000000d5c00000)
  from space 1536K, 72% used [0x00000000d5d80000,0x00000000d5e96cf0,0x00000000d5f00000)
  to   space 1536K, 0% used [0x00000000d5c00000,0x00000000d5c00000,0x00000000d5d80000)
 ParOldGen       total 98816K, used 98418K [0x0000000080000000, 0x0000000086080000, 0x00000000d5580000)
  object space 98816K, 99% used [0x0000000080000000,0x000000008601c910,0x0000000086080000)
 Metaspace       used 65168K, committed 66752K, reserved 1114112K
  class space    used 6844K, committed 7552K, reserved 1048576K
}
Event: 25.565 GC heap before
{Heap before GC invocations=150 (full 3):
 PSYoungGen      total 8192K, used 7771K [0x00000000d5580000, 0x00000000d5f00000, 0x0000000100000000)
  eden space 6656K, 100% used [0x00000000d5580000,0x00000000d5c00000,0x00000000d5c00000)
  from space 1536K, 72% used [0x00000000d5d80000,0x00000000d5e96cf0,0x00000000d5f00000)
  to   space 1536K, 0% used [0x00000000d5c00000,0x00000000d5c00000,0x00000000d5d80000)
 ParOldGen       total 98816K, used 98418K [0x0000000080000000, 0x0000000086080000, 0x00000000d5580000)
  object space 98816K, 99% used [0x0000000080000000,0x000000008601c910,0x0000000086080000)
 Metaspace       used 65483K, committed 67008K, reserved 1114112K
  class space    used 6873K, committed 7552K, reserved 1048576K
}
Event: 25.570 GC heap after
{Heap after GC invocations=150 (full 3):
 PSYoungGen      total 7680K, used 736K [0x00000000d5580000, 0x00000000d5e00000, 0x0000000100000000)
  eden space 6656K, 0% used [0x00000000d5580000,0x00000000d5580000,0x00000000d5c00000)
  from space 1024K, 71% used [0x00000000d5c00000,0x00000000d5cb8000,0x00000000d5d00000)
  to   space 1024K, 0% used [0x00000000d5d00000,0x00000000d5d00000,0x00000000d5e00000)
 ParOldGen       total 99328K, used 99093K [0x0000000080000000, 0x0000000086100000, 0x00000000d5580000)
  object space 99328K, 99% used [0x0000000080000000,0x00000000860c56c8,0x0000000086100000)
 Metaspace       used 65483K, committed 67008K, reserved 1114112K
  class space    used 6873K, committed 7552K, reserved 1048576K
}
Event: 25.623 GC heap before
{Heap before GC invocations=151 (full 3):
 PSYoungGen      total 7680K, used 7392K [0x00000000d5580000, 0x00000000d5e00000, 0x0000000100000000)
  eden space 6656K, 100% used [0x00000000d5580000,0x00000000d5c00000,0x00000000d5c00000)
  from space 1024K, 71% used [0x00000000d5c00000,0x00000000d5cb8000,0x00000000d5d00000)
  to   space 1024K, 0% used [0x00000000d5d00000,0x00000000d5d00000,0x00000000d5e00000)
 ParOldGen       total 99328K, used 99093K [0x0000000080000000, 0x0000000086100000, 0x00000000d5580000)
  object space 99328K, 99% used [0x0000000080000000,0x00000000860c56c8,0x0000000086100000)
 Metaspace       used 65528K, committed 67072K, reserved 1114112K
  class space    used 6877K, committed 7552K, reserved 1048576K
}
Event: 25.626 GC heap after
{Heap after GC invocations=151 (full 3):
 PSYoungGen      total 7680K, used 801K [0x00000000d5580000, 0x00000000d5e00000, 0x0000000100000000)
  eden space 6656K, 0% used [0x00000000d5580000,0x00000000d5580000,0x00000000d5c00000)
  from space 1024K, 78% used [0x00000000d5d00000,0x00000000d5dc8650,0x00000000d5e00000)
  to   space 1024K, 0% used [0x00000000d5c00000,0x00000000d5c00000,0x00000000d5d00000)
 ParOldGen       total 99840K, used 99661K [0x0000000080000000, 0x0000000086180000, 0x00000000d5580000)
  object space 99840K, 99% used [0x0000000080000000,0x0000000086153708,0x0000000086180000)
 Metaspace       used 65528K, committed 67072K, reserved 1114112K
  class space    used 6877K, committed 7552K, reserved 1048576K
}
Event: 25.689 GC heap before
{Heap before GC invocations=152 (full 3):
 PSYoungGen      total 7680K, used 7457K [0x00000000d5580000, 0x00000000d5e00000, 0x0000000100000000)
  eden space 6656K, 100% used [0x00000000d5580000,0x00000000d5c00000,0x00000000d5c00000)
  from space 1024K, 78% used [0x00000000d5d00000,0x00000000d5dc8650,0x00000000d5e00000)
  to   space 1024K, 0% used [0x00000000d5c00000,0x00000000d5c00000,0x00000000d5d00000)
 ParOldGen       total 99840K, used 99661K [0x0000000080000000, 0x0000000086180000, 0x00000000d5580000)
  object space 99840K, 99% used [0x0000000080000000,0x0000000086153708,0x0000000086180000)
 Metaspace       used 65582K, committed 67136K, reserved 1114112K
  class space    used 6881K, committed 7552K, reserved 1048576K
}
Event: 25.694 GC heap after
{Heap after GC invocations=152 (full 3):
 PSYoungGen      total 7680K, used 848K [0x00000000d5580000, 0x00000000d5e00000, 0x0000000100000000)
  eden space 6656K, 0% used [0x00000000d5580000,0x00000000d5580000,0x00000000d5c00000)
  from space 1024K, 82% used [0x00000000d5c00000,0x00000000d5cd4010,0x00000000d5d00000)
  to   space 1024K, 0% used [0x00000000d5d00000,0x00000000d5d00000,0x00000000d5e00000)
 ParOldGen       total 100352K, used 100207K [0x0000000080000000, 0x0000000086200000, 0x00000000d5580000)
  object space 100352K, 99% used [0x0000000080000000,0x00000000861dbd58,0x0000000086200000)
 Metaspace       used 65582K, committed 67136K, reserved 1114112K
  class space    used 6881K, committed 7552K, reserved 1048576K
}
Event: 25.779 GC heap before
{Heap before GC invocations=153 (full 3):
 PSYoungGen      total 7680K, used 7504K [0x00000000d5580000, 0x00000000d5e00000, 0x0000000100000000)
  eden space 6656K, 100% used [0x00000000d5580000,0x00000000d5c00000,0x00000000d5c00000)
  from space 1024K, 82% used [0x00000000d5c00000,0x00000000d5cd4010,0x00000000d5d00000)
  to   space 1024K, 0% used [0x00000000d5d00000,0x00000000d5d00000,0x00000000d5e00000)
 ParOldGen       total 100352K, used 100207K [0x0000000080000000, 0x0000000086200000, 0x00000000d5580000)
  object space 100352K, 99% used [0x0000000080000000,0x00000000861dbd58,0x0000000086200000)
 Metaspace       used 65711K, committed 67200K, reserved 1114112K
  class space    used 6892K, committed 7552K, reserved 1048576K
}
Event: 25.782 GC heap after
{Heap after GC invocations=153 (full 3):
 PSYoungGen      total 7680K, used 944K [0x00000000d5580000, 0x00000000d5e00000, 0x0000000100000000)
  eden space 6656K, 0% used [0x00000000d5580000,0x00000000d5580000,0x00000000d5c00000)
  from space 1024K, 92% used [0x00000000d5d00000,0x00000000d5dec0c0,0x00000000d5e00000)
  to   space 1024K, 0% used [0x00000000d5c00000,0x00000000d5c00000,0x00000000d5d00000)
 ParOldGen       total 100864K, used 100824K [0x0000000080000000, 0x0000000086280000, 0x00000000d5580000)
  object space 100864K, 99% used [0x0000000080000000,0x00000000862762b8,0x0000000086280000)
 Metaspace       used 65711K, committed 67200K, reserved 1114112K
  class space    used 6892K, committed 7552K, reserved 1048576K
}
Event: 25.920 GC heap before
{Heap before GC invocations=154 (full 3):
 PSYoungGen      total 7680K, used 7251K [0x00000000d5580000, 0x00000000d5e00000, 0x0000000100000000)
  eden space 6656K, 94% used [0x00000000d5580000,0x00000000d5ba8ea8,0x00000000d5c00000)
  from space 1024K, 92% used [0x00000000d5d00000,0x00000000d5dec0c0,0x00000000d5e00000)
  to   space 1024K, 0% used [0x00000000d5c00000,0x00000000d5c00000,0x00000000d5d00000)
 ParOldGen       total 100864K, used 100824K [0x0000000080000000, 0x0000000086280000, 0x00000000d5580000)
  object space 100864K, 99% used [0x0000000080000000,0x00000000862762b8,0x0000000086280000)
 Metaspace       used 65999K, committed 67584K, reserved 1114112K
  class space    used 6906K, committed 7616K, reserved 1048576K
}
Event: 25.924 GC heap after
{Heap after GC invocations=154 (full 3):
 PSYoungGen      total 7680K, used 832K [0x00000000d5580000, 0x00000000d5e00000, 0x0000000100000000)
  eden space 6656K, 0% used [0x00000000d5580000,0x00000000d5580000,0x00000000d5c00000)
  from space 1024K, 81% used [0x00000000d5c00000,0x00000000d5cd0220,0x00000000d5d00000)
  to   space 1024K, 0% used [0x00000000d5d00000,0x00000000d5d00000,0x00000000d5e00000)
 ParOldGen       total 101888K, used 101540K [0x0000000080000000, 0x0000000086380000, 0x00000000d5580000)
  object space 101888K, 99% used [0x0000000080000000,0x00000000863293b8,0x0000000086380000)
 Metaspace       used 65999K, committed 67584K, reserved 1114112K
  class space    used 6906K, committed 7616K, reserved 1048576K
}
Event: 26.034 GC heap before
{Heap before GC invocations=155 (full 3):
 PSYoungGen      total 7680K, used 7488K [0x00000000d5580000, 0x00000000d5e00000, 0x0000000100000000)
  eden space 6656K, 100% used [0x00000000d5580000,0x00000000d5c00000,0x00000000d5c00000)
  from space 1024K, 81% used [0x00000000d5c00000,0x00000000d5cd0220,0x00000000d5d00000)
  to   space 1024K, 0% used [0x00000000d5d00000,0x00000000d5d00000,0x00000000d5e00000)
 ParOldGen       total 101888K, used 101540K [0x0000000080000000, 0x0000000086380000, 0x00000000d5580000)
  object space 101888K, 99% used [0x0000000080000000,0x00000000863293b8,0x0000000086380000)
 Metaspace       used 66213K, committed 67776K, reserved 1114112K
  class space    used 6917K, committed 7616K, reserved 1048576K
}
Event: 26.037 GC heap after
{Heap after GC invocations=155 (full 3):
 PSYoungGen      total 7680K, used 923K [0x00000000d5580000, 0x00000000d5e00000, 0x0000000100000000)
  eden space 6656K, 0% used [0x00000000d5580000,0x00000000d5580000,0x00000000d5c00000)
  from space 1024K, 90% used [0x00000000d5d00000,0x00000000d5de6c50,0x00000000d5e00000)
  to   space 1024K, 0% used [0x00000000d5c00000,0x00000000d5c00000,0x00000000d5d00000)
 ParOldGen       total 102400K, used 102197K [0x0000000080000000, 0x0000000086400000, 0x00000000d5580000)
  object space 102400K, 99% used [0x0000000080000000,0x00000000863cd5d8,0x0000000086400000)
 Metaspace       used 66213K, committed 67776K, reserved 1114112K
  class space    used 6917K, committed 7616K, reserved 1048576K
}
Event: 26.245 GC heap before
{Heap before GC invocations=156 (full 3):
 PSYoungGen      total 7680K, used 6365K [0x00000000d5580000, 0x00000000d5e00000, 0x0000000100000000)
  eden space 6656K, 81% used [0x00000000d5580000,0x00000000d5ad08a8,0x00000000d5c00000)
  from space 1024K, 90% used [0x00000000d5d00000,0x00000000d5de6c50,0x00000000d5e00000)
  to   space 1024K, 0% used [0x00000000d5c00000,0x00000000d5c00000,0x00000000d5d00000)
 ParOldGen       total 102400K, used 102197K [0x0000000080000000, 0x0000000086400000, 0x00000000d5580000)
  object space 102400K, 99% used [0x0000000080000000,0x00000000863cd5d8,0x0000000086400000)
 Metaspace       used 66595K, committed 68160K, reserved 1114112K
  class space    used 6942K, committed 7616K, reserved 1048576K
}
Event: 26.250 GC heap after
{Heap after GC invocations=156 (full 3):
 PSYoungGen      total 7680K, used 852K [0x00000000d5580000, 0x00000000d5e00000, 0x0000000100000000)
  eden space 6656K, 0% used [0x00000000d5580000,0x00000000d5580000,0x00000000d5c00000)
  from space 1024K, 83% used [0x00000000d5c00000,0x00000000d5cd5108,0x00000000d5d00000)
  to   space 1024K, 0% used [0x00000000d5d00000,0x00000000d5d00000,0x00000000d5e00000)
 ParOldGen       total 102912K, used 102832K [0x0000000080000000, 0x0000000086480000, 0x00000000d5580000)
  object space 102912K, 99% used [0x0000000080000000,0x000000008646c238,0x0000000086480000)
 Metaspace       used 66595K, committed 68160K, reserved 1114112K
  class space    used 6942K, committed 7616K, reserved 1048576K
}

Dll operation events (10 events):
Event: 0.022 Loaded shared library c:\Users\malin\.antigravity\extensions\redhat.java-1.54.0-win32-x64\jre\21.0.10-win32-x86_64\bin\java.dll
Event: 0.167 Loaded shared library c:\Users\malin\.antigravity\extensions\redhat.java-1.54.0-win32-x64\jre\21.0.10-win32-x86_64\bin\zip.dll
Event: 0.209 Loaded shared library C:\Users\malin\.antigravity\extensions\redhat.java-1.54.0-win32-x64\jre\21.0.10-win32-x86_64\bin\instrument.dll
Event: 0.224 Loaded shared library C:\Users\malin\.antigravity\extensions\redhat.java-1.54.0-win32-x64\jre\21.0.10-win32-x86_64\bin\net.dll
Event: 0.229 Loaded shared library C:\Users\malin\.antigravity\extensions\redhat.java-1.54.0-win32-x64\jre\21.0.10-win32-x86_64\bin\nio.dll
Event: 0.235 Loaded shared library C:\Users\malin\.antigravity\extensions\redhat.java-1.54.0-win32-x64\jre\21.0.10-win32-x86_64\bin\zip.dll
Event: 0.265 Loaded shared library C:\Users\malin\.antigravity\extensions\redhat.java-1.54.0-win32-x64\jre\21.0.10-win32-x86_64\bin\jimage.dll
Event: 0.414 Loaded shared library c:\Users\malin\.antigravity\extensions\redhat.java-1.54.0-win32-x64\jre\21.0.10-win32-x86_64\bin\verify.dll
Event: 2.465 Loaded shared library C:\Users\malin\AppData\Roaming\Antigravity\User\globalStorage\redhat.java\1.54.0\config_win\org.eclipse.equinox.launcher\org.eclipse.equinox.launcher.win32.win32.x86_64_1.3.0.v20260203-2149\eclipse_11919.dll
Event: 6.799 Loaded shared library C:\Users\malin\AppData\Local\Temp\jna-103660669\jna16057847528743669425.dll

Deoptimization events (20 events):
Event: 25.901 Thread 0x000002da05608130 DEOPT UNPACKING pc=0x000002da306d3aa2 sp=0x000000f2ed1fa360 mode 2
Event: 26.004 Thread 0x000002da0b0d5f00 DEOPT PACKING pc=0x000002da2a62f505 sp=0x000000f2eedfd680
Event: 26.004 Thread 0x000002da0b0d5f00 DEOPT UNPACKING pc=0x000002da306d4242 sp=0x000000f2eedfcac0 mode 0
Event: 26.211 Thread 0x000002da0b0d5f00 Uncommon trap: trap_request=0xffffffc6 fr.pc=0x000002da3144434c relative=0x000000000000516c
Event: 26.211 Thread 0x000002da0b0d5f00 Uncommon trap: reason=bimorphic_or_optimized_type_check action=maybe_recompile pc=0x000002da3144434c method=java.lang.reflect.Field.get(Ljava/lang/Object;)Ljava/lang/Object; @ 22 c2
Event: 26.211 Thread 0x000002da0b0d5f00 DEOPT PACKING pc=0x000002da3144434c sp=0x000000f2eedfdea0
Event: 26.212 Thread 0x000002da0b0d5f00 DEOPT UNPACKING pc=0x000002da306d3aa2 sp=0x000000f2eedfdf00 mode 2
Event: 26.212 Thread 0x000002da0b0d5f00 Uncommon trap: trap_request=0xffffffc6 fr.pc=0x000002da3144434c relative=0x000000000000516c
Event: 26.213 Thread 0x000002da0b0d5f00 Uncommon trap: reason=bimorphic_or_optimized_type_check action=maybe_recompile pc=0x000002da3144434c method=java.lang.reflect.Field.get(Ljava/lang/Object;)Ljava/lang/Object; @ 22 c2
Event: 26.213 Thread 0x000002da0b0d5f00 DEOPT PACKING pc=0x000002da3144434c sp=0x000000f2eedfddf0
Event: 26.213 Thread 0x000002da0b0d5f00 DEOPT UNPACKING pc=0x000002da306d3aa2 sp=0x000000f2eedfde50 mode 2
Event: 26.214 Thread 0x000002da0b0d5f00 Uncommon trap: trap_request=0xffffffc6 fr.pc=0x000002da3144434c relative=0x000000000000516c
Event: 26.214 Thread 0x000002da0b0d5f00 Uncommon trap: reason=bimorphic_or_optimized_type_check action=maybe_recompile pc=0x000002da3144434c method=java.lang.reflect.Field.get(Ljava/lang/Object;)Ljava/lang/Object; @ 22 c2
Event: 26.215 Thread 0x000002da0b0d5f00 DEOPT PACKING pc=0x000002da3144434c sp=0x000000f2eedfdd40
Event: 26.215 Thread 0x000002da0b0d5f00 DEOPT UNPACKING pc=0x000002da306d3aa2 sp=0x000000f2eedfdda0 mode 2
Event: 26.215 Thread 0x000002da0b0d5f00 Uncommon trap: trap_request=0xffffffc6 fr.pc=0x000002da3144434c relative=0x000000000000516c
Event: 26.216 Thread 0x000002da0b0d5f00 Uncommon trap: reason=bimorphic_or_optimized_type_check action=maybe_recompile pc=0x000002da3144434c method=java.lang.reflect.Field.get(Ljava/lang/Object;)Ljava/lang/Object; @ 22 c2
Event: 26.216 Thread 0x000002da0b0d5f00 DEOPT PACKING pc=0x000002da3144434c sp=0x000000f2eedfdea0
Event: 26.216 Thread 0x000002da0b0d5f00 DEOPT UNPACKING pc=0x000002da306d3aa2 sp=0x000000f2eedfdf00 mode 2
Event: 26.321 Thread 0x000002da0b0d5f00 Uncommon trap: trap_request=0xffffff45 fr.pc=0x000002da31450020 relative=0x0000000000000660

Classes loaded (20 events):
Event: 19.995 Loading class java/util/concurrent/CompletableFuture$UniExceptionally
Event: 19.995 Loading class java/util/concurrent/CompletableFuture$UniExceptionally done
Event: 20.056 Loading class javax/xml/transform/TransformerConfigurationException
Event: 20.056 Loading class javax/xml/transform/TransformerConfigurationException done
Event: 20.139 Loading class java/util/Hashtable$KeySet
Event: 20.140 Loading class java/util/Hashtable$KeySet done
Event: 20.701 Loading class java/lang/UnsupportedClassVersionError
Event: 20.701 Loading class java/lang/UnsupportedClassVersionError done
Event: 22.779 Loading class java/util/stream/ReduceOps$4
Event: 22.780 Loading class java/util/stream/ReduceOps$4 done
Event: 22.781 Loading class java/util/stream/ReduceOps$4ReducingSink
Event: 22.781 Loading class java/util/stream/ReduceOps$4ReducingSink done
Event: 22.786 Loading class java/nio/file/Files$2
Event: 22.787 Loading class java/nio/file/Files$2 done
Event: 23.540 Loading class sun/nio/cs/ISO_8859_1$Decoder
Event: 23.541 Loading class sun/nio/cs/ISO_8859_1$Decoder done
Event: 24.417 Loading class java/lang/invoke/MethodHandleImpl$CountingWrapper$1
Event: 24.418 Loading class java/lang/invoke/MethodHandleImpl$CountingWrapper$1 done
Event: 25.695 Loading class java/util/ImmutableCollections$SubList
Event: 25.696 Loading class java/util/ImmutableCollections$SubList done

Classes unloaded (7 events):
Event: 7.707 Thread 0x000002da260d0a00 Unloading class 0x000002da3e1a4800 'java/lang/invoke/LambdaForm$MH+0x000002da3e1a4800'
Event: 7.707 Thread 0x000002da260d0a00 Unloading class 0x000002da3e1a4400 'java/lang/invoke/LambdaForm$MH+0x000002da3e1a4400'
Event: 7.707 Thread 0x000002da260d0a00 Unloading class 0x000002da3e1a4000 'java/lang/invoke/LambdaForm$MH+0x000002da3e1a4000'
Event: 7.707 Thread 0x000002da260d0a00 Unloading class 0x000002da3e1a3c00 'java/lang/invoke/LambdaForm$MH+0x000002da3e1a3c00'
Event: 7.707 Thread 0x000002da260d0a00 Unloading class 0x000002da3e1a3800 'java/lang/invoke/LambdaForm$BMH+0x000002da3e1a3800'
Event: 7.707 Thread 0x000002da260d0a00 Unloading class 0x000002da3e1a3400 'java/lang/invoke/LambdaForm$DMH+0x000002da3e1a3400'
Event: 7.707 Thread 0x000002da260d0a00 Unloading class 0x000002da3e1a2000 'java/lang/invoke/LambdaForm$DMH+0x000002da3e1a2000'

Classes redefined (0 events):
No events

Internal exceptions (20 events):
Event: 23.512 Thread 0x000002da0b0d5f00 Exception <a 'java/lang/NoSuchMethodError'{0x00000000d5aa3c28}: 'java.lang.Object java.lang.invoke.DirectMethodHandle$Holder.invokeSpecial(java.lang.Object, java.lang.Object, java.lang.Object, int, int)'> (0x00000000d5aa3c28) 
thrown [s\src\hotspot\share\interpreter\linkResolver.cpp, line 773]
Event: 23.513 Thread 0x000002da056066f0 Exception <a 'java/lang/NoSuchMethodError'{0x00000000d5b379c8}: 'java.lang.Object java.lang.invoke.DirectMethodHandle$Holder.invokeSpecial(java.lang.Object, java.lang.Object, java.lang.Object, int, int)'> (0x00000000d5b379c8) 
thrown [s\src\hotspot\share\interpreter\linkResolver.cpp, line 773]
Event: 23.681 Thread 0x000002da056059d0 Implicit null exception at 0x000002da313b37a2 to 0x000002da313b3958
Event: 23.930 Thread 0x000002da056059d0 Exception <a 'sun/nio/fs/WindowsException'{0x00000000d58a3e10}> (0x00000000d58a3e10) 
thrown [s\src\hotspot\share\prims\jni.cpp, line 520]
Event: 23.930 Thread 0x000002da056059d0 Exception <a 'sun/nio/fs/WindowsException'{0x00000000d58a4498}> (0x00000000d58a4498) 
thrown [s\src\hotspot\share\prims\jni.cpp, line 520]
Event: 24.287 Thread 0x000002da05605340 Exception <a 'java/lang/NoSuchMethodError'{0x00000000d5b70ba0}: 'java.lang.Object java.lang.invoke.DirectMethodHandle$Holder.invokeStatic(java.lang.Object, java.lang.Object, int, java.lang.Object, java.lang.Object)'> (0x00000000d5b70ba0) 
thrown [s\src\hotspot\share\interpreter\linkResolver.cpp, line 773]
Event: 24.833 Thread 0x000002da0b0d6c20 Exception <a 'sun/nio/fs/WindowsException'{0x00000000d55b2738}> (0x00000000d55b2738) 
thrown [s\src\hotspot\share\prims\jni.cpp, line 520]
Event: 24.833 Thread 0x000002da0b0d6c20 Exception <a 'sun/nio/fs/WindowsException'{0x00000000d55b65f0}> (0x00000000d55b65f0) 
thrown [s\src\hotspot\share\prims\jni.cpp, line 520]
Event: 24.833 Thread 0x000002da0b0d6c20 Exception <a 'sun/nio/fs/WindowsException'{0x00000000d55bdb08}> (0x00000000d55bdb08) 
thrown [s\src\hotspot\share\prims\jni.cpp, line 520]
Event: 24.833 Thread 0x000002da0b0d6c20 Exception <a 'sun/nio/fs/WindowsException'{0x00000000d55be440}> (0x00000000d55be440) 
thrown [s\src\hotspot\share\prims\jni.cpp, line 520]
Event: 24.835 Thread 0x000002da0b0d6c20 Exception <a 'sun/nio/fs/WindowsException'{0x00000000d55e8140}> (0x00000000d55e8140) 
thrown [s\src\hotspot\share\prims\jni.cpp, line 520]
Event: 24.835 Thread 0x000002da0b0d6c20 Exception <a 'sun/nio/fs/WindowsException'{0x00000000d561f6a8}> (0x00000000d561f6a8) 
thrown [s\src\hotspot\share\prims\jni.cpp, line 520]
Event: 24.842 Thread 0x000002da0b0d6c20 Exception <a 'sun/nio/fs/WindowsException'{0x00000000d568b520}> (0x00000000d568b520) 
thrown [s\src\hotspot\share\prims\jni.cpp, line 520]
Event: 24.842 Thread 0x000002da0b0d6c20 Exception <a 'sun/nio/fs/WindowsException'{0x00000000d568be58}> (0x00000000d568be58) 
thrown [s\src\hotspot\share\prims\jni.cpp, line 520]
Event: 25.025 Thread 0x000002da0b0d8660 Implicit null exception at 0x000002da30f970cb to 0x000002da30f97228
Event: 25.140 Thread 0x000002da0b0d5f00 Exception <a 'java/lang/LinkageError'{0x00000000d5c37c90}: loader lombok.launch.ShadowClassLoader @3919cb70 attempted duplicate class definition for lombok.eclipse.EcjAugments. (lombok.eclipse.EcjAugments is in unnamed module of loader lombok.launch.ShadowClassLoader @3919cb70, parent loader org.eclipse.osgi.internal.loader.EquinoxClassLoader @70f3f6e0)> (0x00000000d5c37c90) 
thrown [s\src\hotspot\share\classfile\systemDictionary.cpp, line 1672]
Event: 25.209 Thread 0x000002da056066f0 Exception <a 'java/io/FileNotFoundException'{0x00000000d564e500}> (0x00000000d564e500) 
thrown [s\src\hotspot\share\prims\jni.cpp, line 520]
Event: 25.210 Thread 0x000002da056066f0 Exception <a 'java/io/FileNotFoundException'{0x00000000d5656570}> (0x00000000d5656570) 
thrown [s\src\hotspot\share\prims\jni.cpp, line 520]
Event: 25.211 Thread 0x000002da056066f0 Exception <a 'java/io/FileNotFoundException'{0x00000000d56572f0}> (0x00000000d56572f0) 
thrown [s\src\hotspot\share\prims\jni.cpp, line 520]
Event: 25.603 Thread 0x000002da0b0d5f00 Implicit null exception at 0x000002da30f18bda to 0x000002da30f18c33

ZGC Phase Switch (0 events):
No events

VM Operations (20 events):
Event: 25.570 Executing safepoint VM operation: ParallelGCFailedAllocation (Allocation Failure) done
Event: 25.623 Executing safepoint VM operation: ParallelGCFailedAllocation (Allocation Failure)
Event: 25.627 Executing safepoint VM operation: ParallelGCFailedAllocation (Allocation Failure) done
Event: 25.689 Executing safepoint VM operation: ParallelGCFailedAllocation (Allocation Failure)
Event: 25.694 Executing safepoint VM operation: ParallelGCFailedAllocation (Allocation Failure) done
Event: 25.737 Executing non-safepoint VM operation: HandshakeAllThreads (Deoptimize)
Event: 25.737 Executing non-safepoint VM operation: HandshakeAllThreads (Deoptimize) done
Event: 25.779 Executing safepoint VM operation: ParallelGCFailedAllocation (Allocation Failure)
Event: 25.782 Executing safepoint VM operation: ParallelGCFailedAllocation (Allocation Failure) done
Event: 25.810 Executing non-safepoint VM operation: HandshakeAllThreads (Deoptimize)
Event: 25.810 Executing non-safepoint VM operation: HandshakeAllThreads (Deoptimize) done
Event: 25.919 Executing safepoint VM operation: ParallelGCFailedAllocation (Allocation Failure)
Event: 25.924 Executing safepoint VM operation: ParallelGCFailedAllocation (Allocation Failure) done
Event: 26.034 Executing safepoint VM operation: ParallelGCFailedAllocation (Allocation Failure)
Event: 26.038 Executing safepoint VM operation: ParallelGCFailedAllocation (Allocation Failure) done
Event: 26.223 Executing safepoint VM operation: ParallelGCFailedAllocation (Allocation Failure)
Event: 26.250 Executing safepoint VM operation: ParallelGCFailedAllocation (Allocation Failure) done
Event: 26.279 Executing non-safepoint VM operation: HandshakeAllThreads (Deoptimize)
Event: 26.280 Executing non-safepoint VM operation: HandshakeAllThreads (Deoptimize) done
Event: 27.279 Executing safepoint VM operation: Cleanup

Memory protections (0 events):
No events

Nmethod flushes (20 events):
Event: 21.048 Thread 0x000002da260d0a00 flushing  nmethod 0x000002da29bd1d10
Event: 21.048 Thread 0x000002da260d0a00 flushing  nmethod 0x000002da29bdbe90
Event: 21.048 Thread 0x000002da260d0a00 flushing  nmethod 0x000002da29be9990
Event: 21.048 Thread 0x000002da260d0a00 flushing  nmethod 0x000002da29bf1090
Event: 21.048 Thread 0x000002da260d0a00 flushing  nmethod 0x000002da29bf1a10
Event: 21.048 Thread 0x000002da260d0a00 flushing  nmethod 0x000002da29bf1d90
Event: 21.048 Thread 0x000002da260d0a00 flushing  nmethod 0x000002da29bf2110
Event: 21.048 Thread 0x000002da260d0a00 flushing  nmethod 0x000002da29bf5310
Event: 21.048 Thread 0x000002da260d0a00 flushing  nmethod 0x000002da29bfb390
Event: 21.048 Thread 0x000002da260d0a00 flushing  nmethod 0x000002da29c14890
Event: 21.048 Thread 0x000002da260d0a00 flushing  nmethod 0x000002da29c14e90
Event: 21.048 Thread 0x000002da260d0a00 flushing  nmethod 0x000002da29c15590
Event: 21.048 Thread 0x000002da260d0a00 flushing  nmethod 0x000002da29c15e10
Event: 21.048 Thread 0x000002da260d0a00 flushing  nmethod 0x000002da29c17f10
Event: 21.048 Thread 0x000002da260d0a00 flushing  nmethod 0x000002da29c30b10
Event: 21.048 Thread 0x000002da260d0a00 flushing  nmethod 0x000002da29c36b10
Event: 21.048 Thread 0x000002da260d0a00 flushing  nmethod 0x000002da29c4b590
Event: 21.048 Thread 0x000002da260d0a00 flushing  nmethod 0x000002da29c5f590
Event: 21.048 Thread 0x000002da260d0a00 flushing  nmethod 0x000002da29c6fb90
Event: 21.048 Thread 0x000002da260d0a00 flushing osr nmethod 0x000002da29c98910

Events (20 events):
Event: 19.281 Thread 0x000002da7f079570 Thread added: 0x000002da0b369e80
Event: 19.301 Thread 0x000002da7f129ec0 Thread added: 0x000002da0b36ac20
Event: 19.756 Thread 0x000002da0b36ac20 Thread exited: 0x000002da0b36ac20
Event: 19.862 Thread 0x000002da0b369e80 Thread exited: 0x000002da0b369e80
Event: 20.092 Thread 0x000002da05606060 Thread added: 0x000002da064b16f0
Event: 20.238 Thread 0x000002da7f079570 Thread added: 0x000002da0b36ac20
Event: 20.286 Thread 0x000002da7f129ec0 Thread added: 0x000002da0b3697b0
Event: 20.286 Thread 0x000002da7f129ec0 Thread added: 0x000002da0b369e80
Event: 20.287 Thread 0x000002da7f129ec0 Thread added: 0x000002da09e71c30
Event: 23.177 Thread 0x000002da056059d0 Thread added: 0x000002da064b1060
Event: 23.178 Thread 0x000002da056059d0 Thread added: 0x000002da064b2aa0
Event: 23.179 Thread 0x000002da056059d0 Thread added: 0x000002da064b37c0
Event: 23.180 Thread 0x000002da056059d0 Thread added: 0x000002da064b0340
Event: 23.181 Thread 0x000002da056059d0 Thread added: 0x000002da064b4b70
Event: 23.641 Thread 0x000002da064b2aa0 Thread exited: 0x000002da064b2aa0
Event: 23.641 Thread 0x000002da064b1060 Thread exited: 0x000002da064b1060
Event: 23.641 Thread 0x000002da064b37c0 Thread exited: 0x000002da064b37c0
Event: 23.641 Thread 0x000002da064b0340 Thread exited: 0x000002da064b0340
Event: 23.641 Thread 0x000002da064b4b70 Thread exited: 0x000002da064b4b70
Event: 26.895 Thread 0x000002da7f129ec0 Thread exited: 0x000002da7f129ec0


Dynamic libraries:
0x00007ff68c5e0000 - 0x00007ff68c5ee000 	c:\Users\malin\.antigravity\extensions\redhat.java-1.54.0-win32-x64\jre\21.0.10-win32-x86_64\bin\java.exe
0x00007ff831a80000 - 0x00007ff831ce7000 	C:\WINDOWS\SYSTEM32\ntdll.dll
0x00007ff82fdd0000 - 0x00007ff82fe99000 	C:\WINDOWS\System32\KERNEL32.DLL
0x00007ff82e350000 - 0x00007ff82e744000 	C:\WINDOWS\System32\KERNELBASE.dll
0x00007ff82f550000 - 0x00007ff82f69b000 	C:\WINDOWS\System32\ucrtbase.dll
0x00007ffff9610000 - 0x00007ffff9628000 	c:\Users\malin\.antigravity\extensions\redhat.java-1.54.0-win32-x64\jre\21.0.10-win32-x86_64\bin\jli.dll
0x00007ff8314e0000 - 0x00007ff8316a5000 	C:\WINDOWS\System32\USER32.dll
0x00007ffff94c0000 - 0x00007ffff94de000 	c:\Users\malin\.antigravity\extensions\redhat.java-1.54.0-win32-x64\jre\21.0.10-win32-x86_64\bin\VCRUNTIME140.dll
0x00007ff81de70000 - 0x00007ff81e103000 	C:\WINDOWS\WinSxS\amd64_microsoft.windows.common-controls_6595b64144ccf1df_6.0.26100.8115_none_3e075c82e3354f9c\COMCTL32.dll
0x00007ff82f6a0000 - 0x00007ff82f6c7000 	C:\WINDOWS\System32\win32u.dll
0x00007ff830c20000 - 0x00007ff830cc9000 	C:\WINDOWS\System32\msvcrt.dll
0x00007ff830340000 - 0x00007ff83036b000 	C:\WINDOWS\System32\GDI32.dll
0x00007ff82eaf0000 - 0x00007ff82ec1b000 	C:\WINDOWS\System32\gdi32full.dll
0x00007ff82ea40000 - 0x00007ff82eae3000 	C:\WINDOWS\System32\msvcp_win.dll
0x00007ff82fc30000 - 0x00007ff82fc62000 	C:\WINDOWS\System32\IMM32.DLL
0x00007ff807fb0000 - 0x00007ff807fbc000 	c:\Users\malin\.antigravity\extensions\redhat.java-1.54.0-win32-x64\jre\21.0.10-win32-x86_64\bin\vcruntime140_1.dll
0x00007fffc6060000 - 0x00007fffc60ed000 	c:\Users\malin\.antigravity\extensions\redhat.java-1.54.0-win32-x64\jre\21.0.10-win32-x86_64\bin\msvcp140.dll
0x00007fffb4530000 - 0x00007fffb52d1000 	c:\Users\malin\.antigravity\extensions\redhat.java-1.54.0-win32-x64\jre\21.0.10-win32-x86_64\bin\server\jvm.dll
0x00007ff8300d0000 - 0x00007ff830186000 	C:\WINDOWS\System32\ADVAPI32.dll
0x00007ff82ff90000 - 0x00007ff830037000 	C:\WINDOWS\System32\sechost.dll
0x00007ff82f970000 - 0x00007ff82fa88000 	C:\WINDOWS\System32\RPCRT4.dll
0x00007ff830560000 - 0x00007ff8305e0000 	C:\WINDOWS\System32\WS2_32.dll
0x00007ff82e1b0000 - 0x00007ff82e20e000 	C:\WINDOWS\SYSTEM32\POWRPROF.dll
0x00007ff827c10000 - 0x00007ff827c46000 	C:\WINDOWS\SYSTEM32\WINMM.dll
0x00007ff827c50000 - 0x00007ff827c5b000 	C:\WINDOWS\SYSTEM32\VERSION.dll
0x00007ff82e190000 - 0x00007ff82e1a4000 	C:\WINDOWS\SYSTEM32\UMPDC.dll
0x00007ff82d010000 - 0x00007ff82d02b000 	C:\WINDOWS\SYSTEM32\kernel.appcore.dll
0x00007ff805930000 - 0x00007ff80593a000 	c:\Users\malin\.antigravity\extensions\redhat.java-1.54.0-win32-x64\jre\21.0.10-win32-x86_64\bin\jimage.dll
0x00007ff824a70000 - 0x00007ff824cb2000 	C:\WINDOWS\SYSTEM32\DBGHELP.DLL
0x00007ff8316b0000 - 0x00007ff831a32000 	C:\WINDOWS\System32\combase.dll
0x00007ff82feb0000 - 0x00007ff82ff88000 	C:\WINDOWS\System32\OLEAUT32.dll
0x00007ff81c1a0000 - 0x00007ff81c1db000 	C:\WINDOWS\SYSTEM32\dbgcore.DLL
0x00007ff82f760000 - 0x00007ff82f805000 	C:\WINDOWS\System32\bcryptPrimitives.dll
0x00007ff805290000 - 0x00007ff80529f000 	c:\Users\malin\.antigravity\extensions\redhat.java-1.54.0-win32-x64\jre\21.0.10-win32-x86_64\bin\instrument.dll
0x00007ffff6050000 - 0x00007ffff6070000 	c:\Users\malin\.antigravity\extensions\redhat.java-1.54.0-win32-x64\jre\21.0.10-win32-x86_64\bin\java.dll
0x00007ff830cd0000 - 0x00007ff831437000 	C:\WINDOWS\System32\SHELL32.dll
0x00007ff82e750000 - 0x00007ff82e8ba000 	C:\WINDOWS\System32\wintypes.dll
0x00007ff82ece0000 - 0x00007ff82f548000 	C:\WINDOWS\System32\windows.storage.dll
0x00007ff82f870000 - 0x00007ff82f968000 	C:\WINDOWS\System32\SHCORE.dll
0x00007ff82fa90000 - 0x00007ff82faf6000 	C:\WINDOWS\System32\shlwapi.dll
0x00007ff82e270000 - 0x00007ff82e299000 	C:\WINDOWS\SYSTEM32\profapi.dll
0x00007ff807da0000 - 0x00007ff807db8000 	c:\Users\malin\.antigravity\extensions\redhat.java-1.54.0-win32-x64\jre\21.0.10-win32-x86_64\bin\zip.dll
0x00007ff81c1e0000 - 0x00007ff81c1f0000 	C:\Users\malin\.antigravity\extensions\redhat.java-1.54.0-win32-x64\jre\21.0.10-win32-x86_64\bin\net.dll
0x00007ff8288c0000 - 0x00007ff8289ed000 	C:\WINDOWS\SYSTEM32\WINHTTP.dll
0x00007ff82d650000 - 0x00007ff82d6bc000 	C:\WINDOWS\system32\mswsock.dll
0x00007ff806da0000 - 0x00007ff806db6000 	C:\Users\malin\.antigravity\extensions\redhat.java-1.54.0-win32-x64\jre\21.0.10-win32-x86_64\bin\nio.dll
0x00007ff807d90000 - 0x00007ff807da0000 	c:\Users\malin\.antigravity\extensions\redhat.java-1.54.0-win32-x64\jre\21.0.10-win32-x86_64\bin\verify.dll
0x00007fffc59a0000 - 0x00007fffc59e5000 	C:\Users\malin\AppData\Roaming\Antigravity\User\globalStorage\redhat.java\1.54.0\config_win\org.eclipse.equinox.launcher\org.eclipse.equinox.launcher.win32.win32.x86_64_1.3.0.v20260203-2149\eclipse_11919.dll
0x00007ff830a80000 - 0x00007ff830c17000 	C:\WINDOWS\System32\ole32.dll
0x00007ff82d930000 - 0x00007ff82d94b000 	C:\WINDOWS\SYSTEM32\CRYPTSP.dll
0x00007ff82d030000 - 0x00007ff82d069000 	C:\WINDOWS\system32\rsaenh.dll
0x00007ff82d700000 - 0x00007ff82d733000 	C:\WINDOWS\SYSTEM32\USERENV.dll
0x00007ff82e240000 - 0x00007ff82e26a000 	C:\WINDOWS\SYSTEM32\bcrypt.dll
0x00007ff82d950000 - 0x00007ff82d95c000 	C:\WINDOWS\SYSTEM32\CRYPTBASE.dll
0x00007ff82ca80000 - 0x00007ff82cab2000 	C:\WINDOWS\SYSTEM32\IPHLPAPI.DLL
0x00007ff830040000 - 0x00007ff83004a000 	C:\WINDOWS\System32\NSI.dll
0x00007fffc5950000 - 0x00007fffc5999000 	C:\Users\malin\AppData\Local\Temp\jna-103660669\jna16057847528743669425.dll
0x00007ff830550000 - 0x00007ff830558000 	C:\WINDOWS\System32\PSAPI.DLL
0x00007ff8288a0000 - 0x00007ff8288bd000 	C:\WINDOWS\SYSTEM32\dhcpcsvc6.DLL
0x00007ff828860000 - 0x00007ff828885000 	C:\WINDOWS\SYSTEM32\dhcpcsvc.DLL

JVMTI agents:
c:\Users\malin\.antigravity\extensions\redhat.java-1.54.0-win32-x64\lombok\lombok-1.18.39-4050.jar path:c:\Users\malin\.antigravity\extensions\redhat.java-1.54.0-win32-x64\jre\21.0.10-win32-x86_64\bin\instrument.dll, loaded, initialized, instrumentlib options:none

dbghelp: loaded successfully - version: 4.0.5 - missing functions: none
symbol engine: initialized successfully - sym options: 0x614 - pdb path: .;c:\Users\malin\.antigravity\extensions\redhat.java-1.54.0-win32-x64\jre\21.0.10-win32-x86_64\bin;C:\WINDOWS\SYSTEM32;C:\WINDOWS\WinSxS\amd64_microsoft.windows.common-controls_6595b64144ccf1df_6.0.26100.8115_none_3e075c82e3354f9c;c:\Users\malin\.antigravity\extensions\redhat.java-1.54.0-win32-x64\jre\21.0.10-win32-x86_64\bin\server;C:\Users\malin\AppData\Roaming\Antigravity\User\globalStorage\redhat.java\1.54.0\config_win\org.eclipse.equinox.launcher\org.eclipse.equinox.launcher.win32.win32.x86_64_1.3.0.v20260203-2149;C:\Users\malin\AppData\Local\Temp\jna-103660669

VM Arguments:
jvm_args: --add-modules=ALL-SYSTEM --add-opens=java.base/java.util=ALL-UNNAMED --add-opens=java.base/java.lang=ALL-UNNAMED --add-opens=java.base/sun.nio.fs=ALL-UNNAMED -Declipse.application=org.eclipse.jdt.ls.core.id1 -Dosgi.bundles.defaultStartLevel=4 -Declipse.product=org.eclipse.jdt.ls.core.product -Djava.import.generatesMetadataFilesAtProjectRoot=false -DDetectVMInstallationsJob.disabled=true -Dfile.encoding=utf8 -XX:+UseParallelGC -XX:GCTimeRatio=4 -XX:AdaptiveSizePolicyWeight=90 -Dsun.zip.disableMemoryMapping=true -Xmx2G -Xms100m -Xlog:disable -javaagent:c:\Users\malin\.antigravity\extensions\redhat.java-1.54.0-win32-x64\lombok\lombok-1.18.39-4050.jar -XX:+HeapDumpOnOutOfMemoryError -XX:HeapDumpPath=c:\Users\malin\AppData\Roaming\Antigravity\User\workspaceStorage\7da6816d25600c1ce73892a0ef44c29d\redhat.java -Daether.dependencyCollector.impl=bf 
java_command: c:\Users\malin\.antigravity\extensions\redhat.java-1.54.0-win32-x64\server\plugins\org.eclipse.equinox.launcher_1.7.100.v20251111-0406.jar -configuration c:\Users\malin\AppData\Roaming\Antigravity\User\globalStorage\redhat.java\1.54.0\config_win -data c:\Users\malin\AppData\Roaming\Antigravity\User\workspaceStorage\7da6816d25600c1ce73892a0ef44c29d\redhat.java\jdt_ws --pipe=\\.\pipe\lsp-29058a8e39827e4c451aa7e6f4940544-sock
java_class_path (initial): c:\Users\malin\.antigravity\extensions\redhat.java-1.54.0-win32-x64\server\plugins\org.eclipse.equinox.launcher_1.7.100.v20251111-0406.jar
Launcher Type: SUN_STANDARD

[Global flags]
    uintx AdaptiveSizePolicyWeight                 = 90                                        {product} {command line}
     intx CICompilerCount                          = 12                                        {product} {ergonomic}
    uintx GCTimeRatio                              = 4                                         {product} {command line}
     bool HeapDumpOnOutOfMemoryError               = true                                   {manageable} {command line}
    ccstr HeapDumpPath                             = c:\Users\malin\AppData\Roaming\Antigravity\User\workspaceStorage\7da6816d25600c1ce73892a0ef44c29d\redhat.java         {manageable} {command line}
   size_t InitialHeapSize                          = 104857600                                 {product} {command line}
   size_t MaxHeapSize                              = 2147483648                                {product} {command line}
   size_t MaxNewSize                               = 715653120                                 {product} {ergonomic}
   size_t MinHeapDeltaBytes                        = 524288                                    {product} {ergonomic}
   size_t MinHeapSize                              = 104857600                                 {product} {command line}
   size_t NewSize                                  = 34603008                                  {product} {ergonomic}
    uintx NonNMethodCodeHeapSize                   = 7602480                                {pd product} {ergonomic}
    uintx NonProfiledCodeHeapSize                  = 122027880                              {pd product} {ergonomic}
   size_t OldSize                                  = 70254592                                  {product} {ergonomic}
    uintx ProfiledCodeHeapSize                     = 122027880                              {pd product} {ergonomic}
    uintx ReservedCodeCacheSize                    = 251658240                              {pd product} {ergonomic}
     bool SegmentedCodeCache                       = true                                      {product} {ergonomic}
   size_t SoftMaxHeapSize                          = 2147483648                             {manageable} {ergonomic}
     bool UseCompressedOops                        = true                           {product lp64_product} {ergonomic}
     bool UseLargePagesIndividualAllocation        = false                                  {pd product} {ergonomic}
     bool UseParallelGC                            = true                                      {product} {command line}

Logging:
Log output configuration:
 #0: stdout all=off uptime,level,tags foldmultilines=false
 #1: stderr all=off uptime,level,tags foldmultilines=false

Release file:
JAVA_VERSION="21.0.10" 
MODULES="java.base java.compiler java.datatransfer java.xml java.prefs java.desktop java.instrument java.logging java.management java.security.sasl java.naming java.rmi java.management.rmi java.net.http java.scripting java.security.jgss java.transaction.xa java.sql java.sql.rowset java.xml.crypto java.se java.smartcardio jdk.accessibility jdk.internal.jvmstat jdk.attach jdk.charsets jdk.internal.opt jdk.zipfs jdk.compiler jdk.crypto.ec jdk.crypto.cryptoki jdk.crypto.mscapi jdk.dynalink jdk.internal.ed jdk.editpad jdk.hotspot.agent jdk.httpserver jdk.internal.le jdk.internal.vm.ci jdk.internal.vm.compiler jdk.internal.vm.compiler.management jdk.jartool jdk.javadoc jdk.jcmd jdk.management jdk.management.agent jdk.jconsole jdk.jdeps jdk.jdwp.agent jdk.jdi jdk.jfr jdk.jshell jdk.jsobject jdk.jstatd jdk.localedata jdk.management.jfr jdk.naming.dns jdk.naming.rmi jdk.net jdk.nio.mapmode jdk.random jdk.sctp jdk.security.auth jdk.security.jgss jdk.unsupported jdk.unsupported.desktop jdk.xml.dom" 

Environment Variables:
PATH=C:\app\malin\product\21c\dbhomeXE\bin;C:\Users\malin\AppData\Local\Android\Sdk\bin;C:\Program Files\Eclipse Adoptium\jdk-25.0.0.36-hotspot\bin;C:\WINDOWS\system32;C:\WINDOWS;C:\WINDOWS\System32\Wbem;C:\WINDOWS\System32\WindowsPowerShell\v1.0\;C:\WINDOWS\System32\OpenSSH\;C:\Program Files (x86)\Microsoft SQL Server\160\DTS\Binn\;C:\Program Files (x86)\Microsoft SQL Server\160\Tools\Binn\;C:\Program Files\Microsoft SQL Server\160\Tools\Binn\;C:\Program Files\Microsoft SQL Server\Client SDK\ODBC\170\Tools\Binn\;C:\Program Files\Microsoft SQL Server\160\DTS\Binn\;C:\Program Files\MySQL\MySQL Server 8.0\bin;C:\Program Files (x86)\Windows Kits\10\Windows Performance Toolkit\;C:\Program Files\nodejs\;C:\Program Files\Git\cmd;C:\Program Files\cursor\resources\app\bin;C:\Program Files\Git LFS;C:\Users\malin\AppData\Local\Programs\Python\Python313\Scripts\;C:\Users\malin\AppData\Local\Programs\Python\Python313\;C:\Program Files\MySQL\MySQL Shell 8.0\bin\;C:\Users\malin\AppData\Local\Microsoft\WindowsApps;C:\Program Files\R\R-4.5.1\bin;C:\Users\malin\AppData\Roaming\npm;C:\Users\malin\AppData\Local\Programs\Microsoft VS Code\bin;C:\Users\malin\AppData\Local\Programs\mongosh\;C:\Users\malin\AppData\Local\GitHubDesktop\bin;C:\Users\malin\AppData\Local\Programs\Antigravity\bin;C:\Users\malin\AppData\Local\Programs\cursor\resources\app\bin
USERNAME=malin
OS=Windows_NT
PROCESSOR_IDENTIFIER=AMD64 Family 23 Model 96 Stepping 1, AuthenticAMD
TMP=C:\Users\malin\AppData\Local\Temp
TEMP=C:\Users\malin\AppData\Local\Temp




Periodic native trim disabled

---------------  S Y S T E M  ---------------

OS:
 Windows 11 , 64 bit Build 26100 (10.0.26100.8246)
OS uptime: 0 days 16:23 hours
Hyper-V role detected

CPU: total 16 (initial active 16) (16 cores per cpu, 2 threads per core) family 23 model 96 stepping 1 microcode 0x8600104, cx8, cmov, fxsr, ht, mmx, 3dnowpref, sse, sse2, sse3, ssse3, sse4a, sse4.1, sse4.2, popcnt, lzcnt, tsc, tscinvbit, avx, avx2, aes, clmul, bmi1, bmi2, adx, sha, fma, vzeroupper, clflush, clflushopt, hv, rdtscp, rdpid, f16c
Processor Information for the first 16 processors :
  Max Mhz: 2900, Current Mhz: 1700, Mhz Limit: 2900

Memory: 4k page, system-wide physical 15770M (3598M free)
TotalPageFile size 19866M (AvailPageFile size 23M)
current process WorkingSet (physical memory assigned to process): 449M, peak: 473M
current process commit charge ("private bytes"): 538M, peak: 562M

vm_info: OpenJDK 64-Bit Server VM (21.0.10+7-LTS) for windows-amd64 JRE (21.0.10+7-LTS), built on 2026-01-20T00:00:00Z by "admin" with MS VC++ 17.12 (VS2022)

END.
