#
# There is insufficient memory for the Java Runtime Environment to continue.
# Native memory allocation (malloc) failed to allocate 1075376 bytes. Error detail: Chunk::new
# Possible reasons:
#   The system is out of physical RAM or swap space
#   This process is running with CompressedOops enabled, and the Java Heap may be blocking the growth of the native heap
# Possible solutions:
#   Reduce memory load on the system
#   Increase physical memory or swap space
#   Check if swap backing store is full
#   Decrease Java heap size (-Xmx/-Xms)
#   Decrease number of Java threads
#   Decrease Java thread stack sizes (-Xss)
#   Set larger code cache with -XX:ReservedCodeCacheSize=
#   JVM is running with Unscaled Compressed Oops mode in which the Java heap is
#     placed in the first 4GB address space. The Java Heap base address is the
#     maximum limit for the native heap growth. Please use -XX:HeapBaseMinAddress
#     to set the Java Heap base and to place the Java Heap above 4GB virtual address.
# This output file may be truncated or incomplete.
#
#  Out of Memory Error (arena.cpp:168), pid=3236, tid=24500
#
# JRE version: OpenJDK Runtime Environment Temurin-21.0.10+7 (21.0.10+7) (build 21.0.10+7-LTS)
# Java VM: OpenJDK 64-Bit Server VM Temurin-21.0.10+7 (21.0.10+7-LTS, mixed mode, sharing, tiered, compressed oops, compressed class ptrs, parallel gc, windows-amd64)
# No core dump will be written. Minidumps are not enabled by default on client versions of Windows
#

---------------  S U M M A R Y ------------

Command Line: --add-modules=ALL-SYSTEM --add-opens=java.base/java.util=ALL-UNNAMED --add-opens=java.base/java.lang=ALL-UNNAMED --add-opens=java.base/sun.nio.fs=ALL-UNNAMED -Declipse.application=org.eclipse.jdt.ls.core.id1 -Dosgi.bundles.defaultStartLevel=4 -Declipse.product=org.eclipse.jdt.ls.core.product -Djava.import.generatesMetadataFilesAtProjectRoot=false -DDetectVMInstallationsJob.disabled=true -Dfile.encoding=utf8 -XX:+UseParallelGC -XX:GCTimeRatio=4 -XX:AdaptiveSizePolicyWeight=90 -Dsun.zip.disableMemoryMapping=true -Xmx2G -Xms100m -Xlog:disable -javaagent:c:\Users\malin\.antigravity\extensions\redhat.java-1.54.0-win32-x64\lombok\lombok-1.18.39-4050.jar c:\Users\malin\.antigravity\extensions\redhat.java-1.54.0-win32-x64\server\plugins\org.eclipse.equinox.launcher_1.7.100.v20251111-0406.jar -configuration c:\Users\malin\AppData\Roaming\Antigravity\User\globalStorage\redhat.java\1.54.0\config_ss_win -data c:\Users\malin\AppData\Roaming\Antigravity\User\workspaceStorage\7da6816d25600c1ce73892a0ef44c29d\redhat.java\ss_ws --pipe=\\.\pipe\lsp-f759fd33087624ca4b2ee38e32440b41-sock

Host: AMD Ryzen 7 4800H with Radeon Graphics         , 16 cores, 15G,  Windows 11 , 64 bit Build 26100 (10.0.26100.8246)
Time: Tue Apr 21 18:05:13 2026 Sri Lanka Standard Time elapsed time: 9.681476 seconds (0d 0h 0m 9s)

---------------  T H R E A D  ---------------

Current thread (0x0000017fece9ffe0):  JavaThread "C2 CompilerThread3" daemon [_thread_in_native, id=24500, stack(0x0000007823e00000,0x0000007823f00000) (1024K)]


Current CompileTask:
C2:9681 4611       4       org.eclipse.jdt.internal.compiler.util.JrtFileSystem$2::visitFile (10 bytes)

Stack: [0x0000007823e00000,0x0000007823f00000]
Native frames: (J=compiled Java code, j=interpreted, Vv=VM code, C=native code)
V  [jvm.dll+0x6d7a39]
V  [jvm.dll+0x8b4b26]
V  [jvm.dll+0x8b70de]
V  [jvm.dll+0x8b77c3]
V  [jvm.dll+0x284346]
V  [jvm.dll+0xc66ed]
V  [jvm.dll+0xc6c31]
V  [jvm.dll+0x3bec3b]
V  [jvm.dll+0x1e3f69]
V  [jvm.dll+0x24c6b3]
V  [jvm.dll+0x24bb40]
V  [jvm.dll+0x1cb34e]
V  [jvm.dll+0x25b85d]
V  [jvm.dll+0x259dea]
V  [jvm.dll+0x3f857e]
V  [jvm.dll+0x85f59d]
V  [jvm.dll+0x6d626d]
C  [ucrtbase.dll+0x37b0]
C  [KERNEL32.DLL+0x2e8d7]
C  [ntdll.dll+0x8c3fc]


---------------  P R O C E S S  ---------------

Threads class SMR info:
_java_thread_list=0x0000017fede9d990, length=47, elements={
0x0000017f8ac484c0, 0x0000017f8cfac600, 0x0000017f8cfae950, 0x0000017f8d0a71e0,
0x0000017f8d0a7c40, 0x0000017f8d0ac5b0, 0x0000017f8d0ae3d0, 0x0000017f8d0b6460,
0x0000017f8d0be0f0, 0x0000017fe60f8aa0, 0x0000017fe77160b0, 0x0000017fec3a65f0,
0x0000017fec4104b0, 0x0000017fec2efaf0, 0x0000017fec40fd50, 0x0000017fec4ef960,
0x0000017fec5eebb0, 0x0000017fec701700, 0x0000017fec53c510, 0x0000017fec53cba0,
0x0000017fec53be80, 0x0000017fec53d8c0, 0x0000017fec53d230, 0x0000017fec53b7f0,
0x0000017fec53df50, 0x0000017fec53e5e0, 0x0000017fec53ec70, 0x0000017feca6e090,
0x0000017feca6cce0, 0x0000017feca6da00, 0x0000017feca6d370, 0x0000017feca6e720,
0x0000017feca6bfc0, 0x0000017feca6edb0, 0x0000017feca6b930, 0x0000017feca6f440,
0x0000017feca6fad0, 0x0000017feca71ba0, 0x0000017feca71510, 0x0000017feca70e80,
0x0000017fe7bb2430, 0x0000017fe7a42c60, 0x0000017fece9ffe0, 0x0000017fe61aaa60,
0x0000017fedff9fc0, 0x0000017fecd917f0, 0x0000017fecf81190
}

Java Threads: ( => current thread )
  0x0000017f8ac484c0 JavaThread "main"                              [_thread_blocked, id=15168, stack(0x0000007820000000,0x0000007820100000) (1024K)]
  0x0000017f8cfac600 JavaThread "Reference Handler"          daemon [_thread_blocked, id=2672, stack(0x0000007820400000,0x0000007820500000) (1024K)]
  0x0000017f8cfae950 JavaThread "Finalizer"                  daemon [_thread_blocked, id=8940, stack(0x0000007820500000,0x0000007820600000) (1024K)]
  0x0000017f8d0a71e0 JavaThread "Signal Dispatcher"          daemon [_thread_blocked, id=21596, stack(0x0000007820600000,0x0000007820700000) (1024K)]
  0x0000017f8d0a7c40 JavaThread "Attach Listener"            daemon [_thread_blocked, id=19668, stack(0x0000007820700000,0x0000007820800000) (1024K)]
  0x0000017f8d0ac5b0 JavaThread "Service Thread"             daemon [_thread_blocked, id=22876, stack(0x0000007820800000,0x0000007820900000) (1024K)]
  0x0000017f8d0ae3d0 JavaThread "Monitor Deflation Thread"   daemon [_thread_blocked, id=23412, stack(0x0000007820900000,0x0000007820a00000) (1024K)]
  0x0000017f8d0b6460 JavaThread "C2 CompilerThread0"         daemon [_thread_in_native, id=22724, stack(0x0000007820a00000,0x0000007820b00000) (1024K)]
  0x0000017f8d0be0f0 JavaThread "C1 CompilerThread0"         daemon [_thread_in_native, id=18744, stack(0x0000007820b00000,0x0000007820c00000) (1024K)]
  0x0000017fe60f8aa0 JavaThread "Common-Cleaner"             daemon [_thread_blocked, id=15660, stack(0x0000007820f00000,0x0000007821000000) (1024K)]
  0x0000017fe77160b0 JavaThread "Notification Thread"        daemon [_thread_blocked, id=16440, stack(0x0000007821100000,0x0000007821200000) (1024K)]
  0x0000017fec3a65f0 JavaThread "Active Thread: Equinox Container: c5cf0870-2030-48e8-b181-d6b10d3aa407"        [_thread_blocked, id=23940, stack(0x0000007821a00000,0x0000007821b00000) (1024K)]
  0x0000017fec4104b0 JavaThread "Framework Event Dispatcher: Equinox Container: c5cf0870-2030-48e8-b181-d6b10d3aa407" daemon [_thread_blocked, id=23952, stack(0x0000007821c00000,0x0000007821d00000) (1024K)]
  0x0000017fec2efaf0 JavaThread "Start Level: Equinox Container: c5cf0870-2030-48e8-b181-d6b10d3aa407" daemon [_thread_blocked, id=23960, stack(0x0000007821d00000,0x0000007821e00000) (1024K)]
  0x0000017fec40fd50 JavaThread "SCR Component Actor"        daemon [_thread_blocked, id=23968, stack(0x0000007821200000,0x0000007821300000) (1024K)]
  0x0000017fec4ef960 JavaThread "Worker-JM"                         [_thread_blocked, id=23992, stack(0x0000007821e00000,0x0000007821f00000) (1024K)]
  0x0000017fec5eebb0 JavaThread "JNA Cleaner"                daemon [_thread_blocked, id=24028, stack(0x0000007822200000,0x0000007822300000) (1024K)]
  0x0000017fec701700 JavaThread "Worker-0"                          [_thread_blocked, id=24032, stack(0x0000007822100000,0x0000007822200000) (1024K)]
  0x0000017fec53c510 JavaThread "Worker-1"                          [_thread_blocked, id=24036, stack(0x0000007822300000,0x0000007822400000) (1024K)]
  0x0000017fec53cba0 JavaThread "Thread-1"                   daemon [_thread_in_native, id=24192, stack(0x0000007822900000,0x0000007822a00000) (1024K)]
  0x0000017fec53be80 JavaThread "Thread-2"                   daemon [_thread_in_native, id=24196, stack(0x0000007822a00000,0x0000007822b00000) (1024K)]
  0x0000017fec53d8c0 JavaThread "Thread-3"                   daemon [_thread_in_native, id=24200, stack(0x0000007822b00000,0x0000007822c00000) (1024K)]
  0x0000017fec53d230 JavaThread "Thread-4"                   daemon [_thread_in_native, id=24204, stack(0x0000007822c00000,0x0000007822d00000) (1024K)]
  0x0000017fec53b7f0 JavaThread "Thread-5"                   daemon [_thread_in_native, id=24208, stack(0x0000007822d00000,0x0000007822e00000) (1024K)]
  0x0000017fec53df50 JavaThread "Thread-6"                   daemon [_thread_in_native, id=24212, stack(0x0000007822e00000,0x0000007822f00000) (1024K)]
  0x0000017fec53e5e0 JavaThread "Thread-7"                   daemon [_thread_in_native, id=24216, stack(0x0000007822f00000,0x0000007823000000) (1024K)]
  0x0000017fec53ec70 JavaThread "Thread-8"                   daemon [_thread_in_native, id=24220, stack(0x0000007823000000,0x0000007823100000) (1024K)]
  0x0000017feca6e090 JavaThread "Thread-9"                   daemon [_thread_in_native, id=24224, stack(0x0000007823100000,0x0000007823200000) (1024K)]
  0x0000017feca6cce0 JavaThread "Thread-10"                  daemon [_thread_in_native, id=24228, stack(0x0000007823200000,0x0000007823300000) (1024K)]
  0x0000017feca6da00 JavaThread "Thread-11"                  daemon [_thread_in_native, id=24232, stack(0x0000007823300000,0x0000007823400000) (1024K)]
  0x0000017feca6d370 JavaThread "Thread-12"                  daemon [_thread_in_native, id=24236, stack(0x0000007823400000,0x0000007823500000) (1024K)]
  0x0000017feca6e720 JavaThread "Thread-13"                  daemon [_thread_in_native, id=24240, stack(0x0000007823500000,0x0000007823600000) (1024K)]
  0x0000017feca6bfc0 JavaThread "Thread-14"                  daemon [_thread_in_native, id=24244, stack(0x0000007823600000,0x0000007823700000) (1024K)]
  0x0000017feca6edb0 JavaThread "Thread-15"                  daemon [_thread_in_native, id=24248, stack(0x0000007823700000,0x0000007823800000) (1024K)]
  0x0000017feca6b930 JavaThread "Thread-16"                  daemon [_thread_in_native, id=24252, stack(0x0000007823800000,0x0000007823900000) (1024K)]
  0x0000017feca6f440 JavaThread "Thread-17"                  daemon [_thread_in_native, id=24256, stack(0x0000007823900000,0x0000007823a00000) (1024K)]
  0x0000017feca6fad0 JavaThread "pool-2-thread-1"                   [_thread_blocked, id=24260, stack(0x0000007823a00000,0x0000007823b00000) (1024K)]
  0x0000017feca71ba0 JavaThread "Worker-2"                          [_thread_blocked, id=24264, stack(0x0000007823b00000,0x0000007823c00000) (1024K)]
  0x0000017feca71510 JavaThread "WorkspaceEventsHandler"            [_thread_blocked, id=24268, stack(0x0000007823c00000,0x0000007823d00000) (1024K)]
  0x0000017feca70e80 JavaThread "pool-1-thread-1"                   [_thread_in_Java, id=24272, stack(0x0000007823d00000,0x0000007823e00000) (1024K)]
  0x0000017fe7bb2430 JavaThread "C2 CompilerThread1"         daemon [_thread_in_native, id=24444, stack(0x0000007821000000,0x0000007821100000) (1024K)]
  0x0000017fe7a42c60 JavaThread "C2 CompilerThread2"         daemon [_thread_in_native, id=24436, stack(0x0000007821900000,0x0000007821a00000) (1024K)]
=>0x0000017fece9ffe0 JavaThread "C2 CompilerThread3"         daemon [_thread_in_native, id=24500, stack(0x0000007823e00000,0x0000007823f00000) (1024K)]
  0x0000017fe61aaa60 JavaThread "C2 CompilerThread4"         daemon [_thread_in_native, id=24504, stack(0x0000007823f00000,0x0000007824000000) (1024K)]
  0x0000017fedff9fc0 JavaThread "C2 CompilerThread5"         daemon [_thread_in_native, id=24392, stack(0x0000007824000000,0x0000007824100000) (1024K)]
  0x0000017fecd917f0 JavaThread "C2 CompilerThread6"         daemon [_thread_in_native, id=9720, stack(0x0000007824100000,0x0000007824200000) (1024K)]
  0x0000017fecf81190 JavaThread "C2 CompilerThread7"         daemon [_thread_in_native, id=23632, stack(0x0000007824200000,0x0000007824300000) (1024K)]
Total: 47

Other Threads:
  0x0000017f8cf90bf0 VMThread "VM Thread"                           [id=23244, stack(0x0000007820300000,0x0000007820400000) (1024K)]
  0x0000017f8ce8ca00 WatcherThread "VM Periodic Task Thread"        [id=7040, stack(0x0000007820200000,0x0000007820300000) (1024K)]
  0x0000017f8d01ba70 WorkerThread "GC Thread#0"                     [id=15104, stack(0x0000007820100000,0x0000007820200000) (1024K)]
  0x0000017fec12b0f0 WorkerThread "GC Thread#1"                     [id=23864, stack(0x0000007821300000,0x0000007821400000) (1024K)]
  0x0000017fec2b0fe0 WorkerThread "GC Thread#2"                     [id=23868, stack(0x0000007821400000,0x0000007821500000) (1024K)]
  0x0000017fec12b8a0 WorkerThread "GC Thread#3"                     [id=23872, stack(0x0000007821500000,0x0000007821600000) (1024K)]
  0x0000017fec2f2be0 WorkerThread "GC Thread#4"                     [id=23876, stack(0x0000007821600000,0x0000007821700000) (1024K)]
  0x0000017fe7b9f5c0 WorkerThread "GC Thread#5"                     [id=23880, stack(0x0000007821700000,0x0000007821800000) (1024K)]
  0x0000017fe7ba0830 WorkerThread "GC Thread#6"                     [id=23884, stack(0x0000007821800000,0x0000007821900000) (1024K)]
  0x0000017fe7b9f970 WorkerThread "GC Thread#7"                     [id=23948, stack(0x0000007821b00000,0x0000007821c00000) (1024K)]
  0x0000017fe7ba0480 WorkerThread "GC Thread#8"                     [id=23996, stack(0x0000007821f00000,0x0000007822000000) (1024K)]
  0x0000017fe7b9f210 WorkerThread "GC Thread#9"                     [id=24000, stack(0x0000007822000000,0x0000007822100000) (1024K)]
  0x0000017fec664ca0 WorkerThread "GC Thread#10"                    [id=24040, stack(0x0000007822400000,0x0000007822500000) (1024K)]
  0x0000017fec663a30 WorkerThread "GC Thread#11"                    [id=24044, stack(0x0000007822500000,0x0000007822600000) (1024K)]
  0x0000017fec662b70 WorkerThread "GC Thread#12"                    [id=24048, stack(0x0000007822600000,0x0000007822700000) (1024K)]
Total: 15

Threads with active compile tasks:
C2 CompilerThread0  10709 4904       4       java.util.Properties$LineReader::readLine (584 bytes)
C1 CompilerThread0  10709 4911       3       sun.util.ResourceBundleEnumeration::nextElement (27 bytes)
C2 CompilerThread1  10709 4610       4       org.eclipse.jdt.internal.compiler.util.JrtFileSystem$2::visitFile (72 bytes)
C2 CompilerThread2  10709 4905       4       jdk.internal.jimage.BasicImageReader::getLocationIndex (52 bytes)
C2 CompilerThread3  10709 4611       4       org.eclipse.jdt.internal.compiler.util.JrtFileSystem$2::visitFile (10 bytes)
C2 CompilerThread4  10709 4773       4       jdk.internal.jimage.ImageReader$SharedImageReader::visitLocation (73 bytes)
C2 CompilerThread5  10709 4902       4       java.util.Properties::loadConvert (540 bytes)
C2 CompilerThread6  10709 4900       4       org.lombokweb.asm.MethodWriter::putMethodInfo (1274 bytes)
C2 CompilerThread7  10709 4738   !   4       org.eclipse.jdt.internal.core.util.DeduplicationUtil::intern (149 bytes)
Total: 9

VM state: not at safepoint (normal execution)

VM Mutex/Monitor currently owned by a thread: None

Heap address: 0x0000000080000000, size: 2048 MB, Compressed Oops mode: 32-bit

CDS archive(s) mapped at: [0x0000017fa4000000-0x0000017fa4ba0000-0x0000017fa4ba0000), size 12189696, SharedBaseAddress: 0x0000017fa4000000, ArchiveRelocationMode: 1.
Compressed class space mapped at: 0x0000017fa5000000-0x0000017fe5000000, reserved size: 1073741824
Narrow klass base: 0x0000017fa4000000, Narrow klass shift: 0, Narrow klass range: 0x100000000

GC Precious Log:
 CardTable entry size: 512
 CPUs: 16 total, 16 available
 Memory: 15770M
 Large Page Support: Disabled
 NUMA Support: Disabled
 Compressed Oops: Enabled (32-bit)
 Alignments: Space 512K, Generation 512K, Heap 2M
 Heap Min Capacity: 100M
 Heap Initial Capacity: 100M
 Heap Max Capacity: 2G
 Pre-touch: Disabled
 Parallel Workers: 13

Heap:
 PSYoungGen      total 23552K, used 17013K [0x00000000d5580000, 0x00000000d6f00000, 0x0000000100000000)
  eden space 20992K, 71% used [0x00000000d5580000,0x00000000d6437378,0x00000000d6a00000)
  from space 2560K, 75% used [0x00000000d6c80000,0x00000000d6e66200,0x00000000d6f00000)
  to   space 2560K, 0% used [0x00000000d6a00000,0x00000000d6a00000,0x00000000d6c80000)
 ParOldGen       total 68608K, used 27305K [0x0000000080000000, 0x0000000084300000, 0x00000000d5580000)
  object space 68608K, 39% used [0x0000000080000000,0x0000000081aaa550,0x0000000084300000)
 Metaspace       used 32869K, committed 33792K, reserved 1114112K
  class space    used 3287K, committed 3712K, reserved 1048576K

Card table byte_map: [0x0000017f8c9a0000,0x0000017f8cdb0000] _byte_map_base: 0x0000017f8c5a0000

Marking Bits: (ParMarkBitMap*) 0x00007fff9c6d3450
 Begin Bits: [0x0000017f9f4b0000, 0x0000017fa14b0000)
 End Bits:   [0x0000017fa14b0000, 0x0000017fa34b0000)

Polling page: 0x0000017f8ae70000

Metaspace:

Usage:
  Non-class:     28.89 MB used.
      Class:      3.21 MB used.
       Both:     32.10 MB used.

Virtual space:
  Non-class space:       64.00 MB reserved,      29.38 MB ( 46%) committed,  1 nodes.
      Class space:        1.00 GB reserved,       3.62 MB ( <1%) committed,  1 nodes.
             Both:        1.06 GB reserved,      33.00 MB (  3%) committed. 

Chunk freelists:
   Non-Class:  2.34 MB
       Class:  12.35 MB
        Both:  14.69 MB

MaxMetaspaceSize: unlimited
CompressedClassSpaceSize: 1.00 GB
Initial GC threshold: 21.00 MB
Current GC threshold: 35.00 MB
CDS: on
 - commit_granule_bytes: 65536.
 - commit_granule_words: 8192.
 - virtual_space_node_default_size: 8388608.
 - enlarge_chunks_in_place: 1.
 - use_allocation_guard: 0.


Internal statistics:

num_allocs_failed_limit: 3.
num_arena_births: 660.
num_arena_deaths: 14.
num_vsnodes_births: 2.
num_vsnodes_deaths: 0.
num_space_committed: 528.
num_space_uncommitted: 0.
num_chunks_returned_to_freelist: 17.
num_chunks_taken_from_freelist: 1986.
num_chunk_merges: 9.
num_chunk_splits: 1262.
num_chunks_enlarged: 792.
num_inconsistent_stats: 0.

CodeHeap 'non-profiled nmethods': size=119168Kb used=2586Kb max_used=2586Kb free=116581Kb
 bounds [0x0000017f97da0000, 0x0000017f98030000, 0x0000017f9f200000]
CodeHeap 'profiled nmethods': size=119104Kb used=10038Kb max_used=10038Kb free=109065Kb
 bounds [0x0000017f90200000, 0x0000017f90bd0000, 0x0000017f97650000]
CodeHeap 'non-nmethods': size=7488Kb used=1355Kb max_used=3111Kb free=6133Kb
 bounds [0x0000017f97650000, 0x0000017f97960000, 0x0000017f97da0000]
CodeCache: size=245760Kb, used=13979Kb, max_used=15735Kb, free=231779Kb
 total_blobs=5551, nmethods=4898, adapters=558, full_count=0
Compilation: enabled, stopped_count=0, restarted_count=0

Compilation events (20 events):
Event: 8.636 Thread 0x0000017fe5f75470 nmethod 4881 0x0000017f98020390 code [0x0000017f98020520, 0x0000017f980205e8]
Event: 8.636 Thread 0x0000017fedff9fc0 nmethod 4815 0x0000017f98020690 code [0x0000017f980209c0, 0x0000017f98022358]
Event: 8.636 Thread 0x0000017fe5f75470 4879       1       org.eclipse.core.runtime.Path::getDevice (5 bytes)
Event: 8.637 Thread 0x0000017fedbe5bd0 nmethod 4878 0x0000017f90bb9210 code [0x0000017f90bb9460, 0x0000017f90bba0f0]
Event: 8.637 Thread 0x0000017fe5f75470 nmethod 4879 0x0000017f98023590 code [0x0000017f98023720, 0x0000017f980237e8]
Event: 8.637 Thread 0x0000017fecd917f0 4884       4       java.util.Hashtable$Enumerator::hasMoreElements (53 bytes)
Event: 8.637 Thread 0x0000017fe5f75470 4880       1       org.eclipse.jdt.internal.core.ClasspathEntry::getPath (5 bytes)
Event: 8.638 Thread 0x0000017fe5f75470 nmethod 4880 0x0000017f98023890 code [0x0000017f98023a20, 0x0000017f98023ae8]
Event: 8.639 Thread 0x0000017fedbe5520 nmethod 4877 0x0000017f90bba490 code [0x0000017f90bba860, 0x0000017f90bbc010]
Event: 8.646 Thread 0x0000017fedff9fc0 4885       4       java.util.Hashtable$Enumerator::nextElement (111 bytes)
Event: 8.649 Thread 0x0000017fedbe5bd0 4886       3       org.eclipse.core.runtime.Path::makeAbsolute (66 bytes)
Event: 8.650 Thread 0x0000017fedbe5bd0 nmethod 4886 0x0000017f90bbc810 code [0x0000017f90bbca20, 0x0000017f90bbceb8]
Event: 8.651 Thread 0x0000017fecd917f0 nmethod 4884 0x0000017f98023b90 code [0x0000017f98023d20, 0x0000017f98023ed8]
Event: 8.651 Thread 0x0000017fedff9fc0 nmethod 4885 0x0000017f98023f90 code [0x0000017f98024120, 0x0000017f98024220]
Event: 8.656 Thread 0x0000017f8d0be0f0 4891       3       java.lang.invoke.MethodHandleStatics::traceLambdaForm (96 bytes)
Event: 8.656 Thread 0x0000017f8d0b6460 nmethod 4883 0x0000017f98024f10 code [0x0000017f980250a0, 0x0000017f98025258]
Event: 8.656 Thread 0x0000017f8d0be0f0 nmethod 4891 0x0000017f90bbd090 code [0x0000017f90bbd240, 0x0000017f90bbd3a8]
Event: 8.658 Thread 0x0000017fedff9fc0 4892       4       java.lang.ThreadLocal::set (18 bytes)
Event: 8.658 Thread 0x0000017fe7a42c60 nmethod 4882 0x0000017f98025390 code [0x0000017f98025580, 0x0000017f98025df0]
Event: 8.664 Thread 0x0000017fedff9fc0 nmethod 4892 0x0000017f98026290 code [0x0000017f98026460, 0x0000017f98026870]

GC Heap History (20 events):
Event: 2.463 GC heap before
{Heap before GC invocations=8 (full 1):
 PSYoungGen      total 30208K, used 25088K [0x00000000d5580000, 0x00000000d7880000, 0x0000000100000000)
  eden space 25088K, 100% used [0x00000000d5580000,0x00000000d6e00000,0x00000000d6e00000)
  from space 5120K, 0% used [0x00000000d7380000,0x00000000d7380000,0x00000000d7880000)
  to   space 5120K, 0% used [0x00000000d6e80000,0x00000000d6e80000,0x00000000d7380000)
 ParOldGen       total 68608K, used 10274K [0x0000000080000000, 0x0000000084300000, 0x00000000d5580000)
  object space 68608K, 14% used [0x0000000080000000,0x0000000080a088f8,0x0000000084300000)
 Metaspace       used 23131K, committed 23808K, reserved 1114112K
  class space    used 2234K, committed 2496K, reserved 1048576K
}
Event: 2.465 GC heap after
{Heap after GC invocations=8 (full 1):
 PSYoungGen      total 27136K, used 2323K [0x00000000d5580000, 0x00000000d7480000, 0x0000000100000000)
  eden space 24576K, 0% used [0x00000000d5580000,0x00000000d5580000,0x00000000d6d80000)
  from space 2560K, 90% used [0x00000000d6e80000,0x00000000d70c4cf0,0x00000000d7100000)
  to   space 3584K, 0% used [0x00000000d7100000,0x00000000d7100000,0x00000000d7480000)
 ParOldGen       total 68608K, used 10282K [0x0000000080000000, 0x0000000084300000, 0x00000000d5580000)
  object space 68608K, 14% used [0x0000000080000000,0x0000000080a0a8f8,0x0000000084300000)
 Metaspace       used 23131K, committed 23808K, reserved 1114112K
  class space    used 2234K, committed 2496K, reserved 1048576K
}
Event: 2.762 GC heap before
{Heap before GC invocations=9 (full 1):
 PSYoungGen      total 27136K, used 26899K [0x00000000d5580000, 0x00000000d7480000, 0x0000000100000000)
  eden space 24576K, 100% used [0x00000000d5580000,0x00000000d6d80000,0x00000000d6d80000)
  from space 2560K, 90% used [0x00000000d6e80000,0x00000000d70c4cf0,0x00000000d7100000)
  to   space 3584K, 0% used [0x00000000d7100000,0x00000000d7100000,0x00000000d7480000)
 ParOldGen       total 68608K, used 10282K [0x0000000080000000, 0x0000000084300000, 0x00000000d5580000)
  object space 68608K, 14% used [0x0000000080000000,0x0000000080a0a8f8,0x0000000084300000)
 Metaspace       used 26309K, committed 27136K, reserved 1114112K
  class space    used 2570K, committed 2944K, reserved 1048576K
}
Event: 2.764 GC heap after
{Heap after GC invocations=9 (full 1):
 PSYoungGen      total 26624K, used 3568K [0x00000000d5580000, 0x00000000d7700000, 0x0000000100000000)
  eden space 23040K, 0% used [0x00000000d5580000,0x00000000d5580000,0x00000000d6c00000)
  from space 3584K, 99% used [0x00000000d7100000,0x00000000d747c228,0x00000000d7480000)
  to   space 5120K, 0% used [0x00000000d6c00000,0x00000000d6c00000,0x00000000d7100000)
 ParOldGen       total 68608K, used 11095K [0x0000000080000000, 0x0000000084300000, 0x00000000d5580000)
  object space 68608K, 16% used [0x0000000080000000,0x0000000080ad5e08,0x0000000084300000)
 Metaspace       used 26309K, committed 27136K, reserved 1114112K
  class space    used 2570K, committed 2944K, reserved 1048576K
}
Event: 3.011 GC heap before
{Heap before GC invocations=10 (full 1):
 PSYoungGen      total 26624K, used 26608K [0x00000000d5580000, 0x00000000d7700000, 0x0000000100000000)
  eden space 23040K, 100% used [0x00000000d5580000,0x00000000d6c00000,0x00000000d6c00000)
  from space 3584K, 99% used [0x00000000d7100000,0x00000000d747c228,0x00000000d7480000)
  to   space 5120K, 0% used [0x00000000d6c00000,0x00000000d6c00000,0x00000000d7100000)
 ParOldGen       total 68608K, used 11095K [0x0000000080000000, 0x0000000084300000, 0x00000000d5580000)
  object space 68608K, 16% used [0x0000000080000000,0x0000000080ad5e08,0x0000000084300000)
 Metaspace       used 29703K, committed 30528K, reserved 1114112K
  class space    used 2962K, committed 3328K, reserved 1048576K
}
Event: 3.014 GC heap after
{Heap after GC invocations=10 (full 1):
 PSYoungGen      total 27136K, used 4549K [0x00000000d5580000, 0x00000000d7580000, 0x0000000100000000)
  eden space 22528K, 0% used [0x00000000d5580000,0x00000000d5580000,0x00000000d6b80000)
  from space 4608K, 98% used [0x00000000d6c00000,0x00000000d70717e0,0x00000000d7080000)
  to   space 5120K, 0% used [0x00000000d7080000,0x00000000d7080000,0x00000000d7580000)
 ParOldGen       total 68608K, used 11103K [0x0000000080000000, 0x0000000084300000, 0x00000000d5580000)
  object space 68608K, 16% used [0x0000000080000000,0x0000000080ad7e08,0x0000000084300000)
 Metaspace       used 29703K, committed 30528K, reserved 1114112K
  class space    used 2962K, committed 3328K, reserved 1048576K
}
Event: 7.980 GC heap before
{Heap before GC invocations=11 (full 1):
 PSYoungGen      total 27136K, used 27077K [0x00000000d5580000, 0x00000000d7580000, 0x0000000100000000)
  eden space 22528K, 100% used [0x00000000d5580000,0x00000000d6b80000,0x00000000d6b80000)
  from space 4608K, 98% used [0x00000000d6c00000,0x00000000d70717e0,0x00000000d7080000)
  to   space 5120K, 0% used [0x00000000d7080000,0x00000000d7080000,0x00000000d7580000)
 ParOldGen       total 68608K, used 11103K [0x0000000080000000, 0x0000000084300000, 0x00000000d5580000)
  object space 68608K, 16% used [0x0000000080000000,0x0000000080ad7e08,0x0000000084300000)
 Metaspace       used 32044K, committed 32960K, reserved 1114112K
  class space    used 3187K, committed 3584K, reserved 1048576K
}
Event: 7.984 GC heap after
{Heap after GC invocations=11 (full 1):
 PSYoungGen      total 25088K, used 2822K [0x00000000d5580000, 0x00000000d7380000, 0x0000000100000000)
  eden space 22016K, 0% used [0x00000000d5580000,0x00000000d5580000,0x00000000d6b00000)
  from space 3072K, 91% used [0x00000000d7080000,0x00000000d7341a50,0x00000000d7380000)
  to   space 3584K, 0% used [0x00000000d6c80000,0x00000000d6c80000,0x00000000d7000000)
 ParOldGen       total 68608K, used 14528K [0x0000000080000000, 0x0000000084300000, 0x00000000d5580000)
  object space 68608K, 21% used [0x0000000080000000,0x0000000080e30218,0x0000000084300000)
 Metaspace       used 32044K, committed 32960K, reserved 1114112K
  class space    used 3187K, committed 3584K, reserved 1048576K
}
Event: 8.069 GC heap before
{Heap before GC invocations=12 (full 1):
 PSYoungGen      total 25088K, used 24838K [0x00000000d5580000, 0x00000000d7380000, 0x0000000100000000)
  eden space 22016K, 100% used [0x00000000d5580000,0x00000000d6b00000,0x00000000d6b00000)
  from space 3072K, 91% used [0x00000000d7080000,0x00000000d7341a50,0x00000000d7380000)
  to   space 3584K, 0% used [0x00000000d6c80000,0x00000000d6c80000,0x00000000d7000000)
 ParOldGen       total 68608K, used 14528K [0x0000000080000000, 0x0000000084300000, 0x00000000d5580000)
  object space 68608K, 21% used [0x0000000080000000,0x0000000080e30218,0x0000000084300000)
 Metaspace       used 32061K, committed 33024K, reserved 1114112K
  class space    used 3187K, committed 3584K, reserved 1048576K
}
Event: 8.073 GC heap after
{Heap after GC invocations=12 (full 1):
 PSYoungGen      total 24576K, used 2112K [0x00000000d5580000, 0x00000000d7100000, 0x0000000100000000)
  eden space 22016K, 0% used [0x00000000d5580000,0x00000000d5580000,0x00000000d6b00000)
  from space 2560K, 82% used [0x00000000d6c80000,0x00000000d6e90010,0x00000000d6f00000)
  to   space 2048K, 0% used [0x00000000d6f00000,0x00000000d6f00000,0x00000000d7100000)
 ParOldGen       total 68608K, used 17188K [0x0000000080000000, 0x0000000084300000, 0x00000000d5580000)
  object space 68608K, 25% used [0x0000000080000000,0x00000000810c9260,0x0000000084300000)
 Metaspace       used 32061K, committed 33024K, reserved 1114112K
  class space    used 3187K, committed 3584K, reserved 1048576K
}
Event: 8.289 GC heap before
{Heap before GC invocations=13 (full 1):
 PSYoungGen      total 24576K, used 24128K [0x00000000d5580000, 0x00000000d7100000, 0x0000000100000000)
  eden space 22016K, 100% used [0x00000000d5580000,0x00000000d6b00000,0x00000000d6b00000)
  from space 2560K, 82% used [0x00000000d6c80000,0x00000000d6e90010,0x00000000d6f00000)
  to   space 2048K, 0% used [0x00000000d6f00000,0x00000000d6f00000,0x00000000d7100000)
 ParOldGen       total 68608K, used 17188K [0x0000000080000000, 0x0000000084300000, 0x00000000d5580000)
  object space 68608K, 25% used [0x0000000080000000,0x00000000810c9260,0x0000000084300000)
 Metaspace       used 32440K, committed 33408K, reserved 1114112K
  class space    used 3245K, committed 3648K, reserved 1048576K
}
Event: 8.291 GC heap after
{Heap after GC invocations=13 (full 1):
 PSYoungGen      total 23040K, used 2018K [0x00000000d5580000, 0x00000000d7500000, 0x0000000100000000)
  eden space 20992K, 0% used [0x00000000d5580000,0x00000000d5580000,0x00000000d6a00000)
  from space 2048K, 98% used [0x00000000d6f00000,0x00000000d70f8820,0x00000000d7100000)
  to   space 5120K, 0% used [0x00000000d6a00000,0x00000000d6a00000,0x00000000d6f00000)
 ParOldGen       total 68608K, used 19412K [0x0000000080000000, 0x0000000084300000, 0x00000000d5580000)
  object space 68608K, 28% used [0x0000000080000000,0x00000000812f5260,0x0000000084300000)
 Metaspace       used 32440K, committed 33408K, reserved 1114112K
  class space    used 3245K, committed 3648K, reserved 1048576K
}
Event: 8.361 GC heap before
{Heap before GC invocations=14 (full 1):
 PSYoungGen      total 23040K, used 23010K [0x00000000d5580000, 0x00000000d7500000, 0x0000000100000000)
  eden space 20992K, 100% used [0x00000000d5580000,0x00000000d6a00000,0x00000000d6a00000)
  from space 2048K, 98% used [0x00000000d6f00000,0x00000000d70f8820,0x00000000d7100000)
  to   space 5120K, 0% used [0x00000000d6a00000,0x00000000d6a00000,0x00000000d6f00000)
 ParOldGen       total 68608K, used 19412K [0x0000000080000000, 0x0000000084300000, 0x00000000d5580000)
  object space 68608K, 28% used [0x0000000080000000,0x00000000812f5260,0x0000000084300000)
 Metaspace       used 32457K, committed 33408K, reserved 1114112K
  class space    used 3245K, committed 3648K, reserved 1048576K
}
Event: 8.364 GC heap after
{Heap after GC invocations=14 (full 1):
 PSYoungGen      total 23552K, used 2176K [0x00000000d5580000, 0x00000000d7000000, 0x0000000100000000)
  eden space 20992K, 0% used [0x00000000d5580000,0x00000000d5580000,0x00000000d6a00000)
  from space 2560K, 85% used [0x00000000d6a00000,0x00000000d6c20000,0x00000000d6c80000)
  to   space 3072K, 0% used [0x00000000d6d00000,0x00000000d6d00000,0x00000000d7000000)
 ParOldGen       total 68608K, used 21442K [0x0000000080000000, 0x0000000084300000, 0x00000000d5580000)
  object space 68608K, 31% used [0x0000000080000000,0x00000000814f0a78,0x0000000084300000)
 Metaspace       used 32457K, committed 33408K, reserved 1114112K
  class space    used 3245K, committed 3648K, reserved 1048576K
}
Event: 8.410 GC heap before
{Heap before GC invocations=15 (full 1):
 PSYoungGen      total 23552K, used 23168K [0x00000000d5580000, 0x00000000d7000000, 0x0000000100000000)
  eden space 20992K, 100% used [0x00000000d5580000,0x00000000d6a00000,0x00000000d6a00000)
  from space 2560K, 85% used [0x00000000d6a00000,0x00000000d6c20000,0x00000000d6c80000)
  to   space 3072K, 0% used [0x00000000d6d00000,0x00000000d6d00000,0x00000000d7000000)
 ParOldGen       total 68608K, used 21442K [0x0000000080000000, 0x0000000084300000, 0x00000000d5580000)
  object space 68608K, 31% used [0x0000000080000000,0x00000000814f0a78,0x0000000084300000)
 Metaspace       used 32461K, committed 33408K, reserved 1114112K
  class space    used 3245K, committed 3648K, reserved 1048576K
}
Event: 8.413 GC heap after
{Heap after GC invocations=15 (full 1):
 PSYoungGen      total 23552K, used 2052K [0x00000000d5580000, 0x00000000d6f80000, 0x0000000100000000)
  eden space 20992K, 0% used [0x00000000d5580000,0x00000000d5580000,0x00000000d6a00000)
  from space 2560K, 80% used [0x00000000d6d00000,0x00000000d6f01000,0x00000000d6f80000)
  to   space 2560K, 0% used [0x00000000d6a00000,0x00000000d6a00000,0x00000000d6c80000)
 ParOldGen       total 68608K, used 23409K [0x0000000080000000, 0x0000000084300000, 0x00000000d5580000)
  object space 68608K, 34% used [0x0000000080000000,0x00000000816dc440,0x0000000084300000)
 Metaspace       used 32461K, committed 33408K, reserved 1114112K
  class space    used 3245K, committed 3648K, reserved 1048576K
}
Event: 8.487 GC heap before
{Heap before GC invocations=16 (full 1):
 PSYoungGen      total 23552K, used 23044K [0x00000000d5580000, 0x00000000d6f80000, 0x0000000100000000)
  eden space 20992K, 100% used [0x00000000d5580000,0x00000000d6a00000,0x00000000d6a00000)
  from space 2560K, 80% used [0x00000000d6d00000,0x00000000d6f01000,0x00000000d6f80000)
  to   space 2560K, 0% used [0x00000000d6a00000,0x00000000d6a00000,0x00000000d6c80000)
 ParOldGen       total 68608K, used 23409K [0x0000000080000000, 0x0000000084300000, 0x00000000d5580000)
  object space 68608K, 34% used [0x0000000080000000,0x00000000816dc440,0x0000000084300000)
 Metaspace       used 32496K, committed 33472K, reserved 1114112K
  class space    used 3247K, committed 3712K, reserved 1048576K
}
Event: 8.489 GC heap after
{Heap after GC invocations=16 (full 1):
 PSYoungGen      total 23552K, used 2272K [0x00000000d5580000, 0x00000000d6f00000, 0x0000000100000000)
  eden space 20992K, 0% used [0x00000000d5580000,0x00000000d5580000,0x00000000d6a00000)
  from space 2560K, 88% used [0x00000000d6a00000,0x00000000d6c38010,0x00000000d6c80000)
  to   space 2560K, 0% used [0x00000000d6c80000,0x00000000d6c80000,0x00000000d6f00000)
 ParOldGen       total 68608K, used 25265K [0x0000000080000000, 0x0000000084300000, 0x00000000d5580000)
  object space 68608K, 36% used [0x0000000080000000,0x00000000818ac540,0x0000000084300000)
 Metaspace       used 32496K, committed 33472K, reserved 1114112K
  class space    used 3247K, committed 3712K, reserved 1048576K
}
Event: 8.578 GC heap before
{Heap before GC invocations=17 (full 1):
 PSYoungGen      total 23552K, used 23264K [0x00000000d5580000, 0x00000000d6f00000, 0x0000000100000000)
  eden space 20992K, 100% used [0x00000000d5580000,0x00000000d6a00000,0x00000000d6a00000)
  from space 2560K, 88% used [0x00000000d6a00000,0x00000000d6c38010,0x00000000d6c80000)
  to   space 2560K, 0% used [0x00000000d6c80000,0x00000000d6c80000,0x00000000d6f00000)
 ParOldGen       total 68608K, used 25265K [0x0000000080000000, 0x0000000084300000, 0x00000000d5580000)
  object space 68608K, 36% used [0x0000000080000000,0x00000000818ac540,0x0000000084300000)
 Metaspace       used 32578K, committed 33536K, reserved 1114112K
  class space    used 3249K, committed 3712K, reserved 1048576K
}
Event: 8.580 GC heap after
{Heap after GC invocations=17 (full 1):
 PSYoungGen      total 23552K, used 1944K [0x00000000d5580000, 0x00000000d6f00000, 0x0000000100000000)
  eden space 20992K, 0% used [0x00000000d5580000,0x00000000d5580000,0x00000000d6a00000)
  from space 2560K, 75% used [0x00000000d6c80000,0x00000000d6e66200,0x00000000d6f00000)
  to   space 2560K, 0% used [0x00000000d6a00000,0x00000000d6a00000,0x00000000d6c80000)
 ParOldGen       total 68608K, used 27305K [0x0000000080000000, 0x0000000084300000, 0x00000000d5580000)
  object space 68608K, 39% used [0x0000000080000000,0x0000000081aaa550,0x0000000084300000)
 Metaspace       used 32578K, committed 33536K, reserved 1114112K
  class space    used 3249K, committed 3712K, reserved 1048576K
}

Dll operation events (10 events):
Event: 0.011 Loaded shared library c:\Users\malin\.antigravity\extensions\redhat.java-1.54.0-win32-x64\jre\21.0.10-win32-x86_64\bin\java.dll
Event: 0.060 Loaded shared library c:\Users\malin\.antigravity\extensions\redhat.java-1.54.0-win32-x64\jre\21.0.10-win32-x86_64\bin\zip.dll
Event: 0.073 Loaded shared library C:\Users\malin\.antigravity\extensions\redhat.java-1.54.0-win32-x64\jre\21.0.10-win32-x86_64\bin\instrument.dll
Event: 0.076 Loaded shared library C:\Users\malin\.antigravity\extensions\redhat.java-1.54.0-win32-x64\jre\21.0.10-win32-x86_64\bin\net.dll
Event: 0.078 Loaded shared library C:\Users\malin\.antigravity\extensions\redhat.java-1.54.0-win32-x64\jre\21.0.10-win32-x86_64\bin\nio.dll
Event: 0.080 Loaded shared library C:\Users\malin\.antigravity\extensions\redhat.java-1.54.0-win32-x64\jre\21.0.10-win32-x86_64\bin\zip.dll
Event: 0.093 Loaded shared library C:\Users\malin\.antigravity\extensions\redhat.java-1.54.0-win32-x64\jre\21.0.10-win32-x86_64\bin\jimage.dll
Event: 0.169 Loaded shared library c:\Users\malin\.antigravity\extensions\redhat.java-1.54.0-win32-x64\jre\21.0.10-win32-x86_64\bin\verify.dll
Event: 1.131 Loaded shared library C:\Users\malin\AppData\Roaming\Antigravity\User\globalStorage\redhat.java\1.54.0\config_ss_win\org.eclipse.equinox.launcher\org.eclipse.equinox.launcher.win32.win32.x86_64_1.3.0.v20260203-2149\eclipse_11919.dll
Event: 1.876 Loaded shared library C:\Users\malin\AppData\Local\Temp\jna-103660669\jna11656127120734739508.dll

Deoptimization events (20 events):
Event: 7.978 Thread 0x0000017feca70e80 Uncommon trap: trap_request=0xffffff45 fr.pc=0x0000017f97f9f30c relative=0x000000000000056c
Event: 7.978 Thread 0x0000017feca70e80 Uncommon trap: reason=unstable_if action=reinterpret pc=0x0000017f97f9f30c method=jdk.internal.jimage.ImageReader$SharedImageReader.findNode(Ljava/lang/String;)Ljdk/internal/jimage/ImageReader$Node; @ 25 c2
Event: 7.978 Thread 0x0000017feca70e80 DEOPT PACKING pc=0x0000017f97f9f30c sp=0x0000007823dfc8e0
Event: 7.978 Thread 0x0000017feca70e80 DEOPT UNPACKING pc=0x0000017f976a3aa2 sp=0x0000007823dfc8a8 mode 2
Event: 7.978 Thread 0x0000017feca70e80 Uncommon trap: trap_request=0xffffff45 fr.pc=0x0000017f97f9d7e0 relative=0x00000000000001a0
Event: 7.978 Thread 0x0000017feca70e80 Uncommon trap: reason=unstable_if action=reinterpret pc=0x0000017f97f9d7e0 method=jdk.internal.jrtfs.JrtPath.normalize(Ljava/lang/String;)Ljava/lang/String; @ 78 c2
Event: 7.978 Thread 0x0000017feca70e80 DEOPT PACKING pc=0x0000017f97f9d7e0 sp=0x0000007823dfcbb0
Event: 7.978 Thread 0x0000017feca70e80 DEOPT UNPACKING pc=0x0000017f976a3aa2 sp=0x0000007823dfcb30 mode 2
Event: 8.074 Thread 0x0000017feca70e80 Uncommon trap: trap_request=0xffffff45 fr.pc=0x0000017f97fab1b0 relative=0x00000000000011b0
Event: 8.074 Thread 0x0000017feca70e80 Uncommon trap: reason=unstable_if action=reinterpret pc=0x0000017f97fab1b0 method=org.eclipse.jdt.internal.core.util.Util.splitOn(CLjava/lang/String;II)[Ljava/lang/String; @ 21 c2
Event: 8.075 Thread 0x0000017feca70e80 DEOPT PACKING pc=0x0000017f97fab1b0 sp=0x0000007823dfcaf0
Event: 8.075 Thread 0x0000017feca70e80 DEOPT UNPACKING pc=0x0000017f976a3aa2 sp=0x0000007823dfcab8 mode 2
Event: 8.133 Thread 0x0000017feca70e80 Uncommon trap: trap_request=0xffffff76 fr.pc=0x0000017f97faf2ec relative=0x000000000000044c
Event: 8.133 Thread 0x0000017feca70e80 Uncommon trap: reason=predicate action=maybe_recompile pc=0x0000017f97faf2ec method=java.util.ArrayList.equalsRange(Ljava/util/List;II)Z @ 31 c2
Event: 8.133 Thread 0x0000017feca70e80 DEOPT PACKING pc=0x0000017f97faf2ec sp=0x0000007823dfce00
Event: 8.133 Thread 0x0000017feca70e80 DEOPT UNPACKING pc=0x0000017f976a3aa2 sp=0x0000007823dfcd88 mode 2
Event: 8.627 Thread 0x0000017feca70e80 Uncommon trap: trap_request=0xffffff45 fr.pc=0x0000017f97f8ec38 relative=0x0000000000000fb8
Event: 8.627 Thread 0x0000017feca70e80 Uncommon trap: reason=unstable_if action=reinterpret pc=0x0000017f97f8ec38 method=org.eclipse.core.internal.dtree.DeltaDataTree.lookup(Lorg/eclipse/core/runtime/IPath;)Lorg/eclipse/core/internal/dtree/DataTreeLookup; @ 136 c2
Event: 8.627 Thread 0x0000017feca70e80 DEOPT PACKING pc=0x0000017f97f8ec38 sp=0x0000007823dfd920
Event: 8.627 Thread 0x0000017feca70e80 DEOPT UNPACKING pc=0x0000017f976a3aa2 sp=0x0000007823dfd808 mode 2

Classes loaded (20 events):
Event: 7.915 Loading class java/nio/file/FileVisitResult
Event: 7.915 Loading class java/nio/file/FileVisitResult done
Event: 7.956 Loading class java/lang/runtime/ObjectMethods
Event: 7.956 Loading class java/lang/runtime/ObjectMethods done
Event: 7.959 Loading class java/lang/invoke/MethodHandleImpl$Makers
Event: 7.959 Loading class java/lang/invoke/MethodHandleImpl$Makers done
Event: 7.959 Loading class java/lang/invoke/MethodHandleImpl$Makers$1
Event: 7.959 Loading class java/lang/invoke/MethodHandleImpl$Makers$1 done
Event: 7.959 Loading class java/lang/invoke/MethodHandleImpl$Makers$2
Event: 7.959 Loading class java/lang/invoke/MethodHandleImpl$Makers$2 done
Event: 7.959 Loading class java/lang/invoke/MethodHandleImpl$Makers$3
Event: 7.959 Loading class java/lang/invoke/MethodHandleImpl$Makers$3 done
Event: 7.965 Loading class java/lang/runtime/ObjectMethods$1
Event: 7.965 Loading class java/lang/runtime/ObjectMethods$1 done
Event: 8.191 Loading class java/util/AbstractList$ListItr
Event: 8.192 Loading class java/util/AbstractList$ListItr done
Event: 8.221 Loading class java/nio/channels/Channels$ReadableByteChannelImpl
Event: 8.222 Loading class java/nio/channels/Channels$ReadableByteChannelImpl done
Event: 8.226 Loading class java/nio/channels/NonWritableChannelException
Event: 8.227 Loading class java/nio/channels/NonWritableChannelException done

Classes unloaded (7 events):
Event: 2.263 Thread 0x0000017f8cf90bf0 Unloading class 0x0000017fa518cc00 'java/lang/invoke/LambdaForm$MH+0x0000017fa518cc00'
Event: 2.263 Thread 0x0000017f8cf90bf0 Unloading class 0x0000017fa518c800 'java/lang/invoke/LambdaForm$MH+0x0000017fa518c800'
Event: 2.263 Thread 0x0000017f8cf90bf0 Unloading class 0x0000017fa518c400 'java/lang/invoke/LambdaForm$MH+0x0000017fa518c400'
Event: 2.263 Thread 0x0000017f8cf90bf0 Unloading class 0x0000017fa518c000 'java/lang/invoke/LambdaForm$MH+0x0000017fa518c000'
Event: 2.263 Thread 0x0000017f8cf90bf0 Unloading class 0x0000017fa518bc00 'java/lang/invoke/LambdaForm$BMH+0x0000017fa518bc00'
Event: 2.263 Thread 0x0000017f8cf90bf0 Unloading class 0x0000017fa518b800 'java/lang/invoke/LambdaForm$DMH+0x0000017fa518b800'
Event: 2.263 Thread 0x0000017f8cf90bf0 Unloading class 0x0000017fa518a400 'java/lang/invoke/LambdaForm$DMH+0x0000017fa518a400'

Classes redefined (0 events):
No events

Internal exceptions (20 events):
Event: 2.860 Thread 0x0000017fec701700 Exception <a 'java/lang/NoSuchMethodError'{0x00000000d60ee3c8}: 'void java.lang.invoke.DirectMethodHandle$Holder.invokeStaticInit(java.lang.Object, java.lang.Object, java.lang.Object)'> (0x00000000d60ee3c8) 
thrown [s\src\hotspot\share\interpreter\linkResolver.cpp, line 773]
Event: 2.911 Thread 0x0000017f8ac484c0 Exception <a 'java/lang/NoSuchMethodError'{0x00000000d65cb028}: 'void java.lang.invoke.DirectMethodHandle$Holder.invokeSpecial(java.lang.Object, java.lang.Object, java.lang.Object, java.lang.Object, java.lang.Object, java.lang.Object)'> (0x00000000d65cb028) 
thrown [s\src\hotspot\share\interpreter\linkResolver.cpp, line 773]
Event: 2.913 Thread 0x0000017f8ac484c0 Exception <a 'java/lang/IncompatibleClassChangeError'{0x00000000d65d3168}: Found class java.lang.Object, but interface was expected> (0x00000000d65d3168) 
thrown [s\src\hotspot\share\interpreter\linkResolver.cpp, line 840]
Event: 2.913 Thread 0x0000017f8ac484c0 Exception <a 'java/lang/IncompatibleClassChangeError'{0x00000000d65d4f18}: Found class java.lang.Object, but interface was expected> (0x00000000d65d4f18) 
thrown [s\src\hotspot\share\interpreter\linkResolver.cpp, line 840]
Event: 3.033 Thread 0x0000017feca70e80 Exception <a 'java/lang/NoSuchMethodError'{0x00000000d5648138}: 'java.lang.Object java.lang.invoke.DirectMethodHandle$Holder.invokeInterface(java.lang.Object, java.lang.Object, java.lang.Object)'> (0x00000000d5648138) 
thrown [s\src\hotspot\share\interpreter\linkResolver.cpp, line 773]
Event: 3.052 Thread 0x0000017feca70e80 Exception <a 'java/io/FileNotFoundException'{0x00000000d56f4050}> (0x00000000d56f4050) 
thrown [s\src\hotspot\share\prims\jni.cpp, line 520]
Event: 3.076 Thread 0x0000017feca70e80 Exception <a 'sun/nio/fs/WindowsException'{0x00000000d5ccca78}> (0x00000000d5ccca78) 
thrown [s\src\hotspot\share\prims\jni.cpp, line 520]
Event: 3.133 Thread 0x0000017feca70e80 Exception <a 'java/lang/IncompatibleClassChangeError'{0x00000000d5fae9a0}: Found class java.lang.Object, but interface was expected> (0x00000000d5fae9a0) 
thrown [s\src\hotspot\share\interpreter\linkResolver.cpp, line 840]
Event: 7.861 Thread 0x0000017feca70e80 Implicit null exception at 0x0000017f97f69226 to 0x0000017f97f694f4
Event: 7.861 Thread 0x0000017feca70e80 Exception <a 'java/lang/NoSuchMethodError'{0x00000000d64cf8c0}: 'long java.lang.invoke.DirectMethodHandle$Holder.invokeStatic(java.lang.Object, java.lang.Object, int)'> (0x00000000d64cf8c0) 
thrown [s\src\hotspot\share\interpreter\linkResolver.cpp, line 773]
Event: 7.862 Thread 0x0000017feca70e80 Exception <a 'java/lang/NoSuchMethodError'{0x00000000d64d9ec0}: 'java.lang.Object java.lang.invoke.DelegatingMethodHandle$Holder.reinvoke_L(java.lang.Object, int, long, java.lang.Object, java.lang.Object, int, java.lang.Object)'> (0x00000000d64d9ec0) 
thrown [s\src\hotspot\share\interpreter\linkResolver.cpp, line 773]
Event: 7.957 Thread 0x0000017feca70e80 Exception <a 'java/lang/NoSuchMethodError'{0x00000000d6ab9850}: 'java.lang.Object java.lang.invoke.DirectMethodHandle$Holder.invokeStaticInit(java.lang.Object, java.lang.Object, java.lang.Object, java.lang.Object, java.lang.Object, java.lang.Object, java.lang.Object)'> (0x00000000d6ab9850) 
thrown [s\src\hotspot\share\interpreter\linkResolver.cpp, line 773]
Event: 7.958 Thread 0x0000017feca70e80 Exception <a 'java/lang/NoSuchMethodError'{0x00000000d6abe808}: 'java.lang.Object java.lang.invoke.Invokers$Holder.invoke_MT(java.lang.Object, java.lang.Object, java.lang.Object, java.lang.Object, java.lang.Object, java.lang.Object, java.lang.Object, java.lang.Object, java.lang.Object, java.lang.Object)'> (0x00000000d6abe808) 
thrown [s\src\hotspot\share\interpreter\linkResolver.cpp, line 773]
Event: 7.966 Thread 0x0000017feca70e80 Exception <a 'java/lang/NoSuchMethodError'{0x00000000d6aff198}: 'int java.lang.invoke.DirectMethodHandle$Holder.invokeVirtual(java.lang.Object, java.lang.Object, java.lang.Object)'> (0x00000000d6aff198) 
thrown [s\src\hotspot\share\interpreter\linkResolver.cpp, line 773]
Event: 7.966 Thread 0x0000017feca70e80 Exception <a 'java/lang/NoSuchMethodError'{0x00000000d6b03540}: 'int java.lang.invoke.DirectMethodHandle$Holder.invokeStaticInit(java.lang.Object, int, int)'> (0x00000000d6b03540) 
thrown [s\src\hotspot\share\interpreter\linkResolver.cpp, line 773]
Event: 7.968 Thread 0x0000017feca70e80 Exception <a 'java/lang/NoSuchMethodError'{0x00000000d6b0af28}: 'int java.lang.invoke.DirectMethodHandle$Holder.invokeStaticInit(java.lang.Object, long, long)'> (0x00000000d6b0af28) 
thrown [s\src\hotspot\share\interpreter\linkResolver.cpp, line 773]
Event: 7.969 Thread 0x0000017feca70e80 Exception <a 'java/lang/NoSuchMethodError'{0x00000000d6b11eb0}: 'int java.lang.invoke.DirectMethodHandle$Holder.invokeStaticInit(java.lang.Object, float, float)'> (0x00000000d6b11eb0) 
thrown [s\src\hotspot\share\interpreter\linkResolver.cpp, line 773]
Event: 7.970 Thread 0x0000017feca70e80 Exception <a 'java/lang/NoSuchMethodError'{0x00000000d6b18bf0}: 'int java.lang.invoke.DirectMethodHandle$Holder.invokeStaticInit(java.lang.Object, double, double)'> (0x00000000d6b18bf0) 
thrown [s\src\hotspot\share\interpreter\linkResolver.cpp, line 773]
Event: 7.971 Thread 0x0000017feca70e80 Exception <a 'java/lang/NoSuchMethodError'{0x00000000d6b1d408}: 'int java.lang.invoke.DirectMethodHandle$Holder.invokeStatic(java.lang.Object, long)'> (0x00000000d6b1d408) 
thrown [s\src\hotspot\share\interpreter\linkResolver.cpp, line 773]
Event: 7.976 Thread 0x0000017feca70e80 Exception <a 'java/lang/NoSuchMethodError'{0x00000000d6b3c908}: 'int java.lang.invoke.Invokers$Holder.linkToTargetMethod(java.lang.Object, java.lang.Object)'> (0x00000000d6b3c908) 
thrown [s\src\hotspot\share\interpreter\linkResolver.cpp, line 773]

ZGC Phase Switch (0 events):
No events

VM Operations (20 events):
Event: 7.881 Executing non-safepoint VM operation: HandshakeAllThreads (Deoptimize)
Event: 7.881 Executing non-safepoint VM operation: HandshakeAllThreads (Deoptimize) done
Event: 7.882 Executing non-safepoint VM operation: HandshakeAllThreads (Deoptimize)
Event: 7.882 Executing non-safepoint VM operation: HandshakeAllThreads (Deoptimize) done
Event: 7.980 Executing safepoint VM operation: ParallelGCFailedAllocation (Allocation Failure)
Event: 7.984 Executing safepoint VM operation: ParallelGCFailedAllocation (Allocation Failure) done
Event: 8.069 Executing safepoint VM operation: ParallelGCFailedAllocation (Allocation Failure)
Event: 8.073 Executing safepoint VM operation: ParallelGCFailedAllocation (Allocation Failure) done
Event: 8.288 Executing safepoint VM operation: ParallelGCFailedAllocation (Allocation Failure)
Event: 8.292 Executing safepoint VM operation: ParallelGCFailedAllocation (Allocation Failure) done
Event: 8.361 Executing safepoint VM operation: ParallelGCFailedAllocation (Allocation Failure)
Event: 8.364 Executing safepoint VM operation: ParallelGCFailedAllocation (Allocation Failure) done
Event: 8.410 Executing safepoint VM operation: ParallelGCFailedAllocation (Allocation Failure)
Event: 8.413 Executing safepoint VM operation: ParallelGCFailedAllocation (Allocation Failure) done
Event: 8.486 Executing safepoint VM operation: ParallelGCFailedAllocation (Allocation Failure)
Event: 8.489 Executing safepoint VM operation: ParallelGCFailedAllocation (Allocation Failure) done
Event: 8.578 Executing safepoint VM operation: ParallelGCFailedAllocation (Allocation Failure)
Event: 8.581 Executing safepoint VM operation: ParallelGCFailedAllocation (Allocation Failure) done
Event: 9.583 Executing safepoint VM operation: Cleanup
Event: 9.583 Executing safepoint VM operation: Cleanup done

Memory protections (0 events):
No events

Nmethod flushes (0 events):
No events

Events (20 events):
Event: 2.736 Thread 0x0000017f8ac484c0 Thread added: 0x0000017feca6edb0
Event: 2.736 Thread 0x0000017f8ac484c0 Thread added: 0x0000017feca6b930
Event: 2.736 Thread 0x0000017f8ac484c0 Thread added: 0x0000017feca6f440
Event: 2.756 Thread 0x0000017f8ac484c0 Thread added: 0x0000017feca6fad0
Event: 2.863 Thread 0x0000017fec53c510 Thread added: 0x0000017feca71ba0
Event: 2.924 Thread 0x0000017f8ac484c0 Thread added: 0x0000017feca71510
Event: 2.924 Thread 0x0000017f8ac484c0 Thread added: 0x0000017feca70e80
Event: 7.769 Thread 0x0000017fe61454f0 Thread exited: 0x0000017fe61454f0
Event: 7.769 Thread 0x0000017fec3eb5e0 Thread exited: 0x0000017fec3eb5e0
Event: 7.769 Thread 0x0000017fe5f76330 Thread exited: 0x0000017fe5f76330
Event: 7.772 Thread 0x0000017fe5fc4400 Thread exited: 0x0000017fe5fc4400
Event: 7.898 Thread 0x0000017f8d0be0f0 Thread added: 0x0000017fedbe5520
Event: 7.898 Thread 0x0000017f8d0be0f0 Thread added: 0x0000017fedbe5bd0
Event: 7.912 Thread 0x0000017f8d0b6460 Thread added: 0x0000017fe7bb2430
Event: 7.912 Thread 0x0000017f8d0b6460 Thread added: 0x0000017fe7a42c60
Event: 8.039 Thread 0x0000017fe7a42c60 Thread added: 0x0000017fece9ffe0
Event: 8.068 Thread 0x0000017f8d0be0f0 Thread added: 0x0000017fe61aaa60
Event: 8.088 Thread 0x0000017fedbe5520 Thread added: 0x0000017fedff9fc0
Event: 8.088 Thread 0x0000017fedbe5520 Thread added: 0x0000017fecd917f0
Event: 8.089 Thread 0x0000017fedbe5520 Thread added: 0x0000017fecf81190


Dynamic libraries:
0x00007ff63db40000 - 0x00007ff63db4e000 	c:\Users\malin\.antigravity\extensions\redhat.java-1.54.0-win32-x64\jre\21.0.10-win32-x86_64\bin\java.exe
0x00007ff854300000 - 0x00007ff854567000 	C:\WINDOWS\SYSTEM32\ntdll.dll
0x00007ff8537d0000 - 0x00007ff853899000 	C:\WINDOWS\System32\KERNEL32.DLL
0x00007ff8516d0000 - 0x00007ff851ac4000 	C:\WINDOWS\System32\KERNELBASE.dll
0x00007ff851ad0000 - 0x00007ff851c1b000 	C:\WINDOWS\System32\ucrtbase.dll
0x00007fffc7210000 - 0x00007fffc7228000 	c:\Users\malin\.antigravity\extensions\redhat.java-1.54.0-win32-x64\jre\21.0.10-win32-x86_64\bin\jli.dll
0x00007ff8533b0000 - 0x00007ff853575000 	C:\WINDOWS\System32\USER32.dll
0x00007ff851c20000 - 0x00007ff851c47000 	C:\WINDOWS\System32\win32u.dll
0x00007ff852c80000 - 0x00007ff852cab000 	C:\WINDOWS\System32\GDI32.dll
0x00007fffc6730000 - 0x00007fffc674e000 	c:\Users\malin\.antigravity\extensions\redhat.java-1.54.0-win32-x64\jre\21.0.10-win32-x86_64\bin\VCRUNTIME140.dll
0x00007ff8515a0000 - 0x00007ff8516cb000 	C:\WINDOWS\System32\gdi32full.dll
0x00007ff850bd0000 - 0x00007ff850c73000 	C:\WINDOWS\System32\msvcp_win.dll
0x00007ff8417d0000 - 0x00007ff841a63000 	C:\WINDOWS\WinSxS\amd64_microsoft.windows.common-controls_6595b64144ccf1df_6.0.26100.8115_none_3e075c82e3354f9c\COMCTL32.dll
0x00007ff854210000 - 0x00007ff8542b9000 	C:\WINDOWS\System32\msvcrt.dll
0x00007ff8535f0000 - 0x00007ff853622000 	C:\WINDOWS\System32\IMM32.DLL
0x00007ff820380000 - 0x00007ff82038c000 	c:\Users\malin\.antigravity\extensions\redhat.java-1.54.0-win32-x64\jre\21.0.10-win32-x86_64\bin\vcruntime140_1.dll
0x00007fffbf540000 - 0x00007fffbf5cd000 	c:\Users\malin\.antigravity\extensions\redhat.java-1.54.0-win32-x64\jre\21.0.10-win32-x86_64\bin\msvcp140.dll
0x00007fff9ba10000 - 0x00007fff9c7b1000 	c:\Users\malin\.antigravity\extensions\redhat.java-1.54.0-win32-x64\jre\21.0.10-win32-x86_64\bin\server\jvm.dll
0x00007ff854150000 - 0x00007ff854206000 	C:\WINDOWS\System32\ADVAPI32.dll
0x00007ff852d00000 - 0x00007ff852da7000 	C:\WINDOWS\System32\sechost.dll
0x00007ff852aa0000 - 0x00007ff852bb8000 	C:\WINDOWS\System32\RPCRT4.dll
0x00007ff853ee0000 - 0x00007ff853f60000 	C:\WINDOWS\System32\WS2_32.dll
0x00007ff850a30000 - 0x00007ff850a8e000 	C:\WINDOWS\SYSTEM32\POWRPROF.dll
0x00007ff84aac0000 - 0x00007ff84aaf6000 	C:\WINDOWS\SYSTEM32\WINMM.dll
0x00007ff84b3c0000 - 0x00007ff84b3cb000 	C:\WINDOWS\SYSTEM32\VERSION.dll
0x00007ff850a10000 - 0x00007ff850a24000 	C:\WINDOWS\SYSTEM32\UMPDC.dll
0x00007ff84f8a0000 - 0x00007ff84f8bb000 	C:\WINDOWS\SYSTEM32\kernel.appcore.dll
0x00007ff81bcb0000 - 0x00007ff81bcba000 	c:\Users\malin\.antigravity\extensions\redhat.java-1.54.0-win32-x64\jre\21.0.10-win32-x86_64\bin\jimage.dll
0x00007ff846a00000 - 0x00007ff846c42000 	C:\WINDOWS\SYSTEM32\DBGHELP.DLL
0x00007ff853020000 - 0x00007ff8533a2000 	C:\WINDOWS\System32\combase.dll
0x00007ff852890000 - 0x00007ff852968000 	C:\WINDOWS\System32\OLEAUT32.dll
0x00007ff83aa00000 - 0x00007ff83aa3b000 	C:\WINDOWS\SYSTEM32\dbgcore.DLL
0x00007ff850c80000 - 0x00007ff850d25000 	C:\WINDOWS\System32\bcryptPrimitives.dll
0x00007ff81a290000 - 0x00007ff81a29f000 	c:\Users\malin\.antigravity\extensions\redhat.java-1.54.0-win32-x64\jre\21.0.10-win32-x86_64\bin\instrument.dll
0x00007fffc4220000 - 0x00007fffc4240000 	c:\Users\malin\.antigravity\extensions\redhat.java-1.54.0-win32-x64\jre\21.0.10-win32-x86_64\bin\java.dll
0x00007ff852090000 - 0x00007ff8527f7000 	C:\WINDOWS\System32\SHELL32.dll
0x00007ff851c50000 - 0x00007ff851dba000 	C:\WINDOWS\System32\wintypes.dll
0x00007ff850d30000 - 0x00007ff851598000 	C:\WINDOWS\System32\windows.storage.dll
0x00007ff852db0000 - 0x00007ff852ea8000 	C:\WINDOWS\System32\SHCORE.dll
0x00007ff853580000 - 0x00007ff8535e6000 	C:\WINDOWS\System32\shlwapi.dll
0x00007ff850af0000 - 0x00007ff850b19000 	C:\WINDOWS\SYSTEM32\profapi.dll
0x00007fffc3f20000 - 0x00007fffc3f38000 	c:\Users\malin\.antigravity\extensions\redhat.java-1.54.0-win32-x64\jre\21.0.10-win32-x86_64\bin\zip.dll
0x00007ff812120000 - 0x00007ff812130000 	C:\Users\malin\.antigravity\extensions\redhat.java-1.54.0-win32-x64\jre\21.0.10-win32-x86_64\bin\net.dll
0x00007ff84a780000 - 0x00007ff84a8ad000 	C:\WINDOWS\SYSTEM32\WINHTTP.dll
0x00007ff84fed0000 - 0x00007ff84ff3c000 	C:\WINDOWS\system32\mswsock.dll
0x00007fffc3f00000 - 0x00007fffc3f16000 	C:\Users\malin\.antigravity\extensions\redhat.java-1.54.0-win32-x64\jre\21.0.10-win32-x86_64\bin\nio.dll
0x00007ff80d970000 - 0x00007ff80d980000 	c:\Users\malin\.antigravity\extensions\redhat.java-1.54.0-win32-x64\jre\21.0.10-win32-x86_64\bin\verify.dll
0x00007fffbf4f0000 - 0x00007fffbf535000 	C:\Users\malin\AppData\Roaming\Antigravity\User\globalStorage\redhat.java\1.54.0\config_ss_win\org.eclipse.equinox.launcher\org.eclipse.equinox.launcher.win32.win32.x86_64_1.3.0.v20260203-2149\eclipse_11919.dll
0x00007ff853630000 - 0x00007ff8537c7000 	C:\WINDOWS\System32\ole32.dll
0x00007ff8501b0000 - 0x00007ff8501cb000 	C:\WINDOWS\SYSTEM32\CRYPTSP.dll
0x00007ff84f8c0000 - 0x00007ff84f8f9000 	C:\WINDOWS\system32\rsaenh.dll
0x00007ff84ff80000 - 0x00007ff84ffb3000 	C:\WINDOWS\SYSTEM32\USERENV.dll
0x00007ff850ac0000 - 0x00007ff850aea000 	C:\WINDOWS\SYSTEM32\bcrypt.dll
0x00007ff8501d0000 - 0x00007ff8501dc000 	C:\WINDOWS\SYSTEM32\CRYPTBASE.dll
0x00007ff84f300000 - 0x00007ff84f332000 	C:\WINDOWS\SYSTEM32\IPHLPAPI.DLL
0x00007ff853ed0000 - 0x00007ff853eda000 	C:\WINDOWS\System32\NSI.dll
0x00007fffbe760000 - 0x00007fffbe7a9000 	C:\Users\malin\AppData\Local\Temp\jna-103660669\jna11656127120734739508.dll
0x00007ff852970000 - 0x00007ff852978000 	C:\WINDOWS\System32\PSAPI.DLL
0x00007ff84aaa0000 - 0x00007ff84aabd000 	C:\WINDOWS\SYSTEM32\dhcpcsvc6.DLL
0x00007ff84a750000 - 0x00007ff84a775000 	C:\WINDOWS\SYSTEM32\dhcpcsvc.DLL

JVMTI agents:
c:\Users\malin\.antigravity\extensions\redhat.java-1.54.0-win32-x64\lombok\lombok-1.18.39-4050.jar path:c:\Users\malin\.antigravity\extensions\redhat.java-1.54.0-win32-x64\jre\21.0.10-win32-x86_64\bin\instrument.dll, loaded, initialized, instrumentlib options:none

dbghelp: loaded successfully - version: 4.0.5 - missing functions: none
symbol engine: initialized successfully - sym options: 0x614 - pdb path: .;c:\Users\malin\.antigravity\extensions\redhat.java-1.54.0-win32-x64\jre\21.0.10-win32-x86_64\bin;C:\WINDOWS\SYSTEM32;C:\WINDOWS\WinSxS\amd64_microsoft.windows.common-controls_6595b64144ccf1df_6.0.26100.8115_none_3e075c82e3354f9c;c:\Users\malin\.antigravity\extensions\redhat.java-1.54.0-win32-x64\jre\21.0.10-win32-x86_64\bin\server;C:\Users\malin\AppData\Roaming\Antigravity\User\globalStorage\redhat.java\1.54.0\config_ss_win\org.eclipse.equinox.launcher\org.eclipse.equinox.launcher.win32.win32.x86_64_1.3.0.v20260203-2149;C:\Users\malin\AppData\Local\Temp\jna-103660669

VM Arguments:
jvm_args: --add-modules=ALL-SYSTEM --add-opens=java.base/java.util=ALL-UNNAMED --add-opens=java.base/java.lang=ALL-UNNAMED --add-opens=java.base/sun.nio.fs=ALL-UNNAMED -Declipse.application=org.eclipse.jdt.ls.core.id1 -Dosgi.bundles.defaultStartLevel=4 -Declipse.product=org.eclipse.jdt.ls.core.product -Djava.import.generatesMetadataFilesAtProjectRoot=false -DDetectVMInstallationsJob.disabled=true -Dfile.encoding=utf8 -XX:+UseParallelGC -XX:GCTimeRatio=4 -XX:AdaptiveSizePolicyWeight=90 -Dsun.zip.disableMemoryMapping=true -Xmx2G -Xms100m -Xlog:disable -javaagent:c:\Users\malin\.antigravity\extensions\redhat.java-1.54.0-win32-x64\lombok\lombok-1.18.39-4050.jar 
java_command: c:\Users\malin\.antigravity\extensions\redhat.java-1.54.0-win32-x64\server\plugins\org.eclipse.equinox.launcher_1.7.100.v20251111-0406.jar -configuration c:\Users\malin\AppData\Roaming\Antigravity\User\globalStorage\redhat.java\1.54.0\config_ss_win -data c:\Users\malin\AppData\Roaming\Antigravity\User\workspaceStorage\7da6816d25600c1ce73892a0ef44c29d\redhat.java\ss_ws --pipe=\\.\pipe\lsp-f759fd33087624ca4b2ee38e32440b41-sock
java_class_path (initial): c:\Users\malin\.antigravity\extensions\redhat.java-1.54.0-win32-x64\server\plugins\org.eclipse.equinox.launcher_1.7.100.v20251111-0406.jar
Launcher Type: SUN_STANDARD

[Global flags]
    uintx AdaptiveSizePolicyWeight                 = 90                                        {product} {command line}
     intx CICompilerCount                          = 12                                        {product} {ergonomic}
    uintx GCTimeRatio                              = 4                                         {product} {command line}
   size_t InitialHeapSize                          = 104857600                                 {product} {command line}
   size_t MaxHeapSize                              = 2147483648                                {product} {command line}
   size_t MaxNewSize                               = 715653120                                 {product} {ergonomic}
   size_t MinHeapDeltaBytes                        = 524288                                    {product} {ergonomic}
   size_t MinHeapSize                              = 104857600                                 {product} {command line}
   size_t NewSize                                  = 34603008                                  {product} {ergonomic}
    uintx NonNMethodCodeHeapSize                   = 7602480                                {pd product} {ergonomic}
    uintx NonProfiledCodeHeapSize                  = 122027880                              {pd product} {ergonomic}
   size_t OldSize                                  = 70254592                                  {product} {ergonomic}
    uintx ProfiledCodeHeapSize                     = 122027880                              {pd product} {ergonomic}
    uintx ReservedCodeCacheSize                    = 251658240                              {pd product} {ergonomic}
     bool SegmentedCodeCache                       = true                                      {product} {ergonomic}
   size_t SoftMaxHeapSize                          = 2147483648                             {manageable} {ergonomic}
     bool UseCompressedOops                        = true                           {product lp64_product} {ergonomic}
     bool UseLargePagesIndividualAllocation        = false                                  {pd product} {ergonomic}
     bool UseParallelGC                            = true                                      {product} {command line}

Logging:
Log output configuration:
 #0: stdout all=off uptime,level,tags foldmultilines=false
 #1: stderr all=off uptime,level,tags foldmultilines=false

Release file:
JAVA_VERSION="21.0.10" 
MODULES="java.base java.compiler java.datatransfer java.xml java.prefs java.desktop java.instrument java.logging java.management java.security.sasl java.naming java.rmi java.management.rmi java.net.http java.scripting java.security.jgss java.transaction.xa java.sql java.sql.rowset java.xml.crypto java.se java.smartcardio jdk.accessibility jdk.internal.jvmstat jdk.attach jdk.charsets jdk.internal.opt jdk.zipfs jdk.compiler jdk.crypto.ec jdk.crypto.cryptoki jdk.crypto.mscapi jdk.dynalink jdk.internal.ed jdk.editpad jdk.hotspot.agent jdk.httpserver jdk.internal.le jdk.internal.vm.ci jdk.internal.vm.compiler jdk.internal.vm.compiler.management jdk.jartool jdk.javadoc jdk.jcmd jdk.management jdk.management.agent jdk.jconsole jdk.jdeps jdk.jdwp.agent jdk.jdi jdk.jfr jdk.jshell jdk.jsobject jdk.jstatd jdk.localedata jdk.management.jfr jdk.naming.dns jdk.naming.rmi jdk.net jdk.nio.mapmode jdk.random jdk.sctp jdk.security.auth jdk.security.jgss jdk.unsupported jdk.unsupported.desktop jdk.xml.dom" 

Environment Variables:
PATH=C:\app\malin\product\21c\dbhomeXE\bin;C:\Users\malin\AppData\Local\Android\Sdk\bin;C:\Program Files\Eclipse Adoptium\jdk-25.0.0.36-hotspot\bin;C:\WINDOWS\system32;C:\WINDOWS;C:\WINDOWS\System32\Wbem;C:\WINDOWS\System32\WindowsPowerShell\v1.0\;C:\WINDOWS\System32\OpenSSH\;C:\Program Files (x86)\Microsoft SQL Server\160\DTS\Binn\;C:\Program Files (x86)\Microsoft SQL Server\160\Tools\Binn\;C:\Program Files\Microsoft SQL Server\160\Tools\Binn\;C:\Program Files\Microsoft SQL Server\Client SDK\ODBC\170\Tools\Binn\;C:\Program Files\Microsoft SQL Server\160\DTS\Binn\;C:\Program Files\MySQL\MySQL Server 8.0\bin;C:\Program Files (x86)\Windows Kits\10\Windows Performance Toolkit\;C:\Program Files\nodejs\;C:\Program Files\Git\cmd;C:\Program Files\cursor\resources\app\bin;C:\Program Files\Git LFS;C:\Users\malin\AppData\Local\Programs\Python\Python313\Scripts\;C:\Users\malin\AppData\Local\Programs\Python\Python313\;C:\Program Files\MySQL\MySQL Shell 8.0\bin\;C:\Users\malin\AppData\Local\Microsoft\WindowsApps;C:\Program Files\R\R-4.5.1\bin;C:\Users\malin\AppData\Roaming\npm;C:\Users\malin\AppData\Local\Programs\Microsoft VS Code\bin;C:\Users\malin\AppData\Local\Programs\mongosh\;C:\Users\malin\AppData\Local\GitHubDesktop\bin;C:\Users\malin\AppData\Local\Programs\Antigravity\bin;C:\Users\malin\AppData\Local\Programs\cursor\resources\app\bin
USERNAME=malin
OS=Windows_NT
PROCESSOR_IDENTIFIER=AMD64 Family 23 Model 96 Stepping 1, AuthenticAMD
TMP=C:\Users\malin\AppData\Local\Temp
TEMP=C:\Users\malin\AppData\Local\Temp




Periodic native trim disabled

---------------  S Y S T E M  ---------------

OS:
 Windows 11 , 64 bit Build 26100 (10.0.26100.8246)
OS uptime: 0 days 6:35 hours
Hyper-V role detected

CPU: total 16 (initial active 16) (16 cores per cpu, 2 threads per core) family 23 model 96 stepping 1 microcode 0x8600104, cx8, cmov, fxsr, ht, mmx, 3dnowpref, sse, sse2, sse3, ssse3, sse4a, sse4.1, sse4.2, popcnt, lzcnt, tsc, tscinvbit, avx, avx2, aes, clmul, bmi1, bmi2, adx, sha, fma, vzeroupper, clflush, clflushopt, hv, rdtscp, rdpid, f16c
Processor Information for the first 16 processors :
  Max Mhz: 2900, Current Mhz: 2900, Mhz Limit: 2900

Memory: 4k page, system-wide physical 15770M (4282M free)
TotalPageFile size 19866M (AvailPageFile size 18M)
current process WorkingSet (physical memory assigned to process): 224M, peak: 224M
current process commit charge ("private bytes"): 352M, peak: 352M

vm_info: OpenJDK 64-Bit Server VM (21.0.10+7-LTS) for windows-amd64 JRE (21.0.10+7-LTS), built on 2026-01-20T00:00:00Z by "admin" with MS VC++ 17.12 (VS2022)

END.
